[2024-04-21T15:26:57.702+0000] {processor.py:161} INFO - Started process (PID=73) to work on /home/airflow/.local/lib/python3.8/site-packages/airflow/example_dags/example_sensors.py
[2024-04-21T15:26:57.705+0000] {processor.py:830} INFO - Processing file /home/airflow/.local/lib/python3.8/site-packages/airflow/example_dags/example_sensors.py for tasks to queue
[2024-04-21T15:26:57.708+0000] {logging_mixin.py:188} INFO - [2024-04-21T15:26:57.708+0000] {dagbag.py:540} INFO - Filling up the DagBag from /home/airflow/.local/lib/python3.8/site-packages/airflow/example_dags/example_sensors.py
[2024-04-21T15:26:57.721+0000] {processor.py:840} INFO - DAG(s) 'example_sensors' retrieved from /home/airflow/.local/lib/python3.8/site-packages/airflow/example_dags/example_sensors.py
[2024-04-21T15:26:57.917+0000] {logging_mixin.py:188} INFO - [2024-04-21T15:26:57.916+0000] {override.py:1769} INFO - Created Permission View: can delete on DAG:example_sensors
[2024-04-21T15:26:57.943+0000] {logging_mixin.py:188} INFO - [2024-04-21T15:26:57.942+0000] {override.py:1769} INFO - Created Permission View: can read on DAG:example_sensors
[2024-04-21T15:26:57.958+0000] {logging_mixin.py:188} INFO - [2024-04-21T15:26:57.957+0000] {override.py:1769} INFO - Created Permission View: can edit on DAG:example_sensors
[2024-04-21T15:26:57.959+0000] {logging_mixin.py:188} INFO - [2024-04-21T15:26:57.958+0000] {dag.py:3047} INFO - Sync 1 DAGs
[2024-04-21T15:26:57.985+0000] {logging_mixin.py:188} INFO - [2024-04-21T15:26:57.984+0000] {dag.py:3069} INFO - Creating ORM DAG for example_sensors
[2024-04-21T15:26:57.986+0000] {logging_mixin.py:188} INFO - [2024-04-21T15:26:57.986+0000] {dag.py:3834} INFO - Setting next_dagrun for example_sensors to None, run_after=None
[2024-04-21T15:26:58.017+0000] {processor.py:183} INFO - Processing /home/airflow/.local/lib/python3.8/site-packages/airflow/example_dags/example_sensors.py took 0.323 seconds
[2024-04-21T15:27:28.498+0000] {processor.py:161} INFO - Started process (PID=128) to work on /home/airflow/.local/lib/python3.8/site-packages/airflow/example_dags/example_sensors.py
[2024-04-21T15:27:28.499+0000] {processor.py:830} INFO - Processing file /home/airflow/.local/lib/python3.8/site-packages/airflow/example_dags/example_sensors.py for tasks to queue
[2024-04-21T15:27:28.500+0000] {logging_mixin.py:188} INFO - [2024-04-21T15:27:28.500+0000] {dagbag.py:540} INFO - Filling up the DagBag from /home/airflow/.local/lib/python3.8/site-packages/airflow/example_dags/example_sensors.py
[2024-04-21T15:27:28.507+0000] {processor.py:840} INFO - DAG(s) 'example_sensors' retrieved from /home/airflow/.local/lib/python3.8/site-packages/airflow/example_dags/example_sensors.py
[2024-04-21T15:27:28.524+0000] {logging_mixin.py:188} INFO - [2024-04-21T15:27:28.524+0000] {dag.py:3047} INFO - Sync 1 DAGs
[2024-04-21T15:27:28.533+0000] {logging_mixin.py:188} INFO - [2024-04-21T15:27:28.533+0000] {dag.py:3834} INFO - Setting next_dagrun for example_sensors to None, run_after=None
[2024-04-21T15:27:28.548+0000] {processor.py:183} INFO - Processing /home/airflow/.local/lib/python3.8/site-packages/airflow/example_dags/example_sensors.py took 0.053 seconds
[2024-04-21T15:27:59.247+0000] {processor.py:161} INFO - Started process (PID=189) to work on /home/airflow/.local/lib/python3.8/site-packages/airflow/example_dags/example_sensors.py
[2024-04-21T15:27:59.248+0000] {processor.py:830} INFO - Processing file /home/airflow/.local/lib/python3.8/site-packages/airflow/example_dags/example_sensors.py for tasks to queue
[2024-04-21T15:27:59.250+0000] {logging_mixin.py:188} INFO - [2024-04-21T15:27:59.250+0000] {dagbag.py:540} INFO - Filling up the DagBag from /home/airflow/.local/lib/python3.8/site-packages/airflow/example_dags/example_sensors.py
[2024-04-21T15:27:59.261+0000] {processor.py:840} INFO - DAG(s) 'example_sensors' retrieved from /home/airflow/.local/lib/python3.8/site-packages/airflow/example_dags/example_sensors.py
[2024-04-21T15:27:59.295+0000] {logging_mixin.py:188} INFO - [2024-04-21T15:27:59.295+0000] {dag.py:3047} INFO - Sync 1 DAGs
[2024-04-21T15:27:59.312+0000] {logging_mixin.py:188} INFO - [2024-04-21T15:27:59.312+0000] {dag.py:3834} INFO - Setting next_dagrun for example_sensors to None, run_after=None
[2024-04-21T15:27:59.349+0000] {processor.py:183} INFO - Processing /home/airflow/.local/lib/python3.8/site-packages/airflow/example_dags/example_sensors.py took 0.105 seconds
[2024-04-21T15:28:30.434+0000] {processor.py:161} INFO - Started process (PID=244) to work on /home/airflow/.local/lib/python3.8/site-packages/airflow/example_dags/example_sensors.py
[2024-04-21T15:28:30.435+0000] {processor.py:830} INFO - Processing file /home/airflow/.local/lib/python3.8/site-packages/airflow/example_dags/example_sensors.py for tasks to queue
[2024-04-21T15:28:30.437+0000] {logging_mixin.py:188} INFO - [2024-04-21T15:28:30.437+0000] {dagbag.py:540} INFO - Filling up the DagBag from /home/airflow/.local/lib/python3.8/site-packages/airflow/example_dags/example_sensors.py
[2024-04-21T15:28:30.443+0000] {processor.py:840} INFO - DAG(s) 'example_sensors' retrieved from /home/airflow/.local/lib/python3.8/site-packages/airflow/example_dags/example_sensors.py
[2024-04-21T15:28:30.461+0000] {logging_mixin.py:188} INFO - [2024-04-21T15:28:30.461+0000] {dag.py:3047} INFO - Sync 1 DAGs
[2024-04-21T15:28:30.471+0000] {logging_mixin.py:188} INFO - [2024-04-21T15:28:30.471+0000] {dag.py:3834} INFO - Setting next_dagrun for example_sensors to None, run_after=None
[2024-04-21T15:28:30.509+0000] {processor.py:183} INFO - Processing /home/airflow/.local/lib/python3.8/site-packages/airflow/example_dags/example_sensors.py took 0.076 seconds
[2024-04-21T15:29:01.477+0000] {processor.py:161} INFO - Started process (PID=299) to work on /home/airflow/.local/lib/python3.8/site-packages/airflow/example_dags/example_sensors.py
[2024-04-21T15:29:01.478+0000] {processor.py:830} INFO - Processing file /home/airflow/.local/lib/python3.8/site-packages/airflow/example_dags/example_sensors.py for tasks to queue
[2024-04-21T15:29:01.480+0000] {logging_mixin.py:188} INFO - [2024-04-21T15:29:01.480+0000] {dagbag.py:540} INFO - Filling up the DagBag from /home/airflow/.local/lib/python3.8/site-packages/airflow/example_dags/example_sensors.py
[2024-04-21T15:29:01.486+0000] {processor.py:840} INFO - DAG(s) 'example_sensors' retrieved from /home/airflow/.local/lib/python3.8/site-packages/airflow/example_dags/example_sensors.py
[2024-04-21T15:29:01.509+0000] {logging_mixin.py:188} INFO - [2024-04-21T15:29:01.509+0000] {dag.py:3047} INFO - Sync 1 DAGs
[2024-04-21T15:29:01.518+0000] {logging_mixin.py:188} INFO - [2024-04-21T15:29:01.518+0000] {dag.py:3834} INFO - Setting next_dagrun for example_sensors to None, run_after=None
[2024-04-21T15:29:01.539+0000] {processor.py:183} INFO - Processing /home/airflow/.local/lib/python3.8/site-packages/airflow/example_dags/example_sensors.py took 0.065 seconds
[2024-04-21T15:29:32.640+0000] {processor.py:161} INFO - Started process (PID=354) to work on /home/airflow/.local/lib/python3.8/site-packages/airflow/example_dags/example_sensors.py
[2024-04-21T15:29:32.641+0000] {processor.py:830} INFO - Processing file /home/airflow/.local/lib/python3.8/site-packages/airflow/example_dags/example_sensors.py for tasks to queue
[2024-04-21T15:29:32.643+0000] {logging_mixin.py:188} INFO - [2024-04-21T15:29:32.642+0000] {dagbag.py:540} INFO - Filling up the DagBag from /home/airflow/.local/lib/python3.8/site-packages/airflow/example_dags/example_sensors.py
[2024-04-21T15:29:32.650+0000] {processor.py:840} INFO - DAG(s) 'example_sensors' retrieved from /home/airflow/.local/lib/python3.8/site-packages/airflow/example_dags/example_sensors.py
[2024-04-21T15:29:32.669+0000] {logging_mixin.py:188} INFO - [2024-04-21T15:29:32.668+0000] {dag.py:3047} INFO - Sync 1 DAGs
[2024-04-21T15:29:32.677+0000] {logging_mixin.py:188} INFO - [2024-04-21T15:29:32.677+0000] {dag.py:3834} INFO - Setting next_dagrun for example_sensors to None, run_after=None
[2024-04-21T15:29:32.694+0000] {processor.py:183} INFO - Processing /home/airflow/.local/lib/python3.8/site-packages/airflow/example_dags/example_sensors.py took 0.057 seconds
[2024-04-21T15:30:03.421+0000] {processor.py:161} INFO - Started process (PID=409) to work on /home/airflow/.local/lib/python3.8/site-packages/airflow/example_dags/example_sensors.py
[2024-04-21T15:30:03.423+0000] {processor.py:830} INFO - Processing file /home/airflow/.local/lib/python3.8/site-packages/airflow/example_dags/example_sensors.py for tasks to queue
[2024-04-21T15:30:03.425+0000] {logging_mixin.py:188} INFO - [2024-04-21T15:30:03.425+0000] {dagbag.py:540} INFO - Filling up the DagBag from /home/airflow/.local/lib/python3.8/site-packages/airflow/example_dags/example_sensors.py
[2024-04-21T15:30:03.436+0000] {processor.py:840} INFO - DAG(s) 'example_sensors' retrieved from /home/airflow/.local/lib/python3.8/site-packages/airflow/example_dags/example_sensors.py
[2024-04-21T15:30:03.457+0000] {logging_mixin.py:188} INFO - [2024-04-21T15:30:03.457+0000] {dag.py:3047} INFO - Sync 1 DAGs
[2024-04-21T15:30:03.466+0000] {logging_mixin.py:188} INFO - [2024-04-21T15:30:03.466+0000] {dag.py:3834} INFO - Setting next_dagrun for example_sensors to None, run_after=None
[2024-04-21T15:30:03.482+0000] {processor.py:183} INFO - Processing /home/airflow/.local/lib/python3.8/site-packages/airflow/example_dags/example_sensors.py took 0.067 seconds
[2024-04-21T15:30:33.932+0000] {processor.py:161} INFO - Started process (PID=464) to work on /home/airflow/.local/lib/python3.8/site-packages/airflow/example_dags/example_sensors.py
[2024-04-21T15:30:33.933+0000] {processor.py:830} INFO - Processing file /home/airflow/.local/lib/python3.8/site-packages/airflow/example_dags/example_sensors.py for tasks to queue
[2024-04-21T15:30:33.934+0000] {logging_mixin.py:188} INFO - [2024-04-21T15:30:33.934+0000] {dagbag.py:540} INFO - Filling up the DagBag from /home/airflow/.local/lib/python3.8/site-packages/airflow/example_dags/example_sensors.py
[2024-04-21T15:30:33.942+0000] {processor.py:840} INFO - DAG(s) 'example_sensors' retrieved from /home/airflow/.local/lib/python3.8/site-packages/airflow/example_dags/example_sensors.py
[2024-04-21T15:30:33.965+0000] {logging_mixin.py:188} INFO - [2024-04-21T15:30:33.965+0000] {dag.py:3047} INFO - Sync 1 DAGs
[2024-04-21T15:30:33.977+0000] {logging_mixin.py:188} INFO - [2024-04-21T15:30:33.976+0000] {dag.py:3834} INFO - Setting next_dagrun for example_sensors to None, run_after=None
[2024-04-21T15:30:33.997+0000] {processor.py:183} INFO - Processing /home/airflow/.local/lib/python3.8/site-packages/airflow/example_dags/example_sensors.py took 0.067 seconds
[2024-04-21T15:31:04.289+0000] {processor.py:161} INFO - Started process (PID=519) to work on /home/airflow/.local/lib/python3.8/site-packages/airflow/example_dags/example_sensors.py
[2024-04-21T15:31:04.292+0000] {processor.py:830} INFO - Processing file /home/airflow/.local/lib/python3.8/site-packages/airflow/example_dags/example_sensors.py for tasks to queue
[2024-04-21T15:31:04.296+0000] {logging_mixin.py:188} INFO - [2024-04-21T15:31:04.295+0000] {dagbag.py:540} INFO - Filling up the DagBag from /home/airflow/.local/lib/python3.8/site-packages/airflow/example_dags/example_sensors.py
[2024-04-21T15:31:04.306+0000] {processor.py:840} INFO - DAG(s) 'example_sensors' retrieved from /home/airflow/.local/lib/python3.8/site-packages/airflow/example_dags/example_sensors.py
[2024-04-21T15:31:04.328+0000] {logging_mixin.py:188} INFO - [2024-04-21T15:31:04.328+0000] {dag.py:3047} INFO - Sync 1 DAGs
[2024-04-21T15:31:04.338+0000] {logging_mixin.py:188} INFO - [2024-04-21T15:31:04.337+0000] {dag.py:3834} INFO - Setting next_dagrun for example_sensors to None, run_after=None
[2024-04-21T15:31:04.357+0000] {processor.py:183} INFO - Processing /home/airflow/.local/lib/python3.8/site-packages/airflow/example_dags/example_sensors.py took 0.071 seconds
[2024-04-21T15:31:34.812+0000] {processor.py:161} INFO - Started process (PID=574) to work on /home/airflow/.local/lib/python3.8/site-packages/airflow/example_dags/example_sensors.py
[2024-04-21T15:31:34.814+0000] {processor.py:830} INFO - Processing file /home/airflow/.local/lib/python3.8/site-packages/airflow/example_dags/example_sensors.py for tasks to queue
[2024-04-21T15:31:34.817+0000] {logging_mixin.py:188} INFO - [2024-04-21T15:31:34.816+0000] {dagbag.py:540} INFO - Filling up the DagBag from /home/airflow/.local/lib/python3.8/site-packages/airflow/example_dags/example_sensors.py
[2024-04-21T15:31:34.828+0000] {processor.py:840} INFO - DAG(s) 'example_sensors' retrieved from /home/airflow/.local/lib/python3.8/site-packages/airflow/example_dags/example_sensors.py
[2024-04-21T15:31:34.852+0000] {logging_mixin.py:188} INFO - [2024-04-21T15:31:34.851+0000] {dag.py:3047} INFO - Sync 1 DAGs
[2024-04-21T15:31:34.864+0000] {logging_mixin.py:188} INFO - [2024-04-21T15:31:34.864+0000] {dag.py:3834} INFO - Setting next_dagrun for example_sensors to None, run_after=None
[2024-04-21T15:31:34.884+0000] {processor.py:183} INFO - Processing /home/airflow/.local/lib/python3.8/site-packages/airflow/example_dags/example_sensors.py took 0.077 seconds
[2024-04-21T15:32:05.390+0000] {processor.py:161} INFO - Started process (PID=629) to work on /home/airflow/.local/lib/python3.8/site-packages/airflow/example_dags/example_sensors.py
[2024-04-21T15:32:05.392+0000] {processor.py:830} INFO - Processing file /home/airflow/.local/lib/python3.8/site-packages/airflow/example_dags/example_sensors.py for tasks to queue
[2024-04-21T15:32:05.395+0000] {logging_mixin.py:188} INFO - [2024-04-21T15:32:05.394+0000] {dagbag.py:540} INFO - Filling up the DagBag from /home/airflow/.local/lib/python3.8/site-packages/airflow/example_dags/example_sensors.py
[2024-04-21T15:32:05.407+0000] {processor.py:840} INFO - DAG(s) 'example_sensors' retrieved from /home/airflow/.local/lib/python3.8/site-packages/airflow/example_dags/example_sensors.py
[2024-04-21T15:32:05.434+0000] {logging_mixin.py:188} INFO - [2024-04-21T15:32:05.434+0000] {dag.py:3047} INFO - Sync 1 DAGs
[2024-04-21T15:32:05.444+0000] {logging_mixin.py:188} INFO - [2024-04-21T15:32:05.443+0000] {dag.py:3834} INFO - Setting next_dagrun for example_sensors to None, run_after=None
[2024-04-21T15:32:05.468+0000] {processor.py:183} INFO - Processing /home/airflow/.local/lib/python3.8/site-packages/airflow/example_dags/example_sensors.py took 0.085 seconds
[2024-04-21T15:32:36.098+0000] {processor.py:161} INFO - Started process (PID=684) to work on /home/airflow/.local/lib/python3.8/site-packages/airflow/example_dags/example_sensors.py
[2024-04-21T15:32:36.100+0000] {processor.py:830} INFO - Processing file /home/airflow/.local/lib/python3.8/site-packages/airflow/example_dags/example_sensors.py for tasks to queue
[2024-04-21T15:32:36.104+0000] {logging_mixin.py:188} INFO - [2024-04-21T15:32:36.103+0000] {dagbag.py:540} INFO - Filling up the DagBag from /home/airflow/.local/lib/python3.8/site-packages/airflow/example_dags/example_sensors.py
[2024-04-21T15:32:36.119+0000] {processor.py:840} INFO - DAG(s) 'example_sensors' retrieved from /home/airflow/.local/lib/python3.8/site-packages/airflow/example_dags/example_sensors.py
[2024-04-21T15:32:36.185+0000] {logging_mixin.py:188} INFO - [2024-04-21T15:32:36.185+0000] {dag.py:3047} INFO - Sync 1 DAGs
[2024-04-21T15:32:36.198+0000] {logging_mixin.py:188} INFO - [2024-04-21T15:32:36.197+0000] {dag.py:3834} INFO - Setting next_dagrun for example_sensors to None, run_after=None
[2024-04-21T15:32:36.224+0000] {processor.py:183} INFO - Processing /home/airflow/.local/lib/python3.8/site-packages/airflow/example_dags/example_sensors.py took 0.131 seconds
[2024-04-21T15:33:06.673+0000] {processor.py:161} INFO - Started process (PID=739) to work on /home/airflow/.local/lib/python3.8/site-packages/airflow/example_dags/example_sensors.py
[2024-04-21T15:33:06.674+0000] {processor.py:830} INFO - Processing file /home/airflow/.local/lib/python3.8/site-packages/airflow/example_dags/example_sensors.py for tasks to queue
[2024-04-21T15:33:06.675+0000] {logging_mixin.py:188} INFO - [2024-04-21T15:33:06.675+0000] {dagbag.py:540} INFO - Filling up the DagBag from /home/airflow/.local/lib/python3.8/site-packages/airflow/example_dags/example_sensors.py
[2024-04-21T15:33:06.681+0000] {processor.py:840} INFO - DAG(s) 'example_sensors' retrieved from /home/airflow/.local/lib/python3.8/site-packages/airflow/example_dags/example_sensors.py
[2024-04-21T15:33:06.702+0000] {logging_mixin.py:188} INFO - [2024-04-21T15:33:06.702+0000] {dag.py:3047} INFO - Sync 1 DAGs
[2024-04-21T15:33:06.712+0000] {logging_mixin.py:188} INFO - [2024-04-21T15:33:06.712+0000] {dag.py:3834} INFO - Setting next_dagrun for example_sensors to None, run_after=None
[2024-04-21T15:33:06.731+0000] {processor.py:183} INFO - Processing /home/airflow/.local/lib/python3.8/site-packages/airflow/example_dags/example_sensors.py took 0.062 seconds
[2024-04-21T15:33:37.672+0000] {processor.py:161} INFO - Started process (PID=794) to work on /home/airflow/.local/lib/python3.8/site-packages/airflow/example_dags/example_sensors.py
[2024-04-21T15:33:37.673+0000] {processor.py:830} INFO - Processing file /home/airflow/.local/lib/python3.8/site-packages/airflow/example_dags/example_sensors.py for tasks to queue
[2024-04-21T15:33:37.675+0000] {logging_mixin.py:188} INFO - [2024-04-21T15:33:37.675+0000] {dagbag.py:540} INFO - Filling up the DagBag from /home/airflow/.local/lib/python3.8/site-packages/airflow/example_dags/example_sensors.py
[2024-04-21T15:33:37.688+0000] {processor.py:840} INFO - DAG(s) 'example_sensors' retrieved from /home/airflow/.local/lib/python3.8/site-packages/airflow/example_dags/example_sensors.py
[2024-04-21T15:33:37.714+0000] {logging_mixin.py:188} INFO - [2024-04-21T15:33:37.713+0000] {dag.py:3047} INFO - Sync 1 DAGs
[2024-04-21T15:33:37.729+0000] {logging_mixin.py:188} INFO - [2024-04-21T15:33:37.729+0000] {dag.py:3834} INFO - Setting next_dagrun for example_sensors to None, run_after=None
[2024-04-21T15:33:37.753+0000] {processor.py:183} INFO - Processing /home/airflow/.local/lib/python3.8/site-packages/airflow/example_dags/example_sensors.py took 0.083 seconds
[2024-04-21T15:34:08.230+0000] {processor.py:161} INFO - Started process (PID=850) to work on /home/airflow/.local/lib/python3.8/site-packages/airflow/example_dags/example_sensors.py
[2024-04-21T15:34:08.231+0000] {processor.py:830} INFO - Processing file /home/airflow/.local/lib/python3.8/site-packages/airflow/example_dags/example_sensors.py for tasks to queue
[2024-04-21T15:34:08.235+0000] {logging_mixin.py:188} INFO - [2024-04-21T15:34:08.235+0000] {dagbag.py:540} INFO - Filling up the DagBag from /home/airflow/.local/lib/python3.8/site-packages/airflow/example_dags/example_sensors.py
[2024-04-21T15:34:08.246+0000] {processor.py:840} INFO - DAG(s) 'example_sensors' retrieved from /home/airflow/.local/lib/python3.8/site-packages/airflow/example_dags/example_sensors.py
[2024-04-21T15:34:08.297+0000] {logging_mixin.py:188} INFO - [2024-04-21T15:34:08.296+0000] {dag.py:3047} INFO - Sync 1 DAGs
[2024-04-21T15:34:08.312+0000] {logging_mixin.py:188} INFO - [2024-04-21T15:34:08.311+0000] {dag.py:3834} INFO - Setting next_dagrun for example_sensors to None, run_after=None
[2024-04-21T15:34:08.335+0000] {processor.py:183} INFO - Processing /home/airflow/.local/lib/python3.8/site-packages/airflow/example_dags/example_sensors.py took 0.109 seconds
[2024-04-21T15:34:38.722+0000] {processor.py:161} INFO - Started process (PID=904) to work on /home/airflow/.local/lib/python3.8/site-packages/airflow/example_dags/example_sensors.py
[2024-04-21T15:34:38.724+0000] {processor.py:830} INFO - Processing file /home/airflow/.local/lib/python3.8/site-packages/airflow/example_dags/example_sensors.py for tasks to queue
[2024-04-21T15:34:38.728+0000] {logging_mixin.py:188} INFO - [2024-04-21T15:34:38.728+0000] {dagbag.py:540} INFO - Filling up the DagBag from /home/airflow/.local/lib/python3.8/site-packages/airflow/example_dags/example_sensors.py
[2024-04-21T15:34:38.745+0000] {processor.py:840} INFO - DAG(s) 'example_sensors' retrieved from /home/airflow/.local/lib/python3.8/site-packages/airflow/example_dags/example_sensors.py
[2024-04-21T15:34:38.786+0000] {logging_mixin.py:188} INFO - [2024-04-21T15:34:38.786+0000] {dag.py:3047} INFO - Sync 1 DAGs
[2024-04-21T15:34:38.808+0000] {logging_mixin.py:188} INFO - [2024-04-21T15:34:38.807+0000] {dag.py:3834} INFO - Setting next_dagrun for example_sensors to None, run_after=None
[2024-04-21T15:34:38.868+0000] {processor.py:183} INFO - Processing /home/airflow/.local/lib/python3.8/site-packages/airflow/example_dags/example_sensors.py took 0.152 seconds
[2024-04-21T15:35:09.897+0000] {processor.py:161} INFO - Started process (PID=959) to work on /home/airflow/.local/lib/python3.8/site-packages/airflow/example_dags/example_sensors.py
[2024-04-21T15:35:09.899+0000] {processor.py:830} INFO - Processing file /home/airflow/.local/lib/python3.8/site-packages/airflow/example_dags/example_sensors.py for tasks to queue
[2024-04-21T15:35:09.902+0000] {logging_mixin.py:188} INFO - [2024-04-21T15:35:09.902+0000] {dagbag.py:540} INFO - Filling up the DagBag from /home/airflow/.local/lib/python3.8/site-packages/airflow/example_dags/example_sensors.py
[2024-04-21T15:35:09.918+0000] {processor.py:840} INFO - DAG(s) 'example_sensors' retrieved from /home/airflow/.local/lib/python3.8/site-packages/airflow/example_dags/example_sensors.py
[2024-04-21T15:35:09.960+0000] {logging_mixin.py:188} INFO - [2024-04-21T15:35:09.960+0000] {dag.py:3047} INFO - Sync 1 DAGs
[2024-04-21T15:35:09.973+0000] {logging_mixin.py:188} INFO - [2024-04-21T15:35:09.973+0000] {dag.py:3834} INFO - Setting next_dagrun for example_sensors to None, run_after=None
[2024-04-21T15:35:09.994+0000] {processor.py:183} INFO - Processing /home/airflow/.local/lib/python3.8/site-packages/airflow/example_dags/example_sensors.py took 0.102 seconds
[2024-04-21T15:35:56.928+0000] {processor.py:161} INFO - Started process (PID=1014) to work on /home/airflow/.local/lib/python3.8/site-packages/airflow/example_dags/example_sensors.py
[2024-04-21T15:35:56.932+0000] {processor.py:830} INFO - Processing file /home/airflow/.local/lib/python3.8/site-packages/airflow/example_dags/example_sensors.py for tasks to queue
[2024-04-21T15:35:56.945+0000] {logging_mixin.py:188} INFO - [2024-04-21T15:35:56.944+0000] {dagbag.py:540} INFO - Filling up the DagBag from /home/airflow/.local/lib/python3.8/site-packages/airflow/example_dags/example_sensors.py
[2024-04-21T15:35:57.314+0000] {processor.py:840} INFO - DAG(s) 'example_sensors' retrieved from /home/airflow/.local/lib/python3.8/site-packages/airflow/example_dags/example_sensors.py
[2024-04-21T15:35:58.099+0000] {logging_mixin.py:188} INFO - [2024-04-21T15:35:58.087+0000] {dag.py:3047} INFO - Sync 1 DAGs
[2024-04-21T15:35:58.222+0000] {logging_mixin.py:188} INFO - [2024-04-21T15:35:58.220+0000] {dag.py:3834} INFO - Setting next_dagrun for example_sensors to None, run_after=None
[2024-04-21T15:35:58.391+0000] {processor.py:183} INFO - Processing /home/airflow/.local/lib/python3.8/site-packages/airflow/example_dags/example_sensors.py took 1.500 seconds
