[2024-04-21T15:26:54.775+0000] {processor.py:161} INFO - Started process (PID=57) to work on /home/airflow/.local/lib/python3.8/site-packages/airflow/example_dags/example_sensor_decorator.py
[2024-04-21T15:26:54.778+0000] {processor.py:830} INFO - Processing file /home/airflow/.local/lib/python3.8/site-packages/airflow/example_dags/example_sensor_decorator.py for tasks to queue
[2024-04-21T15:26:54.786+0000] {logging_mixin.py:188} INFO - [2024-04-21T15:26:54.784+0000] {dagbag.py:540} INFO - Filling up the DagBag from /home/airflow/.local/lib/python3.8/site-packages/airflow/example_dags/example_sensor_decorator.py
[2024-04-21T15:26:54.806+0000] {processor.py:840} INFO - DAG(s) 'example_sensor_decorator' retrieved from /home/airflow/.local/lib/python3.8/site-packages/airflow/example_dags/example_sensor_decorator.py
[2024-04-21T15:26:55.050+0000] {logging_mixin.py:188} INFO - [2024-04-21T15:26:55.048+0000] {override.py:1769} INFO - Created Permission View: can delete on DAG:example_sensor_decorator
[2024-04-21T15:26:55.065+0000] {logging_mixin.py:188} INFO - [2024-04-21T15:26:55.064+0000] {override.py:1769} INFO - Created Permission View: can read on DAG:example_sensor_decorator
[2024-04-21T15:26:55.078+0000] {logging_mixin.py:188} INFO - [2024-04-21T15:26:55.077+0000] {override.py:1769} INFO - Created Permission View: can edit on DAG:example_sensor_decorator
[2024-04-21T15:26:55.079+0000] {logging_mixin.py:188} INFO - [2024-04-21T15:26:55.079+0000] {dag.py:3047} INFO - Sync 1 DAGs
[2024-04-21T15:26:55.106+0000] {logging_mixin.py:188} INFO - [2024-04-21T15:26:55.106+0000] {dag.py:3069} INFO - Creating ORM DAG for example_sensor_decorator
[2024-04-21T15:26:55.108+0000] {logging_mixin.py:188} INFO - [2024-04-21T15:26:55.107+0000] {dag.py:3834} INFO - Setting next_dagrun for example_sensor_decorator to None, run_after=None
[2024-04-21T15:26:55.166+0000] {processor.py:183} INFO - Processing /home/airflow/.local/lib/python3.8/site-packages/airflow/example_dags/example_sensor_decorator.py took 0.397 seconds
[2024-04-21T15:27:25.398+0000] {processor.py:161} INFO - Started process (PID=112) to work on /home/airflow/.local/lib/python3.8/site-packages/airflow/example_dags/example_sensor_decorator.py
[2024-04-21T15:27:25.400+0000] {processor.py:830} INFO - Processing file /home/airflow/.local/lib/python3.8/site-packages/airflow/example_dags/example_sensor_decorator.py for tasks to queue
[2024-04-21T15:27:25.403+0000] {logging_mixin.py:188} INFO - [2024-04-21T15:27:25.402+0000] {dagbag.py:540} INFO - Filling up the DagBag from /home/airflow/.local/lib/python3.8/site-packages/airflow/example_dags/example_sensor_decorator.py
[2024-04-21T15:27:25.411+0000] {processor.py:840} INFO - DAG(s) 'example_sensor_decorator' retrieved from /home/airflow/.local/lib/python3.8/site-packages/airflow/example_dags/example_sensor_decorator.py
[2024-04-21T15:27:25.441+0000] {logging_mixin.py:188} INFO - [2024-04-21T15:27:25.440+0000] {dag.py:3047} INFO - Sync 1 DAGs
[2024-04-21T15:27:25.459+0000] {logging_mixin.py:188} INFO - [2024-04-21T15:27:25.458+0000] {dag.py:3834} INFO - Setting next_dagrun for example_sensor_decorator to None, run_after=None
[2024-04-21T15:27:25.496+0000] {processor.py:183} INFO - Processing /home/airflow/.local/lib/python3.8/site-packages/airflow/example_dags/example_sensor_decorator.py took 0.100 seconds
[2024-04-21T15:27:55.948+0000] {processor.py:161} INFO - Started process (PID=167) to work on /home/airflow/.local/lib/python3.8/site-packages/airflow/example_dags/example_sensor_decorator.py
[2024-04-21T15:27:55.949+0000] {processor.py:830} INFO - Processing file /home/airflow/.local/lib/python3.8/site-packages/airflow/example_dags/example_sensor_decorator.py for tasks to queue
[2024-04-21T15:27:55.951+0000] {logging_mixin.py:188} INFO - [2024-04-21T15:27:55.951+0000] {dagbag.py:540} INFO - Filling up the DagBag from /home/airflow/.local/lib/python3.8/site-packages/airflow/example_dags/example_sensor_decorator.py
[2024-04-21T15:27:55.960+0000] {processor.py:840} INFO - DAG(s) 'example_sensor_decorator' retrieved from /home/airflow/.local/lib/python3.8/site-packages/airflow/example_dags/example_sensor_decorator.py
[2024-04-21T15:27:55.989+0000] {logging_mixin.py:188} INFO - [2024-04-21T15:27:55.989+0000] {dag.py:3047} INFO - Sync 1 DAGs
[2024-04-21T15:27:56.002+0000] {logging_mixin.py:188} INFO - [2024-04-21T15:27:56.002+0000] {dag.py:3834} INFO - Setting next_dagrun for example_sensor_decorator to None, run_after=None
[2024-04-21T15:27:56.026+0000] {processor.py:183} INFO - Processing /home/airflow/.local/lib/python3.8/site-packages/airflow/example_dags/example_sensor_decorator.py took 0.081 seconds
[2024-04-21T15:28:26.988+0000] {processor.py:161} INFO - Started process (PID=222) to work on /home/airflow/.local/lib/python3.8/site-packages/airflow/example_dags/example_sensor_decorator.py
[2024-04-21T15:28:26.990+0000] {processor.py:830} INFO - Processing file /home/airflow/.local/lib/python3.8/site-packages/airflow/example_dags/example_sensor_decorator.py for tasks to queue
[2024-04-21T15:28:26.993+0000] {logging_mixin.py:188} INFO - [2024-04-21T15:28:26.992+0000] {dagbag.py:540} INFO - Filling up the DagBag from /home/airflow/.local/lib/python3.8/site-packages/airflow/example_dags/example_sensor_decorator.py
[2024-04-21T15:28:26.999+0000] {processor.py:840} INFO - DAG(s) 'example_sensor_decorator' retrieved from /home/airflow/.local/lib/python3.8/site-packages/airflow/example_dags/example_sensor_decorator.py
[2024-04-21T15:28:27.018+0000] {logging_mixin.py:188} INFO - [2024-04-21T15:28:27.018+0000] {dag.py:3047} INFO - Sync 1 DAGs
[2024-04-21T15:28:27.030+0000] {logging_mixin.py:188} INFO - [2024-04-21T15:28:27.029+0000] {dag.py:3834} INFO - Setting next_dagrun for example_sensor_decorator to None, run_after=None
[2024-04-21T15:28:27.052+0000] {processor.py:183} INFO - Processing /home/airflow/.local/lib/python3.8/site-packages/airflow/example_dags/example_sensor_decorator.py took 0.067 seconds
[2024-04-21T15:28:57.406+0000] {processor.py:161} INFO - Started process (PID=277) to work on /home/airflow/.local/lib/python3.8/site-packages/airflow/example_dags/example_sensor_decorator.py
[2024-04-21T15:28:57.407+0000] {processor.py:830} INFO - Processing file /home/airflow/.local/lib/python3.8/site-packages/airflow/example_dags/example_sensor_decorator.py for tasks to queue
[2024-04-21T15:28:57.410+0000] {logging_mixin.py:188} INFO - [2024-04-21T15:28:57.410+0000] {dagbag.py:540} INFO - Filling up the DagBag from /home/airflow/.local/lib/python3.8/site-packages/airflow/example_dags/example_sensor_decorator.py
[2024-04-21T15:28:57.421+0000] {processor.py:840} INFO - DAG(s) 'example_sensor_decorator' retrieved from /home/airflow/.local/lib/python3.8/site-packages/airflow/example_dags/example_sensor_decorator.py
[2024-04-21T15:28:57.448+0000] {logging_mixin.py:188} INFO - [2024-04-21T15:28:57.447+0000] {dag.py:3047} INFO - Sync 1 DAGs
[2024-04-21T15:28:57.467+0000] {logging_mixin.py:188} INFO - [2024-04-21T15:28:57.466+0000] {dag.py:3834} INFO - Setting next_dagrun for example_sensor_decorator to None, run_after=None
[2024-04-21T15:28:57.495+0000] {processor.py:183} INFO - Processing /home/airflow/.local/lib/python3.8/site-packages/airflow/example_dags/example_sensor_decorator.py took 0.096 seconds
[2024-04-21T15:29:28.276+0000] {processor.py:161} INFO - Started process (PID=332) to work on /home/airflow/.local/lib/python3.8/site-packages/airflow/example_dags/example_sensor_decorator.py
[2024-04-21T15:29:28.278+0000] {processor.py:830} INFO - Processing file /home/airflow/.local/lib/python3.8/site-packages/airflow/example_dags/example_sensor_decorator.py for tasks to queue
[2024-04-21T15:29:28.281+0000] {logging_mixin.py:188} INFO - [2024-04-21T15:29:28.281+0000] {dagbag.py:540} INFO - Filling up the DagBag from /home/airflow/.local/lib/python3.8/site-packages/airflow/example_dags/example_sensor_decorator.py
[2024-04-21T15:29:28.290+0000] {processor.py:840} INFO - DAG(s) 'example_sensor_decorator' retrieved from /home/airflow/.local/lib/python3.8/site-packages/airflow/example_dags/example_sensor_decorator.py
[2024-04-21T15:29:28.316+0000] {logging_mixin.py:188} INFO - [2024-04-21T15:29:28.316+0000] {dag.py:3047} INFO - Sync 1 DAGs
[2024-04-21T15:29:28.332+0000] {logging_mixin.py:188} INFO - [2024-04-21T15:29:28.332+0000] {dag.py:3834} INFO - Setting next_dagrun for example_sensor_decorator to None, run_after=None
[2024-04-21T15:29:28.361+0000] {processor.py:183} INFO - Processing /home/airflow/.local/lib/python3.8/site-packages/airflow/example_dags/example_sensor_decorator.py took 0.089 seconds
[2024-04-21T15:29:59.210+0000] {processor.py:161} INFO - Started process (PID=387) to work on /home/airflow/.local/lib/python3.8/site-packages/airflow/example_dags/example_sensor_decorator.py
[2024-04-21T15:29:59.212+0000] {processor.py:830} INFO - Processing file /home/airflow/.local/lib/python3.8/site-packages/airflow/example_dags/example_sensor_decorator.py for tasks to queue
[2024-04-21T15:29:59.214+0000] {logging_mixin.py:188} INFO - [2024-04-21T15:29:59.214+0000] {dagbag.py:540} INFO - Filling up the DagBag from /home/airflow/.local/lib/python3.8/site-packages/airflow/example_dags/example_sensor_decorator.py
[2024-04-21T15:29:59.220+0000] {processor.py:840} INFO - DAG(s) 'example_sensor_decorator' retrieved from /home/airflow/.local/lib/python3.8/site-packages/airflow/example_dags/example_sensor_decorator.py
[2024-04-21T15:29:59.245+0000] {logging_mixin.py:188} INFO - [2024-04-21T15:29:59.245+0000] {dag.py:3047} INFO - Sync 1 DAGs
[2024-04-21T15:29:59.261+0000] {logging_mixin.py:188} INFO - [2024-04-21T15:29:59.258+0000] {dag.py:3834} INFO - Setting next_dagrun for example_sensor_decorator to None, run_after=None
[2024-04-21T15:29:59.325+0000] {processor.py:183} INFO - Processing /home/airflow/.local/lib/python3.8/site-packages/airflow/example_dags/example_sensor_decorator.py took 0.117 seconds
[2024-04-21T15:30:29.742+0000] {processor.py:161} INFO - Started process (PID=448) to work on /home/airflow/.local/lib/python3.8/site-packages/airflow/example_dags/example_sensor_decorator.py
[2024-04-21T15:30:29.743+0000] {processor.py:830} INFO - Processing file /home/airflow/.local/lib/python3.8/site-packages/airflow/example_dags/example_sensor_decorator.py for tasks to queue
[2024-04-21T15:30:29.747+0000] {logging_mixin.py:188} INFO - [2024-04-21T15:30:29.746+0000] {dagbag.py:540} INFO - Filling up the DagBag from /home/airflow/.local/lib/python3.8/site-packages/airflow/example_dags/example_sensor_decorator.py
[2024-04-21T15:30:29.751+0000] {processor.py:840} INFO - DAG(s) 'example_sensor_decorator' retrieved from /home/airflow/.local/lib/python3.8/site-packages/airflow/example_dags/example_sensor_decorator.py
[2024-04-21T15:30:29.768+0000] {logging_mixin.py:188} INFO - [2024-04-21T15:30:29.768+0000] {dag.py:3047} INFO - Sync 1 DAGs
[2024-04-21T15:30:29.780+0000] {logging_mixin.py:188} INFO - [2024-04-21T15:30:29.780+0000] {dag.py:3834} INFO - Setting next_dagrun for example_sensor_decorator to None, run_after=None
[2024-04-21T15:30:29.804+0000] {processor.py:183} INFO - Processing /home/airflow/.local/lib/python3.8/site-packages/airflow/example_dags/example_sensor_decorator.py took 0.065 seconds
[2024-04-21T15:31:00.312+0000] {processor.py:161} INFO - Started process (PID=503) to work on /home/airflow/.local/lib/python3.8/site-packages/airflow/example_dags/example_sensor_decorator.py
[2024-04-21T15:31:00.313+0000] {processor.py:830} INFO - Processing file /home/airflow/.local/lib/python3.8/site-packages/airflow/example_dags/example_sensor_decorator.py for tasks to queue
[2024-04-21T15:31:00.316+0000] {logging_mixin.py:188} INFO - [2024-04-21T15:31:00.316+0000] {dagbag.py:540} INFO - Filling up the DagBag from /home/airflow/.local/lib/python3.8/site-packages/airflow/example_dags/example_sensor_decorator.py
[2024-04-21T15:31:00.322+0000] {processor.py:840} INFO - DAG(s) 'example_sensor_decorator' retrieved from /home/airflow/.local/lib/python3.8/site-packages/airflow/example_dags/example_sensor_decorator.py
[2024-04-21T15:31:00.340+0000] {logging_mixin.py:188} INFO - [2024-04-21T15:31:00.339+0000] {dag.py:3047} INFO - Sync 1 DAGs
[2024-04-21T15:31:00.355+0000] {logging_mixin.py:188} INFO - [2024-04-21T15:31:00.355+0000] {dag.py:3834} INFO - Setting next_dagrun for example_sensor_decorator to None, run_after=None
[2024-04-21T15:31:00.373+0000] {processor.py:183} INFO - Processing /home/airflow/.local/lib/python3.8/site-packages/airflow/example_dags/example_sensor_decorator.py took 0.065 seconds
[2024-04-21T15:31:30.592+0000] {processor.py:161} INFO - Started process (PID=558) to work on /home/airflow/.local/lib/python3.8/site-packages/airflow/example_dags/example_sensor_decorator.py
[2024-04-21T15:31:30.596+0000] {processor.py:830} INFO - Processing file /home/airflow/.local/lib/python3.8/site-packages/airflow/example_dags/example_sensor_decorator.py for tasks to queue
[2024-04-21T15:31:30.599+0000] {logging_mixin.py:188} INFO - [2024-04-21T15:31:30.598+0000] {dagbag.py:540} INFO - Filling up the DagBag from /home/airflow/.local/lib/python3.8/site-packages/airflow/example_dags/example_sensor_decorator.py
[2024-04-21T15:31:30.607+0000] {processor.py:840} INFO - DAG(s) 'example_sensor_decorator' retrieved from /home/airflow/.local/lib/python3.8/site-packages/airflow/example_dags/example_sensor_decorator.py
[2024-04-21T15:31:30.632+0000] {logging_mixin.py:188} INFO - [2024-04-21T15:31:30.632+0000] {dag.py:3047} INFO - Sync 1 DAGs
[2024-04-21T15:31:30.644+0000] {logging_mixin.py:188} INFO - [2024-04-21T15:31:30.644+0000] {dag.py:3834} INFO - Setting next_dagrun for example_sensor_decorator to None, run_after=None
[2024-04-21T15:31:30.672+0000] {processor.py:183} INFO - Processing /home/airflow/.local/lib/python3.8/site-packages/airflow/example_dags/example_sensor_decorator.py took 0.083 seconds
[2024-04-21T15:32:01.085+0000] {processor.py:161} INFO - Started process (PID=613) to work on /home/airflow/.local/lib/python3.8/site-packages/airflow/example_dags/example_sensor_decorator.py
[2024-04-21T15:32:01.087+0000] {processor.py:830} INFO - Processing file /home/airflow/.local/lib/python3.8/site-packages/airflow/example_dags/example_sensor_decorator.py for tasks to queue
[2024-04-21T15:32:01.090+0000] {logging_mixin.py:188} INFO - [2024-04-21T15:32:01.089+0000] {dagbag.py:540} INFO - Filling up the DagBag from /home/airflow/.local/lib/python3.8/site-packages/airflow/example_dags/example_sensor_decorator.py
[2024-04-21T15:32:01.096+0000] {processor.py:840} INFO - DAG(s) 'example_sensor_decorator' retrieved from /home/airflow/.local/lib/python3.8/site-packages/airflow/example_dags/example_sensor_decorator.py
[2024-04-21T15:32:01.116+0000] {logging_mixin.py:188} INFO - [2024-04-21T15:32:01.116+0000] {dag.py:3047} INFO - Sync 1 DAGs
[2024-04-21T15:32:01.126+0000] {logging_mixin.py:188} INFO - [2024-04-21T15:32:01.125+0000] {dag.py:3834} INFO - Setting next_dagrun for example_sensor_decorator to None, run_after=None
[2024-04-21T15:32:01.142+0000] {processor.py:183} INFO - Processing /home/airflow/.local/lib/python3.8/site-packages/airflow/example_dags/example_sensor_decorator.py took 0.060 seconds
[2024-04-21T15:32:31.943+0000] {processor.py:161} INFO - Started process (PID=668) to work on /home/airflow/.local/lib/python3.8/site-packages/airflow/example_dags/example_sensor_decorator.py
[2024-04-21T15:32:31.944+0000] {processor.py:830} INFO - Processing file /home/airflow/.local/lib/python3.8/site-packages/airflow/example_dags/example_sensor_decorator.py for tasks to queue
[2024-04-21T15:32:31.946+0000] {logging_mixin.py:188} INFO - [2024-04-21T15:32:31.946+0000] {dagbag.py:540} INFO - Filling up the DagBag from /home/airflow/.local/lib/python3.8/site-packages/airflow/example_dags/example_sensor_decorator.py
[2024-04-21T15:32:31.951+0000] {processor.py:840} INFO - DAG(s) 'example_sensor_decorator' retrieved from /home/airflow/.local/lib/python3.8/site-packages/airflow/example_dags/example_sensor_decorator.py
[2024-04-21T15:32:31.967+0000] {logging_mixin.py:188} INFO - [2024-04-21T15:32:31.967+0000] {dag.py:3047} INFO - Sync 1 DAGs
[2024-04-21T15:32:31.977+0000] {logging_mixin.py:188} INFO - [2024-04-21T15:32:31.976+0000] {dag.py:3834} INFO - Setting next_dagrun for example_sensor_decorator to None, run_after=None
[2024-04-21T15:32:31.994+0000] {processor.py:183} INFO - Processing /home/airflow/.local/lib/python3.8/site-packages/airflow/example_dags/example_sensor_decorator.py took 0.054 seconds
[2024-04-21T15:33:02.688+0000] {processor.py:161} INFO - Started process (PID=723) to work on /home/airflow/.local/lib/python3.8/site-packages/airflow/example_dags/example_sensor_decorator.py
[2024-04-21T15:33:02.689+0000] {processor.py:830} INFO - Processing file /home/airflow/.local/lib/python3.8/site-packages/airflow/example_dags/example_sensor_decorator.py for tasks to queue
[2024-04-21T15:33:02.692+0000] {logging_mixin.py:188} INFO - [2024-04-21T15:33:02.691+0000] {dagbag.py:540} INFO - Filling up the DagBag from /home/airflow/.local/lib/python3.8/site-packages/airflow/example_dags/example_sensor_decorator.py
[2024-04-21T15:33:02.698+0000] {processor.py:840} INFO - DAG(s) 'example_sensor_decorator' retrieved from /home/airflow/.local/lib/python3.8/site-packages/airflow/example_dags/example_sensor_decorator.py
[2024-04-21T15:33:02.718+0000] {logging_mixin.py:188} INFO - [2024-04-21T15:33:02.718+0000] {dag.py:3047} INFO - Sync 1 DAGs
[2024-04-21T15:33:02.732+0000] {logging_mixin.py:188} INFO - [2024-04-21T15:33:02.732+0000] {dag.py:3834} INFO - Setting next_dagrun for example_sensor_decorator to None, run_after=None
[2024-04-21T15:33:02.761+0000] {processor.py:183} INFO - Processing /home/airflow/.local/lib/python3.8/site-packages/airflow/example_dags/example_sensor_decorator.py took 0.076 seconds
[2024-04-21T15:33:33.157+0000] {processor.py:161} INFO - Started process (PID=778) to work on /home/airflow/.local/lib/python3.8/site-packages/airflow/example_dags/example_sensor_decorator.py
[2024-04-21T15:33:33.158+0000] {processor.py:830} INFO - Processing file /home/airflow/.local/lib/python3.8/site-packages/airflow/example_dags/example_sensor_decorator.py for tasks to queue
[2024-04-21T15:33:33.161+0000] {logging_mixin.py:188} INFO - [2024-04-21T15:33:33.161+0000] {dagbag.py:540} INFO - Filling up the DagBag from /home/airflow/.local/lib/python3.8/site-packages/airflow/example_dags/example_sensor_decorator.py
[2024-04-21T15:33:33.168+0000] {processor.py:840} INFO - DAG(s) 'example_sensor_decorator' retrieved from /home/airflow/.local/lib/python3.8/site-packages/airflow/example_dags/example_sensor_decorator.py
[2024-04-21T15:33:33.189+0000] {logging_mixin.py:188} INFO - [2024-04-21T15:33:33.189+0000] {dag.py:3047} INFO - Sync 1 DAGs
[2024-04-21T15:33:33.255+0000] {logging_mixin.py:188} INFO - [2024-04-21T15:33:33.255+0000] {dag.py:3834} INFO - Setting next_dagrun for example_sensor_decorator to None, run_after=None
[2024-04-21T15:33:33.288+0000] {processor.py:183} INFO - Processing /home/airflow/.local/lib/python3.8/site-packages/airflow/example_dags/example_sensor_decorator.py took 0.134 seconds
[2024-04-21T15:34:03.484+0000] {processor.py:161} INFO - Started process (PID=834) to work on /home/airflow/.local/lib/python3.8/site-packages/airflow/example_dags/example_sensor_decorator.py
[2024-04-21T15:34:03.485+0000] {processor.py:830} INFO - Processing file /home/airflow/.local/lib/python3.8/site-packages/airflow/example_dags/example_sensor_decorator.py for tasks to queue
[2024-04-21T15:34:03.488+0000] {logging_mixin.py:188} INFO - [2024-04-21T15:34:03.487+0000] {dagbag.py:540} INFO - Filling up the DagBag from /home/airflow/.local/lib/python3.8/site-packages/airflow/example_dags/example_sensor_decorator.py
[2024-04-21T15:34:03.494+0000] {processor.py:840} INFO - DAG(s) 'example_sensor_decorator' retrieved from /home/airflow/.local/lib/python3.8/site-packages/airflow/example_dags/example_sensor_decorator.py
[2024-04-21T15:34:03.517+0000] {logging_mixin.py:188} INFO - [2024-04-21T15:34:03.516+0000] {dag.py:3047} INFO - Sync 1 DAGs
[2024-04-21T15:34:03.529+0000] {logging_mixin.py:188} INFO - [2024-04-21T15:34:03.528+0000] {dag.py:3834} INFO - Setting next_dagrun for example_sensor_decorator to None, run_after=None
[2024-04-21T15:34:03.552+0000] {processor.py:183} INFO - Processing /home/airflow/.local/lib/python3.8/site-packages/airflow/example_dags/example_sensor_decorator.py took 0.072 seconds
[2024-04-21T15:34:33.907+0000] {processor.py:161} INFO - Started process (PID=888) to work on /home/airflow/.local/lib/python3.8/site-packages/airflow/example_dags/example_sensor_decorator.py
[2024-04-21T15:34:33.908+0000] {processor.py:830} INFO - Processing file /home/airflow/.local/lib/python3.8/site-packages/airflow/example_dags/example_sensor_decorator.py for tasks to queue
[2024-04-21T15:34:33.910+0000] {logging_mixin.py:188} INFO - [2024-04-21T15:34:33.910+0000] {dagbag.py:540} INFO - Filling up the DagBag from /home/airflow/.local/lib/python3.8/site-packages/airflow/example_dags/example_sensor_decorator.py
[2024-04-21T15:34:33.915+0000] {processor.py:840} INFO - DAG(s) 'example_sensor_decorator' retrieved from /home/airflow/.local/lib/python3.8/site-packages/airflow/example_dags/example_sensor_decorator.py
[2024-04-21T15:34:33.930+0000] {logging_mixin.py:188} INFO - [2024-04-21T15:34:33.930+0000] {dag.py:3047} INFO - Sync 1 DAGs
[2024-04-21T15:34:33.939+0000] {logging_mixin.py:188} INFO - [2024-04-21T15:34:33.939+0000] {dag.py:3834} INFO - Setting next_dagrun for example_sensor_decorator to None, run_after=None
[2024-04-21T15:34:33.953+0000] {processor.py:183} INFO - Processing /home/airflow/.local/lib/python3.8/site-packages/airflow/example_dags/example_sensor_decorator.py took 0.049 seconds
[2024-04-21T15:35:04.819+0000] {processor.py:161} INFO - Started process (PID=943) to work on /home/airflow/.local/lib/python3.8/site-packages/airflow/example_dags/example_sensor_decorator.py
[2024-04-21T15:35:04.821+0000] {processor.py:830} INFO - Processing file /home/airflow/.local/lib/python3.8/site-packages/airflow/example_dags/example_sensor_decorator.py for tasks to queue
[2024-04-21T15:35:04.823+0000] {logging_mixin.py:188} INFO - [2024-04-21T15:35:04.823+0000] {dagbag.py:540} INFO - Filling up the DagBag from /home/airflow/.local/lib/python3.8/site-packages/airflow/example_dags/example_sensor_decorator.py
[2024-04-21T15:35:04.830+0000] {processor.py:840} INFO - DAG(s) 'example_sensor_decorator' retrieved from /home/airflow/.local/lib/python3.8/site-packages/airflow/example_dags/example_sensor_decorator.py
[2024-04-21T15:35:04.855+0000] {logging_mixin.py:188} INFO - [2024-04-21T15:35:04.854+0000] {dag.py:3047} INFO - Sync 1 DAGs
[2024-04-21T15:35:04.866+0000] {logging_mixin.py:188} INFO - [2024-04-21T15:35:04.866+0000] {dag.py:3834} INFO - Setting next_dagrun for example_sensor_decorator to None, run_after=None
[2024-04-21T15:35:04.887+0000] {processor.py:183} INFO - Processing /home/airflow/.local/lib/python3.8/site-packages/airflow/example_dags/example_sensor_decorator.py took 0.072 seconds
[2024-04-21T15:35:38.157+0000] {processor.py:161} INFO - Started process (PID=998) to work on /home/airflow/.local/lib/python3.8/site-packages/airflow/example_dags/example_sensor_decorator.py
[2024-04-21T15:35:38.248+0000] {processor.py:830} INFO - Processing file /home/airflow/.local/lib/python3.8/site-packages/airflow/example_dags/example_sensor_decorator.py for tasks to queue
[2024-04-21T15:35:38.372+0000] {logging_mixin.py:188} INFO - [2024-04-21T15:35:38.370+0000] {dagbag.py:540} INFO - Filling up the DagBag from /home/airflow/.local/lib/python3.8/site-packages/airflow/example_dags/example_sensor_decorator.py
[2024-04-21T15:35:38.745+0000] {processor.py:840} INFO - DAG(s) 'example_sensor_decorator' retrieved from /home/airflow/.local/lib/python3.8/site-packages/airflow/example_dags/example_sensor_decorator.py
[2024-04-21T15:35:39.159+0000] {logging_mixin.py:188} INFO - [2024-04-21T15:35:39.158+0000] {dag.py:3047} INFO - Sync 1 DAGs
[2024-04-21T15:35:39.388+0000] {logging_mixin.py:188} INFO - [2024-04-21T15:35:39.386+0000] {dag.py:3834} INFO - Setting next_dagrun for example_sensor_decorator to None, run_after=None
[2024-04-21T15:35:39.831+0000] {processor.py:183} INFO - Processing /home/airflow/.local/lib/python3.8/site-packages/airflow/example_dags/example_sensor_decorator.py took 1.723 seconds
