[2024-04-21T15:27:00.070+0000] {processor.py:161} INFO - Started process (PID=87) to work on /home/airflow/.local/lib/python3.8/site-packages/airflow/example_dags/example_latest_only.py
[2024-04-21T15:27:00.072+0000] {processor.py:830} INFO - Processing file /home/airflow/.local/lib/python3.8/site-packages/airflow/example_dags/example_latest_only.py for tasks to queue
[2024-04-21T15:27:00.076+0000] {logging_mixin.py:188} INFO - [2024-04-21T15:27:00.075+0000] {dagbag.py:540} INFO - Filling up the DagBag from /home/airflow/.local/lib/python3.8/site-packages/airflow/example_dags/example_latest_only.py
[2024-04-21T15:27:00.084+0000] {processor.py:840} INFO - DAG(s) 'latest_only' retrieved from /home/airflow/.local/lib/python3.8/site-packages/airflow/example_dags/example_latest_only.py
[2024-04-21T15:27:00.261+0000] {logging_mixin.py:188} INFO - [2024-04-21T15:27:00.260+0000] {override.py:1769} INFO - Created Permission View: can delete on DAG:latest_only
[2024-04-21T15:27:00.286+0000] {logging_mixin.py:188} INFO - [2024-04-21T15:27:00.285+0000] {override.py:1769} INFO - Created Permission View: can read on DAG:latest_only
[2024-04-21T15:27:00.302+0000] {logging_mixin.py:188} INFO - [2024-04-21T15:27:00.301+0000] {override.py:1769} INFO - Created Permission View: can edit on DAG:latest_only
[2024-04-21T15:27:00.303+0000] {logging_mixin.py:188} INFO - [2024-04-21T15:27:00.303+0000] {dag.py:3047} INFO - Sync 1 DAGs
[2024-04-21T15:27:00.327+0000] {logging_mixin.py:188} INFO - [2024-04-21T15:27:00.327+0000] {dag.py:3069} INFO - Creating ORM DAG for latest_only
[2024-04-21T15:27:00.351+0000] {logging_mixin.py:188} INFO - [2024-04-21T15:27:00.351+0000] {dag.py:3834} INFO - Setting next_dagrun for latest_only to 2024-04-21 08:00:00+00:00, run_after=2024-04-21 12:00:00+00:00
[2024-04-21T15:27:00.394+0000] {processor.py:183} INFO - Processing /home/airflow/.local/lib/python3.8/site-packages/airflow/example_dags/example_latest_only.py took 0.330 seconds
[2024-04-21T15:27:31.024+0000] {processor.py:161} INFO - Started process (PID=142) to work on /home/airflow/.local/lib/python3.8/site-packages/airflow/example_dags/example_latest_only.py
[2024-04-21T15:27:31.026+0000] {processor.py:830} INFO - Processing file /home/airflow/.local/lib/python3.8/site-packages/airflow/example_dags/example_latest_only.py for tasks to queue
[2024-04-21T15:27:31.027+0000] {logging_mixin.py:188} INFO - [2024-04-21T15:27:31.027+0000] {dagbag.py:540} INFO - Filling up the DagBag from /home/airflow/.local/lib/python3.8/site-packages/airflow/example_dags/example_latest_only.py
[2024-04-21T15:27:31.032+0000] {processor.py:840} INFO - DAG(s) 'latest_only' retrieved from /home/airflow/.local/lib/python3.8/site-packages/airflow/example_dags/example_latest_only.py
[2024-04-21T15:27:31.053+0000] {logging_mixin.py:188} INFO - [2024-04-21T15:27:31.052+0000] {dag.py:3047} INFO - Sync 1 DAGs
[2024-04-21T15:27:31.073+0000] {logging_mixin.py:188} INFO - [2024-04-21T15:27:31.072+0000] {dag.py:3834} INFO - Setting next_dagrun for latest_only to 2024-04-21 08:00:00+00:00, run_after=2024-04-21 12:00:00+00:00
[2024-04-21T15:27:31.096+0000] {processor.py:183} INFO - Processing /home/airflow/.local/lib/python3.8/site-packages/airflow/example_dags/example_latest_only.py took 0.076 seconds
[2024-04-21T15:28:02.103+0000] {processor.py:161} INFO - Started process (PID=197) to work on /home/airflow/.local/lib/python3.8/site-packages/airflow/example_dags/example_latest_only.py
[2024-04-21T15:28:02.105+0000] {processor.py:830} INFO - Processing file /home/airflow/.local/lib/python3.8/site-packages/airflow/example_dags/example_latest_only.py for tasks to queue
[2024-04-21T15:28:02.109+0000] {logging_mixin.py:188} INFO - [2024-04-21T15:28:02.108+0000] {dagbag.py:540} INFO - Filling up the DagBag from /home/airflow/.local/lib/python3.8/site-packages/airflow/example_dags/example_latest_only.py
[2024-04-21T15:28:02.119+0000] {processor.py:840} INFO - DAG(s) 'latest_only' retrieved from /home/airflow/.local/lib/python3.8/site-packages/airflow/example_dags/example_latest_only.py
[2024-04-21T15:28:02.146+0000] {logging_mixin.py:188} INFO - [2024-04-21T15:28:02.145+0000] {dag.py:3047} INFO - Sync 1 DAGs
[2024-04-21T15:28:02.168+0000] {logging_mixin.py:188} INFO - [2024-04-21T15:28:02.168+0000] {dag.py:3834} INFO - Setting next_dagrun for latest_only to 2024-04-21 08:00:00+00:00, run_after=2024-04-21 12:00:00+00:00
[2024-04-21T15:28:02.194+0000] {processor.py:183} INFO - Processing /home/airflow/.local/lib/python3.8/site-packages/airflow/example_dags/example_latest_only.py took 0.096 seconds
[2024-04-21T15:28:33.047+0000] {processor.py:161} INFO - Started process (PID=252) to work on /home/airflow/.local/lib/python3.8/site-packages/airflow/example_dags/example_latest_only.py
[2024-04-21T15:28:33.048+0000] {processor.py:830} INFO - Processing file /home/airflow/.local/lib/python3.8/site-packages/airflow/example_dags/example_latest_only.py for tasks to queue
[2024-04-21T15:28:33.050+0000] {logging_mixin.py:188} INFO - [2024-04-21T15:28:33.050+0000] {dagbag.py:540} INFO - Filling up the DagBag from /home/airflow/.local/lib/python3.8/site-packages/airflow/example_dags/example_latest_only.py
[2024-04-21T15:28:33.056+0000] {processor.py:840} INFO - DAG(s) 'latest_only' retrieved from /home/airflow/.local/lib/python3.8/site-packages/airflow/example_dags/example_latest_only.py
[2024-04-21T15:28:33.074+0000] {logging_mixin.py:188} INFO - [2024-04-21T15:28:33.074+0000] {dag.py:3047} INFO - Sync 1 DAGs
[2024-04-21T15:28:33.092+0000] {logging_mixin.py:188} INFO - [2024-04-21T15:28:33.092+0000] {dag.py:3834} INFO - Setting next_dagrun for latest_only to 2024-04-21 08:00:00+00:00, run_after=2024-04-21 12:00:00+00:00
[2024-04-21T15:28:33.110+0000] {processor.py:183} INFO - Processing /home/airflow/.local/lib/python3.8/site-packages/airflow/example_dags/example_latest_only.py took 0.066 seconds
[2024-04-21T15:29:04.000+0000] {processor.py:161} INFO - Started process (PID=307) to work on /home/airflow/.local/lib/python3.8/site-packages/airflow/example_dags/example_latest_only.py
[2024-04-21T15:29:04.001+0000] {processor.py:830} INFO - Processing file /home/airflow/.local/lib/python3.8/site-packages/airflow/example_dags/example_latest_only.py for tasks to queue
[2024-04-21T15:29:04.002+0000] {logging_mixin.py:188} INFO - [2024-04-21T15:29:04.002+0000] {dagbag.py:540} INFO - Filling up the DagBag from /home/airflow/.local/lib/python3.8/site-packages/airflow/example_dags/example_latest_only.py
[2024-04-21T15:29:04.006+0000] {processor.py:840} INFO - DAG(s) 'latest_only' retrieved from /home/airflow/.local/lib/python3.8/site-packages/airflow/example_dags/example_latest_only.py
[2024-04-21T15:29:04.022+0000] {logging_mixin.py:188} INFO - [2024-04-21T15:29:04.022+0000] {dag.py:3047} INFO - Sync 1 DAGs
[2024-04-21T15:29:04.047+0000] {logging_mixin.py:188} INFO - [2024-04-21T15:29:04.047+0000] {dag.py:3834} INFO - Setting next_dagrun for latest_only to 2024-04-21 08:00:00+00:00, run_after=2024-04-21 12:00:00+00:00
[2024-04-21T15:29:04.075+0000] {processor.py:183} INFO - Processing /home/airflow/.local/lib/python3.8/site-packages/airflow/example_dags/example_latest_only.py took 0.078 seconds
[2024-04-21T15:29:34.524+0000] {processor.py:161} INFO - Started process (PID=362) to work on /home/airflow/.local/lib/python3.8/site-packages/airflow/example_dags/example_latest_only.py
[2024-04-21T15:29:34.525+0000] {processor.py:830} INFO - Processing file /home/airflow/.local/lib/python3.8/site-packages/airflow/example_dags/example_latest_only.py for tasks to queue
[2024-04-21T15:29:34.528+0000] {logging_mixin.py:188} INFO - [2024-04-21T15:29:34.527+0000] {dagbag.py:540} INFO - Filling up the DagBag from /home/airflow/.local/lib/python3.8/site-packages/airflow/example_dags/example_latest_only.py
[2024-04-21T15:29:34.532+0000] {processor.py:840} INFO - DAG(s) 'latest_only' retrieved from /home/airflow/.local/lib/python3.8/site-packages/airflow/example_dags/example_latest_only.py
[2024-04-21T15:29:34.550+0000] {logging_mixin.py:188} INFO - [2024-04-21T15:29:34.550+0000] {dag.py:3047} INFO - Sync 1 DAGs
[2024-04-21T15:29:34.569+0000] {logging_mixin.py:188} INFO - [2024-04-21T15:29:34.568+0000] {dag.py:3834} INFO - Setting next_dagrun for latest_only to 2024-04-21 08:00:00+00:00, run_after=2024-04-21 12:00:00+00:00
[2024-04-21T15:29:34.588+0000] {processor.py:183} INFO - Processing /home/airflow/.local/lib/python3.8/site-packages/airflow/example_dags/example_latest_only.py took 0.067 seconds
[2024-04-21T15:30:05.115+0000] {processor.py:161} INFO - Started process (PID=417) to work on /home/airflow/.local/lib/python3.8/site-packages/airflow/example_dags/example_latest_only.py
[2024-04-21T15:30:05.116+0000] {processor.py:830} INFO - Processing file /home/airflow/.local/lib/python3.8/site-packages/airflow/example_dags/example_latest_only.py for tasks to queue
[2024-04-21T15:30:05.118+0000] {logging_mixin.py:188} INFO - [2024-04-21T15:30:05.118+0000] {dagbag.py:540} INFO - Filling up the DagBag from /home/airflow/.local/lib/python3.8/site-packages/airflow/example_dags/example_latest_only.py
[2024-04-21T15:30:05.123+0000] {processor.py:840} INFO - DAG(s) 'latest_only' retrieved from /home/airflow/.local/lib/python3.8/site-packages/airflow/example_dags/example_latest_only.py
[2024-04-21T15:30:05.139+0000] {logging_mixin.py:188} INFO - [2024-04-21T15:30:05.138+0000] {dag.py:3047} INFO - Sync 1 DAGs
[2024-04-21T15:30:05.157+0000] {logging_mixin.py:188} INFO - [2024-04-21T15:30:05.157+0000] {dag.py:3834} INFO - Setting next_dagrun for latest_only to 2024-04-21 08:00:00+00:00, run_after=2024-04-21 12:00:00+00:00
[2024-04-21T15:30:05.175+0000] {processor.py:183} INFO - Processing /home/airflow/.local/lib/python3.8/site-packages/airflow/example_dags/example_latest_only.py took 0.063 seconds
[2024-04-21T15:30:35.510+0000] {processor.py:161} INFO - Started process (PID=472) to work on /home/airflow/.local/lib/python3.8/site-packages/airflow/example_dags/example_latest_only.py
[2024-04-21T15:30:35.512+0000] {processor.py:830} INFO - Processing file /home/airflow/.local/lib/python3.8/site-packages/airflow/example_dags/example_latest_only.py for tasks to queue
[2024-04-21T15:30:35.513+0000] {logging_mixin.py:188} INFO - [2024-04-21T15:30:35.513+0000] {dagbag.py:540} INFO - Filling up the DagBag from /home/airflow/.local/lib/python3.8/site-packages/airflow/example_dags/example_latest_only.py
[2024-04-21T15:30:35.517+0000] {processor.py:840} INFO - DAG(s) 'latest_only' retrieved from /home/airflow/.local/lib/python3.8/site-packages/airflow/example_dags/example_latest_only.py
[2024-04-21T15:30:35.535+0000] {logging_mixin.py:188} INFO - [2024-04-21T15:30:35.534+0000] {dag.py:3047} INFO - Sync 1 DAGs
[2024-04-21T15:30:35.551+0000] {logging_mixin.py:188} INFO - [2024-04-21T15:30:35.551+0000] {dag.py:3834} INFO - Setting next_dagrun for latest_only to 2024-04-21 08:00:00+00:00, run_after=2024-04-21 12:00:00+00:00
[2024-04-21T15:30:35.569+0000] {processor.py:183} INFO - Processing /home/airflow/.local/lib/python3.8/site-packages/airflow/example_dags/example_latest_only.py took 0.061 seconds
[2024-04-21T15:31:05.844+0000] {processor.py:161} INFO - Started process (PID=527) to work on /home/airflow/.local/lib/python3.8/site-packages/airflow/example_dags/example_latest_only.py
[2024-04-21T15:31:05.846+0000] {processor.py:830} INFO - Processing file /home/airflow/.local/lib/python3.8/site-packages/airflow/example_dags/example_latest_only.py for tasks to queue
[2024-04-21T15:31:05.848+0000] {logging_mixin.py:188} INFO - [2024-04-21T15:31:05.848+0000] {dagbag.py:540} INFO - Filling up the DagBag from /home/airflow/.local/lib/python3.8/site-packages/airflow/example_dags/example_latest_only.py
[2024-04-21T15:31:05.857+0000] {processor.py:840} INFO - DAG(s) 'latest_only' retrieved from /home/airflow/.local/lib/python3.8/site-packages/airflow/example_dags/example_latest_only.py
[2024-04-21T15:31:05.888+0000] {logging_mixin.py:188} INFO - [2024-04-21T15:31:05.887+0000] {dag.py:3047} INFO - Sync 1 DAGs
[2024-04-21T15:31:05.911+0000] {logging_mixin.py:188} INFO - [2024-04-21T15:31:05.911+0000] {dag.py:3834} INFO - Setting next_dagrun for latest_only to 2024-04-21 08:00:00+00:00, run_after=2024-04-21 12:00:00+00:00
[2024-04-21T15:31:05.961+0000] {processor.py:183} INFO - Processing /home/airflow/.local/lib/python3.8/site-packages/airflow/example_dags/example_latest_only.py took 0.121 seconds
[2024-04-21T15:31:36.734+0000] {processor.py:161} INFO - Started process (PID=582) to work on /home/airflow/.local/lib/python3.8/site-packages/airflow/example_dags/example_latest_only.py
[2024-04-21T15:31:36.738+0000] {processor.py:830} INFO - Processing file /home/airflow/.local/lib/python3.8/site-packages/airflow/example_dags/example_latest_only.py for tasks to queue
[2024-04-21T15:31:36.749+0000] {logging_mixin.py:188} INFO - [2024-04-21T15:31:36.748+0000] {dagbag.py:540} INFO - Filling up the DagBag from /home/airflow/.local/lib/python3.8/site-packages/airflow/example_dags/example_latest_only.py
[2024-04-21T15:31:36.772+0000] {processor.py:840} INFO - DAG(s) 'latest_only' retrieved from /home/airflow/.local/lib/python3.8/site-packages/airflow/example_dags/example_latest_only.py
[2024-04-21T15:31:36.827+0000] {logging_mixin.py:188} INFO - [2024-04-21T15:31:36.826+0000] {dag.py:3047} INFO - Sync 1 DAGs
[2024-04-21T15:31:36.852+0000] {logging_mixin.py:188} INFO - [2024-04-21T15:31:36.852+0000] {dag.py:3834} INFO - Setting next_dagrun for latest_only to 2024-04-21 08:00:00+00:00, run_after=2024-04-21 12:00:00+00:00
[2024-04-21T15:31:36.881+0000] {processor.py:183} INFO - Processing /home/airflow/.local/lib/python3.8/site-packages/airflow/example_dags/example_latest_only.py took 0.159 seconds
[2024-04-21T15:32:06.953+0000] {processor.py:161} INFO - Started process (PID=636) to work on /home/airflow/.local/lib/python3.8/site-packages/airflow/example_dags/example_latest_only.py
[2024-04-21T15:32:06.955+0000] {processor.py:830} INFO - Processing file /home/airflow/.local/lib/python3.8/site-packages/airflow/example_dags/example_latest_only.py for tasks to queue
[2024-04-21T15:32:06.958+0000] {logging_mixin.py:188} INFO - [2024-04-21T15:32:06.958+0000] {dagbag.py:540} INFO - Filling up the DagBag from /home/airflow/.local/lib/python3.8/site-packages/airflow/example_dags/example_latest_only.py
[2024-04-21T15:32:06.965+0000] {processor.py:840} INFO - DAG(s) 'latest_only' retrieved from /home/airflow/.local/lib/python3.8/site-packages/airflow/example_dags/example_latest_only.py
[2024-04-21T15:32:06.984+0000] {logging_mixin.py:188} INFO - [2024-04-21T15:32:06.984+0000] {dag.py:3047} INFO - Sync 1 DAGs
[2024-04-21T15:32:07.003+0000] {logging_mixin.py:188} INFO - [2024-04-21T15:32:07.003+0000] {dag.py:3834} INFO - Setting next_dagrun for latest_only to 2024-04-21 08:00:00+00:00, run_after=2024-04-21 12:00:00+00:00
[2024-04-21T15:32:07.026+0000] {processor.py:183} INFO - Processing /home/airflow/.local/lib/python3.8/site-packages/airflow/example_dags/example_latest_only.py took 0.076 seconds
[2024-04-21T15:32:37.697+0000] {processor.py:161} INFO - Started process (PID=692) to work on /home/airflow/.local/lib/python3.8/site-packages/airflow/example_dags/example_latest_only.py
[2024-04-21T15:32:37.698+0000] {processor.py:830} INFO - Processing file /home/airflow/.local/lib/python3.8/site-packages/airflow/example_dags/example_latest_only.py for tasks to queue
[2024-04-21T15:32:37.700+0000] {logging_mixin.py:188} INFO - [2024-04-21T15:32:37.700+0000] {dagbag.py:540} INFO - Filling up the DagBag from /home/airflow/.local/lib/python3.8/site-packages/airflow/example_dags/example_latest_only.py
[2024-04-21T15:32:37.704+0000] {processor.py:840} INFO - DAG(s) 'latest_only' retrieved from /home/airflow/.local/lib/python3.8/site-packages/airflow/example_dags/example_latest_only.py
[2024-04-21T15:32:37.721+0000] {logging_mixin.py:188} INFO - [2024-04-21T15:32:37.721+0000] {dag.py:3047} INFO - Sync 1 DAGs
[2024-04-21T15:32:37.739+0000] {logging_mixin.py:188} INFO - [2024-04-21T15:32:37.739+0000] {dag.py:3834} INFO - Setting next_dagrun for latest_only to 2024-04-21 08:00:00+00:00, run_after=2024-04-21 12:00:00+00:00
[2024-04-21T15:32:37.755+0000] {processor.py:183} INFO - Processing /home/airflow/.local/lib/python3.8/site-packages/airflow/example_dags/example_latest_only.py took 0.060 seconds
[2024-04-21T15:33:08.085+0000] {processor.py:161} INFO - Started process (PID=747) to work on /home/airflow/.local/lib/python3.8/site-packages/airflow/example_dags/example_latest_only.py
[2024-04-21T15:33:08.086+0000] {processor.py:830} INFO - Processing file /home/airflow/.local/lib/python3.8/site-packages/airflow/example_dags/example_latest_only.py for tasks to queue
[2024-04-21T15:33:08.089+0000] {logging_mixin.py:188} INFO - [2024-04-21T15:33:08.089+0000] {dagbag.py:540} INFO - Filling up the DagBag from /home/airflow/.local/lib/python3.8/site-packages/airflow/example_dags/example_latest_only.py
[2024-04-21T15:33:08.094+0000] {processor.py:840} INFO - DAG(s) 'latest_only' retrieved from /home/airflow/.local/lib/python3.8/site-packages/airflow/example_dags/example_latest_only.py
[2024-04-21T15:33:08.112+0000] {logging_mixin.py:188} INFO - [2024-04-21T15:33:08.111+0000] {dag.py:3047} INFO - Sync 1 DAGs
[2024-04-21T15:33:08.129+0000] {logging_mixin.py:188} INFO - [2024-04-21T15:33:08.128+0000] {dag.py:3834} INFO - Setting next_dagrun for latest_only to 2024-04-21 08:00:00+00:00, run_after=2024-04-21 12:00:00+00:00
[2024-04-21T15:33:08.144+0000] {processor.py:183} INFO - Processing /home/airflow/.local/lib/python3.8/site-packages/airflow/example_dags/example_latest_only.py took 0.064 seconds
[2024-04-21T15:33:38.550+0000] {processor.py:161} INFO - Started process (PID=802) to work on /home/airflow/.local/lib/python3.8/site-packages/airflow/example_dags/example_latest_only.py
[2024-04-21T15:33:38.551+0000] {processor.py:830} INFO - Processing file /home/airflow/.local/lib/python3.8/site-packages/airflow/example_dags/example_latest_only.py for tasks to queue
[2024-04-21T15:33:38.554+0000] {logging_mixin.py:188} INFO - [2024-04-21T15:33:38.553+0000] {dagbag.py:540} INFO - Filling up the DagBag from /home/airflow/.local/lib/python3.8/site-packages/airflow/example_dags/example_latest_only.py
[2024-04-21T15:33:38.558+0000] {processor.py:840} INFO - DAG(s) 'latest_only' retrieved from /home/airflow/.local/lib/python3.8/site-packages/airflow/example_dags/example_latest_only.py
[2024-04-21T15:33:38.576+0000] {logging_mixin.py:188} INFO - [2024-04-21T15:33:38.575+0000] {dag.py:3047} INFO - Sync 1 DAGs
[2024-04-21T15:33:38.593+0000] {logging_mixin.py:188} INFO - [2024-04-21T15:33:38.593+0000] {dag.py:3834} INFO - Setting next_dagrun for latest_only to 2024-04-21 08:00:00+00:00, run_after=2024-04-21 12:00:00+00:00
[2024-04-21T15:33:38.612+0000] {processor.py:183} INFO - Processing /home/airflow/.local/lib/python3.8/site-packages/airflow/example_dags/example_latest_only.py took 0.064 seconds
[2024-04-21T15:34:08.764+0000] {processor.py:161} INFO - Started process (PID=858) to work on /home/airflow/.local/lib/python3.8/site-packages/airflow/example_dags/example_latest_only.py
[2024-04-21T15:34:08.765+0000] {processor.py:830} INFO - Processing file /home/airflow/.local/lib/python3.8/site-packages/airflow/example_dags/example_latest_only.py for tasks to queue
[2024-04-21T15:34:08.767+0000] {logging_mixin.py:188} INFO - [2024-04-21T15:34:08.767+0000] {dagbag.py:540} INFO - Filling up the DagBag from /home/airflow/.local/lib/python3.8/site-packages/airflow/example_dags/example_latest_only.py
[2024-04-21T15:34:08.771+0000] {processor.py:840} INFO - DAG(s) 'latest_only' retrieved from /home/airflow/.local/lib/python3.8/site-packages/airflow/example_dags/example_latest_only.py
[2024-04-21T15:34:08.788+0000] {logging_mixin.py:188} INFO - [2024-04-21T15:34:08.788+0000] {dag.py:3047} INFO - Sync 1 DAGs
[2024-04-21T15:34:08.808+0000] {logging_mixin.py:188} INFO - [2024-04-21T15:34:08.808+0000] {dag.py:3834} INFO - Setting next_dagrun for latest_only to 2024-04-21 08:00:00+00:00, run_after=2024-04-21 12:00:00+00:00
[2024-04-21T15:34:08.838+0000] {processor.py:183} INFO - Processing /home/airflow/.local/lib/python3.8/site-packages/airflow/example_dags/example_latest_only.py took 0.076 seconds
[2024-04-21T15:34:39.654+0000] {processor.py:161} INFO - Started process (PID=912) to work on /home/airflow/.local/lib/python3.8/site-packages/airflow/example_dags/example_latest_only.py
[2024-04-21T15:34:39.656+0000] {processor.py:830} INFO - Processing file /home/airflow/.local/lib/python3.8/site-packages/airflow/example_dags/example_latest_only.py for tasks to queue
[2024-04-21T15:34:39.660+0000] {logging_mixin.py:188} INFO - [2024-04-21T15:34:39.659+0000] {dagbag.py:540} INFO - Filling up the DagBag from /home/airflow/.local/lib/python3.8/site-packages/airflow/example_dags/example_latest_only.py
[2024-04-21T15:34:39.671+0000] {processor.py:840} INFO - DAG(s) 'latest_only' retrieved from /home/airflow/.local/lib/python3.8/site-packages/airflow/example_dags/example_latest_only.py
[2024-04-21T15:34:39.708+0000] {logging_mixin.py:188} INFO - [2024-04-21T15:34:39.708+0000] {dag.py:3047} INFO - Sync 1 DAGs
[2024-04-21T15:34:39.738+0000] {logging_mixin.py:188} INFO - [2024-04-21T15:34:39.737+0000] {dag.py:3834} INFO - Setting next_dagrun for latest_only to 2024-04-21 08:00:00+00:00, run_after=2024-04-21 12:00:00+00:00
[2024-04-21T15:34:39.767+0000] {processor.py:183} INFO - Processing /home/airflow/.local/lib/python3.8/site-packages/airflow/example_dags/example_latest_only.py took 0.119 seconds
[2024-04-21T15:35:10.835+0000] {processor.py:161} INFO - Started process (PID=967) to work on /home/airflow/.local/lib/python3.8/site-packages/airflow/example_dags/example_latest_only.py
[2024-04-21T15:35:10.837+0000] {processor.py:830} INFO - Processing file /home/airflow/.local/lib/python3.8/site-packages/airflow/example_dags/example_latest_only.py for tasks to queue
[2024-04-21T15:35:10.841+0000] {logging_mixin.py:188} INFO - [2024-04-21T15:35:10.840+0000] {dagbag.py:540} INFO - Filling up the DagBag from /home/airflow/.local/lib/python3.8/site-packages/airflow/example_dags/example_latest_only.py
[2024-04-21T15:35:10.850+0000] {processor.py:840} INFO - DAG(s) 'latest_only' retrieved from /home/airflow/.local/lib/python3.8/site-packages/airflow/example_dags/example_latest_only.py
[2024-04-21T15:35:10.887+0000] {logging_mixin.py:188} INFO - [2024-04-21T15:35:10.887+0000] {dag.py:3047} INFO - Sync 1 DAGs
[2024-04-21T15:35:10.919+0000] {logging_mixin.py:188} INFO - [2024-04-21T15:35:10.918+0000] {dag.py:3834} INFO - Setting next_dagrun for latest_only to 2024-04-21 08:00:00+00:00, run_after=2024-04-21 12:00:00+00:00
[2024-04-21T15:35:10.954+0000] {processor.py:183} INFO - Processing /home/airflow/.local/lib/python3.8/site-packages/airflow/example_dags/example_latest_only.py took 0.124 seconds
[2024-04-21T15:36:04.214+0000] {processor.py:161} INFO - Started process (PID=1031) to work on /home/airflow/.local/lib/python3.8/site-packages/airflow/example_dags/example_latest_only.py
[2024-04-21T15:36:04.219+0000] {processor.py:830} INFO - Processing file /home/airflow/.local/lib/python3.8/site-packages/airflow/example_dags/example_latest_only.py for tasks to queue
[2024-04-21T15:36:04.227+0000] {logging_mixin.py:188} INFO - [2024-04-21T15:36:04.226+0000] {dagbag.py:540} INFO - Filling up the DagBag from /home/airflow/.local/lib/python3.8/site-packages/airflow/example_dags/example_latest_only.py
[2024-04-21T15:36:04.244+0000] {processor.py:840} INFO - DAG(s) 'latest_only' retrieved from /home/airflow/.local/lib/python3.8/site-packages/airflow/example_dags/example_latest_only.py
[2024-04-21T15:36:04.341+0000] {logging_mixin.py:188} INFO - [2024-04-21T15:36:04.340+0000] {dag.py:3047} INFO - Sync 1 DAGs
[2024-04-21T15:36:04.424+0000] {logging_mixin.py:188} INFO - [2024-04-21T15:36:04.423+0000] {dag.py:3834} INFO - Setting next_dagrun for latest_only to 2024-04-21 08:00:00+00:00, run_after=2024-04-21 12:00:00+00:00
[2024-04-21T15:36:04.509+0000] {processor.py:183} INFO - Processing /home/airflow/.local/lib/python3.8/site-packages/airflow/example_dags/example_latest_only.py took 0.306 seconds
