[2024-04-21T15:26:53.696+0000] {processor.py:161} INFO - Started process (PID=52) to work on /home/airflow/.local/lib/python3.8/site-packages/airflow/example_dags/example_local_kubernetes_executor.py
[2024-04-21T15:26:53.703+0000] {processor.py:830} INFO - Processing file /home/airflow/.local/lib/python3.8/site-packages/airflow/example_dags/example_local_kubernetes_executor.py for tasks to queue
[2024-04-21T15:26:53.725+0000] {logging_mixin.py:188} INFO - [2024-04-21T15:26:53.724+0000] {dagbag.py:540} INFO - Filling up the DagBag from /home/airflow/.local/lib/python3.8/site-packages/airflow/example_dags/example_local_kubernetes_executor.py
[2024-04-21T15:26:53.743+0000] {processor.py:840} INFO - DAG(s) 'example_local_kubernetes_executor' retrieved from /home/airflow/.local/lib/python3.8/site-packages/airflow/example_dags/example_local_kubernetes_executor.py
[2024-04-21T15:26:54.046+0000] {logging_mixin.py:188} INFO - [2024-04-21T15:26:54.045+0000] {override.py:1769} INFO - Created Permission View: can delete on DAG:example_local_kubernetes_executor
[2024-04-21T15:26:54.061+0000] {logging_mixin.py:188} INFO - [2024-04-21T15:26:54.061+0000] {override.py:1769} INFO - Created Permission View: can read on DAG:example_local_kubernetes_executor
[2024-04-21T15:26:54.074+0000] {logging_mixin.py:188} INFO - [2024-04-21T15:26:54.074+0000] {override.py:1769} INFO - Created Permission View: can edit on DAG:example_local_kubernetes_executor
[2024-04-21T15:26:54.075+0000] {logging_mixin.py:188} INFO - [2024-04-21T15:26:54.075+0000] {dag.py:3047} INFO - Sync 1 DAGs
[2024-04-21T15:26:54.109+0000] {logging_mixin.py:188} INFO - [2024-04-21T15:26:54.108+0000] {dag.py:3069} INFO - Creating ORM DAG for example_local_kubernetes_executor
[2024-04-21T15:26:54.111+0000] {logging_mixin.py:188} INFO - [2024-04-21T15:26:54.110+0000] {dag.py:3834} INFO - Setting next_dagrun for example_local_kubernetes_executor to None, run_after=None
[2024-04-21T15:26:54.152+0000] {processor.py:183} INFO - Processing /home/airflow/.local/lib/python3.8/site-packages/airflow/example_dags/example_local_kubernetes_executor.py took 0.464 seconds
[2024-04-21T15:27:25.005+0000] {processor.py:161} INFO - Started process (PID=107) to work on /home/airflow/.local/lib/python3.8/site-packages/airflow/example_dags/example_local_kubernetes_executor.py
[2024-04-21T15:27:25.007+0000] {processor.py:830} INFO - Processing file /home/airflow/.local/lib/python3.8/site-packages/airflow/example_dags/example_local_kubernetes_executor.py for tasks to queue
[2024-04-21T15:27:25.010+0000] {logging_mixin.py:188} INFO - [2024-04-21T15:27:25.009+0000] {dagbag.py:540} INFO - Filling up the DagBag from /home/airflow/.local/lib/python3.8/site-packages/airflow/example_dags/example_local_kubernetes_executor.py
[2024-04-21T15:27:25.027+0000] {processor.py:840} INFO - DAG(s) 'example_local_kubernetes_executor' retrieved from /home/airflow/.local/lib/python3.8/site-packages/airflow/example_dags/example_local_kubernetes_executor.py
[2024-04-21T15:27:25.065+0000] {logging_mixin.py:188} INFO - [2024-04-21T15:27:25.065+0000] {dag.py:3047} INFO - Sync 1 DAGs
[2024-04-21T15:27:25.078+0000] {logging_mixin.py:188} INFO - [2024-04-21T15:27:25.078+0000] {dag.py:3834} INFO - Setting next_dagrun for example_local_kubernetes_executor to None, run_after=None
[2024-04-21T15:27:25.100+0000] {processor.py:183} INFO - Processing /home/airflow/.local/lib/python3.8/site-packages/airflow/example_dags/example_local_kubernetes_executor.py took 0.098 seconds
[2024-04-21T15:27:55.599+0000] {processor.py:161} INFO - Started process (PID=162) to work on /home/airflow/.local/lib/python3.8/site-packages/airflow/example_dags/example_local_kubernetes_executor.py
[2024-04-21T15:27:55.601+0000] {processor.py:830} INFO - Processing file /home/airflow/.local/lib/python3.8/site-packages/airflow/example_dags/example_local_kubernetes_executor.py for tasks to queue
[2024-04-21T15:27:55.603+0000] {logging_mixin.py:188} INFO - [2024-04-21T15:27:55.602+0000] {dagbag.py:540} INFO - Filling up the DagBag from /home/airflow/.local/lib/python3.8/site-packages/airflow/example_dags/example_local_kubernetes_executor.py
[2024-04-21T15:27:55.615+0000] {processor.py:840} INFO - DAG(s) 'example_local_kubernetes_executor' retrieved from /home/airflow/.local/lib/python3.8/site-packages/airflow/example_dags/example_local_kubernetes_executor.py
[2024-04-21T15:27:55.654+0000] {logging_mixin.py:188} INFO - [2024-04-21T15:27:55.653+0000] {dag.py:3047} INFO - Sync 1 DAGs
[2024-04-21T15:27:55.667+0000] {logging_mixin.py:188} INFO - [2024-04-21T15:27:55.667+0000] {dag.py:3834} INFO - Setting next_dagrun for example_local_kubernetes_executor to None, run_after=None
[2024-04-21T15:27:55.691+0000] {processor.py:183} INFO - Processing /home/airflow/.local/lib/python3.8/site-packages/airflow/example_dags/example_local_kubernetes_executor.py took 0.096 seconds
[2024-04-21T15:28:26.636+0000] {processor.py:161} INFO - Started process (PID=217) to work on /home/airflow/.local/lib/python3.8/site-packages/airflow/example_dags/example_local_kubernetes_executor.py
[2024-04-21T15:28:26.637+0000] {processor.py:830} INFO - Processing file /home/airflow/.local/lib/python3.8/site-packages/airflow/example_dags/example_local_kubernetes_executor.py for tasks to queue
[2024-04-21T15:28:26.639+0000] {logging_mixin.py:188} INFO - [2024-04-21T15:28:26.639+0000] {dagbag.py:540} INFO - Filling up the DagBag from /home/airflow/.local/lib/python3.8/site-packages/airflow/example_dags/example_local_kubernetes_executor.py
[2024-04-21T15:28:26.646+0000] {processor.py:840} INFO - DAG(s) 'example_local_kubernetes_executor' retrieved from /home/airflow/.local/lib/python3.8/site-packages/airflow/example_dags/example_local_kubernetes_executor.py
[2024-04-21T15:28:26.688+0000] {logging_mixin.py:188} INFO - [2024-04-21T15:28:26.688+0000] {dag.py:3047} INFO - Sync 1 DAGs
[2024-04-21T15:28:26.701+0000] {logging_mixin.py:188} INFO - [2024-04-21T15:28:26.701+0000] {dag.py:3834} INFO - Setting next_dagrun for example_local_kubernetes_executor to None, run_after=None
[2024-04-21T15:28:26.726+0000] {processor.py:183} INFO - Processing /home/airflow/.local/lib/python3.8/site-packages/airflow/example_dags/example_local_kubernetes_executor.py took 0.094 seconds
[2024-04-21T15:28:57.052+0000] {processor.py:161} INFO - Started process (PID=272) to work on /home/airflow/.local/lib/python3.8/site-packages/airflow/example_dags/example_local_kubernetes_executor.py
[2024-04-21T15:28:57.061+0000] {processor.py:830} INFO - Processing file /home/airflow/.local/lib/python3.8/site-packages/airflow/example_dags/example_local_kubernetes_executor.py for tasks to queue
[2024-04-21T15:28:57.066+0000] {logging_mixin.py:188} INFO - [2024-04-21T15:28:57.065+0000] {dagbag.py:540} INFO - Filling up the DagBag from /home/airflow/.local/lib/python3.8/site-packages/airflow/example_dags/example_local_kubernetes_executor.py
[2024-04-21T15:28:57.089+0000] {processor.py:840} INFO - DAG(s) 'example_local_kubernetes_executor' retrieved from /home/airflow/.local/lib/python3.8/site-packages/airflow/example_dags/example_local_kubernetes_executor.py
[2024-04-21T15:28:57.151+0000] {logging_mixin.py:188} INFO - [2024-04-21T15:28:57.151+0000] {dag.py:3047} INFO - Sync 1 DAGs
[2024-04-21T15:28:57.168+0000] {logging_mixin.py:188} INFO - [2024-04-21T15:28:57.167+0000] {dag.py:3834} INFO - Setting next_dagrun for example_local_kubernetes_executor to None, run_after=None
[2024-04-21T15:28:57.204+0000] {processor.py:183} INFO - Processing /home/airflow/.local/lib/python3.8/site-packages/airflow/example_dags/example_local_kubernetes_executor.py took 0.158 seconds
[2024-04-21T15:29:27.784+0000] {processor.py:161} INFO - Started process (PID=327) to work on /home/airflow/.local/lib/python3.8/site-packages/airflow/example_dags/example_local_kubernetes_executor.py
[2024-04-21T15:29:27.786+0000] {processor.py:830} INFO - Processing file /home/airflow/.local/lib/python3.8/site-packages/airflow/example_dags/example_local_kubernetes_executor.py for tasks to queue
[2024-04-21T15:29:27.789+0000] {logging_mixin.py:188} INFO - [2024-04-21T15:29:27.789+0000] {dagbag.py:540} INFO - Filling up the DagBag from /home/airflow/.local/lib/python3.8/site-packages/airflow/example_dags/example_local_kubernetes_executor.py
[2024-04-21T15:29:27.797+0000] {processor.py:840} INFO - DAG(s) 'example_local_kubernetes_executor' retrieved from /home/airflow/.local/lib/python3.8/site-packages/airflow/example_dags/example_local_kubernetes_executor.py
[2024-04-21T15:29:27.825+0000] {logging_mixin.py:188} INFO - [2024-04-21T15:29:27.825+0000] {dag.py:3047} INFO - Sync 1 DAGs
[2024-04-21T15:29:27.834+0000] {logging_mixin.py:188} INFO - [2024-04-21T15:29:27.834+0000] {dag.py:3834} INFO - Setting next_dagrun for example_local_kubernetes_executor to None, run_after=None
[2024-04-21T15:29:27.853+0000] {processor.py:183} INFO - Processing /home/airflow/.local/lib/python3.8/site-packages/airflow/example_dags/example_local_kubernetes_executor.py took 0.072 seconds
[2024-04-21T15:29:57.965+0000] {processor.py:161} INFO - Started process (PID=382) to work on /home/airflow/.local/lib/python3.8/site-packages/airflow/example_dags/example_local_kubernetes_executor.py
[2024-04-21T15:29:57.966+0000] {processor.py:830} INFO - Processing file /home/airflow/.local/lib/python3.8/site-packages/airflow/example_dags/example_local_kubernetes_executor.py for tasks to queue
[2024-04-21T15:29:57.969+0000] {logging_mixin.py:188} INFO - [2024-04-21T15:29:57.968+0000] {dagbag.py:540} INFO - Filling up the DagBag from /home/airflow/.local/lib/python3.8/site-packages/airflow/example_dags/example_local_kubernetes_executor.py
[2024-04-21T15:29:57.978+0000] {processor.py:840} INFO - DAG(s) 'example_local_kubernetes_executor' retrieved from /home/airflow/.local/lib/python3.8/site-packages/airflow/example_dags/example_local_kubernetes_executor.py
[2024-04-21T15:29:58.016+0000] {logging_mixin.py:188} INFO - [2024-04-21T15:29:58.015+0000] {dag.py:3047} INFO - Sync 1 DAGs
[2024-04-21T15:29:58.027+0000] {logging_mixin.py:188} INFO - [2024-04-21T15:29:58.027+0000] {dag.py:3834} INFO - Setting next_dagrun for example_local_kubernetes_executor to None, run_after=None
[2024-04-21T15:29:58.048+0000] {processor.py:183} INFO - Processing /home/airflow/.local/lib/python3.8/site-packages/airflow/example_dags/example_local_kubernetes_executor.py took 0.087 seconds
[2024-04-21T15:30:28.526+0000] {processor.py:161} INFO - Started process (PID=437) to work on /home/airflow/.local/lib/python3.8/site-packages/airflow/example_dags/example_local_kubernetes_executor.py
[2024-04-21T15:30:28.528+0000] {processor.py:830} INFO - Processing file /home/airflow/.local/lib/python3.8/site-packages/airflow/example_dags/example_local_kubernetes_executor.py for tasks to queue
[2024-04-21T15:30:28.530+0000] {logging_mixin.py:188} INFO - [2024-04-21T15:30:28.530+0000] {dagbag.py:540} INFO - Filling up the DagBag from /home/airflow/.local/lib/python3.8/site-packages/airflow/example_dags/example_local_kubernetes_executor.py
[2024-04-21T15:30:28.538+0000] {processor.py:840} INFO - DAG(s) 'example_local_kubernetes_executor' retrieved from /home/airflow/.local/lib/python3.8/site-packages/airflow/example_dags/example_local_kubernetes_executor.py
[2024-04-21T15:30:28.572+0000] {logging_mixin.py:188} INFO - [2024-04-21T15:30:28.572+0000] {dag.py:3047} INFO - Sync 1 DAGs
[2024-04-21T15:30:28.581+0000] {logging_mixin.py:188} INFO - [2024-04-21T15:30:28.581+0000] {dag.py:3834} INFO - Setting next_dagrun for example_local_kubernetes_executor to None, run_after=None
[2024-04-21T15:30:28.600+0000] {processor.py:183} INFO - Processing /home/airflow/.local/lib/python3.8/site-packages/airflow/example_dags/example_local_kubernetes_executor.py took 0.077 seconds
[2024-04-21T15:30:58.905+0000] {processor.py:161} INFO - Started process (PID=492) to work on /home/airflow/.local/lib/python3.8/site-packages/airflow/example_dags/example_local_kubernetes_executor.py
[2024-04-21T15:30:58.906+0000] {processor.py:830} INFO - Processing file /home/airflow/.local/lib/python3.8/site-packages/airflow/example_dags/example_local_kubernetes_executor.py for tasks to queue
[2024-04-21T15:30:58.908+0000] {logging_mixin.py:188} INFO - [2024-04-21T15:30:58.908+0000] {dagbag.py:540} INFO - Filling up the DagBag from /home/airflow/.local/lib/python3.8/site-packages/airflow/example_dags/example_local_kubernetes_executor.py
[2024-04-21T15:30:58.917+0000] {processor.py:840} INFO - DAG(s) 'example_local_kubernetes_executor' retrieved from /home/airflow/.local/lib/python3.8/site-packages/airflow/example_dags/example_local_kubernetes_executor.py
[2024-04-21T15:30:58.947+0000] {logging_mixin.py:188} INFO - [2024-04-21T15:30:58.947+0000] {dag.py:3047} INFO - Sync 1 DAGs
[2024-04-21T15:30:58.957+0000] {logging_mixin.py:188} INFO - [2024-04-21T15:30:58.957+0000] {dag.py:3834} INFO - Setting next_dagrun for example_local_kubernetes_executor to None, run_after=None
[2024-04-21T15:30:58.975+0000] {processor.py:183} INFO - Processing /home/airflow/.local/lib/python3.8/site-packages/airflow/example_dags/example_local_kubernetes_executor.py took 0.072 seconds
[2024-04-21T15:31:29.189+0000] {processor.py:161} INFO - Started process (PID=547) to work on /home/airflow/.local/lib/python3.8/site-packages/airflow/example_dags/example_local_kubernetes_executor.py
[2024-04-21T15:31:29.191+0000] {processor.py:830} INFO - Processing file /home/airflow/.local/lib/python3.8/site-packages/airflow/example_dags/example_local_kubernetes_executor.py for tasks to queue
[2024-04-21T15:31:29.193+0000] {logging_mixin.py:188} INFO - [2024-04-21T15:31:29.193+0000] {dagbag.py:540} INFO - Filling up the DagBag from /home/airflow/.local/lib/python3.8/site-packages/airflow/example_dags/example_local_kubernetes_executor.py
[2024-04-21T15:31:29.201+0000] {processor.py:840} INFO - DAG(s) 'example_local_kubernetes_executor' retrieved from /home/airflow/.local/lib/python3.8/site-packages/airflow/example_dags/example_local_kubernetes_executor.py
[2024-04-21T15:31:29.231+0000] {logging_mixin.py:188} INFO - [2024-04-21T15:31:29.230+0000] {dag.py:3047} INFO - Sync 1 DAGs
[2024-04-21T15:31:29.240+0000] {logging_mixin.py:188} INFO - [2024-04-21T15:31:29.240+0000] {dag.py:3834} INFO - Setting next_dagrun for example_local_kubernetes_executor to None, run_after=None
[2024-04-21T15:31:29.256+0000] {processor.py:183} INFO - Processing /home/airflow/.local/lib/python3.8/site-packages/airflow/example_dags/example_local_kubernetes_executor.py took 0.071 seconds
[2024-04-21T15:31:59.829+0000] {processor.py:161} INFO - Started process (PID=608) to work on /home/airflow/.local/lib/python3.8/site-packages/airflow/example_dags/example_local_kubernetes_executor.py
[2024-04-21T15:31:59.832+0000] {processor.py:830} INFO - Processing file /home/airflow/.local/lib/python3.8/site-packages/airflow/example_dags/example_local_kubernetes_executor.py for tasks to queue
[2024-04-21T15:31:59.835+0000] {logging_mixin.py:188} INFO - [2024-04-21T15:31:59.835+0000] {dagbag.py:540} INFO - Filling up the DagBag from /home/airflow/.local/lib/python3.8/site-packages/airflow/example_dags/example_local_kubernetes_executor.py
[2024-04-21T15:31:59.851+0000] {processor.py:840} INFO - DAG(s) 'example_local_kubernetes_executor' retrieved from /home/airflow/.local/lib/python3.8/site-packages/airflow/example_dags/example_local_kubernetes_executor.py
[2024-04-21T15:31:59.891+0000] {logging_mixin.py:188} INFO - [2024-04-21T15:31:59.890+0000] {dag.py:3047} INFO - Sync 1 DAGs
[2024-04-21T15:31:59.900+0000] {logging_mixin.py:188} INFO - [2024-04-21T15:31:59.900+0000] {dag.py:3834} INFO - Setting next_dagrun for example_local_kubernetes_executor to None, run_after=None
[2024-04-21T15:31:59.921+0000] {processor.py:183} INFO - Processing /home/airflow/.local/lib/python3.8/site-packages/airflow/example_dags/example_local_kubernetes_executor.py took 0.097 seconds
[2024-04-21T15:32:30.408+0000] {processor.py:161} INFO - Started process (PID=663) to work on /home/airflow/.local/lib/python3.8/site-packages/airflow/example_dags/example_local_kubernetes_executor.py
[2024-04-21T15:32:30.416+0000] {processor.py:830} INFO - Processing file /home/airflow/.local/lib/python3.8/site-packages/airflow/example_dags/example_local_kubernetes_executor.py for tasks to queue
[2024-04-21T15:32:30.421+0000] {logging_mixin.py:188} INFO - [2024-04-21T15:32:30.420+0000] {dagbag.py:540} INFO - Filling up the DagBag from /home/airflow/.local/lib/python3.8/site-packages/airflow/example_dags/example_local_kubernetes_executor.py
[2024-04-21T15:32:30.451+0000] {processor.py:840} INFO - DAG(s) 'example_local_kubernetes_executor' retrieved from /home/airflow/.local/lib/python3.8/site-packages/airflow/example_dags/example_local_kubernetes_executor.py
[2024-04-21T15:32:30.521+0000] {logging_mixin.py:188} INFO - [2024-04-21T15:32:30.521+0000] {dag.py:3047} INFO - Sync 1 DAGs
[2024-04-21T15:32:30.561+0000] {logging_mixin.py:188} INFO - [2024-04-21T15:32:30.559+0000] {dag.py:3834} INFO - Setting next_dagrun for example_local_kubernetes_executor to None, run_after=None
[2024-04-21T15:32:30.661+0000] {processor.py:183} INFO - Processing /home/airflow/.local/lib/python3.8/site-packages/airflow/example_dags/example_local_kubernetes_executor.py took 0.259 seconds
[2024-04-21T15:33:01.363+0000] {processor.py:161} INFO - Started process (PID=718) to work on /home/airflow/.local/lib/python3.8/site-packages/airflow/example_dags/example_local_kubernetes_executor.py
[2024-04-21T15:33:01.382+0000] {processor.py:830} INFO - Processing file /home/airflow/.local/lib/python3.8/site-packages/airflow/example_dags/example_local_kubernetes_executor.py for tasks to queue
[2024-04-21T15:33:01.385+0000] {logging_mixin.py:188} INFO - [2024-04-21T15:33:01.384+0000] {dagbag.py:540} INFO - Filling up the DagBag from /home/airflow/.local/lib/python3.8/site-packages/airflow/example_dags/example_local_kubernetes_executor.py
[2024-04-21T15:33:01.394+0000] {processor.py:840} INFO - DAG(s) 'example_local_kubernetes_executor' retrieved from /home/airflow/.local/lib/python3.8/site-packages/airflow/example_dags/example_local_kubernetes_executor.py
[2024-04-21T15:33:01.446+0000] {logging_mixin.py:188} INFO - [2024-04-21T15:33:01.446+0000] {dag.py:3047} INFO - Sync 1 DAGs
[2024-04-21T15:33:01.463+0000] {logging_mixin.py:188} INFO - [2024-04-21T15:33:01.463+0000] {dag.py:3834} INFO - Setting next_dagrun for example_local_kubernetes_executor to None, run_after=None
[2024-04-21T15:33:01.493+0000] {processor.py:183} INFO - Processing /home/airflow/.local/lib/python3.8/site-packages/airflow/example_dags/example_local_kubernetes_executor.py took 0.136 seconds
[2024-04-21T15:33:31.893+0000] {processor.py:161} INFO - Started process (PID=773) to work on /home/airflow/.local/lib/python3.8/site-packages/airflow/example_dags/example_local_kubernetes_executor.py
[2024-04-21T15:33:31.894+0000] {processor.py:830} INFO - Processing file /home/airflow/.local/lib/python3.8/site-packages/airflow/example_dags/example_local_kubernetes_executor.py for tasks to queue
[2024-04-21T15:33:31.896+0000] {logging_mixin.py:188} INFO - [2024-04-21T15:33:31.895+0000] {dagbag.py:540} INFO - Filling up the DagBag from /home/airflow/.local/lib/python3.8/site-packages/airflow/example_dags/example_local_kubernetes_executor.py
[2024-04-21T15:33:31.903+0000] {processor.py:840} INFO - DAG(s) 'example_local_kubernetes_executor' retrieved from /home/airflow/.local/lib/python3.8/site-packages/airflow/example_dags/example_local_kubernetes_executor.py
[2024-04-21T15:33:31.942+0000] {logging_mixin.py:188} INFO - [2024-04-21T15:33:31.942+0000] {dag.py:3047} INFO - Sync 1 DAGs
[2024-04-21T15:33:31.963+0000] {logging_mixin.py:188} INFO - [2024-04-21T15:33:31.963+0000] {dag.py:3834} INFO - Setting next_dagrun for example_local_kubernetes_executor to None, run_after=None
[2024-04-21T15:33:31.992+0000] {processor.py:183} INFO - Processing /home/airflow/.local/lib/python3.8/site-packages/airflow/example_dags/example_local_kubernetes_executor.py took 0.103 seconds
[2024-04-21T15:34:02.228+0000] {processor.py:161} INFO - Started process (PID=829) to work on /home/airflow/.local/lib/python3.8/site-packages/airflow/example_dags/example_local_kubernetes_executor.py
[2024-04-21T15:34:02.230+0000] {processor.py:830} INFO - Processing file /home/airflow/.local/lib/python3.8/site-packages/airflow/example_dags/example_local_kubernetes_executor.py for tasks to queue
[2024-04-21T15:34:02.233+0000] {logging_mixin.py:188} INFO - [2024-04-21T15:34:02.232+0000] {dagbag.py:540} INFO - Filling up the DagBag from /home/airflow/.local/lib/python3.8/site-packages/airflow/example_dags/example_local_kubernetes_executor.py
[2024-04-21T15:34:02.242+0000] {processor.py:840} INFO - DAG(s) 'example_local_kubernetes_executor' retrieved from /home/airflow/.local/lib/python3.8/site-packages/airflow/example_dags/example_local_kubernetes_executor.py
[2024-04-21T15:34:02.280+0000] {logging_mixin.py:188} INFO - [2024-04-21T15:34:02.279+0000] {dag.py:3047} INFO - Sync 1 DAGs
[2024-04-21T15:34:02.293+0000] {logging_mixin.py:188} INFO - [2024-04-21T15:34:02.292+0000] {dag.py:3834} INFO - Setting next_dagrun for example_local_kubernetes_executor to None, run_after=None
[2024-04-21T15:34:02.324+0000] {processor.py:183} INFO - Processing /home/airflow/.local/lib/python3.8/site-packages/airflow/example_dags/example_local_kubernetes_executor.py took 0.098 seconds
[2024-04-21T15:34:32.509+0000] {processor.py:161} INFO - Started process (PID=883) to work on /home/airflow/.local/lib/python3.8/site-packages/airflow/example_dags/example_local_kubernetes_executor.py
[2024-04-21T15:34:32.511+0000] {processor.py:830} INFO - Processing file /home/airflow/.local/lib/python3.8/site-packages/airflow/example_dags/example_local_kubernetes_executor.py for tasks to queue
[2024-04-21T15:34:32.513+0000] {logging_mixin.py:188} INFO - [2024-04-21T15:34:32.512+0000] {dagbag.py:540} INFO - Filling up the DagBag from /home/airflow/.local/lib/python3.8/site-packages/airflow/example_dags/example_local_kubernetes_executor.py
[2024-04-21T15:34:32.518+0000] {processor.py:840} INFO - DAG(s) 'example_local_kubernetes_executor' retrieved from /home/airflow/.local/lib/python3.8/site-packages/airflow/example_dags/example_local_kubernetes_executor.py
[2024-04-21T15:34:32.690+0000] {logging_mixin.py:188} INFO - [2024-04-21T15:34:32.689+0000] {dag.py:3047} INFO - Sync 1 DAGs
[2024-04-21T15:34:32.721+0000] {logging_mixin.py:188} INFO - [2024-04-21T15:34:32.721+0000] {dag.py:3834} INFO - Setting next_dagrun for example_local_kubernetes_executor to None, run_after=None
[2024-04-21T15:34:32.743+0000] {processor.py:183} INFO - Processing /home/airflow/.local/lib/python3.8/site-packages/airflow/example_dags/example_local_kubernetes_executor.py took 0.236 seconds
[2024-04-21T15:35:03.476+0000] {processor.py:161} INFO - Started process (PID=938) to work on /home/airflow/.local/lib/python3.8/site-packages/airflow/example_dags/example_local_kubernetes_executor.py
[2024-04-21T15:35:03.477+0000] {processor.py:830} INFO - Processing file /home/airflow/.local/lib/python3.8/site-packages/airflow/example_dags/example_local_kubernetes_executor.py for tasks to queue
[2024-04-21T15:35:03.480+0000] {logging_mixin.py:188} INFO - [2024-04-21T15:35:03.479+0000] {dagbag.py:540} INFO - Filling up the DagBag from /home/airflow/.local/lib/python3.8/site-packages/airflow/example_dags/example_local_kubernetes_executor.py
[2024-04-21T15:35:03.491+0000] {processor.py:840} INFO - DAG(s) 'example_local_kubernetes_executor' retrieved from /home/airflow/.local/lib/python3.8/site-packages/airflow/example_dags/example_local_kubernetes_executor.py
[2024-04-21T15:35:03.560+0000] {logging_mixin.py:188} INFO - [2024-04-21T15:35:03.559+0000] {dag.py:3047} INFO - Sync 1 DAGs
[2024-04-21T15:35:03.595+0000] {logging_mixin.py:188} INFO - [2024-04-21T15:35:03.595+0000] {dag.py:3834} INFO - Setting next_dagrun for example_local_kubernetes_executor to None, run_after=None
[2024-04-21T15:35:03.615+0000] {processor.py:183} INFO - Processing /home/airflow/.local/lib/python3.8/site-packages/airflow/example_dags/example_local_kubernetes_executor.py took 0.144 seconds
[2024-04-21T15:35:34.511+0000] {processor.py:161} INFO - Started process (PID=993) to work on /home/airflow/.local/lib/python3.8/site-packages/airflow/example_dags/example_local_kubernetes_executor.py
[2024-04-21T15:35:34.595+0000] {processor.py:830} INFO - Processing file /home/airflow/.local/lib/python3.8/site-packages/airflow/example_dags/example_local_kubernetes_executor.py for tasks to queue
[2024-04-21T15:35:34.632+0000] {logging_mixin.py:188} INFO - [2024-04-21T15:35:34.629+0000] {dagbag.py:540} INFO - Filling up the DagBag from /home/airflow/.local/lib/python3.8/site-packages/airflow/example_dags/example_local_kubernetes_executor.py
[2024-04-21T15:35:34.779+0000] {processor.py:840} INFO - DAG(s) 'example_local_kubernetes_executor' retrieved from /home/airflow/.local/lib/python3.8/site-packages/airflow/example_dags/example_local_kubernetes_executor.py
[2024-04-21T15:35:35.355+0000] {logging_mixin.py:188} INFO - [2024-04-21T15:35:35.354+0000] {dag.py:3047} INFO - Sync 1 DAGs
[2024-04-21T15:35:35.618+0000] {logging_mixin.py:188} INFO - [2024-04-21T15:35:35.616+0000] {dag.py:3834} INFO - Setting next_dagrun for example_local_kubernetes_executor to None, run_after=None
[2024-04-21T15:35:35.908+0000] {processor.py:183} INFO - Processing /home/airflow/.local/lib/python3.8/site-packages/airflow/example_dags/example_local_kubernetes_executor.py took 1.492 seconds
