[2024-04-21T15:26:55.215+0000] {processor.py:161} INFO - Started process (PID=59) to work on /home/airflow/.local/lib/python3.8/site-packages/airflow/example_dags/example_task_group_decorator.py
[2024-04-21T15:26:55.219+0000] {processor.py:830} INFO - Processing file /home/airflow/.local/lib/python3.8/site-packages/airflow/example_dags/example_task_group_decorator.py for tasks to queue
[2024-04-21T15:26:55.226+0000] {logging_mixin.py:188} INFO - [2024-04-21T15:26:55.223+0000] {dagbag.py:540} INFO - Filling up the DagBag from /home/airflow/.local/lib/python3.8/site-packages/airflow/example_dags/example_task_group_decorator.py
[2024-04-21T15:26:55.253+0000] {processor.py:840} INFO - DAG(s) 'example_task_group_decorator' retrieved from /home/airflow/.local/lib/python3.8/site-packages/airflow/example_dags/example_task_group_decorator.py
[2024-04-21T15:26:55.582+0000] {logging_mixin.py:188} INFO - [2024-04-21T15:26:55.581+0000] {override.py:1769} INFO - Created Permission View: can delete on DAG:example_task_group_decorator
[2024-04-21T15:26:55.610+0000] {logging_mixin.py:188} INFO - [2024-04-21T15:26:55.609+0000] {override.py:1769} INFO - Created Permission View: can read on DAG:example_task_group_decorator
[2024-04-21T15:26:55.623+0000] {logging_mixin.py:188} INFO - [2024-04-21T15:26:55.622+0000] {override.py:1769} INFO - Created Permission View: can edit on DAG:example_task_group_decorator
[2024-04-21T15:26:55.626+0000] {logging_mixin.py:188} INFO - [2024-04-21T15:26:55.625+0000] {dag.py:3047} INFO - Sync 1 DAGs
[2024-04-21T15:26:55.652+0000] {logging_mixin.py:188} INFO - [2024-04-21T15:26:55.651+0000] {dag.py:3069} INFO - Creating ORM DAG for example_task_group_decorator
[2024-04-21T15:26:55.682+0000] {logging_mixin.py:188} INFO - [2024-04-21T15:26:55.681+0000] {dag.py:3834} INFO - Setting next_dagrun for example_task_group_decorator to 2024-04-20 00:00:00+00:00, run_after=2024-04-21 00:00:00+00:00
[2024-04-21T15:26:55.756+0000] {processor.py:183} INFO - Processing /home/airflow/.local/lib/python3.8/site-packages/airflow/example_dags/example_task_group_decorator.py took 0.545 seconds
[2024-04-21T15:27:26.559+0000] {processor.py:161} INFO - Started process (PID=114) to work on /home/airflow/.local/lib/python3.8/site-packages/airflow/example_dags/example_task_group_decorator.py
[2024-04-21T15:27:26.560+0000] {processor.py:830} INFO - Processing file /home/airflow/.local/lib/python3.8/site-packages/airflow/example_dags/example_task_group_decorator.py for tasks to queue
[2024-04-21T15:27:26.563+0000] {logging_mixin.py:188} INFO - [2024-04-21T15:27:26.563+0000] {dagbag.py:540} INFO - Filling up the DagBag from /home/airflow/.local/lib/python3.8/site-packages/airflow/example_dags/example_task_group_decorator.py
[2024-04-21T15:27:26.575+0000] {processor.py:840} INFO - DAG(s) 'example_task_group_decorator' retrieved from /home/airflow/.local/lib/python3.8/site-packages/airflow/example_dags/example_task_group_decorator.py
[2024-04-21T15:27:26.595+0000] {logging_mixin.py:188} INFO - [2024-04-21T15:27:26.595+0000] {dag.py:3047} INFO - Sync 1 DAGs
[2024-04-21T15:27:26.613+0000] {logging_mixin.py:188} INFO - [2024-04-21T15:27:26.612+0000] {dag.py:3834} INFO - Setting next_dagrun for example_task_group_decorator to 2024-04-20 00:00:00+00:00, run_after=2024-04-21 00:00:00+00:00
[2024-04-21T15:27:26.630+0000] {processor.py:183} INFO - Processing /home/airflow/.local/lib/python3.8/site-packages/airflow/example_dags/example_task_group_decorator.py took 0.074 seconds
[2024-04-21T15:27:57.001+0000] {processor.py:161} INFO - Started process (PID=169) to work on /home/airflow/.local/lib/python3.8/site-packages/airflow/example_dags/example_task_group_decorator.py
[2024-04-21T15:27:57.002+0000] {processor.py:830} INFO - Processing file /home/airflow/.local/lib/python3.8/site-packages/airflow/example_dags/example_task_group_decorator.py for tasks to queue
[2024-04-21T15:27:57.009+0000] {logging_mixin.py:188} INFO - [2024-04-21T15:27:57.008+0000] {dagbag.py:540} INFO - Filling up the DagBag from /home/airflow/.local/lib/python3.8/site-packages/airflow/example_dags/example_task_group_decorator.py
[2024-04-21T15:27:57.056+0000] {processor.py:840} INFO - DAG(s) 'example_task_group_decorator' retrieved from /home/airflow/.local/lib/python3.8/site-packages/airflow/example_dags/example_task_group_decorator.py
[2024-04-21T15:27:57.084+0000] {logging_mixin.py:188} INFO - [2024-04-21T15:27:57.084+0000] {dag.py:3047} INFO - Sync 1 DAGs
[2024-04-21T15:27:57.108+0000] {logging_mixin.py:188} INFO - [2024-04-21T15:27:57.108+0000] {dag.py:3834} INFO - Setting next_dagrun for example_task_group_decorator to 2024-04-20 00:00:00+00:00, run_after=2024-04-21 00:00:00+00:00
[2024-04-21T15:27:57.137+0000] {processor.py:183} INFO - Processing /home/airflow/.local/lib/python3.8/site-packages/airflow/example_dags/example_task_group_decorator.py took 0.148 seconds
[2024-04-21T15:28:28.023+0000] {processor.py:161} INFO - Started process (PID=224) to work on /home/airflow/.local/lib/python3.8/site-packages/airflow/example_dags/example_task_group_decorator.py
[2024-04-21T15:28:28.025+0000] {processor.py:830} INFO - Processing file /home/airflow/.local/lib/python3.8/site-packages/airflow/example_dags/example_task_group_decorator.py for tasks to queue
[2024-04-21T15:28:28.034+0000] {logging_mixin.py:188} INFO - [2024-04-21T15:28:28.033+0000] {dagbag.py:540} INFO - Filling up the DagBag from /home/airflow/.local/lib/python3.8/site-packages/airflow/example_dags/example_task_group_decorator.py
[2024-04-21T15:28:28.071+0000] {processor.py:840} INFO - DAG(s) 'example_task_group_decorator' retrieved from /home/airflow/.local/lib/python3.8/site-packages/airflow/example_dags/example_task_group_decorator.py
[2024-04-21T15:28:28.119+0000] {logging_mixin.py:188} INFO - [2024-04-21T15:28:28.118+0000] {dag.py:3047} INFO - Sync 1 DAGs
[2024-04-21T15:28:28.138+0000] {logging_mixin.py:188} INFO - [2024-04-21T15:28:28.137+0000] {dag.py:3834} INFO - Setting next_dagrun for example_task_group_decorator to 2024-04-20 00:00:00+00:00, run_after=2024-04-21 00:00:00+00:00
[2024-04-21T15:28:28.159+0000] {processor.py:183} INFO - Processing /home/airflow/.local/lib/python3.8/site-packages/airflow/example_dags/example_task_group_decorator.py took 0.142 seconds
[2024-04-21T15:28:58.430+0000] {processor.py:161} INFO - Started process (PID=279) to work on /home/airflow/.local/lib/python3.8/site-packages/airflow/example_dags/example_task_group_decorator.py
[2024-04-21T15:28:58.432+0000] {processor.py:830} INFO - Processing file /home/airflow/.local/lib/python3.8/site-packages/airflow/example_dags/example_task_group_decorator.py for tasks to queue
[2024-04-21T15:28:58.436+0000] {logging_mixin.py:188} INFO - [2024-04-21T15:28:58.435+0000] {dagbag.py:540} INFO - Filling up the DagBag from /home/airflow/.local/lib/python3.8/site-packages/airflow/example_dags/example_task_group_decorator.py
[2024-04-21T15:28:58.452+0000] {processor.py:840} INFO - DAG(s) 'example_task_group_decorator' retrieved from /home/airflow/.local/lib/python3.8/site-packages/airflow/example_dags/example_task_group_decorator.py
[2024-04-21T15:28:58.506+0000] {logging_mixin.py:188} INFO - [2024-04-21T15:28:58.505+0000] {dag.py:3047} INFO - Sync 1 DAGs
[2024-04-21T15:28:58.532+0000] {logging_mixin.py:188} INFO - [2024-04-21T15:28:58.532+0000] {dag.py:3834} INFO - Setting next_dagrun for example_task_group_decorator to 2024-04-20 00:00:00+00:00, run_after=2024-04-21 00:00:00+00:00
[2024-04-21T15:28:58.558+0000] {processor.py:183} INFO - Processing /home/airflow/.local/lib/python3.8/site-packages/airflow/example_dags/example_task_group_decorator.py took 0.131 seconds
[2024-04-21T15:29:29.302+0000] {processor.py:161} INFO - Started process (PID=340) to work on /home/airflow/.local/lib/python3.8/site-packages/airflow/example_dags/example_task_group_decorator.py
[2024-04-21T15:29:29.304+0000] {processor.py:830} INFO - Processing file /home/airflow/.local/lib/python3.8/site-packages/airflow/example_dags/example_task_group_decorator.py for tasks to queue
[2024-04-21T15:29:29.308+0000] {logging_mixin.py:188} INFO - [2024-04-21T15:29:29.307+0000] {dagbag.py:540} INFO - Filling up the DagBag from /home/airflow/.local/lib/python3.8/site-packages/airflow/example_dags/example_task_group_decorator.py
[2024-04-21T15:29:29.324+0000] {processor.py:840} INFO - DAG(s) 'example_task_group_decorator' retrieved from /home/airflow/.local/lib/python3.8/site-packages/airflow/example_dags/example_task_group_decorator.py
[2024-04-21T15:29:29.349+0000] {logging_mixin.py:188} INFO - [2024-04-21T15:29:29.349+0000] {dag.py:3047} INFO - Sync 1 DAGs
[2024-04-21T15:29:29.366+0000] {logging_mixin.py:188} INFO - [2024-04-21T15:29:29.366+0000] {dag.py:3834} INFO - Setting next_dagrun for example_task_group_decorator to 2024-04-20 00:00:00+00:00, run_after=2024-04-21 00:00:00+00:00
[2024-04-21T15:29:29.383+0000] {processor.py:183} INFO - Processing /home/airflow/.local/lib/python3.8/site-packages/airflow/example_dags/example_task_group_decorator.py took 0.087 seconds
[2024-04-21T15:30:00.237+0000] {processor.py:161} INFO - Started process (PID=395) to work on /home/airflow/.local/lib/python3.8/site-packages/airflow/example_dags/example_task_group_decorator.py
[2024-04-21T15:30:00.239+0000] {processor.py:830} INFO - Processing file /home/airflow/.local/lib/python3.8/site-packages/airflow/example_dags/example_task_group_decorator.py for tasks to queue
[2024-04-21T15:30:00.242+0000] {logging_mixin.py:188} INFO - [2024-04-21T15:30:00.242+0000] {dagbag.py:540} INFO - Filling up the DagBag from /home/airflow/.local/lib/python3.8/site-packages/airflow/example_dags/example_task_group_decorator.py
[2024-04-21T15:30:00.258+0000] {processor.py:840} INFO - DAG(s) 'example_task_group_decorator' retrieved from /home/airflow/.local/lib/python3.8/site-packages/airflow/example_dags/example_task_group_decorator.py
[2024-04-21T15:30:00.289+0000] {logging_mixin.py:188} INFO - [2024-04-21T15:30:00.288+0000] {dag.py:3047} INFO - Sync 1 DAGs
[2024-04-21T15:30:00.313+0000] {logging_mixin.py:188} INFO - [2024-04-21T15:30:00.313+0000] {dag.py:3834} INFO - Setting next_dagrun for example_task_group_decorator to 2024-04-20 00:00:00+00:00, run_after=2024-04-21 00:00:00+00:00
[2024-04-21T15:30:00.337+0000] {processor.py:183} INFO - Processing /home/airflow/.local/lib/python3.8/site-packages/airflow/example_dags/example_task_group_decorator.py took 0.103 seconds
[2024-04-21T15:30:30.772+0000] {processor.py:161} INFO - Started process (PID=450) to work on /home/airflow/.local/lib/python3.8/site-packages/airflow/example_dags/example_task_group_decorator.py
[2024-04-21T15:30:30.773+0000] {processor.py:830} INFO - Processing file /home/airflow/.local/lib/python3.8/site-packages/airflow/example_dags/example_task_group_decorator.py for tasks to queue
[2024-04-21T15:30:30.775+0000] {logging_mixin.py:188} INFO - [2024-04-21T15:30:30.774+0000] {dagbag.py:540} INFO - Filling up the DagBag from /home/airflow/.local/lib/python3.8/site-packages/airflow/example_dags/example_task_group_decorator.py
[2024-04-21T15:30:30.786+0000] {processor.py:840} INFO - DAG(s) 'example_task_group_decorator' retrieved from /home/airflow/.local/lib/python3.8/site-packages/airflow/example_dags/example_task_group_decorator.py
[2024-04-21T15:30:30.807+0000] {logging_mixin.py:188} INFO - [2024-04-21T15:30:30.807+0000] {dag.py:3047} INFO - Sync 1 DAGs
[2024-04-21T15:30:30.823+0000] {logging_mixin.py:188} INFO - [2024-04-21T15:30:30.823+0000] {dag.py:3834} INFO - Setting next_dagrun for example_task_group_decorator to 2024-04-20 00:00:00+00:00, run_after=2024-04-21 00:00:00+00:00
[2024-04-21T15:30:30.842+0000] {processor.py:183} INFO - Processing /home/airflow/.local/lib/python3.8/site-packages/airflow/example_dags/example_task_group_decorator.py took 0.074 seconds
[2024-04-21T15:31:01.351+0000] {processor.py:161} INFO - Started process (PID=505) to work on /home/airflow/.local/lib/python3.8/site-packages/airflow/example_dags/example_task_group_decorator.py
[2024-04-21T15:31:01.352+0000] {processor.py:830} INFO - Processing file /home/airflow/.local/lib/python3.8/site-packages/airflow/example_dags/example_task_group_decorator.py for tasks to queue
[2024-04-21T15:31:01.354+0000] {logging_mixin.py:188} INFO - [2024-04-21T15:31:01.354+0000] {dagbag.py:540} INFO - Filling up the DagBag from /home/airflow/.local/lib/python3.8/site-packages/airflow/example_dags/example_task_group_decorator.py
[2024-04-21T15:31:01.370+0000] {processor.py:840} INFO - DAG(s) 'example_task_group_decorator' retrieved from /home/airflow/.local/lib/python3.8/site-packages/airflow/example_dags/example_task_group_decorator.py
[2024-04-21T15:31:01.390+0000] {logging_mixin.py:188} INFO - [2024-04-21T15:31:01.390+0000] {dag.py:3047} INFO - Sync 1 DAGs
[2024-04-21T15:31:01.407+0000] {logging_mixin.py:188} INFO - [2024-04-21T15:31:01.407+0000] {dag.py:3834} INFO - Setting next_dagrun for example_task_group_decorator to 2024-04-20 00:00:00+00:00, run_after=2024-04-21 00:00:00+00:00
[2024-04-21T15:31:01.424+0000] {processor.py:183} INFO - Processing /home/airflow/.local/lib/python3.8/site-packages/airflow/example_dags/example_task_group_decorator.py took 0.076 seconds
[2024-04-21T15:31:31.629+0000] {processor.py:161} INFO - Started process (PID=560) to work on /home/airflow/.local/lib/python3.8/site-packages/airflow/example_dags/example_task_group_decorator.py
[2024-04-21T15:31:31.632+0000] {processor.py:830} INFO - Processing file /home/airflow/.local/lib/python3.8/site-packages/airflow/example_dags/example_task_group_decorator.py for tasks to queue
[2024-04-21T15:31:31.639+0000] {logging_mixin.py:188} INFO - [2024-04-21T15:31:31.636+0000] {dagbag.py:540} INFO - Filling up the DagBag from /home/airflow/.local/lib/python3.8/site-packages/airflow/example_dags/example_task_group_decorator.py
[2024-04-21T15:31:31.664+0000] {processor.py:840} INFO - DAG(s) 'example_task_group_decorator' retrieved from /home/airflow/.local/lib/python3.8/site-packages/airflow/example_dags/example_task_group_decorator.py
[2024-04-21T15:31:31.698+0000] {logging_mixin.py:188} INFO - [2024-04-21T15:31:31.698+0000] {dag.py:3047} INFO - Sync 1 DAGs
[2024-04-21T15:31:31.727+0000] {logging_mixin.py:188} INFO - [2024-04-21T15:31:31.726+0000] {dag.py:3834} INFO - Setting next_dagrun for example_task_group_decorator to 2024-04-20 00:00:00+00:00, run_after=2024-04-21 00:00:00+00:00
[2024-04-21T15:31:31.752+0000] {processor.py:183} INFO - Processing /home/airflow/.local/lib/python3.8/site-packages/airflow/example_dags/example_task_group_decorator.py took 0.129 seconds
[2024-04-21T15:32:02.111+0000] {processor.py:161} INFO - Started process (PID=615) to work on /home/airflow/.local/lib/python3.8/site-packages/airflow/example_dags/example_task_group_decorator.py
[2024-04-21T15:32:02.113+0000] {processor.py:830} INFO - Processing file /home/airflow/.local/lib/python3.8/site-packages/airflow/example_dags/example_task_group_decorator.py for tasks to queue
[2024-04-21T15:32:02.116+0000] {logging_mixin.py:188} INFO - [2024-04-21T15:32:02.115+0000] {dagbag.py:540} INFO - Filling up the DagBag from /home/airflow/.local/lib/python3.8/site-packages/airflow/example_dags/example_task_group_decorator.py
[2024-04-21T15:32:02.129+0000] {processor.py:840} INFO - DAG(s) 'example_task_group_decorator' retrieved from /home/airflow/.local/lib/python3.8/site-packages/airflow/example_dags/example_task_group_decorator.py
[2024-04-21T15:32:02.151+0000] {logging_mixin.py:188} INFO - [2024-04-21T15:32:02.150+0000] {dag.py:3047} INFO - Sync 1 DAGs
[2024-04-21T15:32:02.167+0000] {logging_mixin.py:188} INFO - [2024-04-21T15:32:02.167+0000] {dag.py:3834} INFO - Setting next_dagrun for example_task_group_decorator to 2024-04-20 00:00:00+00:00, run_after=2024-04-21 00:00:00+00:00
[2024-04-21T15:32:02.182+0000] {processor.py:183} INFO - Processing /home/airflow/.local/lib/python3.8/site-packages/airflow/example_dags/example_task_group_decorator.py took 0.076 seconds
[2024-04-21T15:32:32.954+0000] {processor.py:161} INFO - Started process (PID=670) to work on /home/airflow/.local/lib/python3.8/site-packages/airflow/example_dags/example_task_group_decorator.py
[2024-04-21T15:32:32.955+0000] {processor.py:830} INFO - Processing file /home/airflow/.local/lib/python3.8/site-packages/airflow/example_dags/example_task_group_decorator.py for tasks to queue
[2024-04-21T15:32:32.957+0000] {logging_mixin.py:188} INFO - [2024-04-21T15:32:32.957+0000] {dagbag.py:540} INFO - Filling up the DagBag from /home/airflow/.local/lib/python3.8/site-packages/airflow/example_dags/example_task_group_decorator.py
[2024-04-21T15:32:32.972+0000] {processor.py:840} INFO - DAG(s) 'example_task_group_decorator' retrieved from /home/airflow/.local/lib/python3.8/site-packages/airflow/example_dags/example_task_group_decorator.py
[2024-04-21T15:32:32.997+0000] {logging_mixin.py:188} INFO - [2024-04-21T15:32:32.997+0000] {dag.py:3047} INFO - Sync 1 DAGs
[2024-04-21T15:32:33.020+0000] {logging_mixin.py:188} INFO - [2024-04-21T15:32:33.020+0000] {dag.py:3834} INFO - Setting next_dagrun for example_task_group_decorator to 2024-04-20 00:00:00+00:00, run_after=2024-04-21 00:00:00+00:00
[2024-04-21T15:32:33.043+0000] {processor.py:183} INFO - Processing /home/airflow/.local/lib/python3.8/site-packages/airflow/example_dags/example_task_group_decorator.py took 0.093 seconds
[2024-04-21T15:33:03.725+0000] {processor.py:161} INFO - Started process (PID=725) to work on /home/airflow/.local/lib/python3.8/site-packages/airflow/example_dags/example_task_group_decorator.py
[2024-04-21T15:33:03.727+0000] {processor.py:830} INFO - Processing file /home/airflow/.local/lib/python3.8/site-packages/airflow/example_dags/example_task_group_decorator.py for tasks to queue
[2024-04-21T15:33:03.730+0000] {logging_mixin.py:188} INFO - [2024-04-21T15:33:03.730+0000] {dagbag.py:540} INFO - Filling up the DagBag from /home/airflow/.local/lib/python3.8/site-packages/airflow/example_dags/example_task_group_decorator.py
[2024-04-21T15:33:03.743+0000] {processor.py:840} INFO - DAG(s) 'example_task_group_decorator' retrieved from /home/airflow/.local/lib/python3.8/site-packages/airflow/example_dags/example_task_group_decorator.py
[2024-04-21T15:33:03.767+0000] {logging_mixin.py:188} INFO - [2024-04-21T15:33:03.767+0000] {dag.py:3047} INFO - Sync 1 DAGs
[2024-04-21T15:33:03.787+0000] {logging_mixin.py:188} INFO - [2024-04-21T15:33:03.786+0000] {dag.py:3834} INFO - Setting next_dagrun for example_task_group_decorator to 2024-04-20 00:00:00+00:00, run_after=2024-04-21 00:00:00+00:00
[2024-04-21T15:33:03.807+0000] {processor.py:183} INFO - Processing /home/airflow/.local/lib/python3.8/site-packages/airflow/example_dags/example_task_group_decorator.py took 0.085 seconds
[2024-04-21T15:33:34.169+0000] {processor.py:161} INFO - Started process (PID=780) to work on /home/airflow/.local/lib/python3.8/site-packages/airflow/example_dags/example_task_group_decorator.py
[2024-04-21T15:33:34.171+0000] {processor.py:830} INFO - Processing file /home/airflow/.local/lib/python3.8/site-packages/airflow/example_dags/example_task_group_decorator.py for tasks to queue
[2024-04-21T15:33:34.173+0000] {logging_mixin.py:188} INFO - [2024-04-21T15:33:34.173+0000] {dagbag.py:540} INFO - Filling up the DagBag from /home/airflow/.local/lib/python3.8/site-packages/airflow/example_dags/example_task_group_decorator.py
[2024-04-21T15:33:34.184+0000] {processor.py:840} INFO - DAG(s) 'example_task_group_decorator' retrieved from /home/airflow/.local/lib/python3.8/site-packages/airflow/example_dags/example_task_group_decorator.py
[2024-04-21T15:33:34.206+0000] {logging_mixin.py:188} INFO - [2024-04-21T15:33:34.206+0000] {dag.py:3047} INFO - Sync 1 DAGs
[2024-04-21T15:33:34.227+0000] {logging_mixin.py:188} INFO - [2024-04-21T15:33:34.227+0000] {dag.py:3834} INFO - Setting next_dagrun for example_task_group_decorator to 2024-04-20 00:00:00+00:00, run_after=2024-04-21 00:00:00+00:00
[2024-04-21T15:33:34.247+0000] {processor.py:183} INFO - Processing /home/airflow/.local/lib/python3.8/site-packages/airflow/example_dags/example_task_group_decorator.py took 0.080 seconds
[2024-04-21T15:34:04.509+0000] {processor.py:161} INFO - Started process (PID=836) to work on /home/airflow/.local/lib/python3.8/site-packages/airflow/example_dags/example_task_group_decorator.py
[2024-04-21T15:34:04.511+0000] {processor.py:830} INFO - Processing file /home/airflow/.local/lib/python3.8/site-packages/airflow/example_dags/example_task_group_decorator.py for tasks to queue
[2024-04-21T15:34:04.513+0000] {logging_mixin.py:188} INFO - [2024-04-21T15:34:04.513+0000] {dagbag.py:540} INFO - Filling up the DagBag from /home/airflow/.local/lib/python3.8/site-packages/airflow/example_dags/example_task_group_decorator.py
[2024-04-21T15:34:04.526+0000] {processor.py:840} INFO - DAG(s) 'example_task_group_decorator' retrieved from /home/airflow/.local/lib/python3.8/site-packages/airflow/example_dags/example_task_group_decorator.py
[2024-04-21T15:34:04.547+0000] {logging_mixin.py:188} INFO - [2024-04-21T15:34:04.547+0000] {dag.py:3047} INFO - Sync 1 DAGs
[2024-04-21T15:34:04.565+0000] {logging_mixin.py:188} INFO - [2024-04-21T15:34:04.565+0000] {dag.py:3834} INFO - Setting next_dagrun for example_task_group_decorator to 2024-04-20 00:00:00+00:00, run_after=2024-04-21 00:00:00+00:00
[2024-04-21T15:34:04.585+0000] {processor.py:183} INFO - Processing /home/airflow/.local/lib/python3.8/site-packages/airflow/example_dags/example_task_group_decorator.py took 0.078 seconds
[2024-04-21T15:34:34.924+0000] {processor.py:161} INFO - Started process (PID=890) to work on /home/airflow/.local/lib/python3.8/site-packages/airflow/example_dags/example_task_group_decorator.py
[2024-04-21T15:34:34.925+0000] {processor.py:830} INFO - Processing file /home/airflow/.local/lib/python3.8/site-packages/airflow/example_dags/example_task_group_decorator.py for tasks to queue
[2024-04-21T15:34:34.927+0000] {logging_mixin.py:188} INFO - [2024-04-21T15:34:34.926+0000] {dagbag.py:540} INFO - Filling up the DagBag from /home/airflow/.local/lib/python3.8/site-packages/airflow/example_dags/example_task_group_decorator.py
[2024-04-21T15:34:34.939+0000] {processor.py:840} INFO - DAG(s) 'example_task_group_decorator' retrieved from /home/airflow/.local/lib/python3.8/site-packages/airflow/example_dags/example_task_group_decorator.py
[2024-04-21T15:34:34.970+0000] {logging_mixin.py:188} INFO - [2024-04-21T15:34:34.970+0000] {dag.py:3047} INFO - Sync 1 DAGs
[2024-04-21T15:34:34.992+0000] {logging_mixin.py:188} INFO - [2024-04-21T15:34:34.992+0000] {dag.py:3834} INFO - Setting next_dagrun for example_task_group_decorator to 2024-04-20 00:00:00+00:00, run_after=2024-04-21 00:00:00+00:00
[2024-04-21T15:34:35.013+0000] {processor.py:183} INFO - Processing /home/airflow/.local/lib/python3.8/site-packages/airflow/example_dags/example_task_group_decorator.py took 0.092 seconds
[2024-04-21T15:35:05.847+0000] {processor.py:161} INFO - Started process (PID=945) to work on /home/airflow/.local/lib/python3.8/site-packages/airflow/example_dags/example_task_group_decorator.py
[2024-04-21T15:35:05.849+0000] {processor.py:830} INFO - Processing file /home/airflow/.local/lib/python3.8/site-packages/airflow/example_dags/example_task_group_decorator.py for tasks to queue
[2024-04-21T15:35:05.852+0000] {logging_mixin.py:188} INFO - [2024-04-21T15:35:05.852+0000] {dagbag.py:540} INFO - Filling up the DagBag from /home/airflow/.local/lib/python3.8/site-packages/airflow/example_dags/example_task_group_decorator.py
[2024-04-21T15:35:05.871+0000] {processor.py:840} INFO - DAG(s) 'example_task_group_decorator' retrieved from /home/airflow/.local/lib/python3.8/site-packages/airflow/example_dags/example_task_group_decorator.py
[2024-04-21T15:35:05.907+0000] {logging_mixin.py:188} INFO - [2024-04-21T15:35:05.906+0000] {dag.py:3047} INFO - Sync 1 DAGs
[2024-04-21T15:35:05.933+0000] {logging_mixin.py:188} INFO - [2024-04-21T15:35:05.933+0000] {dag.py:3834} INFO - Setting next_dagrun for example_task_group_decorator to 2024-04-20 00:00:00+00:00, run_after=2024-04-21 00:00:00+00:00
[2024-04-21T15:35:05.960+0000] {processor.py:183} INFO - Processing /home/airflow/.local/lib/python3.8/site-packages/airflow/example_dags/example_task_group_decorator.py took 0.116 seconds
[2024-04-21T15:35:40.476+0000] {processor.py:161} INFO - Started process (PID=1000) to work on /home/airflow/.local/lib/python3.8/site-packages/airflow/example_dags/example_task_group_decorator.py
[2024-04-21T15:35:40.530+0000] {processor.py:830} INFO - Processing file /home/airflow/.local/lib/python3.8/site-packages/airflow/example_dags/example_task_group_decorator.py for tasks to queue
[2024-04-21T15:35:40.559+0000] {logging_mixin.py:188} INFO - [2024-04-21T15:35:40.558+0000] {dagbag.py:540} INFO - Filling up the DagBag from /home/airflow/.local/lib/python3.8/site-packages/airflow/example_dags/example_task_group_decorator.py
[2024-04-21T15:35:40.983+0000] {processor.py:840} INFO - DAG(s) 'example_task_group_decorator' retrieved from /home/airflow/.local/lib/python3.8/site-packages/airflow/example_dags/example_task_group_decorator.py
[2024-04-21T15:35:41.398+0000] {logging_mixin.py:188} INFO - [2024-04-21T15:35:41.396+0000] {dag.py:3047} INFO - Sync 1 DAGs
[2024-04-21T15:35:41.632+0000] {logging_mixin.py:188} INFO - [2024-04-21T15:35:41.630+0000] {dag.py:3834} INFO - Setting next_dagrun for example_task_group_decorator to 2024-04-20 00:00:00+00:00, run_after=2024-04-21 00:00:00+00:00
[2024-04-21T15:35:41.821+0000] {processor.py:183} INFO - Processing /home/airflow/.local/lib/python3.8/site-packages/airflow/example_dags/example_task_group_decorator.py took 1.411 seconds
