[2024-04-21T15:26:49.924+0000] {processor.py:161} INFO - Started process (PID=39) to work on /home/airflow/.local/lib/python3.8/site-packages/airflow/example_dags/example_branch_python_dop_operator_3.py
[2024-04-21T15:26:49.926+0000] {processor.py:830} INFO - Processing file /home/airflow/.local/lib/python3.8/site-packages/airflow/example_dags/example_branch_python_dop_operator_3.py for tasks to queue
[2024-04-21T15:26:49.929+0000] {logging_mixin.py:188} INFO - [2024-04-21T15:26:49.928+0000] {dagbag.py:540} INFO - Filling up the DagBag from /home/airflow/.local/lib/python3.8/site-packages/airflow/example_dags/example_branch_python_dop_operator_3.py
[2024-04-21T15:26:49.948+0000] {processor.py:840} INFO - DAG(s) 'example_branch_dop_operator_v3' retrieved from /home/airflow/.local/lib/python3.8/site-packages/airflow/example_dags/example_branch_python_dop_operator_3.py
[2024-04-21T15:26:50.377+0000] {logging_mixin.py:188} INFO - [2024-04-21T15:26:50.376+0000] {override.py:1769} INFO - Created Permission View: can delete on DAG:example_branch_dop_operator_v3
[2024-04-21T15:26:50.405+0000] {logging_mixin.py:188} INFO - [2024-04-21T15:26:50.404+0000] {override.py:1769} INFO - Created Permission View: can read on DAG:example_branch_dop_operator_v3
[2024-04-21T15:26:50.422+0000] {logging_mixin.py:188} INFO - [2024-04-21T15:26:50.421+0000] {override.py:1769} INFO - Created Permission View: can edit on DAG:example_branch_dop_operator_v3
[2024-04-21T15:26:50.423+0000] {logging_mixin.py:188} INFO - [2024-04-21T15:26:50.423+0000] {dag.py:3047} INFO - Sync 1 DAGs
[2024-04-21T15:26:50.443+0000] {logging_mixin.py:188} INFO - [2024-04-21T15:26:50.443+0000] {dag.py:3069} INFO - Creating ORM DAG for example_branch_dop_operator_v3
[2024-04-21T15:26:50.475+0000] {logging_mixin.py:188} INFO - [2024-04-21T15:26:50.475+0000] {dag.py:3834} INFO - Setting next_dagrun for example_branch_dop_operator_v3 to 2024-04-21 15:25:00+00:00, run_after=2024-04-21 15:26:00+00:00
[2024-04-21T15:26:50.522+0000] {processor.py:183} INFO - Processing /home/airflow/.local/lib/python3.8/site-packages/airflow/example_dags/example_branch_python_dop_operator_3.py took 0.607 seconds
[2024-04-21T15:27:20.954+0000] {processor.py:161} INFO - Started process (PID=94) to work on /home/airflow/.local/lib/python3.8/site-packages/airflow/example_dags/example_branch_python_dop_operator_3.py
[2024-04-21T15:27:20.956+0000] {processor.py:830} INFO - Processing file /home/airflow/.local/lib/python3.8/site-packages/airflow/example_dags/example_branch_python_dop_operator_3.py for tasks to queue
[2024-04-21T15:27:20.960+0000] {logging_mixin.py:188} INFO - [2024-04-21T15:27:20.959+0000] {dagbag.py:540} INFO - Filling up the DagBag from /home/airflow/.local/lib/python3.8/site-packages/airflow/example_dags/example_branch_python_dop_operator_3.py
[2024-04-21T15:27:20.966+0000] {processor.py:840} INFO - DAG(s) 'example_branch_dop_operator_v3' retrieved from /home/airflow/.local/lib/python3.8/site-packages/airflow/example_dags/example_branch_python_dop_operator_3.py
[2024-04-21T15:27:20.983+0000] {logging_mixin.py:188} INFO - [2024-04-21T15:27:20.983+0000] {dag.py:3047} INFO - Sync 1 DAGs
[2024-04-21T15:27:21.011+0000] {logging_mixin.py:188} INFO - [2024-04-21T15:27:21.011+0000] {dag.py:3834} INFO - Setting next_dagrun for example_branch_dop_operator_v3 to 2024-04-21 15:26:00+00:00, run_after=2024-04-21 15:27:00+00:00
[2024-04-21T15:27:21.046+0000] {processor.py:183} INFO - Processing /home/airflow/.local/lib/python3.8/site-packages/airflow/example_dags/example_branch_python_dop_operator_3.py took 0.095 seconds
[2024-04-21T15:27:51.430+0000] {processor.py:161} INFO - Started process (PID=149) to work on /home/airflow/.local/lib/python3.8/site-packages/airflow/example_dags/example_branch_python_dop_operator_3.py
[2024-04-21T15:27:51.432+0000] {processor.py:830} INFO - Processing file /home/airflow/.local/lib/python3.8/site-packages/airflow/example_dags/example_branch_python_dop_operator_3.py for tasks to queue
[2024-04-21T15:27:51.435+0000] {logging_mixin.py:188} INFO - [2024-04-21T15:27:51.434+0000] {dagbag.py:540} INFO - Filling up the DagBag from /home/airflow/.local/lib/python3.8/site-packages/airflow/example_dags/example_branch_python_dop_operator_3.py
[2024-04-21T15:27:51.446+0000] {processor.py:840} INFO - DAG(s) 'example_branch_dop_operator_v3' retrieved from /home/airflow/.local/lib/python3.8/site-packages/airflow/example_dags/example_branch_python_dop_operator_3.py
[2024-04-21T15:27:51.469+0000] {logging_mixin.py:188} INFO - [2024-04-21T15:27:51.469+0000] {dag.py:3047} INFO - Sync 1 DAGs
[2024-04-21T15:27:51.494+0000] {logging_mixin.py:188} INFO - [2024-04-21T15:27:51.494+0000] {dag.py:3834} INFO - Setting next_dagrun for example_branch_dop_operator_v3 to 2024-04-21 15:26:00+00:00, run_after=2024-04-21 15:27:00+00:00
[2024-04-21T15:27:51.519+0000] {processor.py:183} INFO - Processing /home/airflow/.local/lib/python3.8/site-packages/airflow/example_dags/example_branch_python_dop_operator_3.py took 0.093 seconds
[2024-04-21T15:28:21.580+0000] {processor.py:161} INFO - Started process (PID=204) to work on /home/airflow/.local/lib/python3.8/site-packages/airflow/example_dags/example_branch_python_dop_operator_3.py
[2024-04-21T15:28:21.583+0000] {processor.py:830} INFO - Processing file /home/airflow/.local/lib/python3.8/site-packages/airflow/example_dags/example_branch_python_dop_operator_3.py for tasks to queue
[2024-04-21T15:28:21.586+0000] {logging_mixin.py:188} INFO - [2024-04-21T15:28:21.585+0000] {dagbag.py:540} INFO - Filling up the DagBag from /home/airflow/.local/lib/python3.8/site-packages/airflow/example_dags/example_branch_python_dop_operator_3.py
[2024-04-21T15:28:21.598+0000] {processor.py:840} INFO - DAG(s) 'example_branch_dop_operator_v3' retrieved from /home/airflow/.local/lib/python3.8/site-packages/airflow/example_dags/example_branch_python_dop_operator_3.py
[2024-04-21T15:28:21.625+0000] {logging_mixin.py:188} INFO - [2024-04-21T15:28:21.625+0000] {dag.py:3047} INFO - Sync 1 DAGs
[2024-04-21T15:28:21.657+0000] {logging_mixin.py:188} INFO - [2024-04-21T15:28:21.656+0000] {dag.py:3834} INFO - Setting next_dagrun for example_branch_dop_operator_v3 to 2024-04-21 15:27:00+00:00, run_after=2024-04-21 15:28:00+00:00
[2024-04-21T15:28:21.682+0000] {processor.py:183} INFO - Processing /home/airflow/.local/lib/python3.8/site-packages/airflow/example_dags/example_branch_python_dop_operator_3.py took 0.105 seconds
[2024-04-21T15:28:51.777+0000] {processor.py:161} INFO - Started process (PID=259) to work on /home/airflow/.local/lib/python3.8/site-packages/airflow/example_dags/example_branch_python_dop_operator_3.py
[2024-04-21T15:28:51.779+0000] {processor.py:830} INFO - Processing file /home/airflow/.local/lib/python3.8/site-packages/airflow/example_dags/example_branch_python_dop_operator_3.py for tasks to queue
[2024-04-21T15:28:51.781+0000] {logging_mixin.py:188} INFO - [2024-04-21T15:28:51.781+0000] {dagbag.py:540} INFO - Filling up the DagBag from /home/airflow/.local/lib/python3.8/site-packages/airflow/example_dags/example_branch_python_dop_operator_3.py
[2024-04-21T15:28:51.791+0000] {processor.py:840} INFO - DAG(s) 'example_branch_dop_operator_v3' retrieved from /home/airflow/.local/lib/python3.8/site-packages/airflow/example_dags/example_branch_python_dop_operator_3.py
[2024-04-21T15:28:51.809+0000] {logging_mixin.py:188} INFO - [2024-04-21T15:28:51.809+0000] {dag.py:3047} INFO - Sync 1 DAGs
[2024-04-21T15:28:51.827+0000] {logging_mixin.py:188} INFO - [2024-04-21T15:28:51.827+0000] {dag.py:3834} INFO - Setting next_dagrun for example_branch_dop_operator_v3 to 2024-04-21 15:27:00+00:00, run_after=2024-04-21 15:28:00+00:00
[2024-04-21T15:28:51.887+0000] {processor.py:183} INFO - Processing /home/airflow/.local/lib/python3.8/site-packages/airflow/example_dags/example_branch_python_dop_operator_3.py took 0.114 seconds
[2024-04-21T15:29:22.417+0000] {processor.py:161} INFO - Started process (PID=314) to work on /home/airflow/.local/lib/python3.8/site-packages/airflow/example_dags/example_branch_python_dop_operator_3.py
[2024-04-21T15:29:22.419+0000] {processor.py:830} INFO - Processing file /home/airflow/.local/lib/python3.8/site-packages/airflow/example_dags/example_branch_python_dop_operator_3.py for tasks to queue
[2024-04-21T15:29:22.421+0000] {logging_mixin.py:188} INFO - [2024-04-21T15:29:22.421+0000] {dagbag.py:540} INFO - Filling up the DagBag from /home/airflow/.local/lib/python3.8/site-packages/airflow/example_dags/example_branch_python_dop_operator_3.py
[2024-04-21T15:29:22.430+0000] {processor.py:840} INFO - DAG(s) 'example_branch_dop_operator_v3' retrieved from /home/airflow/.local/lib/python3.8/site-packages/airflow/example_dags/example_branch_python_dop_operator_3.py
[2024-04-21T15:29:22.463+0000] {logging_mixin.py:188} INFO - [2024-04-21T15:29:22.462+0000] {dag.py:3047} INFO - Sync 1 DAGs
[2024-04-21T15:29:22.504+0000] {logging_mixin.py:188} INFO - [2024-04-21T15:29:22.504+0000] {dag.py:3834} INFO - Setting next_dagrun for example_branch_dop_operator_v3 to 2024-04-21 15:28:00+00:00, run_after=2024-04-21 15:29:00+00:00
[2024-04-21T15:29:22.538+0000] {processor.py:183} INFO - Processing /home/airflow/.local/lib/python3.8/site-packages/airflow/example_dags/example_branch_python_dop_operator_3.py took 0.125 seconds
[2024-04-21T15:29:52.870+0000] {processor.py:161} INFO - Started process (PID=369) to work on /home/airflow/.local/lib/python3.8/site-packages/airflow/example_dags/example_branch_python_dop_operator_3.py
[2024-04-21T15:29:52.871+0000] {processor.py:830} INFO - Processing file /home/airflow/.local/lib/python3.8/site-packages/airflow/example_dags/example_branch_python_dop_operator_3.py for tasks to queue
[2024-04-21T15:29:52.873+0000] {logging_mixin.py:188} INFO - [2024-04-21T15:29:52.873+0000] {dagbag.py:540} INFO - Filling up the DagBag from /home/airflow/.local/lib/python3.8/site-packages/airflow/example_dags/example_branch_python_dop_operator_3.py
[2024-04-21T15:29:52.886+0000] {processor.py:840} INFO - DAG(s) 'example_branch_dop_operator_v3' retrieved from /home/airflow/.local/lib/python3.8/site-packages/airflow/example_dags/example_branch_python_dop_operator_3.py
[2024-04-21T15:29:52.906+0000] {logging_mixin.py:188} INFO - [2024-04-21T15:29:52.906+0000] {dag.py:3047} INFO - Sync 1 DAGs
[2024-04-21T15:29:52.925+0000] {logging_mixin.py:188} INFO - [2024-04-21T15:29:52.925+0000] {dag.py:3834} INFO - Setting next_dagrun for example_branch_dop_operator_v3 to 2024-04-21 15:28:00+00:00, run_after=2024-04-21 15:29:00+00:00
[2024-04-21T15:29:52.943+0000] {processor.py:183} INFO - Processing /home/airflow/.local/lib/python3.8/site-packages/airflow/example_dags/example_branch_python_dop_operator_3.py took 0.076 seconds
[2024-04-21T15:30:23.540+0000] {processor.py:161} INFO - Started process (PID=424) to work on /home/airflow/.local/lib/python3.8/site-packages/airflow/example_dags/example_branch_python_dop_operator_3.py
[2024-04-21T15:30:23.541+0000] {processor.py:830} INFO - Processing file /home/airflow/.local/lib/python3.8/site-packages/airflow/example_dags/example_branch_python_dop_operator_3.py for tasks to queue
[2024-04-21T15:30:23.542+0000] {logging_mixin.py:188} INFO - [2024-04-21T15:30:23.542+0000] {dagbag.py:540} INFO - Filling up the DagBag from /home/airflow/.local/lib/python3.8/site-packages/airflow/example_dags/example_branch_python_dop_operator_3.py
[2024-04-21T15:30:23.550+0000] {processor.py:840} INFO - DAG(s) 'example_branch_dop_operator_v3' retrieved from /home/airflow/.local/lib/python3.8/site-packages/airflow/example_dags/example_branch_python_dop_operator_3.py
[2024-04-21T15:30:23.581+0000] {logging_mixin.py:188} INFO - [2024-04-21T15:30:23.581+0000] {dag.py:3047} INFO - Sync 1 DAGs
[2024-04-21T15:30:23.609+0000] {logging_mixin.py:188} INFO - [2024-04-21T15:30:23.608+0000] {dag.py:3834} INFO - Setting next_dagrun for example_branch_dop_operator_v3 to 2024-04-21 15:29:00+00:00, run_after=2024-04-21 15:30:00+00:00
[2024-04-21T15:30:23.630+0000] {processor.py:183} INFO - Processing /home/airflow/.local/lib/python3.8/site-packages/airflow/example_dags/example_branch_python_dop_operator_3.py took 0.094 seconds
[2024-04-21T15:30:53.867+0000] {processor.py:161} INFO - Started process (PID=479) to work on /home/airflow/.local/lib/python3.8/site-packages/airflow/example_dags/example_branch_python_dop_operator_3.py
[2024-04-21T15:30:53.868+0000] {processor.py:830} INFO - Processing file /home/airflow/.local/lib/python3.8/site-packages/airflow/example_dags/example_branch_python_dop_operator_3.py for tasks to queue
[2024-04-21T15:30:53.870+0000] {logging_mixin.py:188} INFO - [2024-04-21T15:30:53.870+0000] {dagbag.py:540} INFO - Filling up the DagBag from /home/airflow/.local/lib/python3.8/site-packages/airflow/example_dags/example_branch_python_dop_operator_3.py
[2024-04-21T15:30:53.877+0000] {processor.py:840} INFO - DAG(s) 'example_branch_dop_operator_v3' retrieved from /home/airflow/.local/lib/python3.8/site-packages/airflow/example_dags/example_branch_python_dop_operator_3.py
[2024-04-21T15:30:53.894+0000] {logging_mixin.py:188} INFO - [2024-04-21T15:30:53.894+0000] {dag.py:3047} INFO - Sync 1 DAGs
[2024-04-21T15:30:53.914+0000] {logging_mixin.py:188} INFO - [2024-04-21T15:30:53.914+0000] {dag.py:3834} INFO - Setting next_dagrun for example_branch_dop_operator_v3 to 2024-04-21 15:29:00+00:00, run_after=2024-04-21 15:30:00+00:00
[2024-04-21T15:30:53.934+0000] {processor.py:183} INFO - Processing /home/airflow/.local/lib/python3.8/site-packages/airflow/example_dags/example_branch_python_dop_operator_3.py took 0.070 seconds
[2024-04-21T15:31:24.299+0000] {processor.py:161} INFO - Started process (PID=534) to work on /home/airflow/.local/lib/python3.8/site-packages/airflow/example_dags/example_branch_python_dop_operator_3.py
[2024-04-21T15:31:24.302+0000] {processor.py:830} INFO - Processing file /home/airflow/.local/lib/python3.8/site-packages/airflow/example_dags/example_branch_python_dop_operator_3.py for tasks to queue
[2024-04-21T15:31:24.305+0000] {logging_mixin.py:188} INFO - [2024-04-21T15:31:24.304+0000] {dagbag.py:540} INFO - Filling up the DagBag from /home/airflow/.local/lib/python3.8/site-packages/airflow/example_dags/example_branch_python_dop_operator_3.py
[2024-04-21T15:31:24.315+0000] {processor.py:840} INFO - DAG(s) 'example_branch_dop_operator_v3' retrieved from /home/airflow/.local/lib/python3.8/site-packages/airflow/example_dags/example_branch_python_dop_operator_3.py
[2024-04-21T15:31:24.332+0000] {logging_mixin.py:188} INFO - [2024-04-21T15:31:24.332+0000] {dag.py:3047} INFO - Sync 1 DAGs
[2024-04-21T15:31:24.351+0000] {logging_mixin.py:188} INFO - [2024-04-21T15:31:24.350+0000] {dag.py:3834} INFO - Setting next_dagrun for example_branch_dop_operator_v3 to 2024-04-21 15:30:00+00:00, run_after=2024-04-21 15:31:00+00:00
[2024-04-21T15:31:24.369+0000] {processor.py:183} INFO - Processing /home/airflow/.local/lib/python3.8/site-packages/airflow/example_dags/example_branch_python_dop_operator_3.py took 0.077 seconds
[2024-04-21T15:31:54.937+0000] {processor.py:161} INFO - Started process (PID=589) to work on /home/airflow/.local/lib/python3.8/site-packages/airflow/example_dags/example_branch_python_dop_operator_3.py
[2024-04-21T15:31:54.938+0000] {processor.py:830} INFO - Processing file /home/airflow/.local/lib/python3.8/site-packages/airflow/example_dags/example_branch_python_dop_operator_3.py for tasks to queue
[2024-04-21T15:31:54.941+0000] {logging_mixin.py:188} INFO - [2024-04-21T15:31:54.940+0000] {dagbag.py:540} INFO - Filling up the DagBag from /home/airflow/.local/lib/python3.8/site-packages/airflow/example_dags/example_branch_python_dop_operator_3.py
[2024-04-21T15:31:54.950+0000] {processor.py:840} INFO - DAG(s) 'example_branch_dop_operator_v3' retrieved from /home/airflow/.local/lib/python3.8/site-packages/airflow/example_dags/example_branch_python_dop_operator_3.py
[2024-04-21T15:31:54.975+0000] {logging_mixin.py:188} INFO - [2024-04-21T15:31:54.974+0000] {dag.py:3047} INFO - Sync 1 DAGs
[2024-04-21T15:31:55.002+0000] {logging_mixin.py:188} INFO - [2024-04-21T15:31:55.002+0000] {dag.py:3834} INFO - Setting next_dagrun for example_branch_dop_operator_v3 to 2024-04-21 15:30:00+00:00, run_after=2024-04-21 15:31:00+00:00
[2024-04-21T15:31:55.034+0000] {processor.py:183} INFO - Processing /home/airflow/.local/lib/python3.8/site-packages/airflow/example_dags/example_branch_python_dop_operator_3.py took 0.100 seconds
[2024-04-21T15:32:25.398+0000] {processor.py:161} INFO - Started process (PID=644) to work on /home/airflow/.local/lib/python3.8/site-packages/airflow/example_dags/example_branch_python_dop_operator_3.py
[2024-04-21T15:32:25.400+0000] {processor.py:830} INFO - Processing file /home/airflow/.local/lib/python3.8/site-packages/airflow/example_dags/example_branch_python_dop_operator_3.py for tasks to queue
[2024-04-21T15:32:25.402+0000] {logging_mixin.py:188} INFO - [2024-04-21T15:32:25.401+0000] {dagbag.py:540} INFO - Filling up the DagBag from /home/airflow/.local/lib/python3.8/site-packages/airflow/example_dags/example_branch_python_dop_operator_3.py
[2024-04-21T15:32:25.410+0000] {processor.py:840} INFO - DAG(s) 'example_branch_dop_operator_v3' retrieved from /home/airflow/.local/lib/python3.8/site-packages/airflow/example_dags/example_branch_python_dop_operator_3.py
[2024-04-21T15:32:25.429+0000] {logging_mixin.py:188} INFO - [2024-04-21T15:32:25.429+0000] {dag.py:3047} INFO - Sync 1 DAGs
[2024-04-21T15:32:25.448+0000] {logging_mixin.py:188} INFO - [2024-04-21T15:32:25.448+0000] {dag.py:3834} INFO - Setting next_dagrun for example_branch_dop_operator_v3 to 2024-04-21 15:31:00+00:00, run_after=2024-04-21 15:32:00+00:00
[2024-04-21T15:32:25.468+0000] {processor.py:183} INFO - Processing /home/airflow/.local/lib/python3.8/site-packages/airflow/example_dags/example_branch_python_dop_operator_3.py took 0.072 seconds
[2024-04-21T15:32:55.878+0000] {processor.py:161} INFO - Started process (PID=699) to work on /home/airflow/.local/lib/python3.8/site-packages/airflow/example_dags/example_branch_python_dop_operator_3.py
[2024-04-21T15:32:55.879+0000] {processor.py:830} INFO - Processing file /home/airflow/.local/lib/python3.8/site-packages/airflow/example_dags/example_branch_python_dop_operator_3.py for tasks to queue
[2024-04-21T15:32:55.881+0000] {logging_mixin.py:188} INFO - [2024-04-21T15:32:55.881+0000] {dagbag.py:540} INFO - Filling up the DagBag from /home/airflow/.local/lib/python3.8/site-packages/airflow/example_dags/example_branch_python_dop_operator_3.py
[2024-04-21T15:32:55.890+0000] {processor.py:840} INFO - DAG(s) 'example_branch_dop_operator_v3' retrieved from /home/airflow/.local/lib/python3.8/site-packages/airflow/example_dags/example_branch_python_dop_operator_3.py
[2024-04-21T15:32:55.908+0000] {logging_mixin.py:188} INFO - [2024-04-21T15:32:55.908+0000] {dag.py:3047} INFO - Sync 1 DAGs
[2024-04-21T15:32:55.932+0000] {logging_mixin.py:188} INFO - [2024-04-21T15:32:55.932+0000] {dag.py:3834} INFO - Setting next_dagrun for example_branch_dop_operator_v3 to 2024-04-21 15:31:00+00:00, run_after=2024-04-21 15:32:00+00:00
[2024-04-21T15:32:55.952+0000] {processor.py:183} INFO - Processing /home/airflow/.local/lib/python3.8/site-packages/airflow/example_dags/example_branch_python_dop_operator_3.py took 0.078 seconds
[2024-04-21T15:33:26.056+0000] {processor.py:161} INFO - Started process (PID=754) to work on /home/airflow/.local/lib/python3.8/site-packages/airflow/example_dags/example_branch_python_dop_operator_3.py
[2024-04-21T15:33:26.057+0000] {processor.py:830} INFO - Processing file /home/airflow/.local/lib/python3.8/site-packages/airflow/example_dags/example_branch_python_dop_operator_3.py for tasks to queue
[2024-04-21T15:33:26.059+0000] {logging_mixin.py:188} INFO - [2024-04-21T15:33:26.059+0000] {dagbag.py:540} INFO - Filling up the DagBag from /home/airflow/.local/lib/python3.8/site-packages/airflow/example_dags/example_branch_python_dop_operator_3.py
[2024-04-21T15:33:26.067+0000] {processor.py:840} INFO - DAG(s) 'example_branch_dop_operator_v3' retrieved from /home/airflow/.local/lib/python3.8/site-packages/airflow/example_dags/example_branch_python_dop_operator_3.py
[2024-04-21T15:33:26.087+0000] {logging_mixin.py:188} INFO - [2024-04-21T15:33:26.087+0000] {dag.py:3047} INFO - Sync 1 DAGs
[2024-04-21T15:33:26.107+0000] {logging_mixin.py:188} INFO - [2024-04-21T15:33:26.107+0000] {dag.py:3834} INFO - Setting next_dagrun for example_branch_dop_operator_v3 to 2024-04-21 15:32:00+00:00, run_after=2024-04-21 15:33:00+00:00
[2024-04-21T15:33:26.126+0000] {processor.py:183} INFO - Processing /home/airflow/.local/lib/python3.8/site-packages/airflow/example_dags/example_branch_python_dop_operator_3.py took 0.075 seconds
[2024-04-21T15:33:56.903+0000] {processor.py:161} INFO - Started process (PID=809) to work on /home/airflow/.local/lib/python3.8/site-packages/airflow/example_dags/example_branch_python_dop_operator_3.py
[2024-04-21T15:33:56.905+0000] {processor.py:830} INFO - Processing file /home/airflow/.local/lib/python3.8/site-packages/airflow/example_dags/example_branch_python_dop_operator_3.py for tasks to queue
[2024-04-21T15:33:56.908+0000] {logging_mixin.py:188} INFO - [2024-04-21T15:33:56.908+0000] {dagbag.py:540} INFO - Filling up the DagBag from /home/airflow/.local/lib/python3.8/site-packages/airflow/example_dags/example_branch_python_dop_operator_3.py
[2024-04-21T15:33:56.917+0000] {processor.py:840} INFO - DAG(s) 'example_branch_dop_operator_v3' retrieved from /home/airflow/.local/lib/python3.8/site-packages/airflow/example_dags/example_branch_python_dop_operator_3.py
[2024-04-21T15:33:56.937+0000] {logging_mixin.py:188} INFO - [2024-04-21T15:33:56.937+0000] {dag.py:3047} INFO - Sync 1 DAGs
[2024-04-21T15:33:57.005+0000] {logging_mixin.py:188} INFO - [2024-04-21T15:33:57.005+0000] {dag.py:3834} INFO - Setting next_dagrun for example_branch_dop_operator_v3 to 2024-04-21 15:32:00+00:00, run_after=2024-04-21 15:33:00+00:00
[2024-04-21T15:33:57.026+0000] {processor.py:183} INFO - Processing /home/airflow/.local/lib/python3.8/site-packages/airflow/example_dags/example_branch_python_dop_operator_3.py took 0.128 seconds
[2024-04-21T15:34:27.554+0000] {processor.py:161} INFO - Started process (PID=865) to work on /home/airflow/.local/lib/python3.8/site-packages/airflow/example_dags/example_branch_python_dop_operator_3.py
[2024-04-21T15:34:27.579+0000] {processor.py:830} INFO - Processing file /home/airflow/.local/lib/python3.8/site-packages/airflow/example_dags/example_branch_python_dop_operator_3.py for tasks to queue
[2024-04-21T15:34:27.589+0000] {logging_mixin.py:188} INFO - [2024-04-21T15:34:27.589+0000] {dagbag.py:540} INFO - Filling up the DagBag from /home/airflow/.local/lib/python3.8/site-packages/airflow/example_dags/example_branch_python_dop_operator_3.py
[2024-04-21T15:34:27.608+0000] {processor.py:840} INFO - DAG(s) 'example_branch_dop_operator_v3' retrieved from /home/airflow/.local/lib/python3.8/site-packages/airflow/example_dags/example_branch_python_dop_operator_3.py
[2024-04-21T15:34:27.637+0000] {logging_mixin.py:188} INFO - [2024-04-21T15:34:27.636+0000] {dag.py:3047} INFO - Sync 1 DAGs
[2024-04-21T15:34:27.667+0000] {logging_mixin.py:188} INFO - [2024-04-21T15:34:27.666+0000] {dag.py:3834} INFO - Setting next_dagrun for example_branch_dop_operator_v3 to 2024-04-21 15:33:00+00:00, run_after=2024-04-21 15:34:00+00:00
[2024-04-21T15:34:27.695+0000] {processor.py:183} INFO - Processing /home/airflow/.local/lib/python3.8/site-packages/airflow/example_dags/example_branch_python_dop_operator_3.py took 0.145 seconds
[2024-04-21T15:34:58.205+0000] {processor.py:161} INFO - Started process (PID=919) to work on /home/airflow/.local/lib/python3.8/site-packages/airflow/example_dags/example_branch_python_dop_operator_3.py
[2024-04-21T15:34:58.208+0000] {processor.py:830} INFO - Processing file /home/airflow/.local/lib/python3.8/site-packages/airflow/example_dags/example_branch_python_dop_operator_3.py for tasks to queue
[2024-04-21T15:34:58.212+0000] {logging_mixin.py:188} INFO - [2024-04-21T15:34:58.211+0000] {dagbag.py:540} INFO - Filling up the DagBag from /home/airflow/.local/lib/python3.8/site-packages/airflow/example_dags/example_branch_python_dop_operator_3.py
[2024-04-21T15:34:58.224+0000] {processor.py:840} INFO - DAG(s) 'example_branch_dop_operator_v3' retrieved from /home/airflow/.local/lib/python3.8/site-packages/airflow/example_dags/example_branch_python_dop_operator_3.py
[2024-04-21T15:34:58.246+0000] {logging_mixin.py:188} INFO - [2024-04-21T15:34:58.246+0000] {dag.py:3047} INFO - Sync 1 DAGs
[2024-04-21T15:34:58.271+0000] {logging_mixin.py:188} INFO - [2024-04-21T15:34:58.271+0000] {dag.py:3834} INFO - Setting next_dagrun for example_branch_dop_operator_v3 to 2024-04-21 15:33:00+00:00, run_after=2024-04-21 15:34:00+00:00
[2024-04-21T15:34:58.294+0000] {processor.py:183} INFO - Processing /home/airflow/.local/lib/python3.8/site-packages/airflow/example_dags/example_branch_python_dop_operator_3.py took 0.094 seconds
[2024-04-21T15:35:28.407+0000] {processor.py:161} INFO - Started process (PID=974) to work on /home/airflow/.local/lib/python3.8/site-packages/airflow/example_dags/example_branch_python_dop_operator_3.py
[2024-04-21T15:35:28.411+0000] {processor.py:830} INFO - Processing file /home/airflow/.local/lib/python3.8/site-packages/airflow/example_dags/example_branch_python_dop_operator_3.py for tasks to queue
[2024-04-21T15:35:28.421+0000] {logging_mixin.py:188} INFO - [2024-04-21T15:35:28.420+0000] {dagbag.py:540} INFO - Filling up the DagBag from /home/airflow/.local/lib/python3.8/site-packages/airflow/example_dags/example_branch_python_dop_operator_3.py
[2024-04-21T15:35:28.450+0000] {processor.py:840} INFO - DAG(s) 'example_branch_dop_operator_v3' retrieved from /home/airflow/.local/lib/python3.8/site-packages/airflow/example_dags/example_branch_python_dop_operator_3.py
[2024-04-21T15:35:28.516+0000] {logging_mixin.py:188} INFO - [2024-04-21T15:35:28.515+0000] {dag.py:3047} INFO - Sync 1 DAGs
[2024-04-21T15:35:28.598+0000] {logging_mixin.py:188} INFO - [2024-04-21T15:35:28.598+0000] {dag.py:3834} INFO - Setting next_dagrun for example_branch_dop_operator_v3 to 2024-04-21 15:34:00+00:00, run_after=2024-04-21 15:35:00+00:00
[2024-04-21T15:35:28.668+0000] {processor.py:183} INFO - Processing /home/airflow/.local/lib/python3.8/site-packages/airflow/example_dags/example_branch_python_dop_operator_3.py took 0.267 seconds
[2024-04-21T15:36:00.441+0000] {processor.py:161} INFO - Started process (PID=1020) to work on /home/airflow/.local/lib/python3.8/site-packages/airflow/example_dags/example_branch_python_dop_operator_3.py
[2024-04-21T15:36:00.448+0000] {processor.py:830} INFO - Processing file /home/airflow/.local/lib/python3.8/site-packages/airflow/example_dags/example_branch_python_dop_operator_3.py for tasks to queue
[2024-04-21T15:36:00.457+0000] {logging_mixin.py:188} INFO - [2024-04-21T15:36:00.456+0000] {dagbag.py:540} INFO - Filling up the DagBag from /home/airflow/.local/lib/python3.8/site-packages/airflow/example_dags/example_branch_python_dop_operator_3.py
[2024-04-21T15:36:00.527+0000] {processor.py:840} INFO - DAG(s) 'example_branch_dop_operator_v3' retrieved from /home/airflow/.local/lib/python3.8/site-packages/airflow/example_dags/example_branch_python_dop_operator_3.py
[2024-04-21T15:36:00.695+0000] {logging_mixin.py:188} INFO - [2024-04-21T15:36:00.693+0000] {dag.py:3047} INFO - Sync 1 DAGs
[2024-04-21T15:36:00.860+0000] {logging_mixin.py:188} INFO - [2024-04-21T15:36:00.859+0000] {dag.py:3834} INFO - Setting next_dagrun for example_branch_dop_operator_v3 to 2024-04-21 15:35:00+00:00, run_after=2024-04-21 15:36:00+00:00
[2024-04-21T15:36:01.030+0000] {processor.py:183} INFO - Processing /home/airflow/.local/lib/python3.8/site-packages/airflow/example_dags/example_branch_python_dop_operator_3.py took 0.651 seconds
