[2024-04-21T15:26:58.871+0000] {processor.py:161} INFO - Started process (PID=84) to work on /home/airflow/.local/lib/python3.8/site-packages/airflow/example_dags/example_branch_operator_decorator.py
[2024-04-21T15:26:58.873+0000] {processor.py:830} INFO - Processing file /home/airflow/.local/lib/python3.8/site-packages/airflow/example_dags/example_branch_operator_decorator.py for tasks to queue
[2024-04-21T15:26:58.877+0000] {logging_mixin.py:188} INFO - [2024-04-21T15:26:58.876+0000] {dagbag.py:540} INFO - Filling up the DagBag from /home/airflow/.local/lib/python3.8/site-packages/airflow/example_dags/example_branch_operator_decorator.py
[2024-04-21T15:26:58.948+0000] {processor.py:840} INFO - DAG(s) 'example_branch_python_operator_decorator' retrieved from /home/airflow/.local/lib/python3.8/site-packages/airflow/example_dags/example_branch_operator_decorator.py
[2024-04-21T15:26:59.266+0000] {logging_mixin.py:188} INFO - [2024-04-21T15:26:59.264+0000] {override.py:1769} INFO - Created Permission View: can delete on DAG:example_branch_python_operator_decorator
[2024-04-21T15:26:59.288+0000] {logging_mixin.py:188} INFO - [2024-04-21T15:26:59.288+0000] {override.py:1769} INFO - Created Permission View: can read on DAG:example_branch_python_operator_decorator
[2024-04-21T15:26:59.307+0000] {logging_mixin.py:188} INFO - [2024-04-21T15:26:59.307+0000] {override.py:1769} INFO - Created Permission View: can edit on DAG:example_branch_python_operator_decorator
[2024-04-21T15:26:59.310+0000] {logging_mixin.py:188} INFO - [2024-04-21T15:26:59.310+0000] {dag.py:3047} INFO - Sync 1 DAGs
[2024-04-21T15:26:59.339+0000] {logging_mixin.py:188} INFO - [2024-04-21T15:26:59.338+0000] {dag.py:3069} INFO - Creating ORM DAG for example_branch_python_operator_decorator
[2024-04-21T15:26:59.372+0000] {logging_mixin.py:188} INFO - [2024-04-21T15:26:59.371+0000] {dag.py:3834} INFO - Setting next_dagrun for example_branch_python_operator_decorator to 2024-04-20 00:00:00+00:00, run_after=2024-04-21 00:00:00+00:00
[2024-04-21T15:26:59.424+0000] {processor.py:183} INFO - Processing /home/airflow/.local/lib/python3.8/site-packages/airflow/example_dags/example_branch_operator_decorator.py took 0.558 seconds
[2024-04-21T15:27:29.837+0000] {processor.py:161} INFO - Started process (PID=139) to work on /home/airflow/.local/lib/python3.8/site-packages/airflow/example_dags/example_branch_operator_decorator.py
[2024-04-21T15:27:29.838+0000] {processor.py:830} INFO - Processing file /home/airflow/.local/lib/python3.8/site-packages/airflow/example_dags/example_branch_operator_decorator.py for tasks to queue
[2024-04-21T15:27:29.840+0000] {logging_mixin.py:188} INFO - [2024-04-21T15:27:29.840+0000] {dagbag.py:540} INFO - Filling up the DagBag from /home/airflow/.local/lib/python3.8/site-packages/airflow/example_dags/example_branch_operator_decorator.py
[2024-04-21T15:27:29.856+0000] {processor.py:840} INFO - DAG(s) 'example_branch_python_operator_decorator' retrieved from /home/airflow/.local/lib/python3.8/site-packages/airflow/example_dags/example_branch_operator_decorator.py
[2024-04-21T15:27:29.874+0000] {logging_mixin.py:188} INFO - [2024-04-21T15:27:29.874+0000] {dag.py:3047} INFO - Sync 1 DAGs
[2024-04-21T15:27:29.888+0000] {logging_mixin.py:188} INFO - [2024-04-21T15:27:29.888+0000] {dag.py:3834} INFO - Setting next_dagrun for example_branch_python_operator_decorator to 2024-04-20 00:00:00+00:00, run_after=2024-04-21 00:00:00+00:00
[2024-04-21T15:27:29.904+0000] {processor.py:183} INFO - Processing /home/airflow/.local/lib/python3.8/site-packages/airflow/example_dags/example_branch_operator_decorator.py took 0.069 seconds
[2024-04-21T15:28:00.844+0000] {processor.py:161} INFO - Started process (PID=194) to work on /home/airflow/.local/lib/python3.8/site-packages/airflow/example_dags/example_branch_operator_decorator.py
[2024-04-21T15:28:00.846+0000] {processor.py:830} INFO - Processing file /home/airflow/.local/lib/python3.8/site-packages/airflow/example_dags/example_branch_operator_decorator.py for tasks to queue
[2024-04-21T15:28:00.848+0000] {logging_mixin.py:188} INFO - [2024-04-21T15:28:00.848+0000] {dagbag.py:540} INFO - Filling up the DagBag from /home/airflow/.local/lib/python3.8/site-packages/airflow/example_dags/example_branch_operator_decorator.py
[2024-04-21T15:28:00.869+0000] {processor.py:840} INFO - DAG(s) 'example_branch_python_operator_decorator' retrieved from /home/airflow/.local/lib/python3.8/site-packages/airflow/example_dags/example_branch_operator_decorator.py
[2024-04-21T15:28:00.900+0000] {logging_mixin.py:188} INFO - [2024-04-21T15:28:00.900+0000] {dag.py:3047} INFO - Sync 1 DAGs
[2024-04-21T15:28:00.925+0000] {logging_mixin.py:188} INFO - [2024-04-21T15:28:00.925+0000] {dag.py:3834} INFO - Setting next_dagrun for example_branch_python_operator_decorator to 2024-04-20 00:00:00+00:00, run_after=2024-04-21 00:00:00+00:00
[2024-04-21T15:28:00.950+0000] {processor.py:183} INFO - Processing /home/airflow/.local/lib/python3.8/site-packages/airflow/example_dags/example_branch_operator_decorator.py took 0.111 seconds
[2024-04-21T15:28:31.895+0000] {processor.py:161} INFO - Started process (PID=249) to work on /home/airflow/.local/lib/python3.8/site-packages/airflow/example_dags/example_branch_operator_decorator.py
[2024-04-21T15:28:31.896+0000] {processor.py:830} INFO - Processing file /home/airflow/.local/lib/python3.8/site-packages/airflow/example_dags/example_branch_operator_decorator.py for tasks to queue
[2024-04-21T15:28:31.900+0000] {logging_mixin.py:188} INFO - [2024-04-21T15:28:31.900+0000] {dagbag.py:540} INFO - Filling up the DagBag from /home/airflow/.local/lib/python3.8/site-packages/airflow/example_dags/example_branch_operator_decorator.py
[2024-04-21T15:28:31.918+0000] {processor.py:840} INFO - DAG(s) 'example_branch_python_operator_decorator' retrieved from /home/airflow/.local/lib/python3.8/site-packages/airflow/example_dags/example_branch_operator_decorator.py
[2024-04-21T15:28:31.942+0000] {logging_mixin.py:188} INFO - [2024-04-21T15:28:31.942+0000] {dag.py:3047} INFO - Sync 1 DAGs
[2024-04-21T15:28:31.968+0000] {logging_mixin.py:188} INFO - [2024-04-21T15:28:31.968+0000] {dag.py:3834} INFO - Setting next_dagrun for example_branch_python_operator_decorator to 2024-04-20 00:00:00+00:00, run_after=2024-04-21 00:00:00+00:00
[2024-04-21T15:28:31.993+0000] {processor.py:183} INFO - Processing /home/airflow/.local/lib/python3.8/site-packages/airflow/example_dags/example_branch_operator_decorator.py took 0.100 seconds
[2024-04-21T15:29:02.758+0000] {processor.py:161} INFO - Started process (PID=304) to work on /home/airflow/.local/lib/python3.8/site-packages/airflow/example_dags/example_branch_operator_decorator.py
[2024-04-21T15:29:02.760+0000] {processor.py:830} INFO - Processing file /home/airflow/.local/lib/python3.8/site-packages/airflow/example_dags/example_branch_operator_decorator.py for tasks to queue
[2024-04-21T15:29:02.764+0000] {logging_mixin.py:188} INFO - [2024-04-21T15:29:02.763+0000] {dagbag.py:540} INFO - Filling up the DagBag from /home/airflow/.local/lib/python3.8/site-packages/airflow/example_dags/example_branch_operator_decorator.py
[2024-04-21T15:29:02.797+0000] {processor.py:840} INFO - DAG(s) 'example_branch_python_operator_decorator' retrieved from /home/airflow/.local/lib/python3.8/site-packages/airflow/example_dags/example_branch_operator_decorator.py
[2024-04-21T15:29:02.831+0000] {logging_mixin.py:188} INFO - [2024-04-21T15:29:02.831+0000] {dag.py:3047} INFO - Sync 1 DAGs
[2024-04-21T15:29:02.855+0000] {logging_mixin.py:188} INFO - [2024-04-21T15:29:02.855+0000] {dag.py:3834} INFO - Setting next_dagrun for example_branch_python_operator_decorator to 2024-04-20 00:00:00+00:00, run_after=2024-04-21 00:00:00+00:00
[2024-04-21T15:29:02.876+0000] {processor.py:183} INFO - Processing /home/airflow/.local/lib/python3.8/site-packages/airflow/example_dags/example_branch_operator_decorator.py took 0.122 seconds
[2024-04-21T15:29:33.273+0000] {processor.py:161} INFO - Started process (PID=359) to work on /home/airflow/.local/lib/python3.8/site-packages/airflow/example_dags/example_branch_operator_decorator.py
[2024-04-21T15:29:33.274+0000] {processor.py:830} INFO - Processing file /home/airflow/.local/lib/python3.8/site-packages/airflow/example_dags/example_branch_operator_decorator.py for tasks to queue
[2024-04-21T15:29:33.277+0000] {logging_mixin.py:188} INFO - [2024-04-21T15:29:33.277+0000] {dagbag.py:540} INFO - Filling up the DagBag from /home/airflow/.local/lib/python3.8/site-packages/airflow/example_dags/example_branch_operator_decorator.py
[2024-04-21T15:29:33.293+0000] {processor.py:840} INFO - DAG(s) 'example_branch_python_operator_decorator' retrieved from /home/airflow/.local/lib/python3.8/site-packages/airflow/example_dags/example_branch_operator_decorator.py
[2024-04-21T15:29:33.314+0000] {logging_mixin.py:188} INFO - [2024-04-21T15:29:33.313+0000] {dag.py:3047} INFO - Sync 1 DAGs
[2024-04-21T15:29:33.330+0000] {logging_mixin.py:188} INFO - [2024-04-21T15:29:33.330+0000] {dag.py:3834} INFO - Setting next_dagrun for example_branch_python_operator_decorator to 2024-04-20 00:00:00+00:00, run_after=2024-04-21 00:00:00+00:00
[2024-04-21T15:29:33.347+0000] {processor.py:183} INFO - Processing /home/airflow/.local/lib/python3.8/site-packages/airflow/example_dags/example_branch_operator_decorator.py took 0.076 seconds
[2024-04-21T15:30:03.944+0000] {processor.py:161} INFO - Started process (PID=414) to work on /home/airflow/.local/lib/python3.8/site-packages/airflow/example_dags/example_branch_operator_decorator.py
[2024-04-21T15:30:03.945+0000] {processor.py:830} INFO - Processing file /home/airflow/.local/lib/python3.8/site-packages/airflow/example_dags/example_branch_operator_decorator.py for tasks to queue
[2024-04-21T15:30:03.947+0000] {logging_mixin.py:188} INFO - [2024-04-21T15:30:03.947+0000] {dagbag.py:540} INFO - Filling up the DagBag from /home/airflow/.local/lib/python3.8/site-packages/airflow/example_dags/example_branch_operator_decorator.py
[2024-04-21T15:30:03.962+0000] {processor.py:840} INFO - DAG(s) 'example_branch_python_operator_decorator' retrieved from /home/airflow/.local/lib/python3.8/site-packages/airflow/example_dags/example_branch_operator_decorator.py
[2024-04-21T15:30:03.983+0000] {logging_mixin.py:188} INFO - [2024-04-21T15:30:03.983+0000] {dag.py:3047} INFO - Sync 1 DAGs
[2024-04-21T15:30:04.002+0000] {logging_mixin.py:188} INFO - [2024-04-21T15:30:04.002+0000] {dag.py:3834} INFO - Setting next_dagrun for example_branch_python_operator_decorator to 2024-04-20 00:00:00+00:00, run_after=2024-04-21 00:00:00+00:00
[2024-04-21T15:30:04.024+0000] {processor.py:183} INFO - Processing /home/airflow/.local/lib/python3.8/site-packages/airflow/example_dags/example_branch_operator_decorator.py took 0.083 seconds
[2024-04-21T15:30:34.325+0000] {processor.py:161} INFO - Started process (PID=469) to work on /home/airflow/.local/lib/python3.8/site-packages/airflow/example_dags/example_branch_operator_decorator.py
[2024-04-21T15:30:34.326+0000] {processor.py:830} INFO - Processing file /home/airflow/.local/lib/python3.8/site-packages/airflow/example_dags/example_branch_operator_decorator.py for tasks to queue
[2024-04-21T15:30:34.328+0000] {logging_mixin.py:188} INFO - [2024-04-21T15:30:34.327+0000] {dagbag.py:540} INFO - Filling up the DagBag from /home/airflow/.local/lib/python3.8/site-packages/airflow/example_dags/example_branch_operator_decorator.py
[2024-04-21T15:30:34.348+0000] {processor.py:840} INFO - DAG(s) 'example_branch_python_operator_decorator' retrieved from /home/airflow/.local/lib/python3.8/site-packages/airflow/example_dags/example_branch_operator_decorator.py
[2024-04-21T15:30:34.374+0000] {logging_mixin.py:188} INFO - [2024-04-21T15:30:34.373+0000] {dag.py:3047} INFO - Sync 1 DAGs
[2024-04-21T15:30:34.395+0000] {logging_mixin.py:188} INFO - [2024-04-21T15:30:34.395+0000] {dag.py:3834} INFO - Setting next_dagrun for example_branch_python_operator_decorator to 2024-04-20 00:00:00+00:00, run_after=2024-04-21 00:00:00+00:00
[2024-04-21T15:30:34.415+0000] {processor.py:183} INFO - Processing /home/airflow/.local/lib/python3.8/site-packages/airflow/example_dags/example_branch_operator_decorator.py took 0.093 seconds
[2024-04-21T15:31:04.504+0000] {processor.py:161} INFO - Started process (PID=524) to work on /home/airflow/.local/lib/python3.8/site-packages/airflow/example_dags/example_branch_operator_decorator.py
[2024-04-21T15:31:04.505+0000] {processor.py:830} INFO - Processing file /home/airflow/.local/lib/python3.8/site-packages/airflow/example_dags/example_branch_operator_decorator.py for tasks to queue
[2024-04-21T15:31:04.507+0000] {logging_mixin.py:188} INFO - [2024-04-21T15:31:04.507+0000] {dagbag.py:540} INFO - Filling up the DagBag from /home/airflow/.local/lib/python3.8/site-packages/airflow/example_dags/example_branch_operator_decorator.py
[2024-04-21T15:31:04.524+0000] {processor.py:840} INFO - DAG(s) 'example_branch_python_operator_decorator' retrieved from /home/airflow/.local/lib/python3.8/site-packages/airflow/example_dags/example_branch_operator_decorator.py
[2024-04-21T15:31:04.550+0000] {logging_mixin.py:188} INFO - [2024-04-21T15:31:04.550+0000] {dag.py:3047} INFO - Sync 1 DAGs
[2024-04-21T15:31:04.566+0000] {logging_mixin.py:188} INFO - [2024-04-21T15:31:04.566+0000] {dag.py:3834} INFO - Setting next_dagrun for example_branch_python_operator_decorator to 2024-04-20 00:00:00+00:00, run_after=2024-04-21 00:00:00+00:00
[2024-04-21T15:31:04.582+0000] {processor.py:183} INFO - Processing /home/airflow/.local/lib/python3.8/site-packages/airflow/example_dags/example_branch_operator_decorator.py took 0.081 seconds
[2024-04-21T15:31:35.413+0000] {processor.py:161} INFO - Started process (PID=579) to work on /home/airflow/.local/lib/python3.8/site-packages/airflow/example_dags/example_branch_operator_decorator.py
[2024-04-21T15:31:35.415+0000] {processor.py:830} INFO - Processing file /home/airflow/.local/lib/python3.8/site-packages/airflow/example_dags/example_branch_operator_decorator.py for tasks to queue
[2024-04-21T15:31:35.417+0000] {logging_mixin.py:188} INFO - [2024-04-21T15:31:35.417+0000] {dagbag.py:540} INFO - Filling up the DagBag from /home/airflow/.local/lib/python3.8/site-packages/airflow/example_dags/example_branch_operator_decorator.py
[2024-04-21T15:31:35.437+0000] {processor.py:840} INFO - DAG(s) 'example_branch_python_operator_decorator' retrieved from /home/airflow/.local/lib/python3.8/site-packages/airflow/example_dags/example_branch_operator_decorator.py
[2024-04-21T15:31:35.466+0000] {logging_mixin.py:188} INFO - [2024-04-21T15:31:35.466+0000] {dag.py:3047} INFO - Sync 1 DAGs
[2024-04-21T15:31:35.484+0000] {logging_mixin.py:188} INFO - [2024-04-21T15:31:35.484+0000] {dag.py:3834} INFO - Setting next_dagrun for example_branch_python_operator_decorator to 2024-04-20 00:00:00+00:00, run_after=2024-04-21 00:00:00+00:00
[2024-04-21T15:31:35.506+0000] {processor.py:183} INFO - Processing /home/airflow/.local/lib/python3.8/site-packages/airflow/example_dags/example_branch_operator_decorator.py took 0.096 seconds
[2024-04-21T15:32:05.831+0000] {processor.py:161} INFO - Started process (PID=634) to work on /home/airflow/.local/lib/python3.8/site-packages/airflow/example_dags/example_branch_operator_decorator.py
[2024-04-21T15:32:05.833+0000] {processor.py:830} INFO - Processing file /home/airflow/.local/lib/python3.8/site-packages/airflow/example_dags/example_branch_operator_decorator.py for tasks to queue
[2024-04-21T15:32:05.835+0000] {logging_mixin.py:188} INFO - [2024-04-21T15:32:05.835+0000] {dagbag.py:540} INFO - Filling up the DagBag from /home/airflow/.local/lib/python3.8/site-packages/airflow/example_dags/example_branch_operator_decorator.py
[2024-04-21T15:32:05.856+0000] {processor.py:840} INFO - DAG(s) 'example_branch_python_operator_decorator' retrieved from /home/airflow/.local/lib/python3.8/site-packages/airflow/example_dags/example_branch_operator_decorator.py
[2024-04-21T15:32:05.878+0000] {logging_mixin.py:188} INFO - [2024-04-21T15:32:05.878+0000] {dag.py:3047} INFO - Sync 1 DAGs
[2024-04-21T15:32:05.893+0000] {logging_mixin.py:188} INFO - [2024-04-21T15:32:05.893+0000] {dag.py:3834} INFO - Setting next_dagrun for example_branch_python_operator_decorator to 2024-04-20 00:00:00+00:00, run_after=2024-04-21 00:00:00+00:00
[2024-04-21T15:32:05.909+0000] {processor.py:183} INFO - Processing /home/airflow/.local/lib/python3.8/site-packages/airflow/example_dags/example_branch_operator_decorator.py took 0.082 seconds
[2024-04-21T15:32:36.502+0000] {processor.py:161} INFO - Started process (PID=689) to work on /home/airflow/.local/lib/python3.8/site-packages/airflow/example_dags/example_branch_operator_decorator.py
[2024-04-21T15:32:36.504+0000] {processor.py:830} INFO - Processing file /home/airflow/.local/lib/python3.8/site-packages/airflow/example_dags/example_branch_operator_decorator.py for tasks to queue
[2024-04-21T15:32:36.505+0000] {logging_mixin.py:188} INFO - [2024-04-21T15:32:36.505+0000] {dagbag.py:540} INFO - Filling up the DagBag from /home/airflow/.local/lib/python3.8/site-packages/airflow/example_dags/example_branch_operator_decorator.py
[2024-04-21T15:32:36.520+0000] {processor.py:840} INFO - DAG(s) 'example_branch_python_operator_decorator' retrieved from /home/airflow/.local/lib/python3.8/site-packages/airflow/example_dags/example_branch_operator_decorator.py
[2024-04-21T15:32:36.539+0000] {logging_mixin.py:188} INFO - [2024-04-21T15:32:36.539+0000] {dag.py:3047} INFO - Sync 1 DAGs
[2024-04-21T15:32:36.554+0000] {logging_mixin.py:188} INFO - [2024-04-21T15:32:36.554+0000] {dag.py:3834} INFO - Setting next_dagrun for example_branch_python_operator_decorator to 2024-04-20 00:00:00+00:00, run_after=2024-04-21 00:00:00+00:00
[2024-04-21T15:32:36.568+0000] {processor.py:183} INFO - Processing /home/airflow/.local/lib/python3.8/site-packages/airflow/example_dags/example_branch_operator_decorator.py took 0.068 seconds
[2024-04-21T15:33:06.926+0000] {processor.py:161} INFO - Started process (PID=744) to work on /home/airflow/.local/lib/python3.8/site-packages/airflow/example_dags/example_branch_operator_decorator.py
[2024-04-21T15:33:06.927+0000] {processor.py:830} INFO - Processing file /home/airflow/.local/lib/python3.8/site-packages/airflow/example_dags/example_branch_operator_decorator.py for tasks to queue
[2024-04-21T15:33:06.929+0000] {logging_mixin.py:188} INFO - [2024-04-21T15:33:06.929+0000] {dagbag.py:540} INFO - Filling up the DagBag from /home/airflow/.local/lib/python3.8/site-packages/airflow/example_dags/example_branch_operator_decorator.py
[2024-04-21T15:33:06.945+0000] {processor.py:840} INFO - DAG(s) 'example_branch_python_operator_decorator' retrieved from /home/airflow/.local/lib/python3.8/site-packages/airflow/example_dags/example_branch_operator_decorator.py
[2024-04-21T15:33:06.966+0000] {logging_mixin.py:188} INFO - [2024-04-21T15:33:06.965+0000] {dag.py:3047} INFO - Sync 1 DAGs
[2024-04-21T15:33:06.981+0000] {logging_mixin.py:188} INFO - [2024-04-21T15:33:06.981+0000] {dag.py:3834} INFO - Setting next_dagrun for example_branch_python_operator_decorator to 2024-04-20 00:00:00+00:00, run_after=2024-04-21 00:00:00+00:00
[2024-04-21T15:33:06.998+0000] {processor.py:183} INFO - Processing /home/airflow/.local/lib/python3.8/site-packages/airflow/example_dags/example_branch_operator_decorator.py took 0.075 seconds
[2024-04-21T15:33:38.176+0000] {processor.py:161} INFO - Started process (PID=799) to work on /home/airflow/.local/lib/python3.8/site-packages/airflow/example_dags/example_branch_operator_decorator.py
[2024-04-21T15:33:38.179+0000] {processor.py:830} INFO - Processing file /home/airflow/.local/lib/python3.8/site-packages/airflow/example_dags/example_branch_operator_decorator.py for tasks to queue
[2024-04-21T15:33:38.185+0000] {logging_mixin.py:188} INFO - [2024-04-21T15:33:38.184+0000] {dagbag.py:540} INFO - Filling up the DagBag from /home/airflow/.local/lib/python3.8/site-packages/airflow/example_dags/example_branch_operator_decorator.py
[2024-04-21T15:33:38.254+0000] {processor.py:840} INFO - DAG(s) 'example_branch_python_operator_decorator' retrieved from /home/airflow/.local/lib/python3.8/site-packages/airflow/example_dags/example_branch_operator_decorator.py
[2024-04-21T15:33:38.317+0000] {logging_mixin.py:188} INFO - [2024-04-21T15:33:38.316+0000] {dag.py:3047} INFO - Sync 1 DAGs
[2024-04-21T15:33:38.357+0000] {logging_mixin.py:188} INFO - [2024-04-21T15:33:38.357+0000] {dag.py:3834} INFO - Setting next_dagrun for example_branch_python_operator_decorator to 2024-04-20 00:00:00+00:00, run_after=2024-04-21 00:00:00+00:00
[2024-04-21T15:33:38.391+0000] {processor.py:183} INFO - Processing /home/airflow/.local/lib/python3.8/site-packages/airflow/example_dags/example_branch_operator_decorator.py took 0.223 seconds
[2024-04-21T15:34:08.570+0000] {processor.py:161} INFO - Started process (PID=855) to work on /home/airflow/.local/lib/python3.8/site-packages/airflow/example_dags/example_branch_operator_decorator.py
[2024-04-21T15:34:08.571+0000] {processor.py:830} INFO - Processing file /home/airflow/.local/lib/python3.8/site-packages/airflow/example_dags/example_branch_operator_decorator.py for tasks to queue
[2024-04-21T15:34:08.575+0000] {logging_mixin.py:188} INFO - [2024-04-21T15:34:08.575+0000] {dagbag.py:540} INFO - Filling up the DagBag from /home/airflow/.local/lib/python3.8/site-packages/airflow/example_dags/example_branch_operator_decorator.py
[2024-04-21T15:34:08.596+0000] {processor.py:840} INFO - DAG(s) 'example_branch_python_operator_decorator' retrieved from /home/airflow/.local/lib/python3.8/site-packages/airflow/example_dags/example_branch_operator_decorator.py
[2024-04-21T15:34:08.623+0000] {logging_mixin.py:188} INFO - [2024-04-21T15:34:08.623+0000] {dag.py:3047} INFO - Sync 1 DAGs
[2024-04-21T15:34:08.646+0000] {logging_mixin.py:188} INFO - [2024-04-21T15:34:08.646+0000] {dag.py:3834} INFO - Setting next_dagrun for example_branch_python_operator_decorator to 2024-04-20 00:00:00+00:00, run_after=2024-04-21 00:00:00+00:00
[2024-04-21T15:34:08.668+0000] {processor.py:183} INFO - Processing /home/airflow/.local/lib/python3.8/site-packages/airflow/example_dags/example_branch_operator_decorator.py took 0.102 seconds
[2024-04-21T15:34:39.292+0000] {processor.py:161} INFO - Started process (PID=909) to work on /home/airflow/.local/lib/python3.8/site-packages/airflow/example_dags/example_branch_operator_decorator.py
[2024-04-21T15:34:39.295+0000] {processor.py:830} INFO - Processing file /home/airflow/.local/lib/python3.8/site-packages/airflow/example_dags/example_branch_operator_decorator.py for tasks to queue
[2024-04-21T15:34:39.300+0000] {logging_mixin.py:188} INFO - [2024-04-21T15:34:39.299+0000] {dagbag.py:540} INFO - Filling up the DagBag from /home/airflow/.local/lib/python3.8/site-packages/airflow/example_dags/example_branch_operator_decorator.py
[2024-04-21T15:34:39.346+0000] {processor.py:840} INFO - DAG(s) 'example_branch_python_operator_decorator' retrieved from /home/airflow/.local/lib/python3.8/site-packages/airflow/example_dags/example_branch_operator_decorator.py
[2024-04-21T15:34:39.403+0000] {logging_mixin.py:188} INFO - [2024-04-21T15:34:39.403+0000] {dag.py:3047} INFO - Sync 1 DAGs
[2024-04-21T15:34:39.424+0000] {logging_mixin.py:188} INFO - [2024-04-21T15:34:39.423+0000] {dag.py:3834} INFO - Setting next_dagrun for example_branch_python_operator_decorator to 2024-04-20 00:00:00+00:00, run_after=2024-04-21 00:00:00+00:00
[2024-04-21T15:34:39.447+0000] {processor.py:183} INFO - Processing /home/airflow/.local/lib/python3.8/site-packages/airflow/example_dags/example_branch_operator_decorator.py took 0.162 seconds
[2024-04-21T15:35:10.503+0000] {processor.py:161} INFO - Started process (PID=964) to work on /home/airflow/.local/lib/python3.8/site-packages/airflow/example_dags/example_branch_operator_decorator.py
[2024-04-21T15:35:10.505+0000] {processor.py:830} INFO - Processing file /home/airflow/.local/lib/python3.8/site-packages/airflow/example_dags/example_branch_operator_decorator.py for tasks to queue
[2024-04-21T15:35:10.507+0000] {logging_mixin.py:188} INFO - [2024-04-21T15:35:10.506+0000] {dagbag.py:540} INFO - Filling up the DagBag from /home/airflow/.local/lib/python3.8/site-packages/airflow/example_dags/example_branch_operator_decorator.py
[2024-04-21T15:35:10.533+0000] {processor.py:840} INFO - DAG(s) 'example_branch_python_operator_decorator' retrieved from /home/airflow/.local/lib/python3.8/site-packages/airflow/example_dags/example_branch_operator_decorator.py
[2024-04-21T15:35:10.566+0000] {logging_mixin.py:188} INFO - [2024-04-21T15:35:10.566+0000] {dag.py:3047} INFO - Sync 1 DAGs
[2024-04-21T15:35:10.596+0000] {logging_mixin.py:188} INFO - [2024-04-21T15:35:10.596+0000] {dag.py:3834} INFO - Setting next_dagrun for example_branch_python_operator_decorator to 2024-04-20 00:00:00+00:00, run_after=2024-04-21 00:00:00+00:00
[2024-04-21T15:35:10.624+0000] {processor.py:183} INFO - Processing /home/airflow/.local/lib/python3.8/site-packages/airflow/example_dags/example_branch_operator_decorator.py took 0.124 seconds
[2024-04-21T15:36:00.305+0000] {processor.py:161} INFO - Started process (PID=1019) to work on /home/airflow/.local/lib/python3.8/site-packages/airflow/example_dags/example_branch_operator_decorator.py
[2024-04-21T15:36:00.318+0000] {processor.py:830} INFO - Processing file /home/airflow/.local/lib/python3.8/site-packages/airflow/example_dags/example_branch_operator_decorator.py for tasks to queue
[2024-04-21T15:36:00.327+0000] {logging_mixin.py:188} INFO - [2024-04-21T15:36:00.326+0000] {dagbag.py:540} INFO - Filling up the DagBag from /home/airflow/.local/lib/python3.8/site-packages/airflow/example_dags/example_branch_operator_decorator.py
[2024-04-21T15:36:00.601+0000] {processor.py:840} INFO - DAG(s) 'example_branch_python_operator_decorator' retrieved from /home/airflow/.local/lib/python3.8/site-packages/airflow/example_dags/example_branch_operator_decorator.py
[2024-04-21T15:36:00.774+0000] {logging_mixin.py:188} INFO - [2024-04-21T15:36:00.772+0000] {dag.py:3047} INFO - Sync 1 DAGs
[2024-04-21T15:36:01.046+0000] {logging_mixin.py:188} INFO - [2024-04-21T15:36:01.045+0000] {dag.py:3834} INFO - Setting next_dagrun for example_branch_python_operator_decorator to 2024-04-20 00:00:00+00:00, run_after=2024-04-21 00:00:00+00:00
[2024-04-21T15:36:01.219+0000] {processor.py:183} INFO - Processing /home/airflow/.local/lib/python3.8/site-packages/airflow/example_dags/example_branch_operator_decorator.py took 0.933 seconds
