[2024-04-21T15:26:51.150+0000] {processor.py:161} INFO - Started process (PID=43) to work on /home/airflow/.local/lib/python3.8/site-packages/airflow/example_dags/example_datasets.py
[2024-04-21T15:26:51.153+0000] {processor.py:830} INFO - Processing file /home/airflow/.local/lib/python3.8/site-packages/airflow/example_dags/example_datasets.py for tasks to queue
[2024-04-21T15:26:51.157+0000] {logging_mixin.py:188} INFO - [2024-04-21T15:26:51.156+0000] {dagbag.py:540} INFO - Filling up the DagBag from /home/airflow/.local/lib/python3.8/site-packages/airflow/example_dags/example_datasets.py
[2024-04-21T15:26:51.175+0000] {processor.py:840} INFO - DAG(s) 'dataset_consumes_1_never_scheduled', 'dataset_consumes_1_and_2', 'dataset_consumes_unknown_never_scheduled', 'dataset_produces_1', 'dataset_consumes_1', 'dataset_produces_2' retrieved from /home/airflow/.local/lib/python3.8/site-packages/airflow/example_dags/example_datasets.py
[2024-04-21T15:26:51.368+0000] {logging_mixin.py:188} INFO - [2024-04-21T15:26:51.367+0000] {override.py:1769} INFO - Created Permission View: can delete on DAG:dataset_consumes_1_never_scheduled
[2024-04-21T15:26:51.392+0000] {logging_mixin.py:188} INFO - [2024-04-21T15:26:51.391+0000] {override.py:1769} INFO - Created Permission View: can read on DAG:dataset_consumes_1_never_scheduled
[2024-04-21T15:26:51.411+0000] {logging_mixin.py:188} INFO - [2024-04-21T15:26:51.410+0000] {override.py:1769} INFO - Created Permission View: can edit on DAG:dataset_consumes_1_never_scheduled
[2024-04-21T15:26:51.441+0000] {logging_mixin.py:188} INFO - [2024-04-21T15:26:51.440+0000] {override.py:1769} INFO - Created Permission View: can delete on DAG:dataset_consumes_1_and_2
[2024-04-21T15:26:51.458+0000] {logging_mixin.py:188} INFO - [2024-04-21T15:26:51.457+0000] {override.py:1769} INFO - Created Permission View: can read on DAG:dataset_consumes_1_and_2
[2024-04-21T15:26:51.475+0000] {logging_mixin.py:188} INFO - [2024-04-21T15:26:51.474+0000] {override.py:1769} INFO - Created Permission View: can edit on DAG:dataset_consumes_1_and_2
[2024-04-21T15:26:51.509+0000] {logging_mixin.py:188} INFO - [2024-04-21T15:26:51.508+0000] {override.py:1769} INFO - Created Permission View: can delete on DAG:dataset_consumes_unknown_never_scheduled
[2024-04-21T15:26:51.525+0000] {logging_mixin.py:188} INFO - [2024-04-21T15:26:51.524+0000] {override.py:1769} INFO - Created Permission View: can read on DAG:dataset_consumes_unknown_never_scheduled
[2024-04-21T15:26:51.543+0000] {logging_mixin.py:188} INFO - [2024-04-21T15:26:51.542+0000] {override.py:1769} INFO - Created Permission View: can edit on DAG:dataset_consumes_unknown_never_scheduled
[2024-04-21T15:26:51.571+0000] {logging_mixin.py:188} INFO - [2024-04-21T15:26:51.571+0000] {override.py:1769} INFO - Created Permission View: can delete on DAG:dataset_produces_1
[2024-04-21T15:26:51.589+0000] {logging_mixin.py:188} INFO - [2024-04-21T15:26:51.588+0000] {override.py:1769} INFO - Created Permission View: can read on DAG:dataset_produces_1
[2024-04-21T15:26:51.605+0000] {logging_mixin.py:188} INFO - [2024-04-21T15:26:51.604+0000] {override.py:1769} INFO - Created Permission View: can edit on DAG:dataset_produces_1
[2024-04-21T15:26:51.635+0000] {logging_mixin.py:188} INFO - [2024-04-21T15:26:51.635+0000] {override.py:1769} INFO - Created Permission View: can delete on DAG:dataset_consumes_1
[2024-04-21T15:26:51.654+0000] {logging_mixin.py:188} INFO - [2024-04-21T15:26:51.653+0000] {override.py:1769} INFO - Created Permission View: can read on DAG:dataset_consumes_1
[2024-04-21T15:26:51.673+0000] {logging_mixin.py:188} INFO - [2024-04-21T15:26:51.672+0000] {override.py:1769} INFO - Created Permission View: can edit on DAG:dataset_consumes_1
[2024-04-21T15:26:51.707+0000] {logging_mixin.py:188} INFO - [2024-04-21T15:26:51.706+0000] {override.py:1769} INFO - Created Permission View: can delete on DAG:dataset_produces_2
[2024-04-21T15:26:51.723+0000] {logging_mixin.py:188} INFO - [2024-04-21T15:26:51.722+0000] {override.py:1769} INFO - Created Permission View: can read on DAG:dataset_produces_2
[2024-04-21T15:26:51.757+0000] {logging_mixin.py:188} INFO - [2024-04-21T15:26:51.757+0000] {override.py:1769} INFO - Created Permission View: can edit on DAG:dataset_produces_2
[2024-04-21T15:26:51.762+0000] {logging_mixin.py:188} INFO - [2024-04-21T15:26:51.762+0000] {dag.py:3047} INFO - Sync 6 DAGs
[2024-04-21T15:26:51.786+0000] {logging_mixin.py:188} INFO - [2024-04-21T15:26:51.785+0000] {dag.py:3069} INFO - Creating ORM DAG for dataset_consumes_unknown_never_scheduled
[2024-04-21T15:26:51.789+0000] {logging_mixin.py:188} INFO - [2024-04-21T15:26:51.788+0000] {dag.py:3069} INFO - Creating ORM DAG for dataset_consumes_1_and_2
[2024-04-21T15:26:51.791+0000] {logging_mixin.py:188} INFO - [2024-04-21T15:26:51.791+0000] {dag.py:3069} INFO - Creating ORM DAG for dataset_produces_1
[2024-04-21T15:26:51.797+0000] {logging_mixin.py:188} INFO - [2024-04-21T15:26:51.796+0000] {dag.py:3069} INFO - Creating ORM DAG for dataset_produces_2
[2024-04-21T15:26:51.799+0000] {logging_mixin.py:188} INFO - [2024-04-21T15:26:51.799+0000] {dag.py:3069} INFO - Creating ORM DAG for dataset_consumes_1_never_scheduled
[2024-04-21T15:26:51.802+0000] {logging_mixin.py:188} INFO - [2024-04-21T15:26:51.802+0000] {dag.py:3069} INFO - Creating ORM DAG for dataset_consumes_1
[2024-04-21T15:26:51.820+0000] {logging_mixin.py:188} INFO - [2024-04-21T15:26:51.820+0000] {dag.py:3834} INFO - Setting next_dagrun for dataset_consumes_1 to None, run_after=None
[2024-04-21T15:26:51.823+0000] {logging_mixin.py:188} INFO - [2024-04-21T15:26:51.822+0000] {dag.py:3834} INFO - Setting next_dagrun for dataset_consumes_1_and_2 to None, run_after=None
[2024-04-21T15:26:51.825+0000] {logging_mixin.py:188} INFO - [2024-04-21T15:26:51.825+0000] {dag.py:3834} INFO - Setting next_dagrun for dataset_consumes_1_never_scheduled to None, run_after=None
[2024-04-21T15:26:51.828+0000] {logging_mixin.py:188} INFO - [2024-04-21T15:26:51.827+0000] {dag.py:3834} INFO - Setting next_dagrun for dataset_consumes_unknown_never_scheduled to None, run_after=None
[2024-04-21T15:26:51.835+0000] {logging_mixin.py:188} INFO - [2024-04-21T15:26:51.833+0000] {dag.py:3834} INFO - Setting next_dagrun for dataset_produces_1 to 2024-04-20 00:00:00+00:00, run_after=2024-04-21 00:00:00+00:00
[2024-04-21T15:26:51.837+0000] {logging_mixin.py:188} INFO - [2024-04-21T15:26:51.836+0000] {dag.py:3834} INFO - Setting next_dagrun for dataset_produces_2 to None, run_after=None
[2024-04-21T15:26:51.942+0000] {processor.py:183} INFO - Processing /home/airflow/.local/lib/python3.8/site-packages/airflow/example_dags/example_datasets.py took 0.797 seconds
[2024-04-21T15:27:22.235+0000] {processor.py:161} INFO - Started process (PID=98) to work on /home/airflow/.local/lib/python3.8/site-packages/airflow/example_dags/example_datasets.py
[2024-04-21T15:27:22.237+0000] {processor.py:830} INFO - Processing file /home/airflow/.local/lib/python3.8/site-packages/airflow/example_dags/example_datasets.py for tasks to queue
[2024-04-21T15:27:22.239+0000] {logging_mixin.py:188} INFO - [2024-04-21T15:27:22.238+0000] {dagbag.py:540} INFO - Filling up the DagBag from /home/airflow/.local/lib/python3.8/site-packages/airflow/example_dags/example_datasets.py
[2024-04-21T15:27:22.245+0000] {processor.py:840} INFO - DAG(s) 'dataset_consumes_1_and_2', 'dataset_consumes_1', 'dataset_produces_1', 'dataset_consumes_unknown_never_scheduled', 'dataset_consumes_1_never_scheduled', 'dataset_produces_2' retrieved from /home/airflow/.local/lib/python3.8/site-packages/airflow/example_dags/example_datasets.py
[2024-04-21T15:27:22.281+0000] {logging_mixin.py:188} INFO - [2024-04-21T15:27:22.280+0000] {dag.py:3047} INFO - Sync 6 DAGs
[2024-04-21T15:27:22.302+0000] {logging_mixin.py:188} INFO - [2024-04-21T15:27:22.302+0000] {dag.py:3834} INFO - Setting next_dagrun for dataset_consumes_1 to None, run_after=None
[2024-04-21T15:27:22.306+0000] {logging_mixin.py:188} INFO - [2024-04-21T15:27:22.306+0000] {dag.py:3834} INFO - Setting next_dagrun for dataset_consumes_1_and_2 to None, run_after=None
[2024-04-21T15:27:22.308+0000] {logging_mixin.py:188} INFO - [2024-04-21T15:27:22.308+0000] {dag.py:3834} INFO - Setting next_dagrun for dataset_consumes_1_never_scheduled to None, run_after=None
[2024-04-21T15:27:22.310+0000] {logging_mixin.py:188} INFO - [2024-04-21T15:27:22.309+0000] {dag.py:3834} INFO - Setting next_dagrun for dataset_consumes_unknown_never_scheduled to None, run_after=None
[2024-04-21T15:27:22.312+0000] {logging_mixin.py:188} INFO - [2024-04-21T15:27:22.311+0000] {dag.py:3834} INFO - Setting next_dagrun for dataset_produces_1 to 2024-04-20 00:00:00+00:00, run_after=2024-04-21 00:00:00+00:00
[2024-04-21T15:27:22.313+0000] {logging_mixin.py:188} INFO - [2024-04-21T15:27:22.313+0000] {dag.py:3834} INFO - Setting next_dagrun for dataset_produces_2 to None, run_after=None
[2024-04-21T15:27:22.339+0000] {processor.py:183} INFO - Processing /home/airflow/.local/lib/python3.8/site-packages/airflow/example_dags/example_datasets.py took 0.106 seconds
[2024-04-21T15:27:52.758+0000] {processor.py:161} INFO - Started process (PID=153) to work on /home/airflow/.local/lib/python3.8/site-packages/airflow/example_dags/example_datasets.py
[2024-04-21T15:27:52.761+0000] {processor.py:830} INFO - Processing file /home/airflow/.local/lib/python3.8/site-packages/airflow/example_dags/example_datasets.py for tasks to queue
[2024-04-21T15:27:52.763+0000] {logging_mixin.py:188} INFO - [2024-04-21T15:27:52.763+0000] {dagbag.py:540} INFO - Filling up the DagBag from /home/airflow/.local/lib/python3.8/site-packages/airflow/example_dags/example_datasets.py
[2024-04-21T15:27:52.773+0000] {processor.py:840} INFO - DAG(s) 'dataset_produces_1', 'dataset_produces_2', 'dataset_consumes_1_and_2', 'dataset_consumes_1_never_scheduled', 'dataset_consumes_1', 'dataset_consumes_unknown_never_scheduled' retrieved from /home/airflow/.local/lib/python3.8/site-packages/airflow/example_dags/example_datasets.py
[2024-04-21T15:27:52.814+0000] {logging_mixin.py:188} INFO - [2024-04-21T15:27:52.813+0000] {dag.py:3047} INFO - Sync 6 DAGs
[2024-04-21T15:27:52.833+0000] {logging_mixin.py:188} INFO - [2024-04-21T15:27:52.833+0000] {dag.py:3834} INFO - Setting next_dagrun for dataset_consumes_1 to None, run_after=None
[2024-04-21T15:27:52.837+0000] {logging_mixin.py:188} INFO - [2024-04-21T15:27:52.837+0000] {dag.py:3834} INFO - Setting next_dagrun for dataset_consumes_1_and_2 to None, run_after=None
[2024-04-21T15:27:52.841+0000] {logging_mixin.py:188} INFO - [2024-04-21T15:27:52.840+0000] {dag.py:3834} INFO - Setting next_dagrun for dataset_consumes_1_never_scheduled to None, run_after=None
[2024-04-21T15:27:52.843+0000] {logging_mixin.py:188} INFO - [2024-04-21T15:27:52.843+0000] {dag.py:3834} INFO - Setting next_dagrun for dataset_consumes_unknown_never_scheduled to None, run_after=None
[2024-04-21T15:27:52.846+0000] {logging_mixin.py:188} INFO - [2024-04-21T15:27:52.845+0000] {dag.py:3834} INFO - Setting next_dagrun for dataset_produces_1 to 2024-04-20 00:00:00+00:00, run_after=2024-04-21 00:00:00+00:00
[2024-04-21T15:27:52.847+0000] {logging_mixin.py:188} INFO - [2024-04-21T15:27:52.847+0000] {dag.py:3834} INFO - Setting next_dagrun for dataset_produces_2 to None, run_after=None
[2024-04-21T15:27:52.882+0000] {processor.py:183} INFO - Processing /home/airflow/.local/lib/python3.8/site-packages/airflow/example_dags/example_datasets.py took 0.127 seconds
[2024-04-21T15:28:23.063+0000] {processor.py:161} INFO - Started process (PID=208) to work on /home/airflow/.local/lib/python3.8/site-packages/airflow/example_dags/example_datasets.py
[2024-04-21T15:28:23.064+0000] {processor.py:830} INFO - Processing file /home/airflow/.local/lib/python3.8/site-packages/airflow/example_dags/example_datasets.py for tasks to queue
[2024-04-21T15:28:23.066+0000] {logging_mixin.py:188} INFO - [2024-04-21T15:28:23.066+0000] {dagbag.py:540} INFO - Filling up the DagBag from /home/airflow/.local/lib/python3.8/site-packages/airflow/example_dags/example_datasets.py
[2024-04-21T15:28:23.073+0000] {processor.py:840} INFO - DAG(s) 'dataset_consumes_1_never_scheduled', 'dataset_consumes_unknown_never_scheduled', 'dataset_consumes_1', 'dataset_produces_2', 'dataset_consumes_1_and_2', 'dataset_produces_1' retrieved from /home/airflow/.local/lib/python3.8/site-packages/airflow/example_dags/example_datasets.py
[2024-04-21T15:28:23.102+0000] {logging_mixin.py:188} INFO - [2024-04-21T15:28:23.102+0000] {dag.py:3047} INFO - Sync 6 DAGs
[2024-04-21T15:28:23.121+0000] {logging_mixin.py:188} INFO - [2024-04-21T15:28:23.121+0000] {dag.py:3834} INFO - Setting next_dagrun for dataset_consumes_1 to None, run_after=None
[2024-04-21T15:28:23.126+0000] {logging_mixin.py:188} INFO - [2024-04-21T15:28:23.125+0000] {dag.py:3834} INFO - Setting next_dagrun for dataset_consumes_1_and_2 to None, run_after=None
[2024-04-21T15:28:23.128+0000] {logging_mixin.py:188} INFO - [2024-04-21T15:28:23.128+0000] {dag.py:3834} INFO - Setting next_dagrun for dataset_consumes_1_never_scheduled to None, run_after=None
[2024-04-21T15:28:23.130+0000] {logging_mixin.py:188} INFO - [2024-04-21T15:28:23.130+0000] {dag.py:3834} INFO - Setting next_dagrun for dataset_consumes_unknown_never_scheduled to None, run_after=None
[2024-04-21T15:28:23.132+0000] {logging_mixin.py:188} INFO - [2024-04-21T15:28:23.132+0000] {dag.py:3834} INFO - Setting next_dagrun for dataset_produces_1 to 2024-04-20 00:00:00+00:00, run_after=2024-04-21 00:00:00+00:00
[2024-04-21T15:28:23.134+0000] {logging_mixin.py:188} INFO - [2024-04-21T15:28:23.134+0000] {dag.py:3834} INFO - Setting next_dagrun for dataset_produces_2 to None, run_after=None
[2024-04-21T15:28:23.163+0000] {processor.py:183} INFO - Processing /home/airflow/.local/lib/python3.8/site-packages/airflow/example_dags/example_datasets.py took 0.103 seconds
[2024-04-21T15:28:53.330+0000] {processor.py:161} INFO - Started process (PID=263) to work on /home/airflow/.local/lib/python3.8/site-packages/airflow/example_dags/example_datasets.py
[2024-04-21T15:28:53.331+0000] {processor.py:830} INFO - Processing file /home/airflow/.local/lib/python3.8/site-packages/airflow/example_dags/example_datasets.py for tasks to queue
[2024-04-21T15:28:53.333+0000] {logging_mixin.py:188} INFO - [2024-04-21T15:28:53.333+0000] {dagbag.py:540} INFO - Filling up the DagBag from /home/airflow/.local/lib/python3.8/site-packages/airflow/example_dags/example_datasets.py
[2024-04-21T15:28:53.343+0000] {processor.py:840} INFO - DAG(s) 'dataset_consumes_unknown_never_scheduled', 'dataset_consumes_1_never_scheduled', 'dataset_produces_2', 'dataset_consumes_1', 'dataset_consumes_1_and_2', 'dataset_produces_1' retrieved from /home/airflow/.local/lib/python3.8/site-packages/airflow/example_dags/example_datasets.py
[2024-04-21T15:28:53.383+0000] {logging_mixin.py:188} INFO - [2024-04-21T15:28:53.383+0000] {dag.py:3047} INFO - Sync 6 DAGs
[2024-04-21T15:28:53.401+0000] {logging_mixin.py:188} INFO - [2024-04-21T15:28:53.401+0000] {dag.py:3834} INFO - Setting next_dagrun for dataset_consumes_1 to None, run_after=None
[2024-04-21T15:28:53.404+0000] {logging_mixin.py:188} INFO - [2024-04-21T15:28:53.404+0000] {dag.py:3834} INFO - Setting next_dagrun for dataset_consumes_1_and_2 to None, run_after=None
[2024-04-21T15:28:53.405+0000] {logging_mixin.py:188} INFO - [2024-04-21T15:28:53.405+0000] {dag.py:3834} INFO - Setting next_dagrun for dataset_consumes_1_never_scheduled to None, run_after=None
[2024-04-21T15:28:53.406+0000] {logging_mixin.py:188} INFO - [2024-04-21T15:28:53.406+0000] {dag.py:3834} INFO - Setting next_dagrun for dataset_consumes_unknown_never_scheduled to None, run_after=None
[2024-04-21T15:28:53.408+0000] {logging_mixin.py:188} INFO - [2024-04-21T15:28:53.408+0000] {dag.py:3834} INFO - Setting next_dagrun for dataset_produces_1 to 2024-04-20 00:00:00+00:00, run_after=2024-04-21 00:00:00+00:00
[2024-04-21T15:28:53.409+0000] {logging_mixin.py:188} INFO - [2024-04-21T15:28:53.409+0000] {dag.py:3834} INFO - Setting next_dagrun for dataset_produces_2 to None, run_after=None
[2024-04-21T15:28:53.432+0000] {processor.py:183} INFO - Processing /home/airflow/.local/lib/python3.8/site-packages/airflow/example_dags/example_datasets.py took 0.106 seconds
[2024-04-21T15:29:23.852+0000] {processor.py:161} INFO - Started process (PID=318) to work on /home/airflow/.local/lib/python3.8/site-packages/airflow/example_dags/example_datasets.py
[2024-04-21T15:29:23.854+0000] {processor.py:830} INFO - Processing file /home/airflow/.local/lib/python3.8/site-packages/airflow/example_dags/example_datasets.py for tasks to queue
[2024-04-21T15:29:23.858+0000] {logging_mixin.py:188} INFO - [2024-04-21T15:29:23.857+0000] {dagbag.py:540} INFO - Filling up the DagBag from /home/airflow/.local/lib/python3.8/site-packages/airflow/example_dags/example_datasets.py
[2024-04-21T15:29:23.868+0000] {processor.py:840} INFO - DAG(s) 'dataset_consumes_1', 'dataset_produces_2', 'dataset_consumes_unknown_never_scheduled', 'dataset_consumes_1_and_2', 'dataset_consumes_1_never_scheduled', 'dataset_produces_1' retrieved from /home/airflow/.local/lib/python3.8/site-packages/airflow/example_dags/example_datasets.py
[2024-04-21T15:29:23.920+0000] {logging_mixin.py:188} INFO - [2024-04-21T15:29:23.919+0000] {dag.py:3047} INFO - Sync 6 DAGs
[2024-04-21T15:29:23.943+0000] {logging_mixin.py:188} INFO - [2024-04-21T15:29:23.942+0000] {dag.py:3834} INFO - Setting next_dagrun for dataset_consumes_1 to None, run_after=None
[2024-04-21T15:29:23.948+0000] {logging_mixin.py:188} INFO - [2024-04-21T15:29:23.947+0000] {dag.py:3834} INFO - Setting next_dagrun for dataset_consumes_1_and_2 to None, run_after=None
[2024-04-21T15:29:23.950+0000] {logging_mixin.py:188} INFO - [2024-04-21T15:29:23.950+0000] {dag.py:3834} INFO - Setting next_dagrun for dataset_consumes_1_never_scheduled to None, run_after=None
[2024-04-21T15:29:23.952+0000] {logging_mixin.py:188} INFO - [2024-04-21T15:29:23.952+0000] {dag.py:3834} INFO - Setting next_dagrun for dataset_consumes_unknown_never_scheduled to None, run_after=None
[2024-04-21T15:29:23.955+0000] {logging_mixin.py:188} INFO - [2024-04-21T15:29:23.955+0000] {dag.py:3834} INFO - Setting next_dagrun for dataset_produces_1 to 2024-04-20 00:00:00+00:00, run_after=2024-04-21 00:00:00+00:00
[2024-04-21T15:29:23.957+0000] {logging_mixin.py:188} INFO - [2024-04-21T15:29:23.957+0000] {dag.py:3834} INFO - Setting next_dagrun for dataset_produces_2 to None, run_after=None
[2024-04-21T15:29:23.995+0000] {processor.py:183} INFO - Processing /home/airflow/.local/lib/python3.8/site-packages/airflow/example_dags/example_datasets.py took 0.148 seconds
[2024-04-21T15:29:54.168+0000] {processor.py:161} INFO - Started process (PID=373) to work on /home/airflow/.local/lib/python3.8/site-packages/airflow/example_dags/example_datasets.py
[2024-04-21T15:29:54.170+0000] {processor.py:830} INFO - Processing file /home/airflow/.local/lib/python3.8/site-packages/airflow/example_dags/example_datasets.py for tasks to queue
[2024-04-21T15:29:54.174+0000] {logging_mixin.py:188} INFO - [2024-04-21T15:29:54.173+0000] {dagbag.py:540} INFO - Filling up the DagBag from /home/airflow/.local/lib/python3.8/site-packages/airflow/example_dags/example_datasets.py
[2024-04-21T15:29:54.185+0000] {processor.py:840} INFO - DAG(s) 'dataset_consumes_1_and_2', 'dataset_consumes_1', 'dataset_consumes_unknown_never_scheduled', 'dataset_produces_1', 'dataset_produces_2', 'dataset_consumes_1_never_scheduled' retrieved from /home/airflow/.local/lib/python3.8/site-packages/airflow/example_dags/example_datasets.py
[2024-04-21T15:29:54.224+0000] {logging_mixin.py:188} INFO - [2024-04-21T15:29:54.223+0000] {dag.py:3047} INFO - Sync 6 DAGs
[2024-04-21T15:29:54.249+0000] {logging_mixin.py:188} INFO - [2024-04-21T15:29:54.248+0000] {dag.py:3834} INFO - Setting next_dagrun for dataset_consumes_1 to None, run_after=None
[2024-04-21T15:29:54.254+0000] {logging_mixin.py:188} INFO - [2024-04-21T15:29:54.253+0000] {dag.py:3834} INFO - Setting next_dagrun for dataset_consumes_1_and_2 to None, run_after=None
[2024-04-21T15:29:54.256+0000] {logging_mixin.py:188} INFO - [2024-04-21T15:29:54.256+0000] {dag.py:3834} INFO - Setting next_dagrun for dataset_consumes_1_never_scheduled to None, run_after=None
[2024-04-21T15:29:54.260+0000] {logging_mixin.py:188} INFO - [2024-04-21T15:29:54.259+0000] {dag.py:3834} INFO - Setting next_dagrun for dataset_consumes_unknown_never_scheduled to None, run_after=None
[2024-04-21T15:29:54.263+0000] {logging_mixin.py:188} INFO - [2024-04-21T15:29:54.263+0000] {dag.py:3834} INFO - Setting next_dagrun for dataset_produces_1 to 2024-04-20 00:00:00+00:00, run_after=2024-04-21 00:00:00+00:00
[2024-04-21T15:29:54.267+0000] {logging_mixin.py:188} INFO - [2024-04-21T15:29:54.267+0000] {dag.py:3834} INFO - Setting next_dagrun for dataset_produces_2 to None, run_after=None
[2024-04-21T15:29:54.318+0000] {processor.py:183} INFO - Processing /home/airflow/.local/lib/python3.8/site-packages/airflow/example_dags/example_datasets.py took 0.156 seconds
[2024-04-21T15:30:24.823+0000] {processor.py:161} INFO - Started process (PID=428) to work on /home/airflow/.local/lib/python3.8/site-packages/airflow/example_dags/example_datasets.py
[2024-04-21T15:30:24.825+0000] {processor.py:830} INFO - Processing file /home/airflow/.local/lib/python3.8/site-packages/airflow/example_dags/example_datasets.py for tasks to queue
[2024-04-21T15:30:24.827+0000] {logging_mixin.py:188} INFO - [2024-04-21T15:30:24.827+0000] {dagbag.py:540} INFO - Filling up the DagBag from /home/airflow/.local/lib/python3.8/site-packages/airflow/example_dags/example_datasets.py
[2024-04-21T15:30:24.839+0000] {processor.py:840} INFO - DAG(s) 'dataset_consumes_1_never_scheduled', 'dataset_consumes_unknown_never_scheduled', 'dataset_produces_1', 'dataset_consumes_1', 'dataset_produces_2', 'dataset_consumes_1_and_2' retrieved from /home/airflow/.local/lib/python3.8/site-packages/airflow/example_dags/example_datasets.py
[2024-04-21T15:30:24.884+0000] {logging_mixin.py:188} INFO - [2024-04-21T15:30:24.883+0000] {dag.py:3047} INFO - Sync 6 DAGs
[2024-04-21T15:30:24.912+0000] {logging_mixin.py:188} INFO - [2024-04-21T15:30:24.911+0000] {dag.py:3834} INFO - Setting next_dagrun for dataset_consumes_1 to None, run_after=None
[2024-04-21T15:30:24.917+0000] {logging_mixin.py:188} INFO - [2024-04-21T15:30:24.917+0000] {dag.py:3834} INFO - Setting next_dagrun for dataset_consumes_1_and_2 to None, run_after=None
[2024-04-21T15:30:24.919+0000] {logging_mixin.py:188} INFO - [2024-04-21T15:30:24.919+0000] {dag.py:3834} INFO - Setting next_dagrun for dataset_consumes_1_never_scheduled to None, run_after=None
[2024-04-21T15:30:24.922+0000] {logging_mixin.py:188} INFO - [2024-04-21T15:30:24.921+0000] {dag.py:3834} INFO - Setting next_dagrun for dataset_consumes_unknown_never_scheduled to None, run_after=None
[2024-04-21T15:30:24.925+0000] {logging_mixin.py:188} INFO - [2024-04-21T15:30:24.925+0000] {dag.py:3834} INFO - Setting next_dagrun for dataset_produces_1 to 2024-04-20 00:00:00+00:00, run_after=2024-04-21 00:00:00+00:00
[2024-04-21T15:30:24.927+0000] {logging_mixin.py:188} INFO - [2024-04-21T15:30:24.927+0000] {dag.py:3834} INFO - Setting next_dagrun for dataset_produces_2 to None, run_after=None
[2024-04-21T15:30:24.967+0000] {processor.py:183} INFO - Processing /home/airflow/.local/lib/python3.8/site-packages/airflow/example_dags/example_datasets.py took 0.148 seconds
[2024-04-21T15:30:55.101+0000] {processor.py:161} INFO - Started process (PID=483) to work on /home/airflow/.local/lib/python3.8/site-packages/airflow/example_dags/example_datasets.py
[2024-04-21T15:30:55.103+0000] {processor.py:830} INFO - Processing file /home/airflow/.local/lib/python3.8/site-packages/airflow/example_dags/example_datasets.py for tasks to queue
[2024-04-21T15:30:55.105+0000] {logging_mixin.py:188} INFO - [2024-04-21T15:30:55.105+0000] {dagbag.py:540} INFO - Filling up the DagBag from /home/airflow/.local/lib/python3.8/site-packages/airflow/example_dags/example_datasets.py
[2024-04-21T15:30:55.115+0000] {processor.py:840} INFO - DAG(s) 'dataset_consumes_1_and_2', 'dataset_consumes_unknown_never_scheduled', 'dataset_consumes_1_never_scheduled', 'dataset_produces_2', 'dataset_produces_1', 'dataset_consumes_1' retrieved from /home/airflow/.local/lib/python3.8/site-packages/airflow/example_dags/example_datasets.py
[2024-04-21T15:30:55.243+0000] {logging_mixin.py:188} INFO - [2024-04-21T15:30:55.243+0000] {dag.py:3047} INFO - Sync 6 DAGs
[2024-04-21T15:30:55.264+0000] {logging_mixin.py:188} INFO - [2024-04-21T15:30:55.263+0000] {dag.py:3834} INFO - Setting next_dagrun for dataset_consumes_1 to None, run_after=None
[2024-04-21T15:30:55.268+0000] {logging_mixin.py:188} INFO - [2024-04-21T15:30:55.267+0000] {dag.py:3834} INFO - Setting next_dagrun for dataset_consumes_1_and_2 to None, run_after=None
[2024-04-21T15:30:55.329+0000] {logging_mixin.py:188} INFO - [2024-04-21T15:30:55.328+0000] {dag.py:3834} INFO - Setting next_dagrun for dataset_consumes_1_never_scheduled to None, run_after=None
[2024-04-21T15:30:55.330+0000] {logging_mixin.py:188} INFO - [2024-04-21T15:30:55.330+0000] {dag.py:3834} INFO - Setting next_dagrun for dataset_consumes_unknown_never_scheduled to None, run_after=None
[2024-04-21T15:30:55.333+0000] {logging_mixin.py:188} INFO - [2024-04-21T15:30:55.333+0000] {dag.py:3834} INFO - Setting next_dagrun for dataset_produces_1 to 2024-04-20 00:00:00+00:00, run_after=2024-04-21 00:00:00+00:00
[2024-04-21T15:30:55.335+0000] {logging_mixin.py:188} INFO - [2024-04-21T15:30:55.334+0000] {dag.py:3834} INFO - Setting next_dagrun for dataset_produces_2 to None, run_after=None
[2024-04-21T15:30:55.371+0000] {processor.py:183} INFO - Processing /home/airflow/.local/lib/python3.8/site-packages/airflow/example_dags/example_datasets.py took 0.273 seconds
[2024-04-21T15:31:25.557+0000] {processor.py:161} INFO - Started process (PID=538) to work on /home/airflow/.local/lib/python3.8/site-packages/airflow/example_dags/example_datasets.py
[2024-04-21T15:31:25.560+0000] {processor.py:830} INFO - Processing file /home/airflow/.local/lib/python3.8/site-packages/airflow/example_dags/example_datasets.py for tasks to queue
[2024-04-21T15:31:25.562+0000] {logging_mixin.py:188} INFO - [2024-04-21T15:31:25.561+0000] {dagbag.py:540} INFO - Filling up the DagBag from /home/airflow/.local/lib/python3.8/site-packages/airflow/example_dags/example_datasets.py
[2024-04-21T15:31:25.573+0000] {processor.py:840} INFO - DAG(s) 'dataset_consumes_1', 'dataset_produces_2', 'dataset_consumes_1_never_scheduled', 'dataset_consumes_1_and_2', 'dataset_consumes_unknown_never_scheduled', 'dataset_produces_1' retrieved from /home/airflow/.local/lib/python3.8/site-packages/airflow/example_dags/example_datasets.py
[2024-04-21T15:31:25.637+0000] {logging_mixin.py:188} INFO - [2024-04-21T15:31:25.636+0000] {dag.py:3047} INFO - Sync 6 DAGs
[2024-04-21T15:31:25.668+0000] {logging_mixin.py:188} INFO - [2024-04-21T15:31:25.668+0000] {dag.py:3834} INFO - Setting next_dagrun for dataset_consumes_1 to None, run_after=None
[2024-04-21T15:31:25.672+0000] {logging_mixin.py:188} INFO - [2024-04-21T15:31:25.671+0000] {dag.py:3834} INFO - Setting next_dagrun for dataset_consumes_1_and_2 to None, run_after=None
[2024-04-21T15:31:25.674+0000] {logging_mixin.py:188} INFO - [2024-04-21T15:31:25.674+0000] {dag.py:3834} INFO - Setting next_dagrun for dataset_consumes_1_never_scheduled to None, run_after=None
[2024-04-21T15:31:25.676+0000] {logging_mixin.py:188} INFO - [2024-04-21T15:31:25.676+0000] {dag.py:3834} INFO - Setting next_dagrun for dataset_consumes_unknown_never_scheduled to None, run_after=None
[2024-04-21T15:31:25.679+0000] {logging_mixin.py:188} INFO - [2024-04-21T15:31:25.679+0000] {dag.py:3834} INFO - Setting next_dagrun for dataset_produces_1 to 2024-04-20 00:00:00+00:00, run_after=2024-04-21 00:00:00+00:00
[2024-04-21T15:31:25.682+0000] {logging_mixin.py:188} INFO - [2024-04-21T15:31:25.682+0000] {dag.py:3834} INFO - Setting next_dagrun for dataset_produces_2 to None, run_after=None
[2024-04-21T15:31:25.709+0000] {processor.py:183} INFO - Processing /home/airflow/.local/lib/python3.8/site-packages/airflow/example_dags/example_datasets.py took 0.156 seconds
[2024-04-21T15:31:56.229+0000] {processor.py:161} INFO - Started process (PID=593) to work on /home/airflow/.local/lib/python3.8/site-packages/airflow/example_dags/example_datasets.py
[2024-04-21T15:31:56.230+0000] {processor.py:830} INFO - Processing file /home/airflow/.local/lib/python3.8/site-packages/airflow/example_dags/example_datasets.py for tasks to queue
[2024-04-21T15:31:56.232+0000] {logging_mixin.py:188} INFO - [2024-04-21T15:31:56.231+0000] {dagbag.py:540} INFO - Filling up the DagBag from /home/airflow/.local/lib/python3.8/site-packages/airflow/example_dags/example_datasets.py
[2024-04-21T15:31:56.238+0000] {processor.py:840} INFO - DAG(s) 'dataset_produces_2', 'dataset_consumes_1_never_scheduled', 'dataset_consumes_1_and_2', 'dataset_produces_1', 'dataset_consumes_unknown_never_scheduled', 'dataset_consumes_1' retrieved from /home/airflow/.local/lib/python3.8/site-packages/airflow/example_dags/example_datasets.py
[2024-04-21T15:31:56.268+0000] {logging_mixin.py:188} INFO - [2024-04-21T15:31:56.267+0000] {dag.py:3047} INFO - Sync 6 DAGs
[2024-04-21T15:31:56.286+0000] {logging_mixin.py:188} INFO - [2024-04-21T15:31:56.286+0000] {dag.py:3834} INFO - Setting next_dagrun for dataset_consumes_1 to None, run_after=None
[2024-04-21T15:31:56.289+0000] {logging_mixin.py:188} INFO - [2024-04-21T15:31:56.289+0000] {dag.py:3834} INFO - Setting next_dagrun for dataset_consumes_1_and_2 to None, run_after=None
[2024-04-21T15:31:56.291+0000] {logging_mixin.py:188} INFO - [2024-04-21T15:31:56.291+0000] {dag.py:3834} INFO - Setting next_dagrun for dataset_consumes_1_never_scheduled to None, run_after=None
[2024-04-21T15:31:56.292+0000] {logging_mixin.py:188} INFO - [2024-04-21T15:31:56.292+0000] {dag.py:3834} INFO - Setting next_dagrun for dataset_consumes_unknown_never_scheduled to None, run_after=None
[2024-04-21T15:31:56.295+0000] {logging_mixin.py:188} INFO - [2024-04-21T15:31:56.295+0000] {dag.py:3834} INFO - Setting next_dagrun for dataset_produces_1 to 2024-04-20 00:00:00+00:00, run_after=2024-04-21 00:00:00+00:00
[2024-04-21T15:31:56.297+0000] {logging_mixin.py:188} INFO - [2024-04-21T15:31:56.296+0000] {dag.py:3834} INFO - Setting next_dagrun for dataset_produces_2 to None, run_after=None
[2024-04-21T15:31:56.326+0000] {processor.py:183} INFO - Processing /home/airflow/.local/lib/python3.8/site-packages/airflow/example_dags/example_datasets.py took 0.100 seconds
[2024-04-21T15:32:26.622+0000] {processor.py:161} INFO - Started process (PID=648) to work on /home/airflow/.local/lib/python3.8/site-packages/airflow/example_dags/example_datasets.py
[2024-04-21T15:32:26.623+0000] {processor.py:830} INFO - Processing file /home/airflow/.local/lib/python3.8/site-packages/airflow/example_dags/example_datasets.py for tasks to queue
[2024-04-21T15:32:26.625+0000] {logging_mixin.py:188} INFO - [2024-04-21T15:32:26.625+0000] {dagbag.py:540} INFO - Filling up the DagBag from /home/airflow/.local/lib/python3.8/site-packages/airflow/example_dags/example_datasets.py
[2024-04-21T15:32:26.632+0000] {processor.py:840} INFO - DAG(s) 'dataset_consumes_1_and_2', 'dataset_consumes_1_never_scheduled', 'dataset_produces_2', 'dataset_consumes_1', 'dataset_produces_1', 'dataset_consumes_unknown_never_scheduled' retrieved from /home/airflow/.local/lib/python3.8/site-packages/airflow/example_dags/example_datasets.py
[2024-04-21T15:32:26.672+0000] {logging_mixin.py:188} INFO - [2024-04-21T15:32:26.672+0000] {dag.py:3047} INFO - Sync 6 DAGs
[2024-04-21T15:32:26.694+0000] {logging_mixin.py:188} INFO - [2024-04-21T15:32:26.694+0000] {dag.py:3834} INFO - Setting next_dagrun for dataset_consumes_1 to None, run_after=None
[2024-04-21T15:32:26.699+0000] {logging_mixin.py:188} INFO - [2024-04-21T15:32:26.699+0000] {dag.py:3834} INFO - Setting next_dagrun for dataset_consumes_1_and_2 to None, run_after=None
[2024-04-21T15:32:26.701+0000] {logging_mixin.py:188} INFO - [2024-04-21T15:32:26.701+0000] {dag.py:3834} INFO - Setting next_dagrun for dataset_consumes_1_never_scheduled to None, run_after=None
[2024-04-21T15:32:26.704+0000] {logging_mixin.py:188} INFO - [2024-04-21T15:32:26.704+0000] {dag.py:3834} INFO - Setting next_dagrun for dataset_consumes_unknown_never_scheduled to None, run_after=None
[2024-04-21T15:32:26.707+0000] {logging_mixin.py:188} INFO - [2024-04-21T15:32:26.707+0000] {dag.py:3834} INFO - Setting next_dagrun for dataset_produces_1 to 2024-04-20 00:00:00+00:00, run_after=2024-04-21 00:00:00+00:00
[2024-04-21T15:32:26.709+0000] {logging_mixin.py:188} INFO - [2024-04-21T15:32:26.709+0000] {dag.py:3834} INFO - Setting next_dagrun for dataset_produces_2 to None, run_after=None
[2024-04-21T15:32:26.739+0000] {processor.py:183} INFO - Processing /home/airflow/.local/lib/python3.8/site-packages/airflow/example_dags/example_datasets.py took 0.119 seconds
[2024-04-21T15:32:57.136+0000] {processor.py:161} INFO - Started process (PID=703) to work on /home/airflow/.local/lib/python3.8/site-packages/airflow/example_dags/example_datasets.py
[2024-04-21T15:32:57.137+0000] {processor.py:830} INFO - Processing file /home/airflow/.local/lib/python3.8/site-packages/airflow/example_dags/example_datasets.py for tasks to queue
[2024-04-21T15:32:57.140+0000] {logging_mixin.py:188} INFO - [2024-04-21T15:32:57.139+0000] {dagbag.py:540} INFO - Filling up the DagBag from /home/airflow/.local/lib/python3.8/site-packages/airflow/example_dags/example_datasets.py
[2024-04-21T15:32:57.149+0000] {processor.py:840} INFO - DAG(s) 'dataset_produces_1', 'dataset_consumes_unknown_never_scheduled', 'dataset_consumes_1_and_2', 'dataset_consumes_1_never_scheduled', 'dataset_consumes_1', 'dataset_produces_2' retrieved from /home/airflow/.local/lib/python3.8/site-packages/airflow/example_dags/example_datasets.py
[2024-04-21T15:32:57.189+0000] {logging_mixin.py:188} INFO - [2024-04-21T15:32:57.188+0000] {dag.py:3047} INFO - Sync 6 DAGs
[2024-04-21T15:32:57.210+0000] {logging_mixin.py:188} INFO - [2024-04-21T15:32:57.210+0000] {dag.py:3834} INFO - Setting next_dagrun for dataset_consumes_1 to None, run_after=None
[2024-04-21T15:32:57.214+0000] {logging_mixin.py:188} INFO - [2024-04-21T15:32:57.214+0000] {dag.py:3834} INFO - Setting next_dagrun for dataset_consumes_1_and_2 to None, run_after=None
[2024-04-21T15:32:57.215+0000] {logging_mixin.py:188} INFO - [2024-04-21T15:32:57.215+0000] {dag.py:3834} INFO - Setting next_dagrun for dataset_consumes_1_never_scheduled to None, run_after=None
[2024-04-21T15:32:57.217+0000] {logging_mixin.py:188} INFO - [2024-04-21T15:32:57.217+0000] {dag.py:3834} INFO - Setting next_dagrun for dataset_consumes_unknown_never_scheduled to None, run_after=None
[2024-04-21T15:32:57.219+0000] {logging_mixin.py:188} INFO - [2024-04-21T15:32:57.219+0000] {dag.py:3834} INFO - Setting next_dagrun for dataset_produces_1 to 2024-04-20 00:00:00+00:00, run_after=2024-04-21 00:00:00+00:00
[2024-04-21T15:32:57.220+0000] {logging_mixin.py:188} INFO - [2024-04-21T15:32:57.220+0000] {dag.py:3834} INFO - Setting next_dagrun for dataset_produces_2 to None, run_after=None
[2024-04-21T15:32:57.252+0000] {processor.py:183} INFO - Processing /home/airflow/.local/lib/python3.8/site-packages/airflow/example_dags/example_datasets.py took 0.119 seconds
[2024-04-21T15:33:27.359+0000] {processor.py:161} INFO - Started process (PID=758) to work on /home/airflow/.local/lib/python3.8/site-packages/airflow/example_dags/example_datasets.py
[2024-04-21T15:33:27.360+0000] {processor.py:830} INFO - Processing file /home/airflow/.local/lib/python3.8/site-packages/airflow/example_dags/example_datasets.py for tasks to queue
[2024-04-21T15:33:27.362+0000] {logging_mixin.py:188} INFO - [2024-04-21T15:33:27.361+0000] {dagbag.py:540} INFO - Filling up the DagBag from /home/airflow/.local/lib/python3.8/site-packages/airflow/example_dags/example_datasets.py
[2024-04-21T15:33:27.371+0000] {processor.py:840} INFO - DAG(s) 'dataset_consumes_1_never_scheduled', 'dataset_consumes_unknown_never_scheduled', 'dataset_produces_1', 'dataset_consumes_1', 'dataset_consumes_1_and_2', 'dataset_produces_2' retrieved from /home/airflow/.local/lib/python3.8/site-packages/airflow/example_dags/example_datasets.py
[2024-04-21T15:33:27.403+0000] {logging_mixin.py:188} INFO - [2024-04-21T15:33:27.403+0000] {dag.py:3047} INFO - Sync 6 DAGs
[2024-04-21T15:33:27.421+0000] {logging_mixin.py:188} INFO - [2024-04-21T15:33:27.421+0000] {dag.py:3834} INFO - Setting next_dagrun for dataset_consumes_1 to None, run_after=None
[2024-04-21T15:33:27.424+0000] {logging_mixin.py:188} INFO - [2024-04-21T15:33:27.424+0000] {dag.py:3834} INFO - Setting next_dagrun for dataset_consumes_1_and_2 to None, run_after=None
[2024-04-21T15:33:27.425+0000] {logging_mixin.py:188} INFO - [2024-04-21T15:33:27.425+0000] {dag.py:3834} INFO - Setting next_dagrun for dataset_consumes_1_never_scheduled to None, run_after=None
[2024-04-21T15:33:27.427+0000] {logging_mixin.py:188} INFO - [2024-04-21T15:33:27.427+0000] {dag.py:3834} INFO - Setting next_dagrun for dataset_consumes_unknown_never_scheduled to None, run_after=None
[2024-04-21T15:33:27.429+0000] {logging_mixin.py:188} INFO - [2024-04-21T15:33:27.429+0000] {dag.py:3834} INFO - Setting next_dagrun for dataset_produces_1 to 2024-04-20 00:00:00+00:00, run_after=2024-04-21 00:00:00+00:00
[2024-04-21T15:33:27.431+0000] {logging_mixin.py:188} INFO - [2024-04-21T15:33:27.431+0000] {dag.py:3834} INFO - Setting next_dagrun for dataset_produces_2 to None, run_after=None
[2024-04-21T15:33:27.461+0000] {processor.py:183} INFO - Processing /home/airflow/.local/lib/python3.8/site-packages/airflow/example_dags/example_datasets.py took 0.104 seconds
[2024-04-21T15:33:59.648+0000] {processor.py:161} INFO - Started process (PID=813) to work on /home/airflow/.local/lib/python3.8/site-packages/airflow/example_dags/example_datasets.py
[2024-04-21T15:33:59.649+0000] {processor.py:830} INFO - Processing file /home/airflow/.local/lib/python3.8/site-packages/airflow/example_dags/example_datasets.py for tasks to queue
[2024-04-21T15:33:59.652+0000] {logging_mixin.py:188} INFO - [2024-04-21T15:33:59.651+0000] {dagbag.py:540} INFO - Filling up the DagBag from /home/airflow/.local/lib/python3.8/site-packages/airflow/example_dags/example_datasets.py
[2024-04-21T15:33:59.660+0000] {processor.py:840} INFO - DAG(s) 'dataset_produces_1', 'dataset_produces_2', 'dataset_consumes_unknown_never_scheduled', 'dataset_consumes_1', 'dataset_consumes_1_never_scheduled', 'dataset_consumes_1_and_2' retrieved from /home/airflow/.local/lib/python3.8/site-packages/airflow/example_dags/example_datasets.py
[2024-04-21T15:33:59.700+0000] {logging_mixin.py:188} INFO - [2024-04-21T15:33:59.700+0000] {dag.py:3047} INFO - Sync 6 DAGs
[2024-04-21T15:33:59.725+0000] {logging_mixin.py:188} INFO - [2024-04-21T15:33:59.724+0000] {dag.py:3834} INFO - Setting next_dagrun for dataset_consumes_1 to None, run_after=None
[2024-04-21T15:33:59.729+0000] {logging_mixin.py:188} INFO - [2024-04-21T15:33:59.729+0000] {dag.py:3834} INFO - Setting next_dagrun for dataset_consumes_1_and_2 to None, run_after=None
[2024-04-21T15:33:59.731+0000] {logging_mixin.py:188} INFO - [2024-04-21T15:33:59.731+0000] {dag.py:3834} INFO - Setting next_dagrun for dataset_consumes_1_never_scheduled to None, run_after=None
[2024-04-21T15:33:59.734+0000] {logging_mixin.py:188} INFO - [2024-04-21T15:33:59.734+0000] {dag.py:3834} INFO - Setting next_dagrun for dataset_consumes_unknown_never_scheduled to None, run_after=None
[2024-04-21T15:33:59.737+0000] {logging_mixin.py:188} INFO - [2024-04-21T15:33:59.737+0000] {dag.py:3834} INFO - Setting next_dagrun for dataset_produces_1 to 2024-04-20 00:00:00+00:00, run_after=2024-04-21 00:00:00+00:00
[2024-04-21T15:33:59.740+0000] {logging_mixin.py:188} INFO - [2024-04-21T15:33:59.740+0000] {dag.py:3834} INFO - Setting next_dagrun for dataset_produces_2 to None, run_after=None
[2024-04-21T15:33:59.786+0000] {processor.py:183} INFO - Processing /home/airflow/.local/lib/python3.8/site-packages/airflow/example_dags/example_datasets.py took 0.144 seconds
[2024-04-21T15:34:30.051+0000] {processor.py:161} INFO - Started process (PID=875) to work on /home/airflow/.local/lib/python3.8/site-packages/airflow/example_dags/example_datasets.py
[2024-04-21T15:34:30.055+0000] {processor.py:830} INFO - Processing file /home/airflow/.local/lib/python3.8/site-packages/airflow/example_dags/example_datasets.py for tasks to queue
[2024-04-21T15:34:30.059+0000] {logging_mixin.py:188} INFO - [2024-04-21T15:34:30.058+0000] {dagbag.py:540} INFO - Filling up the DagBag from /home/airflow/.local/lib/python3.8/site-packages/airflow/example_dags/example_datasets.py
[2024-04-21T15:34:30.069+0000] {processor.py:840} INFO - DAG(s) 'dataset_produces_2', 'dataset_consumes_1_and_2', 'dataset_produces_1', 'dataset_consumes_unknown_never_scheduled', 'dataset_consumes_1_never_scheduled', 'dataset_consumes_1' retrieved from /home/airflow/.local/lib/python3.8/site-packages/airflow/example_dags/example_datasets.py
[2024-04-21T15:34:30.121+0000] {logging_mixin.py:188} INFO - [2024-04-21T15:34:30.121+0000] {dag.py:3047} INFO - Sync 6 DAGs
[2024-04-21T15:34:30.143+0000] {logging_mixin.py:188} INFO - [2024-04-21T15:34:30.142+0000] {dag.py:3834} INFO - Setting next_dagrun for dataset_consumes_1 to None, run_after=None
[2024-04-21T15:34:30.147+0000] {logging_mixin.py:188} INFO - [2024-04-21T15:34:30.146+0000] {dag.py:3834} INFO - Setting next_dagrun for dataset_consumes_1_and_2 to None, run_after=None
[2024-04-21T15:34:30.149+0000] {logging_mixin.py:188} INFO - [2024-04-21T15:34:30.149+0000] {dag.py:3834} INFO - Setting next_dagrun for dataset_consumes_1_never_scheduled to None, run_after=None
[2024-04-21T15:34:30.152+0000] {logging_mixin.py:188} INFO - [2024-04-21T15:34:30.152+0000] {dag.py:3834} INFO - Setting next_dagrun for dataset_consumes_unknown_never_scheduled to None, run_after=None
[2024-04-21T15:34:30.155+0000] {logging_mixin.py:188} INFO - [2024-04-21T15:34:30.155+0000] {dag.py:3834} INFO - Setting next_dagrun for dataset_produces_1 to 2024-04-20 00:00:00+00:00, run_after=2024-04-21 00:00:00+00:00
[2024-04-21T15:34:30.157+0000] {logging_mixin.py:188} INFO - [2024-04-21T15:34:30.157+0000] {dag.py:3834} INFO - Setting next_dagrun for dataset_produces_2 to None, run_after=None
[2024-04-21T15:34:30.195+0000] {processor.py:183} INFO - Processing /home/airflow/.local/lib/python3.8/site-packages/airflow/example_dags/example_datasets.py took 0.149 seconds
[2024-04-21T15:35:00.694+0000] {processor.py:161} INFO - Started process (PID=929) to work on /home/airflow/.local/lib/python3.8/site-packages/airflow/example_dags/example_datasets.py
[2024-04-21T15:35:00.695+0000] {processor.py:830} INFO - Processing file /home/airflow/.local/lib/python3.8/site-packages/airflow/example_dags/example_datasets.py for tasks to queue
[2024-04-21T15:35:00.697+0000] {logging_mixin.py:188} INFO - [2024-04-21T15:35:00.697+0000] {dagbag.py:540} INFO - Filling up the DagBag from /home/airflow/.local/lib/python3.8/site-packages/airflow/example_dags/example_datasets.py
[2024-04-21T15:35:00.714+0000] {processor.py:840} INFO - DAG(s) 'dataset_produces_2', 'dataset_consumes_1_never_scheduled', 'dataset_consumes_unknown_never_scheduled', 'dataset_consumes_1', 'dataset_produces_1', 'dataset_consumes_1_and_2' retrieved from /home/airflow/.local/lib/python3.8/site-packages/airflow/example_dags/example_datasets.py
[2024-04-21T15:35:00.775+0000] {logging_mixin.py:188} INFO - [2024-04-21T15:35:00.774+0000] {dag.py:3047} INFO - Sync 6 DAGs
[2024-04-21T15:35:00.808+0000] {logging_mixin.py:188} INFO - [2024-04-21T15:35:00.808+0000] {dag.py:3834} INFO - Setting next_dagrun for dataset_consumes_1 to None, run_after=None
[2024-04-21T15:35:00.812+0000] {logging_mixin.py:188} INFO - [2024-04-21T15:35:00.812+0000] {dag.py:3834} INFO - Setting next_dagrun for dataset_consumes_1_and_2 to None, run_after=None
[2024-04-21T15:35:00.816+0000] {logging_mixin.py:188} INFO - [2024-04-21T15:35:00.815+0000] {dag.py:3834} INFO - Setting next_dagrun for dataset_consumes_1_never_scheduled to None, run_after=None
[2024-04-21T15:35:00.819+0000] {logging_mixin.py:188} INFO - [2024-04-21T15:35:00.819+0000] {dag.py:3834} INFO - Setting next_dagrun for dataset_consumes_unknown_never_scheduled to None, run_after=None
[2024-04-21T15:35:00.823+0000] {logging_mixin.py:188} INFO - [2024-04-21T15:35:00.823+0000] {dag.py:3834} INFO - Setting next_dagrun for dataset_produces_1 to 2024-04-20 00:00:00+00:00, run_after=2024-04-21 00:00:00+00:00
[2024-04-21T15:35:00.827+0000] {logging_mixin.py:188} INFO - [2024-04-21T15:35:00.826+0000] {dag.py:3834} INFO - Setting next_dagrun for dataset_produces_2 to None, run_after=None
[2024-04-21T15:35:00.868+0000] {processor.py:183} INFO - Processing /home/airflow/.local/lib/python3.8/site-packages/airflow/example_dags/example_datasets.py took 0.178 seconds
[2024-04-21T15:35:31.081+0000] {processor.py:161} INFO - Started process (PID=984) to work on /home/airflow/.local/lib/python3.8/site-packages/airflow/example_dags/example_datasets.py
[2024-04-21T15:35:31.084+0000] {processor.py:830} INFO - Processing file /home/airflow/.local/lib/python3.8/site-packages/airflow/example_dags/example_datasets.py for tasks to queue
[2024-04-21T15:35:31.089+0000] {logging_mixin.py:188} INFO - [2024-04-21T15:35:31.088+0000] {dagbag.py:540} INFO - Filling up the DagBag from /home/airflow/.local/lib/python3.8/site-packages/airflow/example_dags/example_datasets.py
[2024-04-21T15:35:31.109+0000] {processor.py:840} INFO - DAG(s) 'dataset_produces_2', 'dataset_produces_1', 'dataset_consumes_unknown_never_scheduled', 'dataset_consumes_1_and_2', 'dataset_consumes_1_never_scheduled', 'dataset_consumes_1' retrieved from /home/airflow/.local/lib/python3.8/site-packages/airflow/example_dags/example_datasets.py
[2024-04-21T15:35:31.192+0000] {logging_mixin.py:188} INFO - [2024-04-21T15:35:31.192+0000] {dag.py:3047} INFO - Sync 6 DAGs
[2024-04-21T15:35:31.244+0000] {logging_mixin.py:188} INFO - [2024-04-21T15:35:31.243+0000] {dag.py:3834} INFO - Setting next_dagrun for dataset_consumes_1 to None, run_after=None
[2024-04-21T15:35:31.254+0000] {logging_mixin.py:188} INFO - [2024-04-21T15:35:31.253+0000] {dag.py:3834} INFO - Setting next_dagrun for dataset_consumes_1_and_2 to None, run_after=None
[2024-04-21T15:35:31.258+0000] {logging_mixin.py:188} INFO - [2024-04-21T15:35:31.258+0000] {dag.py:3834} INFO - Setting next_dagrun for dataset_consumes_1_never_scheduled to None, run_after=None
[2024-04-21T15:35:31.263+0000] {logging_mixin.py:188} INFO - [2024-04-21T15:35:31.262+0000] {dag.py:3834} INFO - Setting next_dagrun for dataset_consumes_unknown_never_scheduled to None, run_after=None
[2024-04-21T15:35:31.270+0000] {logging_mixin.py:188} INFO - [2024-04-21T15:35:31.270+0000] {dag.py:3834} INFO - Setting next_dagrun for dataset_produces_1 to 2024-04-20 00:00:00+00:00, run_after=2024-04-21 00:00:00+00:00
[2024-04-21T15:35:31.274+0000] {logging_mixin.py:188} INFO - [2024-04-21T15:35:31.274+0000] {dag.py:3834} INFO - Setting next_dagrun for dataset_produces_2 to None, run_after=None
[2024-04-21T15:35:31.361+0000] {processor.py:183} INFO - Processing /home/airflow/.local/lib/python3.8/site-packages/airflow/example_dags/example_datasets.py took 0.288 seconds
