[2024-04-21T15:26:50.581+0000] {processor.py:161} INFO - Started process (PID=41) to work on /home/airflow/.local/lib/python3.8/site-packages/airflow/example_dags/example_params_trigger_ui.py
[2024-04-21T15:26:50.583+0000] {processor.py:830} INFO - Processing file /home/airflow/.local/lib/python3.8/site-packages/airflow/example_dags/example_params_trigger_ui.py for tasks to queue
[2024-04-21T15:26:50.586+0000] {logging_mixin.py:188} INFO - [2024-04-21T15:26:50.585+0000] {dagbag.py:540} INFO - Filling up the DagBag from /home/airflow/.local/lib/python3.8/site-packages/airflow/example_dags/example_params_trigger_ui.py
[2024-04-21T15:26:50.629+0000] {processor.py:840} INFO - DAG(s) 'example_params_trigger_ui' retrieved from /home/airflow/.local/lib/python3.8/site-packages/airflow/example_dags/example_params_trigger_ui.py
[2024-04-21T15:26:50.970+0000] {logging_mixin.py:188} INFO - [2024-04-21T15:26:50.969+0000] {override.py:1769} INFO - Created Permission View: can delete on DAG:example_params_trigger_ui
[2024-04-21T15:26:50.993+0000] {logging_mixin.py:188} INFO - [2024-04-21T15:26:50.993+0000] {override.py:1769} INFO - Created Permission View: can read on DAG:example_params_trigger_ui
[2024-04-21T15:26:51.014+0000] {logging_mixin.py:188} INFO - [2024-04-21T15:26:51.014+0000] {override.py:1769} INFO - Created Permission View: can edit on DAG:example_params_trigger_ui
[2024-04-21T15:26:51.019+0000] {logging_mixin.py:188} INFO - [2024-04-21T15:26:51.019+0000] {dag.py:3047} INFO - Sync 1 DAGs
[2024-04-21T15:26:51.053+0000] {logging_mixin.py:188} INFO - [2024-04-21T15:26:51.052+0000] {dag.py:3069} INFO - Creating ORM DAG for example_params_trigger_ui
[2024-04-21T15:26:51.055+0000] {logging_mixin.py:188} INFO - [2024-04-21T15:26:51.054+0000] {dag.py:3834} INFO - Setting next_dagrun for example_params_trigger_ui to None, run_after=None
[2024-04-21T15:26:51.094+0000] {processor.py:183} INFO - Processing /home/airflow/.local/lib/python3.8/site-packages/airflow/example_dags/example_params_trigger_ui.py took 0.522 seconds
[2024-04-21T15:27:22.090+0000] {processor.py:161} INFO - Started process (PID=96) to work on /home/airflow/.local/lib/python3.8/site-packages/airflow/example_dags/example_params_trigger_ui.py
[2024-04-21T15:27:22.091+0000] {processor.py:830} INFO - Processing file /home/airflow/.local/lib/python3.8/site-packages/airflow/example_dags/example_params_trigger_ui.py for tasks to queue
[2024-04-21T15:27:22.093+0000] {logging_mixin.py:188} INFO - [2024-04-21T15:27:22.093+0000] {dagbag.py:540} INFO - Filling up the DagBag from /home/airflow/.local/lib/python3.8/site-packages/airflow/example_dags/example_params_trigger_ui.py
[2024-04-21T15:27:22.103+0000] {processor.py:840} INFO - DAG(s) 'example_params_trigger_ui' retrieved from /home/airflow/.local/lib/python3.8/site-packages/airflow/example_dags/example_params_trigger_ui.py
[2024-04-21T15:27:22.154+0000] {logging_mixin.py:188} INFO - [2024-04-21T15:27:22.154+0000] {dag.py:3047} INFO - Sync 1 DAGs
[2024-04-21T15:27:22.165+0000] {logging_mixin.py:188} INFO - [2024-04-21T15:27:22.165+0000] {dag.py:3834} INFO - Setting next_dagrun for example_params_trigger_ui to None, run_after=None
[2024-04-21T15:27:22.192+0000] {processor.py:183} INFO - Processing /home/airflow/.local/lib/python3.8/site-packages/airflow/example_dags/example_params_trigger_ui.py took 0.104 seconds
[2024-04-21T15:27:52.597+0000] {processor.py:161} INFO - Started process (PID=151) to work on /home/airflow/.local/lib/python3.8/site-packages/airflow/example_dags/example_params_trigger_ui.py
[2024-04-21T15:27:52.599+0000] {processor.py:830} INFO - Processing file /home/airflow/.local/lib/python3.8/site-packages/airflow/example_dags/example_params_trigger_ui.py for tasks to queue
[2024-04-21T15:27:52.602+0000] {logging_mixin.py:188} INFO - [2024-04-21T15:27:52.601+0000] {dagbag.py:540} INFO - Filling up the DagBag from /home/airflow/.local/lib/python3.8/site-packages/airflow/example_dags/example_params_trigger_ui.py
[2024-04-21T15:27:52.623+0000] {processor.py:840} INFO - DAG(s) 'example_params_trigger_ui' retrieved from /home/airflow/.local/lib/python3.8/site-packages/airflow/example_dags/example_params_trigger_ui.py
[2024-04-21T15:27:52.685+0000] {logging_mixin.py:188} INFO - [2024-04-21T15:27:52.684+0000] {dag.py:3047} INFO - Sync 1 DAGs
[2024-04-21T15:27:52.696+0000] {logging_mixin.py:188} INFO - [2024-04-21T15:27:52.696+0000] {dag.py:3834} INFO - Setting next_dagrun for example_params_trigger_ui to None, run_after=None
[2024-04-21T15:27:52.721+0000] {processor.py:183} INFO - Processing /home/airflow/.local/lib/python3.8/site-packages/airflow/example_dags/example_params_trigger_ui.py took 0.129 seconds
[2024-04-21T15:28:22.937+0000] {processor.py:161} INFO - Started process (PID=206) to work on /home/airflow/.local/lib/python3.8/site-packages/airflow/example_dags/example_params_trigger_ui.py
[2024-04-21T15:28:22.938+0000] {processor.py:830} INFO - Processing file /home/airflow/.local/lib/python3.8/site-packages/airflow/example_dags/example_params_trigger_ui.py for tasks to queue
[2024-04-21T15:28:22.940+0000] {logging_mixin.py:188} INFO - [2024-04-21T15:28:22.940+0000] {dagbag.py:540} INFO - Filling up the DagBag from /home/airflow/.local/lib/python3.8/site-packages/airflow/example_dags/example_params_trigger_ui.py
[2024-04-21T15:28:22.951+0000] {processor.py:840} INFO - DAG(s) 'example_params_trigger_ui' retrieved from /home/airflow/.local/lib/python3.8/site-packages/airflow/example_dags/example_params_trigger_ui.py
[2024-04-21T15:28:22.995+0000] {logging_mixin.py:188} INFO - [2024-04-21T15:28:22.994+0000] {dag.py:3047} INFO - Sync 1 DAGs
[2024-04-21T15:28:23.006+0000] {logging_mixin.py:188} INFO - [2024-04-21T15:28:23.006+0000] {dag.py:3834} INFO - Setting next_dagrun for example_params_trigger_ui to None, run_after=None
[2024-04-21T15:28:23.026+0000] {processor.py:183} INFO - Processing /home/airflow/.local/lib/python3.8/site-packages/airflow/example_dags/example_params_trigger_ui.py took 0.092 seconds
[2024-04-21T15:28:53.161+0000] {processor.py:161} INFO - Started process (PID=261) to work on /home/airflow/.local/lib/python3.8/site-packages/airflow/example_dags/example_params_trigger_ui.py
[2024-04-21T15:28:53.164+0000] {processor.py:830} INFO - Processing file /home/airflow/.local/lib/python3.8/site-packages/airflow/example_dags/example_params_trigger_ui.py for tasks to queue
[2024-04-21T15:28:53.168+0000] {logging_mixin.py:188} INFO - [2024-04-21T15:28:53.168+0000] {dagbag.py:540} INFO - Filling up the DagBag from /home/airflow/.local/lib/python3.8/site-packages/airflow/example_dags/example_params_trigger_ui.py
[2024-04-21T15:28:53.193+0000] {processor.py:840} INFO - DAG(s) 'example_params_trigger_ui' retrieved from /home/airflow/.local/lib/python3.8/site-packages/airflow/example_dags/example_params_trigger_ui.py
[2024-04-21T15:28:53.252+0000] {logging_mixin.py:188} INFO - [2024-04-21T15:28:53.252+0000] {dag.py:3047} INFO - Sync 1 DAGs
[2024-04-21T15:28:53.262+0000] {logging_mixin.py:188} INFO - [2024-04-21T15:28:53.262+0000] {dag.py:3834} INFO - Setting next_dagrun for example_params_trigger_ui to None, run_after=None
[2024-04-21T15:28:53.284+0000] {processor.py:183} INFO - Processing /home/airflow/.local/lib/python3.8/site-packages/airflow/example_dags/example_params_trigger_ui.py took 0.128 seconds
[2024-04-21T15:29:23.617+0000] {processor.py:161} INFO - Started process (PID=316) to work on /home/airflow/.local/lib/python3.8/site-packages/airflow/example_dags/example_params_trigger_ui.py
[2024-04-21T15:29:23.619+0000] {processor.py:830} INFO - Processing file /home/airflow/.local/lib/python3.8/site-packages/airflow/example_dags/example_params_trigger_ui.py for tasks to queue
[2024-04-21T15:29:23.621+0000] {logging_mixin.py:188} INFO - [2024-04-21T15:29:23.620+0000] {dagbag.py:540} INFO - Filling up the DagBag from /home/airflow/.local/lib/python3.8/site-packages/airflow/example_dags/example_params_trigger_ui.py
[2024-04-21T15:29:23.633+0000] {processor.py:840} INFO - DAG(s) 'example_params_trigger_ui' retrieved from /home/airflow/.local/lib/python3.8/site-packages/airflow/example_dags/example_params_trigger_ui.py
[2024-04-21T15:29:23.669+0000] {logging_mixin.py:188} INFO - [2024-04-21T15:29:23.668+0000] {dag.py:3047} INFO - Sync 1 DAGs
[2024-04-21T15:29:23.709+0000] {logging_mixin.py:188} INFO - [2024-04-21T15:29:23.709+0000] {dag.py:3834} INFO - Setting next_dagrun for example_params_trigger_ui to None, run_after=None
[2024-04-21T15:29:23.796+0000] {processor.py:183} INFO - Processing /home/airflow/.local/lib/python3.8/site-packages/airflow/example_dags/example_params_trigger_ui.py took 0.182 seconds
[2024-04-21T15:29:54.005+0000] {processor.py:161} INFO - Started process (PID=371) to work on /home/airflow/.local/lib/python3.8/site-packages/airflow/example_dags/example_params_trigger_ui.py
[2024-04-21T15:29:54.007+0000] {processor.py:830} INFO - Processing file /home/airflow/.local/lib/python3.8/site-packages/airflow/example_dags/example_params_trigger_ui.py for tasks to queue
[2024-04-21T15:29:54.010+0000] {logging_mixin.py:188} INFO - [2024-04-21T15:29:54.010+0000] {dagbag.py:540} INFO - Filling up the DagBag from /home/airflow/.local/lib/python3.8/site-packages/airflow/example_dags/example_params_trigger_ui.py
[2024-04-21T15:29:54.026+0000] {processor.py:840} INFO - DAG(s) 'example_params_trigger_ui' retrieved from /home/airflow/.local/lib/python3.8/site-packages/airflow/example_dags/example_params_trigger_ui.py
[2024-04-21T15:29:54.077+0000] {logging_mixin.py:188} INFO - [2024-04-21T15:29:54.077+0000] {dag.py:3047} INFO - Sync 1 DAGs
[2024-04-21T15:29:54.090+0000] {logging_mixin.py:188} INFO - [2024-04-21T15:29:54.090+0000] {dag.py:3834} INFO - Setting next_dagrun for example_params_trigger_ui to None, run_after=None
[2024-04-21T15:29:54.112+0000] {processor.py:183} INFO - Processing /home/airflow/.local/lib/python3.8/site-packages/airflow/example_dags/example_params_trigger_ui.py took 0.112 seconds
[2024-04-21T15:30:24.678+0000] {processor.py:161} INFO - Started process (PID=426) to work on /home/airflow/.local/lib/python3.8/site-packages/airflow/example_dags/example_params_trigger_ui.py
[2024-04-21T15:30:24.681+0000] {processor.py:830} INFO - Processing file /home/airflow/.local/lib/python3.8/site-packages/airflow/example_dags/example_params_trigger_ui.py for tasks to queue
[2024-04-21T15:30:24.682+0000] {logging_mixin.py:188} INFO - [2024-04-21T15:30:24.682+0000] {dagbag.py:540} INFO - Filling up the DagBag from /home/airflow/.local/lib/python3.8/site-packages/airflow/example_dags/example_params_trigger_ui.py
[2024-04-21T15:30:24.692+0000] {processor.py:840} INFO - DAG(s) 'example_params_trigger_ui' retrieved from /home/airflow/.local/lib/python3.8/site-packages/airflow/example_dags/example_params_trigger_ui.py
[2024-04-21T15:30:24.729+0000] {logging_mixin.py:188} INFO - [2024-04-21T15:30:24.729+0000] {dag.py:3047} INFO - Sync 1 DAGs
[2024-04-21T15:30:24.739+0000] {logging_mixin.py:188} INFO - [2024-04-21T15:30:24.739+0000] {dag.py:3834} INFO - Setting next_dagrun for example_params_trigger_ui to None, run_after=None
[2024-04-21T15:30:24.754+0000] {processor.py:183} INFO - Processing /home/airflow/.local/lib/python3.8/site-packages/airflow/example_dags/example_params_trigger_ui.py took 0.079 seconds
[2024-04-21T15:30:54.883+0000] {processor.py:161} INFO - Started process (PID=481) to work on /home/airflow/.local/lib/python3.8/site-packages/airflow/example_dags/example_params_trigger_ui.py
[2024-04-21T15:30:54.884+0000] {processor.py:830} INFO - Processing file /home/airflow/.local/lib/python3.8/site-packages/airflow/example_dags/example_params_trigger_ui.py for tasks to queue
[2024-04-21T15:30:54.886+0000] {logging_mixin.py:188} INFO - [2024-04-21T15:30:54.886+0000] {dagbag.py:540} INFO - Filling up the DagBag from /home/airflow/.local/lib/python3.8/site-packages/airflow/example_dags/example_params_trigger_ui.py
[2024-04-21T15:30:54.898+0000] {processor.py:840} INFO - DAG(s) 'example_params_trigger_ui' retrieved from /home/airflow/.local/lib/python3.8/site-packages/airflow/example_dags/example_params_trigger_ui.py
[2024-04-21T15:30:54.939+0000] {logging_mixin.py:188} INFO - [2024-04-21T15:30:54.939+0000] {dag.py:3047} INFO - Sync 1 DAGs
[2024-04-21T15:30:54.950+0000] {logging_mixin.py:188} INFO - [2024-04-21T15:30:54.950+0000] {dag.py:3834} INFO - Setting next_dagrun for example_params_trigger_ui to None, run_after=None
[2024-04-21T15:30:54.971+0000] {processor.py:183} INFO - Processing /home/airflow/.local/lib/python3.8/site-packages/airflow/example_dags/example_params_trigger_ui.py took 0.091 seconds
[2024-04-21T15:31:25.418+0000] {processor.py:161} INFO - Started process (PID=536) to work on /home/airflow/.local/lib/python3.8/site-packages/airflow/example_dags/example_params_trigger_ui.py
[2024-04-21T15:31:25.419+0000] {processor.py:830} INFO - Processing file /home/airflow/.local/lib/python3.8/site-packages/airflow/example_dags/example_params_trigger_ui.py for tasks to queue
[2024-04-21T15:31:25.422+0000] {logging_mixin.py:188} INFO - [2024-04-21T15:31:25.422+0000] {dagbag.py:540} INFO - Filling up the DagBag from /home/airflow/.local/lib/python3.8/site-packages/airflow/example_dags/example_params_trigger_ui.py
[2024-04-21T15:31:25.435+0000] {processor.py:840} INFO - DAG(s) 'example_params_trigger_ui' retrieved from /home/airflow/.local/lib/python3.8/site-packages/airflow/example_dags/example_params_trigger_ui.py
[2024-04-21T15:31:25.481+0000] {logging_mixin.py:188} INFO - [2024-04-21T15:31:25.481+0000] {dag.py:3047} INFO - Sync 1 DAGs
[2024-04-21T15:31:25.492+0000] {logging_mixin.py:188} INFO - [2024-04-21T15:31:25.492+0000] {dag.py:3834} INFO - Setting next_dagrun for example_params_trigger_ui to None, run_after=None
[2024-04-21T15:31:25.511+0000] {processor.py:183} INFO - Processing /home/airflow/.local/lib/python3.8/site-packages/airflow/example_dags/example_params_trigger_ui.py took 0.096 seconds
[2024-04-21T15:31:56.076+0000] {processor.py:161} INFO - Started process (PID=591) to work on /home/airflow/.local/lib/python3.8/site-packages/airflow/example_dags/example_params_trigger_ui.py
[2024-04-21T15:31:56.077+0000] {processor.py:830} INFO - Processing file /home/airflow/.local/lib/python3.8/site-packages/airflow/example_dags/example_params_trigger_ui.py for tasks to queue
[2024-04-21T15:31:56.079+0000] {logging_mixin.py:188} INFO - [2024-04-21T15:31:56.079+0000] {dagbag.py:540} INFO - Filling up the DagBag from /home/airflow/.local/lib/python3.8/site-packages/airflow/example_dags/example_params_trigger_ui.py
[2024-04-21T15:31:56.095+0000] {processor.py:840} INFO - DAG(s) 'example_params_trigger_ui' retrieved from /home/airflow/.local/lib/python3.8/site-packages/airflow/example_dags/example_params_trigger_ui.py
[2024-04-21T15:31:56.161+0000] {logging_mixin.py:188} INFO - [2024-04-21T15:31:56.160+0000] {dag.py:3047} INFO - Sync 1 DAGs
[2024-04-21T15:31:56.175+0000] {logging_mixin.py:188} INFO - [2024-04-21T15:31:56.175+0000] {dag.py:3834} INFO - Setting next_dagrun for example_params_trigger_ui to None, run_after=None
[2024-04-21T15:31:56.199+0000] {processor.py:183} INFO - Processing /home/airflow/.local/lib/python3.8/site-packages/airflow/example_dags/example_params_trigger_ui.py took 0.125 seconds
[2024-04-21T15:32:26.502+0000] {processor.py:161} INFO - Started process (PID=646) to work on /home/airflow/.local/lib/python3.8/site-packages/airflow/example_dags/example_params_trigger_ui.py
[2024-04-21T15:32:26.504+0000] {processor.py:830} INFO - Processing file /home/airflow/.local/lib/python3.8/site-packages/airflow/example_dags/example_params_trigger_ui.py for tasks to queue
[2024-04-21T15:32:26.506+0000] {logging_mixin.py:188} INFO - [2024-04-21T15:32:26.505+0000] {dagbag.py:540} INFO - Filling up the DagBag from /home/airflow/.local/lib/python3.8/site-packages/airflow/example_dags/example_params_trigger_ui.py
[2024-04-21T15:32:26.518+0000] {processor.py:840} INFO - DAG(s) 'example_params_trigger_ui' retrieved from /home/airflow/.local/lib/python3.8/site-packages/airflow/example_dags/example_params_trigger_ui.py
[2024-04-21T15:32:26.562+0000] {logging_mixin.py:188} INFO - [2024-04-21T15:32:26.562+0000] {dag.py:3047} INFO - Sync 1 DAGs
[2024-04-21T15:32:26.575+0000] {logging_mixin.py:188} INFO - [2024-04-21T15:32:26.575+0000] {dag.py:3834} INFO - Setting next_dagrun for example_params_trigger_ui to None, run_after=None
[2024-04-21T15:32:26.595+0000] {processor.py:183} INFO - Processing /home/airflow/.local/lib/python3.8/site-packages/airflow/example_dags/example_params_trigger_ui.py took 0.096 seconds
[2024-04-21T15:32:57.012+0000] {processor.py:161} INFO - Started process (PID=701) to work on /home/airflow/.local/lib/python3.8/site-packages/airflow/example_dags/example_params_trigger_ui.py
[2024-04-21T15:32:57.013+0000] {processor.py:830} INFO - Processing file /home/airflow/.local/lib/python3.8/site-packages/airflow/example_dags/example_params_trigger_ui.py for tasks to queue
[2024-04-21T15:32:57.015+0000] {logging_mixin.py:188} INFO - [2024-04-21T15:32:57.015+0000] {dagbag.py:540} INFO - Filling up the DagBag from /home/airflow/.local/lib/python3.8/site-packages/airflow/example_dags/example_params_trigger_ui.py
[2024-04-21T15:32:57.027+0000] {processor.py:840} INFO - DAG(s) 'example_params_trigger_ui' retrieved from /home/airflow/.local/lib/python3.8/site-packages/airflow/example_dags/example_params_trigger_ui.py
[2024-04-21T15:32:57.066+0000] {logging_mixin.py:188} INFO - [2024-04-21T15:32:57.066+0000] {dag.py:3047} INFO - Sync 1 DAGs
[2024-04-21T15:32:57.076+0000] {logging_mixin.py:188} INFO - [2024-04-21T15:32:57.076+0000] {dag.py:3834} INFO - Setting next_dagrun for example_params_trigger_ui to None, run_after=None
[2024-04-21T15:32:57.095+0000] {processor.py:183} INFO - Processing /home/airflow/.local/lib/python3.8/site-packages/airflow/example_dags/example_params_trigger_ui.py took 0.088 seconds
[2024-04-21T15:33:27.187+0000] {processor.py:161} INFO - Started process (PID=756) to work on /home/airflow/.local/lib/python3.8/site-packages/airflow/example_dags/example_params_trigger_ui.py
[2024-04-21T15:33:27.188+0000] {processor.py:830} INFO - Processing file /home/airflow/.local/lib/python3.8/site-packages/airflow/example_dags/example_params_trigger_ui.py for tasks to queue
[2024-04-21T15:33:27.190+0000] {logging_mixin.py:188} INFO - [2024-04-21T15:33:27.190+0000] {dagbag.py:540} INFO - Filling up the DagBag from /home/airflow/.local/lib/python3.8/site-packages/airflow/example_dags/example_params_trigger_ui.py
[2024-04-21T15:33:27.202+0000] {processor.py:840} INFO - DAG(s) 'example_params_trigger_ui' retrieved from /home/airflow/.local/lib/python3.8/site-packages/airflow/example_dags/example_params_trigger_ui.py
[2024-04-21T15:33:27.243+0000] {logging_mixin.py:188} INFO - [2024-04-21T15:33:27.243+0000] {dag.py:3047} INFO - Sync 1 DAGs
[2024-04-21T15:33:27.294+0000] {logging_mixin.py:188} INFO - [2024-04-21T15:33:27.294+0000] {dag.py:3834} INFO - Setting next_dagrun for example_params_trigger_ui to None, run_after=None
[2024-04-21T15:33:27.327+0000] {processor.py:183} INFO - Processing /home/airflow/.local/lib/python3.8/site-packages/airflow/example_dags/example_params_trigger_ui.py took 0.143 seconds
[2024-04-21T15:33:59.470+0000] {processor.py:161} INFO - Started process (PID=811) to work on /home/airflow/.local/lib/python3.8/site-packages/airflow/example_dags/example_params_trigger_ui.py
[2024-04-21T15:33:59.473+0000] {processor.py:830} INFO - Processing file /home/airflow/.local/lib/python3.8/site-packages/airflow/example_dags/example_params_trigger_ui.py for tasks to queue
[2024-04-21T15:33:59.477+0000] {logging_mixin.py:188} INFO - [2024-04-21T15:33:59.477+0000] {dagbag.py:540} INFO - Filling up the DagBag from /home/airflow/.local/lib/python3.8/site-packages/airflow/example_dags/example_params_trigger_ui.py
[2024-04-21T15:33:59.499+0000] {processor.py:840} INFO - DAG(s) 'example_params_trigger_ui' retrieved from /home/airflow/.local/lib/python3.8/site-packages/airflow/example_dags/example_params_trigger_ui.py
[2024-04-21T15:33:59.571+0000] {logging_mixin.py:188} INFO - [2024-04-21T15:33:59.571+0000] {dag.py:3047} INFO - Sync 1 DAGs
[2024-04-21T15:33:59.587+0000] {logging_mixin.py:188} INFO - [2024-04-21T15:33:59.586+0000] {dag.py:3834} INFO - Setting next_dagrun for example_params_trigger_ui to None, run_after=None
[2024-04-21T15:33:59.614+0000] {processor.py:183} INFO - Processing /home/airflow/.local/lib/python3.8/site-packages/airflow/example_dags/example_params_trigger_ui.py took 0.147 seconds
[2024-04-21T15:34:29.783+0000] {processor.py:161} INFO - Started process (PID=867) to work on /home/airflow/.local/lib/python3.8/site-packages/airflow/example_dags/example_params_trigger_ui.py
[2024-04-21T15:34:29.784+0000] {processor.py:830} INFO - Processing file /home/airflow/.local/lib/python3.8/site-packages/airflow/example_dags/example_params_trigger_ui.py for tasks to queue
[2024-04-21T15:34:29.787+0000] {logging_mixin.py:188} INFO - [2024-04-21T15:34:29.786+0000] {dagbag.py:540} INFO - Filling up the DagBag from /home/airflow/.local/lib/python3.8/site-packages/airflow/example_dags/example_params_trigger_ui.py
[2024-04-21T15:34:29.797+0000] {processor.py:840} INFO - DAG(s) 'example_params_trigger_ui' retrieved from /home/airflow/.local/lib/python3.8/site-packages/airflow/example_dags/example_params_trigger_ui.py
[2024-04-21T15:34:29.838+0000] {logging_mixin.py:188} INFO - [2024-04-21T15:34:29.837+0000] {dag.py:3047} INFO - Sync 1 DAGs
[2024-04-21T15:34:29.848+0000] {logging_mixin.py:188} INFO - [2024-04-21T15:34:29.848+0000] {dag.py:3834} INFO - Setting next_dagrun for example_params_trigger_ui to None, run_after=None
[2024-04-21T15:34:29.869+0000] {processor.py:183} INFO - Processing /home/airflow/.local/lib/python3.8/site-packages/airflow/example_dags/example_params_trigger_ui.py took 0.088 seconds
[2024-04-21T15:35:00.414+0000] {processor.py:161} INFO - Started process (PID=927) to work on /home/airflow/.local/lib/python3.8/site-packages/airflow/example_dags/example_params_trigger_ui.py
[2024-04-21T15:35:00.420+0000] {processor.py:830} INFO - Processing file /home/airflow/.local/lib/python3.8/site-packages/airflow/example_dags/example_params_trigger_ui.py for tasks to queue
[2024-04-21T15:35:00.431+0000] {logging_mixin.py:188} INFO - [2024-04-21T15:35:00.430+0000] {dagbag.py:540} INFO - Filling up the DagBag from /home/airflow/.local/lib/python3.8/site-packages/airflow/example_dags/example_params_trigger_ui.py
[2024-04-21T15:35:00.509+0000] {processor.py:840} INFO - DAG(s) 'example_params_trigger_ui' retrieved from /home/airflow/.local/lib/python3.8/site-packages/airflow/example_dags/example_params_trigger_ui.py
[2024-04-21T15:35:00.609+0000] {logging_mixin.py:188} INFO - [2024-04-21T15:35:00.609+0000] {dag.py:3047} INFO - Sync 1 DAGs
[2024-04-21T15:35:00.621+0000] {logging_mixin.py:188} INFO - [2024-04-21T15:35:00.620+0000] {dag.py:3834} INFO - Setting next_dagrun for example_params_trigger_ui to None, run_after=None
[2024-04-21T15:35:00.646+0000] {processor.py:183} INFO - Processing /home/airflow/.local/lib/python3.8/site-packages/airflow/example_dags/example_params_trigger_ui.py took 0.242 seconds
[2024-04-21T15:35:30.802+0000] {processor.py:161} INFO - Started process (PID=982) to work on /home/airflow/.local/lib/python3.8/site-packages/airflow/example_dags/example_params_trigger_ui.py
[2024-04-21T15:35:30.805+0000] {processor.py:830} INFO - Processing file /home/airflow/.local/lib/python3.8/site-packages/airflow/example_dags/example_params_trigger_ui.py for tasks to queue
[2024-04-21T15:35:30.810+0000] {logging_mixin.py:188} INFO - [2024-04-21T15:35:30.809+0000] {dagbag.py:540} INFO - Filling up the DagBag from /home/airflow/.local/lib/python3.8/site-packages/airflow/example_dags/example_params_trigger_ui.py
[2024-04-21T15:35:30.841+0000] {processor.py:840} INFO - DAG(s) 'example_params_trigger_ui' retrieved from /home/airflow/.local/lib/python3.8/site-packages/airflow/example_dags/example_params_trigger_ui.py
[2024-04-21T15:35:30.952+0000] {logging_mixin.py:188} INFO - [2024-04-21T15:35:30.952+0000] {dag.py:3047} INFO - Sync 1 DAGs
[2024-04-21T15:35:30.977+0000] {logging_mixin.py:188} INFO - [2024-04-21T15:35:30.977+0000] {dag.py:3834} INFO - Setting next_dagrun for example_params_trigger_ui to None, run_after=None
[2024-04-21T15:35:31.024+0000] {processor.py:183} INFO - Processing /home/airflow/.local/lib/python3.8/site-packages/airflow/example_dags/example_params_trigger_ui.py took 0.228 seconds
[2024-04-21T15:36:04.964+0000] {processor.py:161} INFO - Started process (PID=1037) to work on /home/airflow/.local/lib/python3.8/site-packages/airflow/example_dags/example_params_trigger_ui.py
[2024-04-21T15:36:04.967+0000] {processor.py:830} INFO - Processing file /home/airflow/.local/lib/python3.8/site-packages/airflow/example_dags/example_params_trigger_ui.py for tasks to queue
[2024-04-21T15:36:04.975+0000] {logging_mixin.py:188} INFO - [2024-04-21T15:36:04.974+0000] {dagbag.py:540} INFO - Filling up the DagBag from /home/airflow/.local/lib/python3.8/site-packages/airflow/example_dags/example_params_trigger_ui.py
[2024-04-21T15:36:05.019+0000] {processor.py:840} INFO - DAG(s) 'example_params_trigger_ui' retrieved from /home/airflow/.local/lib/python3.8/site-packages/airflow/example_dags/example_params_trigger_ui.py
[2024-04-21T15:36:05.176+0000] {logging_mixin.py:188} INFO - [2024-04-21T15:36:05.175+0000] {dag.py:3047} INFO - Sync 1 DAGs
[2024-04-21T15:36:05.214+0000] {logging_mixin.py:188} INFO - [2024-04-21T15:36:05.214+0000] {dag.py:3834} INFO - Setting next_dagrun for example_params_trigger_ui to None, run_after=None
[2024-04-21T15:36:05.286+0000] {processor.py:183} INFO - Processing /home/airflow/.local/lib/python3.8/site-packages/airflow/example_dags/example_params_trigger_ui.py took 0.330 seconds
