[2024-04-21T15:26:58.629+0000] {processor.py:161} INFO - Started process (PID=83) to work on /home/airflow/.local/lib/python3.8/site-packages/airflow/example_dags/example_external_task_marker_dag.py
[2024-04-21T15:26:58.632+0000] {processor.py:830} INFO - Processing file /home/airflow/.local/lib/python3.8/site-packages/airflow/example_dags/example_external_task_marker_dag.py for tasks to queue
[2024-04-21T15:26:58.636+0000] {logging_mixin.py:188} INFO - [2024-04-21T15:26:58.635+0000] {dagbag.py:540} INFO - Filling up the DagBag from /home/airflow/.local/lib/python3.8/site-packages/airflow/example_dags/example_external_task_marker_dag.py
[2024-04-21T15:26:58.646+0000] {processor.py:840} INFO - DAG(s) 'example_external_task_marker_child', 'example_external_task_marker_parent' retrieved from /home/airflow/.local/lib/python3.8/site-packages/airflow/example_dags/example_external_task_marker_dag.py
[2024-04-21T15:26:58.862+0000] {logging_mixin.py:188} INFO - [2024-04-21T15:26:58.861+0000] {override.py:1769} INFO - Created Permission View: can delete on DAG:example_external_task_marker_child
[2024-04-21T15:26:58.885+0000] {logging_mixin.py:188} INFO - [2024-04-21T15:26:58.884+0000] {override.py:1769} INFO - Created Permission View: can read on DAG:example_external_task_marker_child
[2024-04-21T15:26:58.902+0000] {logging_mixin.py:188} INFO - [2024-04-21T15:26:58.901+0000] {override.py:1769} INFO - Created Permission View: can edit on DAG:example_external_task_marker_child
[2024-04-21T15:26:58.933+0000] {logging_mixin.py:188} INFO - [2024-04-21T15:26:58.932+0000] {override.py:1769} INFO - Created Permission View: can delete on DAG:example_external_task_marker_parent
[2024-04-21T15:26:58.959+0000] {logging_mixin.py:188} INFO - [2024-04-21T15:26:58.957+0000] {override.py:1769} INFO - Created Permission View: can read on DAG:example_external_task_marker_parent
[2024-04-21T15:26:58.980+0000] {logging_mixin.py:188} INFO - [2024-04-21T15:26:58.979+0000] {override.py:1769} INFO - Created Permission View: can edit on DAG:example_external_task_marker_parent
[2024-04-21T15:26:58.982+0000] {logging_mixin.py:188} INFO - [2024-04-21T15:26:58.982+0000] {dag.py:3047} INFO - Sync 2 DAGs
[2024-04-21T15:26:59.018+0000] {logging_mixin.py:188} INFO - [2024-04-21T15:26:59.017+0000] {dag.py:3069} INFO - Creating ORM DAG for example_external_task_marker_parent
[2024-04-21T15:26:59.021+0000] {logging_mixin.py:188} INFO - [2024-04-21T15:26:59.020+0000] {dag.py:3069} INFO - Creating ORM DAG for example_external_task_marker_child
[2024-04-21T15:26:59.023+0000] {logging_mixin.py:188} INFO - [2024-04-21T15:26:59.023+0000] {dag.py:3834} INFO - Setting next_dagrun for example_external_task_marker_child to None, run_after=None
[2024-04-21T15:26:59.026+0000] {logging_mixin.py:188} INFO - [2024-04-21T15:26:59.026+0000] {dag.py:3834} INFO - Setting next_dagrun for example_external_task_marker_parent to None, run_after=None
[2024-04-21T15:26:59.100+0000] {processor.py:183} INFO - Processing /home/airflow/.local/lib/python3.8/site-packages/airflow/example_dags/example_external_task_marker_dag.py took 0.475 seconds
[2024-04-21T15:27:29.727+0000] {processor.py:161} INFO - Started process (PID=138) to work on /home/airflow/.local/lib/python3.8/site-packages/airflow/example_dags/example_external_task_marker_dag.py
[2024-04-21T15:27:29.728+0000] {processor.py:830} INFO - Processing file /home/airflow/.local/lib/python3.8/site-packages/airflow/example_dags/example_external_task_marker_dag.py for tasks to queue
[2024-04-21T15:27:29.730+0000] {logging_mixin.py:188} INFO - [2024-04-21T15:27:29.729+0000] {dagbag.py:540} INFO - Filling up the DagBag from /home/airflow/.local/lib/python3.8/site-packages/airflow/example_dags/example_external_task_marker_dag.py
[2024-04-21T15:27:29.735+0000] {processor.py:840} INFO - DAG(s) 'example_external_task_marker_parent', 'example_external_task_marker_child' retrieved from /home/airflow/.local/lib/python3.8/site-packages/airflow/example_dags/example_external_task_marker_dag.py
[2024-04-21T15:27:29.767+0000] {logging_mixin.py:188} INFO - [2024-04-21T15:27:29.767+0000] {dag.py:3047} INFO - Sync 2 DAGs
[2024-04-21T15:27:29.784+0000] {logging_mixin.py:188} INFO - [2024-04-21T15:27:29.784+0000] {dag.py:3834} INFO - Setting next_dagrun for example_external_task_marker_child to None, run_after=None
[2024-04-21T15:27:29.790+0000] {logging_mixin.py:188} INFO - [2024-04-21T15:27:29.789+0000] {dag.py:3834} INFO - Setting next_dagrun for example_external_task_marker_parent to None, run_after=None
[2024-04-21T15:27:29.810+0000] {processor.py:183} INFO - Processing /home/airflow/.local/lib/python3.8/site-packages/airflow/example_dags/example_external_task_marker_dag.py took 0.085 seconds
[2024-04-21T15:28:00.604+0000] {processor.py:161} INFO - Started process (PID=193) to work on /home/airflow/.local/lib/python3.8/site-packages/airflow/example_dags/example_external_task_marker_dag.py
[2024-04-21T15:28:00.608+0000] {processor.py:830} INFO - Processing file /home/airflow/.local/lib/python3.8/site-packages/airflow/example_dags/example_external_task_marker_dag.py for tasks to queue
[2024-04-21T15:28:00.614+0000] {logging_mixin.py:188} INFO - [2024-04-21T15:28:00.613+0000] {dagbag.py:540} INFO - Filling up the DagBag from /home/airflow/.local/lib/python3.8/site-packages/airflow/example_dags/example_external_task_marker_dag.py
[2024-04-21T15:28:00.652+0000] {processor.py:840} INFO - DAG(s) 'example_external_task_marker_parent', 'example_external_task_marker_child' retrieved from /home/airflow/.local/lib/python3.8/site-packages/airflow/example_dags/example_external_task_marker_dag.py
[2024-04-21T15:28:00.755+0000] {logging_mixin.py:188} INFO - [2024-04-21T15:28:00.755+0000] {dag.py:3047} INFO - Sync 2 DAGs
[2024-04-21T15:28:00.777+0000] {logging_mixin.py:188} INFO - [2024-04-21T15:28:00.777+0000] {dag.py:3834} INFO - Setting next_dagrun for example_external_task_marker_child to None, run_after=None
[2024-04-21T15:28:00.784+0000] {logging_mixin.py:188} INFO - [2024-04-21T15:28:00.783+0000] {dag.py:3834} INFO - Setting next_dagrun for example_external_task_marker_parent to None, run_after=None
[2024-04-21T15:28:00.810+0000] {processor.py:183} INFO - Processing /home/airflow/.local/lib/python3.8/site-packages/airflow/example_dags/example_external_task_marker_dag.py took 0.215 seconds
[2024-04-21T15:28:31.764+0000] {processor.py:161} INFO - Started process (PID=248) to work on /home/airflow/.local/lib/python3.8/site-packages/airflow/example_dags/example_external_task_marker_dag.py
[2024-04-21T15:28:31.766+0000] {processor.py:830} INFO - Processing file /home/airflow/.local/lib/python3.8/site-packages/airflow/example_dags/example_external_task_marker_dag.py for tasks to queue
[2024-04-21T15:28:31.772+0000] {logging_mixin.py:188} INFO - [2024-04-21T15:28:31.770+0000] {dagbag.py:540} INFO - Filling up the DagBag from /home/airflow/.local/lib/python3.8/site-packages/airflow/example_dags/example_external_task_marker_dag.py
[2024-04-21T15:28:31.782+0000] {processor.py:840} INFO - DAG(s) 'example_external_task_marker_child', 'example_external_task_marker_parent' retrieved from /home/airflow/.local/lib/python3.8/site-packages/airflow/example_dags/example_external_task_marker_dag.py
[2024-04-21T15:28:31.819+0000] {logging_mixin.py:188} INFO - [2024-04-21T15:28:31.818+0000] {dag.py:3047} INFO - Sync 2 DAGs
[2024-04-21T15:28:31.841+0000] {logging_mixin.py:188} INFO - [2024-04-21T15:28:31.841+0000] {dag.py:3834} INFO - Setting next_dagrun for example_external_task_marker_child to None, run_after=None
[2024-04-21T15:28:31.845+0000] {logging_mixin.py:188} INFO - [2024-04-21T15:28:31.845+0000] {dag.py:3834} INFO - Setting next_dagrun for example_external_task_marker_parent to None, run_after=None
[2024-04-21T15:28:31.865+0000] {processor.py:183} INFO - Processing /home/airflow/.local/lib/python3.8/site-packages/airflow/example_dags/example_external_task_marker_dag.py took 0.108 seconds
[2024-04-21T15:29:02.620+0000] {processor.py:161} INFO - Started process (PID=303) to work on /home/airflow/.local/lib/python3.8/site-packages/airflow/example_dags/example_external_task_marker_dag.py
[2024-04-21T15:29:02.623+0000] {processor.py:830} INFO - Processing file /home/airflow/.local/lib/python3.8/site-packages/airflow/example_dags/example_external_task_marker_dag.py for tasks to queue
[2024-04-21T15:29:02.629+0000] {logging_mixin.py:188} INFO - [2024-04-21T15:29:02.627+0000] {dagbag.py:540} INFO - Filling up the DagBag from /home/airflow/.local/lib/python3.8/site-packages/airflow/example_dags/example_external_task_marker_dag.py
[2024-04-21T15:29:02.638+0000] {processor.py:840} INFO - DAG(s) 'example_external_task_marker_child', 'example_external_task_marker_parent' retrieved from /home/airflow/.local/lib/python3.8/site-packages/airflow/example_dags/example_external_task_marker_dag.py
[2024-04-21T15:29:02.673+0000] {logging_mixin.py:188} INFO - [2024-04-21T15:29:02.672+0000] {dag.py:3047} INFO - Sync 2 DAGs
[2024-04-21T15:29:02.686+0000] {logging_mixin.py:188} INFO - [2024-04-21T15:29:02.686+0000] {dag.py:3834} INFO - Setting next_dagrun for example_external_task_marker_child to None, run_after=None
[2024-04-21T15:29:02.691+0000] {logging_mixin.py:188} INFO - [2024-04-21T15:29:02.691+0000] {dag.py:3834} INFO - Setting next_dagrun for example_external_task_marker_parent to None, run_after=None
[2024-04-21T15:29:02.720+0000] {processor.py:183} INFO - Processing /home/airflow/.local/lib/python3.8/site-packages/airflow/example_dags/example_external_task_marker_dag.py took 0.107 seconds
[2024-04-21T15:29:33.212+0000] {processor.py:161} INFO - Started process (PID=358) to work on /home/airflow/.local/lib/python3.8/site-packages/airflow/example_dags/example_external_task_marker_dag.py
[2024-04-21T15:29:33.213+0000] {processor.py:830} INFO - Processing file /home/airflow/.local/lib/python3.8/site-packages/airflow/example_dags/example_external_task_marker_dag.py for tasks to queue
[2024-04-21T15:29:33.215+0000] {logging_mixin.py:188} INFO - [2024-04-21T15:29:33.215+0000] {dagbag.py:540} INFO - Filling up the DagBag from /home/airflow/.local/lib/python3.8/site-packages/airflow/example_dags/example_external_task_marker_dag.py
[2024-04-21T15:29:33.220+0000] {processor.py:840} INFO - DAG(s) 'example_external_task_marker_child', 'example_external_task_marker_parent' retrieved from /home/airflow/.local/lib/python3.8/site-packages/airflow/example_dags/example_external_task_marker_dag.py
[2024-04-21T15:29:33.244+0000] {logging_mixin.py:188} INFO - [2024-04-21T15:29:33.244+0000] {dag.py:3047} INFO - Sync 2 DAGs
[2024-04-21T15:29:33.255+0000] {logging_mixin.py:188} INFO - [2024-04-21T15:29:33.255+0000] {dag.py:3834} INFO - Setting next_dagrun for example_external_task_marker_child to None, run_after=None
[2024-04-21T15:29:33.259+0000] {logging_mixin.py:188} INFO - [2024-04-21T15:29:33.259+0000] {dag.py:3834} INFO - Setting next_dagrun for example_external_task_marker_parent to None, run_after=None
[2024-04-21T15:29:33.279+0000] {processor.py:183} INFO - Processing /home/airflow/.local/lib/python3.8/site-packages/airflow/example_dags/example_external_task_marker_dag.py took 0.070 seconds
[2024-04-21T15:30:03.751+0000] {processor.py:161} INFO - Started process (PID=413) to work on /home/airflow/.local/lib/python3.8/site-packages/airflow/example_dags/example_external_task_marker_dag.py
[2024-04-21T15:30:03.755+0000] {processor.py:830} INFO - Processing file /home/airflow/.local/lib/python3.8/site-packages/airflow/example_dags/example_external_task_marker_dag.py for tasks to queue
[2024-04-21T15:30:03.764+0000] {logging_mixin.py:188} INFO - [2024-04-21T15:30:03.763+0000] {dagbag.py:540} INFO - Filling up the DagBag from /home/airflow/.local/lib/python3.8/site-packages/airflow/example_dags/example_external_task_marker_dag.py
[2024-04-21T15:30:03.789+0000] {processor.py:840} INFO - DAG(s) 'example_external_task_marker_parent', 'example_external_task_marker_child' retrieved from /home/airflow/.local/lib/python3.8/site-packages/airflow/example_dags/example_external_task_marker_dag.py
[2024-04-21T15:30:03.879+0000] {logging_mixin.py:188} INFO - [2024-04-21T15:30:03.879+0000] {dag.py:3047} INFO - Sync 2 DAGs
[2024-04-21T15:30:03.894+0000] {logging_mixin.py:188} INFO - [2024-04-21T15:30:03.894+0000] {dag.py:3834} INFO - Setting next_dagrun for example_external_task_marker_child to None, run_after=None
[2024-04-21T15:30:03.900+0000] {logging_mixin.py:188} INFO - [2024-04-21T15:30:03.899+0000] {dag.py:3834} INFO - Setting next_dagrun for example_external_task_marker_parent to None, run_after=None
[2024-04-21T15:30:03.919+0000] {processor.py:183} INFO - Processing /home/airflow/.local/lib/python3.8/site-packages/airflow/example_dags/example_external_task_marker_dag.py took 0.186 seconds
[2024-04-21T15:30:34.297+0000] {processor.py:161} INFO - Started process (PID=468) to work on /home/airflow/.local/lib/python3.8/site-packages/airflow/example_dags/example_external_task_marker_dag.py
[2024-04-21T15:30:34.298+0000] {processor.py:830} INFO - Processing file /home/airflow/.local/lib/python3.8/site-packages/airflow/example_dags/example_external_task_marker_dag.py for tasks to queue
[2024-04-21T15:30:34.300+0000] {logging_mixin.py:188} INFO - [2024-04-21T15:30:34.300+0000] {dagbag.py:540} INFO - Filling up the DagBag from /home/airflow/.local/lib/python3.8/site-packages/airflow/example_dags/example_external_task_marker_dag.py
[2024-04-21T15:30:34.306+0000] {processor.py:840} INFO - DAG(s) 'example_external_task_marker_child', 'example_external_task_marker_parent' retrieved from /home/airflow/.local/lib/python3.8/site-packages/airflow/example_dags/example_external_task_marker_dag.py
[2024-04-21T15:30:34.330+0000] {logging_mixin.py:188} INFO - [2024-04-21T15:30:34.330+0000] {dag.py:3047} INFO - Sync 2 DAGs
[2024-04-21T15:30:34.342+0000] {logging_mixin.py:188} INFO - [2024-04-21T15:30:34.342+0000] {dag.py:3834} INFO - Setting next_dagrun for example_external_task_marker_child to None, run_after=None
[2024-04-21T15:30:34.347+0000] {logging_mixin.py:188} INFO - [2024-04-21T15:30:34.346+0000] {dag.py:3834} INFO - Setting next_dagrun for example_external_task_marker_parent to None, run_after=None
[2024-04-21T15:30:34.367+0000] {processor.py:183} INFO - Processing /home/airflow/.local/lib/python3.8/site-packages/airflow/example_dags/example_external_task_marker_dag.py took 0.075 seconds
[2024-04-21T15:31:04.461+0000] {processor.py:161} INFO - Started process (PID=523) to work on /home/airflow/.local/lib/python3.8/site-packages/airflow/example_dags/example_external_task_marker_dag.py
[2024-04-21T15:31:04.462+0000] {processor.py:830} INFO - Processing file /home/airflow/.local/lib/python3.8/site-packages/airflow/example_dags/example_external_task_marker_dag.py for tasks to queue
[2024-04-21T15:31:04.464+0000] {logging_mixin.py:188} INFO - [2024-04-21T15:31:04.463+0000] {dagbag.py:540} INFO - Filling up the DagBag from /home/airflow/.local/lib/python3.8/site-packages/airflow/example_dags/example_external_task_marker_dag.py
[2024-04-21T15:31:04.470+0000] {processor.py:840} INFO - DAG(s) 'example_external_task_marker_parent', 'example_external_task_marker_child' retrieved from /home/airflow/.local/lib/python3.8/site-packages/airflow/example_dags/example_external_task_marker_dag.py
[2024-04-21T15:31:04.491+0000] {logging_mixin.py:188} INFO - [2024-04-21T15:31:04.490+0000] {dag.py:3047} INFO - Sync 2 DAGs
[2024-04-21T15:31:04.502+0000] {logging_mixin.py:188} INFO - [2024-04-21T15:31:04.502+0000] {dag.py:3834} INFO - Setting next_dagrun for example_external_task_marker_child to None, run_after=None
[2024-04-21T15:31:04.506+0000] {logging_mixin.py:188} INFO - [2024-04-21T15:31:04.505+0000] {dag.py:3834} INFO - Setting next_dagrun for example_external_task_marker_parent to None, run_after=None
[2024-04-21T15:31:04.523+0000] {processor.py:183} INFO - Processing /home/airflow/.local/lib/python3.8/site-packages/airflow/example_dags/example_external_task_marker_dag.py took 0.065 seconds
[2024-04-21T15:31:35.413+0000] {processor.py:161} INFO - Started process (PID=578) to work on /home/airflow/.local/lib/python3.8/site-packages/airflow/example_dags/example_external_task_marker_dag.py
[2024-04-21T15:31:35.415+0000] {processor.py:830} INFO - Processing file /home/airflow/.local/lib/python3.8/site-packages/airflow/example_dags/example_external_task_marker_dag.py for tasks to queue
[2024-04-21T15:31:35.417+0000] {logging_mixin.py:188} INFO - [2024-04-21T15:31:35.417+0000] {dagbag.py:540} INFO - Filling up the DagBag from /home/airflow/.local/lib/python3.8/site-packages/airflow/example_dags/example_external_task_marker_dag.py
[2024-04-21T15:31:35.423+0000] {processor.py:840} INFO - DAG(s) 'example_external_task_marker_child', 'example_external_task_marker_parent' retrieved from /home/airflow/.local/lib/python3.8/site-packages/airflow/example_dags/example_external_task_marker_dag.py
[2024-04-21T15:31:35.448+0000] {logging_mixin.py:188} INFO - [2024-04-21T15:31:35.448+0000] {dag.py:3047} INFO - Sync 2 DAGs
[2024-04-21T15:31:35.459+0000] {logging_mixin.py:188} INFO - [2024-04-21T15:31:35.459+0000] {dag.py:3834} INFO - Setting next_dagrun for example_external_task_marker_child to None, run_after=None
[2024-04-21T15:31:35.463+0000] {logging_mixin.py:188} INFO - [2024-04-21T15:31:35.463+0000] {dag.py:3834} INFO - Setting next_dagrun for example_external_task_marker_parent to None, run_after=None
[2024-04-21T15:31:35.483+0000] {processor.py:183} INFO - Processing /home/airflow/.local/lib/python3.8/site-packages/airflow/example_dags/example_external_task_marker_dag.py took 0.073 seconds
[2024-04-21T15:32:05.832+0000] {processor.py:161} INFO - Started process (PID=633) to work on /home/airflow/.local/lib/python3.8/site-packages/airflow/example_dags/example_external_task_marker_dag.py
[2024-04-21T15:32:05.833+0000] {processor.py:830} INFO - Processing file /home/airflow/.local/lib/python3.8/site-packages/airflow/example_dags/example_external_task_marker_dag.py for tasks to queue
[2024-04-21T15:32:05.836+0000] {logging_mixin.py:188} INFO - [2024-04-21T15:32:05.836+0000] {dagbag.py:540} INFO - Filling up the DagBag from /home/airflow/.local/lib/python3.8/site-packages/airflow/example_dags/example_external_task_marker_dag.py
[2024-04-21T15:32:05.843+0000] {processor.py:840} INFO - DAG(s) 'example_external_task_marker_child', 'example_external_task_marker_parent' retrieved from /home/airflow/.local/lib/python3.8/site-packages/airflow/example_dags/example_external_task_marker_dag.py
[2024-04-21T15:32:05.864+0000] {logging_mixin.py:188} INFO - [2024-04-21T15:32:05.863+0000] {dag.py:3047} INFO - Sync 2 DAGs
[2024-04-21T15:32:05.874+0000] {logging_mixin.py:188} INFO - [2024-04-21T15:32:05.874+0000] {dag.py:3834} INFO - Setting next_dagrun for example_external_task_marker_child to None, run_after=None
[2024-04-21T15:32:05.877+0000] {logging_mixin.py:188} INFO - [2024-04-21T15:32:05.877+0000] {dag.py:3834} INFO - Setting next_dagrun for example_external_task_marker_parent to None, run_after=None
[2024-04-21T15:32:05.893+0000] {processor.py:183} INFO - Processing /home/airflow/.local/lib/python3.8/site-packages/airflow/example_dags/example_external_task_marker_dag.py took 0.065 seconds
[2024-04-21T15:32:36.453+0000] {processor.py:161} INFO - Started process (PID=688) to work on /home/airflow/.local/lib/python3.8/site-packages/airflow/example_dags/example_external_task_marker_dag.py
[2024-04-21T15:32:36.454+0000] {processor.py:830} INFO - Processing file /home/airflow/.local/lib/python3.8/site-packages/airflow/example_dags/example_external_task_marker_dag.py for tasks to queue
[2024-04-21T15:32:36.456+0000] {logging_mixin.py:188} INFO - [2024-04-21T15:32:36.455+0000] {dagbag.py:540} INFO - Filling up the DagBag from /home/airflow/.local/lib/python3.8/site-packages/airflow/example_dags/example_external_task_marker_dag.py
[2024-04-21T15:32:36.469+0000] {processor.py:840} INFO - DAG(s) 'example_external_task_marker_parent', 'example_external_task_marker_child' retrieved from /home/airflow/.local/lib/python3.8/site-packages/airflow/example_dags/example_external_task_marker_dag.py
[2024-04-21T15:32:36.505+0000] {logging_mixin.py:188} INFO - [2024-04-21T15:32:36.505+0000] {dag.py:3047} INFO - Sync 2 DAGs
[2024-04-21T15:32:36.515+0000] {logging_mixin.py:188} INFO - [2024-04-21T15:32:36.514+0000] {dag.py:3834} INFO - Setting next_dagrun for example_external_task_marker_child to None, run_after=None
[2024-04-21T15:32:36.518+0000] {logging_mixin.py:188} INFO - [2024-04-21T15:32:36.518+0000] {dag.py:3834} INFO - Setting next_dagrun for example_external_task_marker_parent to None, run_after=None
[2024-04-21T15:32:36.533+0000] {processor.py:183} INFO - Processing /home/airflow/.local/lib/python3.8/site-packages/airflow/example_dags/example_external_task_marker_dag.py took 0.083 seconds
[2024-04-21T15:33:06.841+0000] {processor.py:161} INFO - Started process (PID=743) to work on /home/airflow/.local/lib/python3.8/site-packages/airflow/example_dags/example_external_task_marker_dag.py
[2024-04-21T15:33:06.842+0000] {processor.py:830} INFO - Processing file /home/airflow/.local/lib/python3.8/site-packages/airflow/example_dags/example_external_task_marker_dag.py for tasks to queue
[2024-04-21T15:33:06.843+0000] {logging_mixin.py:188} INFO - [2024-04-21T15:33:06.843+0000] {dagbag.py:540} INFO - Filling up the DagBag from /home/airflow/.local/lib/python3.8/site-packages/airflow/example_dags/example_external_task_marker_dag.py
[2024-04-21T15:33:06.848+0000] {processor.py:840} INFO - DAG(s) 'example_external_task_marker_child', 'example_external_task_marker_parent' retrieved from /home/airflow/.local/lib/python3.8/site-packages/airflow/example_dags/example_external_task_marker_dag.py
[2024-04-21T15:33:06.868+0000] {logging_mixin.py:188} INFO - [2024-04-21T15:33:06.868+0000] {dag.py:3047} INFO - Sync 2 DAGs
[2024-04-21T15:33:06.878+0000] {logging_mixin.py:188} INFO - [2024-04-21T15:33:06.878+0000] {dag.py:3834} INFO - Setting next_dagrun for example_external_task_marker_child to None, run_after=None
[2024-04-21T15:33:06.882+0000] {logging_mixin.py:188} INFO - [2024-04-21T15:33:06.881+0000] {dag.py:3834} INFO - Setting next_dagrun for example_external_task_marker_parent to None, run_after=None
[2024-04-21T15:33:06.897+0000] {processor.py:183} INFO - Processing /home/airflow/.local/lib/python3.8/site-packages/airflow/example_dags/example_external_task_marker_dag.py took 0.058 seconds
[2024-04-21T15:33:38.136+0000] {processor.py:161} INFO - Started process (PID=798) to work on /home/airflow/.local/lib/python3.8/site-packages/airflow/example_dags/example_external_task_marker_dag.py
[2024-04-21T15:33:38.139+0000] {processor.py:830} INFO - Processing file /home/airflow/.local/lib/python3.8/site-packages/airflow/example_dags/example_external_task_marker_dag.py for tasks to queue
[2024-04-21T15:33:38.144+0000] {logging_mixin.py:188} INFO - [2024-04-21T15:33:38.143+0000] {dagbag.py:540} INFO - Filling up the DagBag from /home/airflow/.local/lib/python3.8/site-packages/airflow/example_dags/example_external_task_marker_dag.py
[2024-04-21T15:33:38.153+0000] {processor.py:840} INFO - DAG(s) 'example_external_task_marker_parent', 'example_external_task_marker_child' retrieved from /home/airflow/.local/lib/python3.8/site-packages/airflow/example_dags/example_external_task_marker_dag.py
[2024-04-21T15:33:38.203+0000] {logging_mixin.py:188} INFO - [2024-04-21T15:33:38.202+0000] {dag.py:3047} INFO - Sync 2 DAGs
[2024-04-21T15:33:38.242+0000] {logging_mixin.py:188} INFO - [2024-04-21T15:33:38.242+0000] {dag.py:3834} INFO - Setting next_dagrun for example_external_task_marker_child to None, run_after=None
[2024-04-21T15:33:38.251+0000] {logging_mixin.py:188} INFO - [2024-04-21T15:33:38.251+0000] {dag.py:3834} INFO - Setting next_dagrun for example_external_task_marker_parent to None, run_after=None
[2024-04-21T15:33:38.301+0000] {processor.py:183} INFO - Processing /home/airflow/.local/lib/python3.8/site-packages/airflow/example_dags/example_external_task_marker_dag.py took 0.176 seconds
[2024-04-21T15:34:08.545+0000] {processor.py:161} INFO - Started process (PID=854) to work on /home/airflow/.local/lib/python3.8/site-packages/airflow/example_dags/example_external_task_marker_dag.py
[2024-04-21T15:34:08.547+0000] {processor.py:830} INFO - Processing file /home/airflow/.local/lib/python3.8/site-packages/airflow/example_dags/example_external_task_marker_dag.py for tasks to queue
[2024-04-21T15:34:08.549+0000] {logging_mixin.py:188} INFO - [2024-04-21T15:34:08.548+0000] {dagbag.py:540} INFO - Filling up the DagBag from /home/airflow/.local/lib/python3.8/site-packages/airflow/example_dags/example_external_task_marker_dag.py
[2024-04-21T15:34:08.553+0000] {processor.py:840} INFO - DAG(s) 'example_external_task_marker_child', 'example_external_task_marker_parent' retrieved from /home/airflow/.local/lib/python3.8/site-packages/airflow/example_dags/example_external_task_marker_dag.py
[2024-04-21T15:34:08.575+0000] {logging_mixin.py:188} INFO - [2024-04-21T15:34:08.575+0000] {dag.py:3047} INFO - Sync 2 DAGs
[2024-04-21T15:34:08.590+0000] {logging_mixin.py:188} INFO - [2024-04-21T15:34:08.589+0000] {dag.py:3834} INFO - Setting next_dagrun for example_external_task_marker_child to None, run_after=None
[2024-04-21T15:34:08.595+0000] {logging_mixin.py:188} INFO - [2024-04-21T15:34:08.595+0000] {dag.py:3834} INFO - Setting next_dagrun for example_external_task_marker_parent to None, run_after=None
[2024-04-21T15:34:08.614+0000] {processor.py:183} INFO - Processing /home/airflow/.local/lib/python3.8/site-packages/airflow/example_dags/example_external_task_marker_dag.py took 0.071 seconds
[2024-04-21T15:34:39.130+0000] {processor.py:161} INFO - Started process (PID=908) to work on /home/airflow/.local/lib/python3.8/site-packages/airflow/example_dags/example_external_task_marker_dag.py
[2024-04-21T15:34:39.131+0000] {processor.py:830} INFO - Processing file /home/airflow/.local/lib/python3.8/site-packages/airflow/example_dags/example_external_task_marker_dag.py for tasks to queue
[2024-04-21T15:34:39.134+0000] {logging_mixin.py:188} INFO - [2024-04-21T15:34:39.133+0000] {dagbag.py:540} INFO - Filling up the DagBag from /home/airflow/.local/lib/python3.8/site-packages/airflow/example_dags/example_external_task_marker_dag.py
[2024-04-21T15:34:39.143+0000] {processor.py:840} INFO - DAG(s) 'example_external_task_marker_child', 'example_external_task_marker_parent' retrieved from /home/airflow/.local/lib/python3.8/site-packages/airflow/example_dags/example_external_task_marker_dag.py
[2024-04-21T15:34:39.183+0000] {logging_mixin.py:188} INFO - [2024-04-21T15:34:39.182+0000] {dag.py:3047} INFO - Sync 2 DAGs
[2024-04-21T15:34:39.205+0000] {logging_mixin.py:188} INFO - [2024-04-21T15:34:39.204+0000] {dag.py:3834} INFO - Setting next_dagrun for example_external_task_marker_child to None, run_after=None
[2024-04-21T15:34:39.212+0000] {logging_mixin.py:188} INFO - [2024-04-21T15:34:39.211+0000] {dag.py:3834} INFO - Setting next_dagrun for example_external_task_marker_parent to None, run_after=None
[2024-04-21T15:34:39.249+0000] {processor.py:183} INFO - Processing /home/airflow/.local/lib/python3.8/site-packages/airflow/example_dags/example_external_task_marker_dag.py took 0.122 seconds
[2024-04-21T15:35:10.445+0000] {processor.py:161} INFO - Started process (PID=963) to work on /home/airflow/.local/lib/python3.8/site-packages/airflow/example_dags/example_external_task_marker_dag.py
[2024-04-21T15:35:10.450+0000] {processor.py:830} INFO - Processing file /home/airflow/.local/lib/python3.8/site-packages/airflow/example_dags/example_external_task_marker_dag.py for tasks to queue
[2024-04-21T15:35:10.458+0000] {logging_mixin.py:188} INFO - [2024-04-21T15:35:10.456+0000] {dagbag.py:540} INFO - Filling up the DagBag from /home/airflow/.local/lib/python3.8/site-packages/airflow/example_dags/example_external_task_marker_dag.py
[2024-04-21T15:35:10.481+0000] {processor.py:840} INFO - DAG(s) 'example_external_task_marker_parent', 'example_external_task_marker_child' retrieved from /home/airflow/.local/lib/python3.8/site-packages/airflow/example_dags/example_external_task_marker_dag.py
[2024-04-21T15:35:10.511+0000] {logging_mixin.py:188} INFO - [2024-04-21T15:35:10.510+0000] {dag.py:3047} INFO - Sync 2 DAGs
[2024-04-21T15:35:10.525+0000] {logging_mixin.py:188} INFO - [2024-04-21T15:35:10.524+0000] {dag.py:3834} INFO - Setting next_dagrun for example_external_task_marker_child to None, run_after=None
[2024-04-21T15:35:10.530+0000] {logging_mixin.py:188} INFO - [2024-04-21T15:35:10.530+0000] {dag.py:3834} INFO - Setting next_dagrun for example_external_task_marker_parent to None, run_after=None
[2024-04-21T15:35:10.554+0000] {processor.py:183} INFO - Processing /home/airflow/.local/lib/python3.8/site-packages/airflow/example_dags/example_external_task_marker_dag.py took 0.125 seconds
[2024-04-21T15:35:59.053+0000] {processor.py:161} INFO - Started process (PID=1018) to work on /home/airflow/.local/lib/python3.8/site-packages/airflow/example_dags/example_external_task_marker_dag.py
[2024-04-21T15:35:59.060+0000] {processor.py:830} INFO - Processing file /home/airflow/.local/lib/python3.8/site-packages/airflow/example_dags/example_external_task_marker_dag.py for tasks to queue
[2024-04-21T15:35:59.070+0000] {logging_mixin.py:188} INFO - [2024-04-21T15:35:59.068+0000] {dagbag.py:540} INFO - Filling up the DagBag from /home/airflow/.local/lib/python3.8/site-packages/airflow/example_dags/example_external_task_marker_dag.py
[2024-04-21T15:35:59.113+0000] {processor.py:840} INFO - DAG(s) 'example_external_task_marker_child', 'example_external_task_marker_parent' retrieved from /home/airflow/.local/lib/python3.8/site-packages/airflow/example_dags/example_external_task_marker_dag.py
[2024-04-21T15:35:59.321+0000] {logging_mixin.py:188} INFO - [2024-04-21T15:35:59.318+0000] {dag.py:3047} INFO - Sync 2 DAGs
[2024-04-21T15:35:59.652+0000] {logging_mixin.py:188} INFO - [2024-04-21T15:35:59.638+0000] {dag.py:3834} INFO - Setting next_dagrun for example_external_task_marker_child to None, run_after=None
[2024-04-21T15:35:59.740+0000] {logging_mixin.py:188} INFO - [2024-04-21T15:35:59.738+0000] {dag.py:3834} INFO - Setting next_dagrun for example_external_task_marker_parent to None, run_after=None
[2024-04-21T15:36:00.093+0000] {processor.py:183} INFO - Processing /home/airflow/.local/lib/python3.8/site-packages/airflow/example_dags/example_external_task_marker_dag.py took 1.058 seconds
