[2024-04-21T15:26:58.021+0000] {processor.py:161} INFO - Started process (PID=74) to work on /home/airflow/.local/lib/python3.8/site-packages/airflow/example_dags/example_complex.py
[2024-04-21T15:26:58.023+0000] {processor.py:830} INFO - Processing file /home/airflow/.local/lib/python3.8/site-packages/airflow/example_dags/example_complex.py for tasks to queue
[2024-04-21T15:26:58.027+0000] {logging_mixin.py:188} INFO - [2024-04-21T15:26:58.026+0000] {dagbag.py:540} INFO - Filling up the DagBag from /home/airflow/.local/lib/python3.8/site-packages/airflow/example_dags/example_complex.py
[2024-04-21T15:26:58.044+0000] {processor.py:840} INFO - DAG(s) 'example_complex' retrieved from /home/airflow/.local/lib/python3.8/site-packages/airflow/example_dags/example_complex.py
[2024-04-21T15:26:58.252+0000] {logging_mixin.py:188} INFO - [2024-04-21T15:26:58.251+0000] {override.py:1769} INFO - Created Permission View: can delete on DAG:example_complex
[2024-04-21T15:26:58.271+0000] {logging_mixin.py:188} INFO - [2024-04-21T15:26:58.271+0000] {override.py:1769} INFO - Created Permission View: can read on DAG:example_complex
[2024-04-21T15:26:58.290+0000] {logging_mixin.py:188} INFO - [2024-04-21T15:26:58.289+0000] {override.py:1769} INFO - Created Permission View: can edit on DAG:example_complex
[2024-04-21T15:26:58.292+0000] {logging_mixin.py:188} INFO - [2024-04-21T15:26:58.291+0000] {dag.py:3047} INFO - Sync 1 DAGs
[2024-04-21T15:26:58.319+0000] {logging_mixin.py:188} INFO - [2024-04-21T15:26:58.318+0000] {dag.py:3069} INFO - Creating ORM DAG for example_complex
[2024-04-21T15:26:58.322+0000] {logging_mixin.py:188} INFO - [2024-04-21T15:26:58.321+0000] {dag.py:3834} INFO - Setting next_dagrun for example_complex to None, run_after=None
[2024-04-21T15:26:58.367+0000] {processor.py:183} INFO - Processing /home/airflow/.local/lib/python3.8/site-packages/airflow/example_dags/example_complex.py took 0.351 seconds
[2024-04-21T15:27:28.590+0000] {processor.py:161} INFO - Started process (PID=129) to work on /home/airflow/.local/lib/python3.8/site-packages/airflow/example_dags/example_complex.py
[2024-04-21T15:27:28.591+0000] {processor.py:830} INFO - Processing file /home/airflow/.local/lib/python3.8/site-packages/airflow/example_dags/example_complex.py for tasks to queue
[2024-04-21T15:27:28.593+0000] {logging_mixin.py:188} INFO - [2024-04-21T15:27:28.593+0000] {dagbag.py:540} INFO - Filling up the DagBag from /home/airflow/.local/lib/python3.8/site-packages/airflow/example_dags/example_complex.py
[2024-04-21T15:27:28.603+0000] {processor.py:840} INFO - DAG(s) 'example_complex' retrieved from /home/airflow/.local/lib/python3.8/site-packages/airflow/example_dags/example_complex.py
[2024-04-21T15:27:28.630+0000] {logging_mixin.py:188} INFO - [2024-04-21T15:27:28.629+0000] {dag.py:3047} INFO - Sync 1 DAGs
[2024-04-21T15:27:28.645+0000] {logging_mixin.py:188} INFO - [2024-04-21T15:27:28.644+0000] {dag.py:3834} INFO - Setting next_dagrun for example_complex to None, run_after=None
[2024-04-21T15:27:28.667+0000] {processor.py:183} INFO - Processing /home/airflow/.local/lib/python3.8/site-packages/airflow/example_dags/example_complex.py took 0.079 seconds
[2024-04-21T15:27:59.409+0000] {processor.py:161} INFO - Started process (PID=190) to work on /home/airflow/.local/lib/python3.8/site-packages/airflow/example_dags/example_complex.py
[2024-04-21T15:27:59.412+0000] {processor.py:830} INFO - Processing file /home/airflow/.local/lib/python3.8/site-packages/airflow/example_dags/example_complex.py for tasks to queue
[2024-04-21T15:27:59.415+0000] {logging_mixin.py:188} INFO - [2024-04-21T15:27:59.414+0000] {dagbag.py:540} INFO - Filling up the DagBag from /home/airflow/.local/lib/python3.8/site-packages/airflow/example_dags/example_complex.py
[2024-04-21T15:27:59.431+0000] {processor.py:840} INFO - DAG(s) 'example_complex' retrieved from /home/airflow/.local/lib/python3.8/site-packages/airflow/example_dags/example_complex.py
[2024-04-21T15:27:59.472+0000] {logging_mixin.py:188} INFO - [2024-04-21T15:27:59.472+0000] {dag.py:3047} INFO - Sync 1 DAGs
[2024-04-21T15:27:59.486+0000] {logging_mixin.py:188} INFO - [2024-04-21T15:27:59.486+0000] {dag.py:3834} INFO - Setting next_dagrun for example_complex to None, run_after=None
[2024-04-21T15:27:59.515+0000] {processor.py:183} INFO - Processing /home/airflow/.local/lib/python3.8/site-packages/airflow/example_dags/example_complex.py took 0.110 seconds
[2024-04-21T15:28:30.584+0000] {processor.py:161} INFO - Started process (PID=245) to work on /home/airflow/.local/lib/python3.8/site-packages/airflow/example_dags/example_complex.py
[2024-04-21T15:28:30.587+0000] {processor.py:830} INFO - Processing file /home/airflow/.local/lib/python3.8/site-packages/airflow/example_dags/example_complex.py for tasks to queue
[2024-04-21T15:28:30.592+0000] {logging_mixin.py:188} INFO - [2024-04-21T15:28:30.592+0000] {dagbag.py:540} INFO - Filling up the DagBag from /home/airflow/.local/lib/python3.8/site-packages/airflow/example_dags/example_complex.py
[2024-04-21T15:28:30.617+0000] {processor.py:840} INFO - DAG(s) 'example_complex' retrieved from /home/airflow/.local/lib/python3.8/site-packages/airflow/example_dags/example_complex.py
[2024-04-21T15:28:30.675+0000] {logging_mixin.py:188} INFO - [2024-04-21T15:28:30.675+0000] {dag.py:3047} INFO - Sync 1 DAGs
[2024-04-21T15:28:30.685+0000] {logging_mixin.py:188} INFO - [2024-04-21T15:28:30.685+0000] {dag.py:3834} INFO - Setting next_dagrun for example_complex to None, run_after=None
[2024-04-21T15:28:30.707+0000] {processor.py:183} INFO - Processing /home/airflow/.local/lib/python3.8/site-packages/airflow/example_dags/example_complex.py took 0.129 seconds
[2024-04-21T15:29:01.555+0000] {processor.py:161} INFO - Started process (PID=300) to work on /home/airflow/.local/lib/python3.8/site-packages/airflow/example_dags/example_complex.py
[2024-04-21T15:29:01.556+0000] {processor.py:830} INFO - Processing file /home/airflow/.local/lib/python3.8/site-packages/airflow/example_dags/example_complex.py for tasks to queue
[2024-04-21T15:29:01.560+0000] {logging_mixin.py:188} INFO - [2024-04-21T15:29:01.559+0000] {dagbag.py:540} INFO - Filling up the DagBag from /home/airflow/.local/lib/python3.8/site-packages/airflow/example_dags/example_complex.py
[2024-04-21T15:29:01.578+0000] {processor.py:840} INFO - DAG(s) 'example_complex' retrieved from /home/airflow/.local/lib/python3.8/site-packages/airflow/example_dags/example_complex.py
[2024-04-21T15:29:01.613+0000] {logging_mixin.py:188} INFO - [2024-04-21T15:29:01.613+0000] {dag.py:3047} INFO - Sync 1 DAGs
[2024-04-21T15:29:01.624+0000] {logging_mixin.py:188} INFO - [2024-04-21T15:29:01.624+0000] {dag.py:3834} INFO - Setting next_dagrun for example_complex to None, run_after=None
[2024-04-21T15:29:01.647+0000] {processor.py:183} INFO - Processing /home/airflow/.local/lib/python3.8/site-packages/airflow/example_dags/example_complex.py took 0.096 seconds
[2024-04-21T15:29:32.730+0000] {processor.py:161} INFO - Started process (PID=355) to work on /home/airflow/.local/lib/python3.8/site-packages/airflow/example_dags/example_complex.py
[2024-04-21T15:29:32.731+0000] {processor.py:830} INFO - Processing file /home/airflow/.local/lib/python3.8/site-packages/airflow/example_dags/example_complex.py for tasks to queue
[2024-04-21T15:29:32.733+0000] {logging_mixin.py:188} INFO - [2024-04-21T15:29:32.733+0000] {dagbag.py:540} INFO - Filling up the DagBag from /home/airflow/.local/lib/python3.8/site-packages/airflow/example_dags/example_complex.py
[2024-04-21T15:29:32.747+0000] {processor.py:840} INFO - DAG(s) 'example_complex' retrieved from /home/airflow/.local/lib/python3.8/site-packages/airflow/example_dags/example_complex.py
[2024-04-21T15:29:32.788+0000] {logging_mixin.py:188} INFO - [2024-04-21T15:29:32.788+0000] {dag.py:3047} INFO - Sync 1 DAGs
[2024-04-21T15:29:32.838+0000] {logging_mixin.py:188} INFO - [2024-04-21T15:29:32.838+0000] {dag.py:3834} INFO - Setting next_dagrun for example_complex to None, run_after=None
[2024-04-21T15:29:32.854+0000] {processor.py:183} INFO - Processing /home/airflow/.local/lib/python3.8/site-packages/airflow/example_dags/example_complex.py took 0.128 seconds
[2024-04-21T15:30:03.422+0000] {processor.py:161} INFO - Started process (PID=410) to work on /home/airflow/.local/lib/python3.8/site-packages/airflow/example_dags/example_complex.py
[2024-04-21T15:30:03.424+0000] {processor.py:830} INFO - Processing file /home/airflow/.local/lib/python3.8/site-packages/airflow/example_dags/example_complex.py for tasks to queue
[2024-04-21T15:30:03.427+0000] {logging_mixin.py:188} INFO - [2024-04-21T15:30:03.427+0000] {dagbag.py:540} INFO - Filling up the DagBag from /home/airflow/.local/lib/python3.8/site-packages/airflow/example_dags/example_complex.py
[2024-04-21T15:30:03.438+0000] {processor.py:840} INFO - DAG(s) 'example_complex' retrieved from /home/airflow/.local/lib/python3.8/site-packages/airflow/example_dags/example_complex.py
[2024-04-21T15:30:03.461+0000] {logging_mixin.py:188} INFO - [2024-04-21T15:30:03.461+0000] {dag.py:3047} INFO - Sync 1 DAGs
[2024-04-21T15:30:03.471+0000] {logging_mixin.py:188} INFO - [2024-04-21T15:30:03.470+0000] {dag.py:3834} INFO - Setting next_dagrun for example_complex to None, run_after=None
[2024-04-21T15:30:03.487+0000] {processor.py:183} INFO - Processing /home/airflow/.local/lib/python3.8/site-packages/airflow/example_dags/example_complex.py took 0.069 seconds
[2024-04-21T15:30:34.033+0000] {processor.py:161} INFO - Started process (PID=465) to work on /home/airflow/.local/lib/python3.8/site-packages/airflow/example_dags/example_complex.py
[2024-04-21T15:30:34.034+0000] {processor.py:830} INFO - Processing file /home/airflow/.local/lib/python3.8/site-packages/airflow/example_dags/example_complex.py for tasks to queue
[2024-04-21T15:30:34.037+0000] {logging_mixin.py:188} INFO - [2024-04-21T15:30:34.037+0000] {dagbag.py:540} INFO - Filling up the DagBag from /home/airflow/.local/lib/python3.8/site-packages/airflow/example_dags/example_complex.py
[2024-04-21T15:30:34.051+0000] {processor.py:840} INFO - DAG(s) 'example_complex' retrieved from /home/airflow/.local/lib/python3.8/site-packages/airflow/example_dags/example_complex.py
[2024-04-21T15:30:34.092+0000] {logging_mixin.py:188} INFO - [2024-04-21T15:30:34.092+0000] {dag.py:3047} INFO - Sync 1 DAGs
[2024-04-21T15:30:34.108+0000] {logging_mixin.py:188} INFO - [2024-04-21T15:30:34.108+0000] {dag.py:3834} INFO - Setting next_dagrun for example_complex to None, run_after=None
[2024-04-21T15:30:34.138+0000] {processor.py:183} INFO - Processing /home/airflow/.local/lib/python3.8/site-packages/airflow/example_dags/example_complex.py took 0.109 seconds
[2024-04-21T15:31:04.292+0000] {processor.py:161} INFO - Started process (PID=520) to work on /home/airflow/.local/lib/python3.8/site-packages/airflow/example_dags/example_complex.py
[2024-04-21T15:31:04.295+0000] {processor.py:830} INFO - Processing file /home/airflow/.local/lib/python3.8/site-packages/airflow/example_dags/example_complex.py for tasks to queue
[2024-04-21T15:31:04.298+0000] {logging_mixin.py:188} INFO - [2024-04-21T15:31:04.297+0000] {dagbag.py:540} INFO - Filling up the DagBag from /home/airflow/.local/lib/python3.8/site-packages/airflow/example_dags/example_complex.py
[2024-04-21T15:31:04.308+0000] {processor.py:840} INFO - DAG(s) 'example_complex' retrieved from /home/airflow/.local/lib/python3.8/site-packages/airflow/example_dags/example_complex.py
[2024-04-21T15:31:04.337+0000] {logging_mixin.py:188} INFO - [2024-04-21T15:31:04.337+0000] {dag.py:3047} INFO - Sync 1 DAGs
[2024-04-21T15:31:04.347+0000] {logging_mixin.py:188} INFO - [2024-04-21T15:31:04.347+0000] {dag.py:3834} INFO - Setting next_dagrun for example_complex to None, run_after=None
[2024-04-21T15:31:04.366+0000] {processor.py:183} INFO - Processing /home/airflow/.local/lib/python3.8/site-packages/airflow/example_dags/example_complex.py took 0.078 seconds
[2024-04-21T15:31:34.812+0000] {processor.py:161} INFO - Started process (PID=575) to work on /home/airflow/.local/lib/python3.8/site-packages/airflow/example_dags/example_complex.py
[2024-04-21T15:31:34.814+0000] {processor.py:830} INFO - Processing file /home/airflow/.local/lib/python3.8/site-packages/airflow/example_dags/example_complex.py for tasks to queue
[2024-04-21T15:31:34.817+0000] {logging_mixin.py:188} INFO - [2024-04-21T15:31:34.816+0000] {dagbag.py:540} INFO - Filling up the DagBag from /home/airflow/.local/lib/python3.8/site-packages/airflow/example_dags/example_complex.py
[2024-04-21T15:31:34.829+0000] {processor.py:840} INFO - DAG(s) 'example_complex' retrieved from /home/airflow/.local/lib/python3.8/site-packages/airflow/example_dags/example_complex.py
[2024-04-21T15:31:34.856+0000] {logging_mixin.py:188} INFO - [2024-04-21T15:31:34.856+0000] {dag.py:3047} INFO - Sync 1 DAGs
[2024-04-21T15:31:34.867+0000] {logging_mixin.py:188} INFO - [2024-04-21T15:31:34.866+0000] {dag.py:3834} INFO - Setting next_dagrun for example_complex to None, run_after=None
[2024-04-21T15:31:34.886+0000] {processor.py:183} INFO - Processing /home/airflow/.local/lib/python3.8/site-packages/airflow/example_dags/example_complex.py took 0.078 seconds
[2024-04-21T15:32:05.389+0000] {processor.py:161} INFO - Started process (PID=630) to work on /home/airflow/.local/lib/python3.8/site-packages/airflow/example_dags/example_complex.py
[2024-04-21T15:32:05.392+0000] {processor.py:830} INFO - Processing file /home/airflow/.local/lib/python3.8/site-packages/airflow/example_dags/example_complex.py for tasks to queue
[2024-04-21T15:32:05.396+0000] {logging_mixin.py:188} INFO - [2024-04-21T15:32:05.395+0000] {dagbag.py:540} INFO - Filling up the DagBag from /home/airflow/.local/lib/python3.8/site-packages/airflow/example_dags/example_complex.py
[2024-04-21T15:32:05.411+0000] {processor.py:840} INFO - DAG(s) 'example_complex' retrieved from /home/airflow/.local/lib/python3.8/site-packages/airflow/example_dags/example_complex.py
[2024-04-21T15:32:05.439+0000] {logging_mixin.py:188} INFO - [2024-04-21T15:32:05.439+0000] {dag.py:3047} INFO - Sync 1 DAGs
[2024-04-21T15:32:05.450+0000] {logging_mixin.py:188} INFO - [2024-04-21T15:32:05.450+0000] {dag.py:3834} INFO - Setting next_dagrun for example_complex to None, run_after=None
[2024-04-21T15:32:05.472+0000] {processor.py:183} INFO - Processing /home/airflow/.local/lib/python3.8/site-packages/airflow/example_dags/example_complex.py took 0.088 seconds
[2024-04-21T15:32:36.097+0000] {processor.py:161} INFO - Started process (PID=685) to work on /home/airflow/.local/lib/python3.8/site-packages/airflow/example_dags/example_complex.py
[2024-04-21T15:32:36.101+0000] {processor.py:830} INFO - Processing file /home/airflow/.local/lib/python3.8/site-packages/airflow/example_dags/example_complex.py for tasks to queue
[2024-04-21T15:32:36.104+0000] {logging_mixin.py:188} INFO - [2024-04-21T15:32:36.104+0000] {dagbag.py:540} INFO - Filling up the DagBag from /home/airflow/.local/lib/python3.8/site-packages/airflow/example_dags/example_complex.py
[2024-04-21T15:32:36.126+0000] {processor.py:840} INFO - DAG(s) 'example_complex' retrieved from /home/airflow/.local/lib/python3.8/site-packages/airflow/example_dags/example_complex.py
[2024-04-21T15:32:36.193+0000] {logging_mixin.py:188} INFO - [2024-04-21T15:32:36.193+0000] {dag.py:3047} INFO - Sync 1 DAGs
[2024-04-21T15:32:36.207+0000] {logging_mixin.py:188} INFO - [2024-04-21T15:32:36.207+0000] {dag.py:3834} INFO - Setting next_dagrun for example_complex to None, run_after=None
[2024-04-21T15:32:36.254+0000] {processor.py:183} INFO - Processing /home/airflow/.local/lib/python3.8/site-packages/airflow/example_dags/example_complex.py took 0.160 seconds
[2024-04-21T15:33:06.740+0000] {processor.py:161} INFO - Started process (PID=740) to work on /home/airflow/.local/lib/python3.8/site-packages/airflow/example_dags/example_complex.py
[2024-04-21T15:33:06.741+0000] {processor.py:830} INFO - Processing file /home/airflow/.local/lib/python3.8/site-packages/airflow/example_dags/example_complex.py for tasks to queue
[2024-04-21T15:33:06.743+0000] {logging_mixin.py:188} INFO - [2024-04-21T15:33:06.742+0000] {dagbag.py:540} INFO - Filling up the DagBag from /home/airflow/.local/lib/python3.8/site-packages/airflow/example_dags/example_complex.py
[2024-04-21T15:33:06.751+0000] {processor.py:840} INFO - DAG(s) 'example_complex' retrieved from /home/airflow/.local/lib/python3.8/site-packages/airflow/example_dags/example_complex.py
[2024-04-21T15:33:06.776+0000] {logging_mixin.py:188} INFO - [2024-04-21T15:33:06.776+0000] {dag.py:3047} INFO - Sync 1 DAGs
[2024-04-21T15:33:06.787+0000] {logging_mixin.py:188} INFO - [2024-04-21T15:33:06.787+0000] {dag.py:3834} INFO - Setting next_dagrun for example_complex to None, run_after=None
[2024-04-21T15:33:06.804+0000] {processor.py:183} INFO - Processing /home/airflow/.local/lib/python3.8/site-packages/airflow/example_dags/example_complex.py took 0.067 seconds
[2024-04-21T15:33:37.792+0000] {processor.py:161} INFO - Started process (PID=795) to work on /home/airflow/.local/lib/python3.8/site-packages/airflow/example_dags/example_complex.py
[2024-04-21T15:33:37.794+0000] {processor.py:830} INFO - Processing file /home/airflow/.local/lib/python3.8/site-packages/airflow/example_dags/example_complex.py for tasks to queue
[2024-04-21T15:33:37.796+0000] {logging_mixin.py:188} INFO - [2024-04-21T15:33:37.796+0000] {dagbag.py:540} INFO - Filling up the DagBag from /home/airflow/.local/lib/python3.8/site-packages/airflow/example_dags/example_complex.py
[2024-04-21T15:33:37.810+0000] {processor.py:840} INFO - DAG(s) 'example_complex' retrieved from /home/airflow/.local/lib/python3.8/site-packages/airflow/example_dags/example_complex.py
[2024-04-21T15:33:37.850+0000] {logging_mixin.py:188} INFO - [2024-04-21T15:33:37.850+0000] {dag.py:3047} INFO - Sync 1 DAGs
[2024-04-21T15:33:37.861+0000] {logging_mixin.py:188} INFO - [2024-04-21T15:33:37.861+0000] {dag.py:3834} INFO - Setting next_dagrun for example_complex to None, run_after=None
[2024-04-21T15:33:37.897+0000] {processor.py:183} INFO - Processing /home/airflow/.local/lib/python3.8/site-packages/airflow/example_dags/example_complex.py took 0.111 seconds
[2024-04-21T15:34:08.369+0000] {processor.py:161} INFO - Started process (PID=851) to work on /home/airflow/.local/lib/python3.8/site-packages/airflow/example_dags/example_complex.py
[2024-04-21T15:34:08.370+0000] {processor.py:830} INFO - Processing file /home/airflow/.local/lib/python3.8/site-packages/airflow/example_dags/example_complex.py for tasks to queue
[2024-04-21T15:34:08.372+0000] {logging_mixin.py:188} INFO - [2024-04-21T15:34:08.372+0000] {dagbag.py:540} INFO - Filling up the DagBag from /home/airflow/.local/lib/python3.8/site-packages/airflow/example_dags/example_complex.py
[2024-04-21T15:34:08.380+0000] {processor.py:840} INFO - DAG(s) 'example_complex' retrieved from /home/airflow/.local/lib/python3.8/site-packages/airflow/example_dags/example_complex.py
[2024-04-21T15:34:08.409+0000] {logging_mixin.py:188} INFO - [2024-04-21T15:34:08.409+0000] {dag.py:3047} INFO - Sync 1 DAGs
[2024-04-21T15:34:08.422+0000] {logging_mixin.py:188} INFO - [2024-04-21T15:34:08.422+0000] {dag.py:3834} INFO - Setting next_dagrun for example_complex to None, run_after=None
[2024-04-21T15:34:08.438+0000] {processor.py:183} INFO - Processing /home/airflow/.local/lib/python3.8/site-packages/airflow/example_dags/example_complex.py took 0.071 seconds
[2024-04-21T15:34:38.930+0000] {processor.py:161} INFO - Started process (PID=905) to work on /home/airflow/.local/lib/python3.8/site-packages/airflow/example_dags/example_complex.py
[2024-04-21T15:34:38.931+0000] {processor.py:830} INFO - Processing file /home/airflow/.local/lib/python3.8/site-packages/airflow/example_dags/example_complex.py for tasks to queue
[2024-04-21T15:34:38.933+0000] {logging_mixin.py:188} INFO - [2024-04-21T15:34:38.933+0000] {dagbag.py:540} INFO - Filling up the DagBag from /home/airflow/.local/lib/python3.8/site-packages/airflow/example_dags/example_complex.py
[2024-04-21T15:34:38.943+0000] {processor.py:840} INFO - DAG(s) 'example_complex' retrieved from /home/airflow/.local/lib/python3.8/site-packages/airflow/example_dags/example_complex.py
[2024-04-21T15:34:38.971+0000] {logging_mixin.py:188} INFO - [2024-04-21T15:34:38.971+0000] {dag.py:3047} INFO - Sync 1 DAGs
[2024-04-21T15:34:38.991+0000] {logging_mixin.py:188} INFO - [2024-04-21T15:34:38.991+0000] {dag.py:3834} INFO - Setting next_dagrun for example_complex to None, run_after=None
[2024-04-21T15:34:39.075+0000] {processor.py:183} INFO - Processing /home/airflow/.local/lib/python3.8/site-packages/airflow/example_dags/example_complex.py took 0.148 seconds
[2024-04-21T15:35:10.045+0000] {processor.py:161} INFO - Started process (PID=960) to work on /home/airflow/.local/lib/python3.8/site-packages/airflow/example_dags/example_complex.py
[2024-04-21T15:35:10.047+0000] {processor.py:830} INFO - Processing file /home/airflow/.local/lib/python3.8/site-packages/airflow/example_dags/example_complex.py for tasks to queue
[2024-04-21T15:35:10.051+0000] {logging_mixin.py:188} INFO - [2024-04-21T15:35:10.051+0000] {dagbag.py:540} INFO - Filling up the DagBag from /home/airflow/.local/lib/python3.8/site-packages/airflow/example_dags/example_complex.py
[2024-04-21T15:35:10.071+0000] {processor.py:840} INFO - DAG(s) 'example_complex' retrieved from /home/airflow/.local/lib/python3.8/site-packages/airflow/example_dags/example_complex.py
[2024-04-21T15:35:10.131+0000] {logging_mixin.py:188} INFO - [2024-04-21T15:35:10.130+0000] {dag.py:3047} INFO - Sync 1 DAGs
[2024-04-21T15:35:10.149+0000] {logging_mixin.py:188} INFO - [2024-04-21T15:35:10.149+0000] {dag.py:3834} INFO - Setting next_dagrun for example_complex to None, run_after=None
[2024-04-21T15:35:10.178+0000] {processor.py:183} INFO - Processing /home/airflow/.local/lib/python3.8/site-packages/airflow/example_dags/example_complex.py took 0.140 seconds
[2024-04-21T15:35:58.322+0000] {processor.py:161} INFO - Started process (PID=1015) to work on /home/airflow/.local/lib/python3.8/site-packages/airflow/example_dags/example_complex.py
[2024-04-21T15:35:58.337+0000] {processor.py:830} INFO - Processing file /home/airflow/.local/lib/python3.8/site-packages/airflow/example_dags/example_complex.py for tasks to queue
[2024-04-21T15:35:58.356+0000] {logging_mixin.py:188} INFO - [2024-04-21T15:35:58.354+0000] {dagbag.py:540} INFO - Filling up the DagBag from /home/airflow/.local/lib/python3.8/site-packages/airflow/example_dags/example_complex.py
[2024-04-21T15:35:58.415+0000] {processor.py:840} INFO - DAG(s) 'example_complex' retrieved from /home/airflow/.local/lib/python3.8/site-packages/airflow/example_dags/example_complex.py
[2024-04-21T15:35:58.532+0000] {logging_mixin.py:188} INFO - [2024-04-21T15:35:58.531+0000] {dag.py:3047} INFO - Sync 1 DAGs
[2024-04-21T15:35:58.585+0000] {logging_mixin.py:188} INFO - [2024-04-21T15:35:58.584+0000] {dag.py:3834} INFO - Setting next_dagrun for example_complex to None, run_after=None
[2024-04-21T15:35:58.739+0000] {processor.py:183} INFO - Processing /home/airflow/.local/lib/python3.8/site-packages/airflow/example_dags/example_complex.py took 0.441 seconds
