[2024-04-21T15:26:59.490+0000] {processor.py:161} INFO - Started process (PID=86) to work on /home/airflow/.local/lib/python3.8/site-packages/airflow/example_dags/example_kubernetes_executor.py
[2024-04-21T15:26:59.494+0000] {processor.py:830} INFO - Processing file /home/airflow/.local/lib/python3.8/site-packages/airflow/example_dags/example_kubernetes_executor.py for tasks to queue
[2024-04-21T15:26:59.500+0000] {logging_mixin.py:188} INFO - [2024-04-21T15:26:59.499+0000] {dagbag.py:540} INFO - Filling up the DagBag from /home/airflow/.local/lib/python3.8/site-packages/airflow/example_dags/example_kubernetes_executor.py
[2024-04-21T15:26:59.530+0000] {processor.py:840} INFO - DAG(s) 'example_kubernetes_executor' retrieved from /home/airflow/.local/lib/python3.8/site-packages/airflow/example_dags/example_kubernetes_executor.py
[2024-04-21T15:26:59.896+0000] {logging_mixin.py:188} INFO - [2024-04-21T15:26:59.895+0000] {override.py:1769} INFO - Created Permission View: can delete on DAG:example_kubernetes_executor
[2024-04-21T15:26:59.914+0000] {logging_mixin.py:188} INFO - [2024-04-21T15:26:59.913+0000] {override.py:1769} INFO - Created Permission View: can read on DAG:example_kubernetes_executor
[2024-04-21T15:26:59.933+0000] {logging_mixin.py:188} INFO - [2024-04-21T15:26:59.932+0000] {override.py:1769} INFO - Created Permission View: can edit on DAG:example_kubernetes_executor
[2024-04-21T15:26:59.934+0000] {logging_mixin.py:188} INFO - [2024-04-21T15:26:59.934+0000] {dag.py:3047} INFO - Sync 1 DAGs
[2024-04-21T15:26:59.960+0000] {logging_mixin.py:188} INFO - [2024-04-21T15:26:59.960+0000] {dag.py:3069} INFO - Creating ORM DAG for example_kubernetes_executor
[2024-04-21T15:26:59.962+0000] {logging_mixin.py:188} INFO - [2024-04-21T15:26:59.962+0000] {dag.py:3834} INFO - Setting next_dagrun for example_kubernetes_executor to None, run_after=None
[2024-04-21T15:26:59.998+0000] {processor.py:183} INFO - Processing /home/airflow/.local/lib/python3.8/site-packages/airflow/example_dags/example_kubernetes_executor.py took 0.518 seconds
[2024-04-21T15:27:30.893+0000] {processor.py:161} INFO - Started process (PID=141) to work on /home/airflow/.local/lib/python3.8/site-packages/airflow/example_dags/example_kubernetes_executor.py
[2024-04-21T15:27:30.895+0000] {processor.py:830} INFO - Processing file /home/airflow/.local/lib/python3.8/site-packages/airflow/example_dags/example_kubernetes_executor.py for tasks to queue
[2024-04-21T15:27:30.900+0000] {logging_mixin.py:188} INFO - [2024-04-21T15:27:30.900+0000] {dagbag.py:540} INFO - Filling up the DagBag from /home/airflow/.local/lib/python3.8/site-packages/airflow/example_dags/example_kubernetes_executor.py
[2024-04-21T15:27:30.915+0000] {processor.py:840} INFO - DAG(s) 'example_kubernetes_executor' retrieved from /home/airflow/.local/lib/python3.8/site-packages/airflow/example_dags/example_kubernetes_executor.py
[2024-04-21T15:27:30.953+0000] {logging_mixin.py:188} INFO - [2024-04-21T15:27:30.953+0000] {dag.py:3047} INFO - Sync 1 DAGs
[2024-04-21T15:27:30.971+0000] {logging_mixin.py:188} INFO - [2024-04-21T15:27:30.971+0000] {dag.py:3834} INFO - Setting next_dagrun for example_kubernetes_executor to None, run_after=None
[2024-04-21T15:27:30.995+0000] {processor.py:183} INFO - Processing /home/airflow/.local/lib/python3.8/site-packages/airflow/example_dags/example_kubernetes_executor.py took 0.107 seconds
[2024-04-21T15:28:01.899+0000] {processor.py:161} INFO - Started process (PID=196) to work on /home/airflow/.local/lib/python3.8/site-packages/airflow/example_dags/example_kubernetes_executor.py
[2024-04-21T15:28:01.901+0000] {processor.py:830} INFO - Processing file /home/airflow/.local/lib/python3.8/site-packages/airflow/example_dags/example_kubernetes_executor.py for tasks to queue
[2024-04-21T15:28:01.903+0000] {logging_mixin.py:188} INFO - [2024-04-21T15:28:01.903+0000] {dagbag.py:540} INFO - Filling up the DagBag from /home/airflow/.local/lib/python3.8/site-packages/airflow/example_dags/example_kubernetes_executor.py
[2024-04-21T15:28:01.935+0000] {processor.py:840} INFO - DAG(s) 'example_kubernetes_executor' retrieved from /home/airflow/.local/lib/python3.8/site-packages/airflow/example_dags/example_kubernetes_executor.py
[2024-04-21T15:28:02.015+0000] {logging_mixin.py:188} INFO - [2024-04-21T15:28:02.015+0000] {dag.py:3047} INFO - Sync 1 DAGs
[2024-04-21T15:28:02.031+0000] {logging_mixin.py:188} INFO - [2024-04-21T15:28:02.031+0000] {dag.py:3834} INFO - Setting next_dagrun for example_kubernetes_executor to None, run_after=None
[2024-04-21T15:28:02.064+0000] {processor.py:183} INFO - Processing /home/airflow/.local/lib/python3.8/site-packages/airflow/example_dags/example_kubernetes_executor.py took 0.169 seconds
[2024-04-21T15:28:32.940+0000] {processor.py:161} INFO - Started process (PID=251) to work on /home/airflow/.local/lib/python3.8/site-packages/airflow/example_dags/example_kubernetes_executor.py
[2024-04-21T15:28:32.941+0000] {processor.py:830} INFO - Processing file /home/airflow/.local/lib/python3.8/site-packages/airflow/example_dags/example_kubernetes_executor.py for tasks to queue
[2024-04-21T15:28:32.943+0000] {logging_mixin.py:188} INFO - [2024-04-21T15:28:32.943+0000] {dagbag.py:540} INFO - Filling up the DagBag from /home/airflow/.local/lib/python3.8/site-packages/airflow/example_dags/example_kubernetes_executor.py
[2024-04-21T15:28:32.954+0000] {processor.py:840} INFO - DAG(s) 'example_kubernetes_executor' retrieved from /home/airflow/.local/lib/python3.8/site-packages/airflow/example_dags/example_kubernetes_executor.py
[2024-04-21T15:28:32.989+0000] {logging_mixin.py:188} INFO - [2024-04-21T15:28:32.989+0000] {dag.py:3047} INFO - Sync 1 DAGs
[2024-04-21T15:28:33.001+0000] {logging_mixin.py:188} INFO - [2024-04-21T15:28:33.001+0000] {dag.py:3834} INFO - Setting next_dagrun for example_kubernetes_executor to None, run_after=None
[2024-04-21T15:28:33.020+0000] {processor.py:183} INFO - Processing /home/airflow/.local/lib/python3.8/site-packages/airflow/example_dags/example_kubernetes_executor.py took 0.084 seconds
[2024-04-21T15:29:03.812+0000] {processor.py:161} INFO - Started process (PID=306) to work on /home/airflow/.local/lib/python3.8/site-packages/airflow/example_dags/example_kubernetes_executor.py
[2024-04-21T15:29:03.814+0000] {processor.py:830} INFO - Processing file /home/airflow/.local/lib/python3.8/site-packages/airflow/example_dags/example_kubernetes_executor.py for tasks to queue
[2024-04-21T15:29:03.818+0000] {logging_mixin.py:188} INFO - [2024-04-21T15:29:03.817+0000] {dagbag.py:540} INFO - Filling up the DagBag from /home/airflow/.local/lib/python3.8/site-packages/airflow/example_dags/example_kubernetes_executor.py
[2024-04-21T15:29:03.844+0000] {processor.py:840} INFO - DAG(s) 'example_kubernetes_executor' retrieved from /home/airflow/.local/lib/python3.8/site-packages/airflow/example_dags/example_kubernetes_executor.py
[2024-04-21T15:29:03.889+0000] {logging_mixin.py:188} INFO - [2024-04-21T15:29:03.889+0000] {dag.py:3047} INFO - Sync 1 DAGs
[2024-04-21T15:29:03.900+0000] {logging_mixin.py:188} INFO - [2024-04-21T15:29:03.899+0000] {dag.py:3834} INFO - Setting next_dagrun for example_kubernetes_executor to None, run_after=None
[2024-04-21T15:29:03.920+0000] {processor.py:183} INFO - Processing /home/airflow/.local/lib/python3.8/site-packages/airflow/example_dags/example_kubernetes_executor.py took 0.113 seconds
[2024-04-21T15:29:34.364+0000] {processor.py:161} INFO - Started process (PID=361) to work on /home/airflow/.local/lib/python3.8/site-packages/airflow/example_dags/example_kubernetes_executor.py
[2024-04-21T15:29:34.365+0000] {processor.py:830} INFO - Processing file /home/airflow/.local/lib/python3.8/site-packages/airflow/example_dags/example_kubernetes_executor.py for tasks to queue
[2024-04-21T15:29:34.367+0000] {logging_mixin.py:188} INFO - [2024-04-21T15:29:34.367+0000] {dagbag.py:540} INFO - Filling up the DagBag from /home/airflow/.local/lib/python3.8/site-packages/airflow/example_dags/example_kubernetes_executor.py
[2024-04-21T15:29:34.378+0000] {processor.py:840} INFO - DAG(s) 'example_kubernetes_executor' retrieved from /home/airflow/.local/lib/python3.8/site-packages/airflow/example_dags/example_kubernetes_executor.py
[2024-04-21T15:29:34.409+0000] {logging_mixin.py:188} INFO - [2024-04-21T15:29:34.409+0000] {dag.py:3047} INFO - Sync 1 DAGs
[2024-04-21T15:29:34.419+0000] {logging_mixin.py:188} INFO - [2024-04-21T15:29:34.419+0000] {dag.py:3834} INFO - Setting next_dagrun for example_kubernetes_executor to None, run_after=None
[2024-04-21T15:29:34.440+0000] {processor.py:183} INFO - Processing /home/airflow/.local/lib/python3.8/site-packages/airflow/example_dags/example_kubernetes_executor.py took 0.078 seconds
[2024-04-21T15:30:04.993+0000] {processor.py:161} INFO - Started process (PID=416) to work on /home/airflow/.local/lib/python3.8/site-packages/airflow/example_dags/example_kubernetes_executor.py
[2024-04-21T15:30:04.996+0000] {processor.py:830} INFO - Processing file /home/airflow/.local/lib/python3.8/site-packages/airflow/example_dags/example_kubernetes_executor.py for tasks to queue
[2024-04-21T15:30:04.999+0000] {logging_mixin.py:188} INFO - [2024-04-21T15:30:04.998+0000] {dagbag.py:540} INFO - Filling up the DagBag from /home/airflow/.local/lib/python3.8/site-packages/airflow/example_dags/example_kubernetes_executor.py
[2024-04-21T15:30:05.015+0000] {processor.py:840} INFO - DAG(s) 'example_kubernetes_executor' retrieved from /home/airflow/.local/lib/python3.8/site-packages/airflow/example_dags/example_kubernetes_executor.py
[2024-04-21T15:30:05.055+0000] {logging_mixin.py:188} INFO - [2024-04-21T15:30:05.055+0000] {dag.py:3047} INFO - Sync 1 DAGs
[2024-04-21T15:30:05.066+0000] {logging_mixin.py:188} INFO - [2024-04-21T15:30:05.065+0000] {dag.py:3834} INFO - Setting next_dagrun for example_kubernetes_executor to None, run_after=None
[2024-04-21T15:30:05.089+0000] {processor.py:183} INFO - Processing /home/airflow/.local/lib/python3.8/site-packages/airflow/example_dags/example_kubernetes_executor.py took 0.100 seconds
[2024-04-21T15:30:35.409+0000] {processor.py:161} INFO - Started process (PID=471) to work on /home/airflow/.local/lib/python3.8/site-packages/airflow/example_dags/example_kubernetes_executor.py
[2024-04-21T15:30:35.410+0000] {processor.py:830} INFO - Processing file /home/airflow/.local/lib/python3.8/site-packages/airflow/example_dags/example_kubernetes_executor.py for tasks to queue
[2024-04-21T15:30:35.412+0000] {logging_mixin.py:188} INFO - [2024-04-21T15:30:35.412+0000] {dagbag.py:540} INFO - Filling up the DagBag from /home/airflow/.local/lib/python3.8/site-packages/airflow/example_dags/example_kubernetes_executor.py
[2024-04-21T15:30:35.425+0000] {processor.py:840} INFO - DAG(s) 'example_kubernetes_executor' retrieved from /home/airflow/.local/lib/python3.8/site-packages/airflow/example_dags/example_kubernetes_executor.py
[2024-04-21T15:30:35.456+0000] {logging_mixin.py:188} INFO - [2024-04-21T15:30:35.455+0000] {dag.py:3047} INFO - Sync 1 DAGs
[2024-04-21T15:30:35.466+0000] {logging_mixin.py:188} INFO - [2024-04-21T15:30:35.466+0000] {dag.py:3834} INFO - Setting next_dagrun for example_kubernetes_executor to None, run_after=None
[2024-04-21T15:30:35.487+0000] {processor.py:183} INFO - Processing /home/airflow/.local/lib/python3.8/site-packages/airflow/example_dags/example_kubernetes_executor.py took 0.080 seconds
[2024-04-21T15:31:05.639+0000] {processor.py:161} INFO - Started process (PID=525) to work on /home/airflow/.local/lib/python3.8/site-packages/airflow/example_dags/example_kubernetes_executor.py
[2024-04-21T15:31:05.643+0000] {processor.py:830} INFO - Processing file /home/airflow/.local/lib/python3.8/site-packages/airflow/example_dags/example_kubernetes_executor.py for tasks to queue
[2024-04-21T15:31:05.653+0000] {logging_mixin.py:188} INFO - [2024-04-21T15:31:05.651+0000] {dagbag.py:540} INFO - Filling up the DagBag from /home/airflow/.local/lib/python3.8/site-packages/airflow/example_dags/example_kubernetes_executor.py
[2024-04-21T15:31:05.717+0000] {processor.py:840} INFO - DAG(s) 'example_kubernetes_executor' retrieved from /home/airflow/.local/lib/python3.8/site-packages/airflow/example_dags/example_kubernetes_executor.py
[2024-04-21T15:31:05.766+0000] {logging_mixin.py:188} INFO - [2024-04-21T15:31:05.765+0000] {dag.py:3047} INFO - Sync 1 DAGs
[2024-04-21T15:31:05.782+0000] {logging_mixin.py:188} INFO - [2024-04-21T15:31:05.781+0000] {dag.py:3834} INFO - Setting next_dagrun for example_kubernetes_executor to None, run_after=None
[2024-04-21T15:31:05.807+0000] {processor.py:183} INFO - Processing /home/airflow/.local/lib/python3.8/site-packages/airflow/example_dags/example_kubernetes_executor.py took 0.183 seconds
[2024-04-21T15:31:36.552+0000] {processor.py:161} INFO - Started process (PID=581) to work on /home/airflow/.local/lib/python3.8/site-packages/airflow/example_dags/example_kubernetes_executor.py
[2024-04-21T15:31:36.554+0000] {processor.py:830} INFO - Processing file /home/airflow/.local/lib/python3.8/site-packages/airflow/example_dags/example_kubernetes_executor.py for tasks to queue
[2024-04-21T15:31:36.556+0000] {logging_mixin.py:188} INFO - [2024-04-21T15:31:36.556+0000] {dagbag.py:540} INFO - Filling up the DagBag from /home/airflow/.local/lib/python3.8/site-packages/airflow/example_dags/example_kubernetes_executor.py
[2024-04-21T15:31:36.568+0000] {processor.py:840} INFO - DAG(s) 'example_kubernetes_executor' retrieved from /home/airflow/.local/lib/python3.8/site-packages/airflow/example_dags/example_kubernetes_executor.py
[2024-04-21T15:31:36.613+0000] {logging_mixin.py:188} INFO - [2024-04-21T15:31:36.613+0000] {dag.py:3047} INFO - Sync 1 DAGs
[2024-04-21T15:31:36.625+0000] {logging_mixin.py:188} INFO - [2024-04-21T15:31:36.625+0000] {dag.py:3834} INFO - Setting next_dagrun for example_kubernetes_executor to None, run_after=None
[2024-04-21T15:31:36.659+0000] {processor.py:183} INFO - Processing /home/airflow/.local/lib/python3.8/site-packages/airflow/example_dags/example_kubernetes_executor.py took 0.110 seconds
[2024-04-21T15:32:06.954+0000] {processor.py:161} INFO - Started process (PID=635) to work on /home/airflow/.local/lib/python3.8/site-packages/airflow/example_dags/example_kubernetes_executor.py
[2024-04-21T15:32:06.956+0000] {processor.py:830} INFO - Processing file /home/airflow/.local/lib/python3.8/site-packages/airflow/example_dags/example_kubernetes_executor.py for tasks to queue
[2024-04-21T15:32:06.963+0000] {logging_mixin.py:188} INFO - [2024-04-21T15:32:06.963+0000] {dagbag.py:540} INFO - Filling up the DagBag from /home/airflow/.local/lib/python3.8/site-packages/airflow/example_dags/example_kubernetes_executor.py
[2024-04-21T15:32:06.979+0000] {processor.py:840} INFO - DAG(s) 'example_kubernetes_executor' retrieved from /home/airflow/.local/lib/python3.8/site-packages/airflow/example_dags/example_kubernetes_executor.py
[2024-04-21T15:32:07.011+0000] {logging_mixin.py:188} INFO - [2024-04-21T15:32:07.011+0000] {dag.py:3047} INFO - Sync 1 DAGs
[2024-04-21T15:32:07.021+0000] {logging_mixin.py:188} INFO - [2024-04-21T15:32:07.021+0000] {dag.py:3834} INFO - Setting next_dagrun for example_kubernetes_executor to None, run_after=None
[2024-04-21T15:32:07.045+0000] {processor.py:183} INFO - Processing /home/airflow/.local/lib/python3.8/site-packages/airflow/example_dags/example_kubernetes_executor.py took 0.095 seconds
[2024-04-21T15:32:37.585+0000] {processor.py:161} INFO - Started process (PID=691) to work on /home/airflow/.local/lib/python3.8/site-packages/airflow/example_dags/example_kubernetes_executor.py
[2024-04-21T15:32:37.587+0000] {processor.py:830} INFO - Processing file /home/airflow/.local/lib/python3.8/site-packages/airflow/example_dags/example_kubernetes_executor.py for tasks to queue
[2024-04-21T15:32:37.590+0000] {logging_mixin.py:188} INFO - [2024-04-21T15:32:37.589+0000] {dagbag.py:540} INFO - Filling up the DagBag from /home/airflow/.local/lib/python3.8/site-packages/airflow/example_dags/example_kubernetes_executor.py
[2024-04-21T15:32:37.612+0000] {processor.py:840} INFO - DAG(s) 'example_kubernetes_executor' retrieved from /home/airflow/.local/lib/python3.8/site-packages/airflow/example_dags/example_kubernetes_executor.py
[2024-04-21T15:32:37.647+0000] {logging_mixin.py:188} INFO - [2024-04-21T15:32:37.646+0000] {dag.py:3047} INFO - Sync 1 DAGs
[2024-04-21T15:32:37.655+0000] {logging_mixin.py:188} INFO - [2024-04-21T15:32:37.655+0000] {dag.py:3834} INFO - Setting next_dagrun for example_kubernetes_executor to None, run_after=None
[2024-04-21T15:32:37.675+0000] {processor.py:183} INFO - Processing /home/airflow/.local/lib/python3.8/site-packages/airflow/example_dags/example_kubernetes_executor.py took 0.095 seconds
[2024-04-21T15:33:07.963+0000] {processor.py:161} INFO - Started process (PID=746) to work on /home/airflow/.local/lib/python3.8/site-packages/airflow/example_dags/example_kubernetes_executor.py
[2024-04-21T15:33:07.966+0000] {processor.py:830} INFO - Processing file /home/airflow/.local/lib/python3.8/site-packages/airflow/example_dags/example_kubernetes_executor.py for tasks to queue
[2024-04-21T15:33:07.968+0000] {logging_mixin.py:188} INFO - [2024-04-21T15:33:07.968+0000] {dagbag.py:540} INFO - Filling up the DagBag from /home/airflow/.local/lib/python3.8/site-packages/airflow/example_dags/example_kubernetes_executor.py
[2024-04-21T15:33:07.980+0000] {processor.py:840} INFO - DAG(s) 'example_kubernetes_executor' retrieved from /home/airflow/.local/lib/python3.8/site-packages/airflow/example_dags/example_kubernetes_executor.py
[2024-04-21T15:33:08.017+0000] {logging_mixin.py:188} INFO - [2024-04-21T15:33:08.017+0000] {dag.py:3047} INFO - Sync 1 DAGs
[2024-04-21T15:33:08.030+0000] {logging_mixin.py:188} INFO - [2024-04-21T15:33:08.029+0000] {dag.py:3834} INFO - Setting next_dagrun for example_kubernetes_executor to None, run_after=None
[2024-04-21T15:33:08.051+0000] {processor.py:183} INFO - Processing /home/airflow/.local/lib/python3.8/site-packages/airflow/example_dags/example_kubernetes_executor.py took 0.092 seconds
[2024-04-21T15:33:38.425+0000] {processor.py:161} INFO - Started process (PID=801) to work on /home/airflow/.local/lib/python3.8/site-packages/airflow/example_dags/example_kubernetes_executor.py
[2024-04-21T15:33:38.427+0000] {processor.py:830} INFO - Processing file /home/airflow/.local/lib/python3.8/site-packages/airflow/example_dags/example_kubernetes_executor.py for tasks to queue
[2024-04-21T15:33:38.431+0000] {logging_mixin.py:188} INFO - [2024-04-21T15:33:38.430+0000] {dagbag.py:540} INFO - Filling up the DagBag from /home/airflow/.local/lib/python3.8/site-packages/airflow/example_dags/example_kubernetes_executor.py
[2024-04-21T15:33:38.446+0000] {processor.py:840} INFO - DAG(s) 'example_kubernetes_executor' retrieved from /home/airflow/.local/lib/python3.8/site-packages/airflow/example_dags/example_kubernetes_executor.py
[2024-04-21T15:33:38.485+0000] {logging_mixin.py:188} INFO - [2024-04-21T15:33:38.485+0000] {dag.py:3047} INFO - Sync 1 DAGs
[2024-04-21T15:33:38.498+0000] {logging_mixin.py:188} INFO - [2024-04-21T15:33:38.498+0000] {dag.py:3834} INFO - Setting next_dagrun for example_kubernetes_executor to None, run_after=None
[2024-04-21T15:33:38.519+0000] {processor.py:183} INFO - Processing /home/airflow/.local/lib/python3.8/site-packages/airflow/example_dags/example_kubernetes_executor.py took 0.098 seconds
[2024-04-21T15:34:08.646+0000] {processor.py:161} INFO - Started process (PID=856) to work on /home/airflow/.local/lib/python3.8/site-packages/airflow/example_dags/example_kubernetes_executor.py
[2024-04-21T15:34:08.647+0000] {processor.py:830} INFO - Processing file /home/airflow/.local/lib/python3.8/site-packages/airflow/example_dags/example_kubernetes_executor.py for tasks to queue
[2024-04-21T15:34:08.649+0000] {logging_mixin.py:188} INFO - [2024-04-21T15:34:08.649+0000] {dagbag.py:540} INFO - Filling up the DagBag from /home/airflow/.local/lib/python3.8/site-packages/airflow/example_dags/example_kubernetes_executor.py
[2024-04-21T15:34:08.666+0000] {processor.py:840} INFO - DAG(s) 'example_kubernetes_executor' retrieved from /home/airflow/.local/lib/python3.8/site-packages/airflow/example_dags/example_kubernetes_executor.py
[2024-04-21T15:34:08.703+0000] {logging_mixin.py:188} INFO - [2024-04-21T15:34:08.703+0000] {dag.py:3047} INFO - Sync 1 DAGs
[2024-04-21T15:34:08.719+0000] {logging_mixin.py:188} INFO - [2024-04-21T15:34:08.719+0000] {dag.py:3834} INFO - Setting next_dagrun for example_kubernetes_executor to None, run_after=None
[2024-04-21T15:34:08.738+0000] {processor.py:183} INFO - Processing /home/airflow/.local/lib/python3.8/site-packages/airflow/example_dags/example_kubernetes_executor.py took 0.095 seconds
[2024-04-21T15:34:39.484+0000] {processor.py:161} INFO - Started process (PID=911) to work on /home/airflow/.local/lib/python3.8/site-packages/airflow/example_dags/example_kubernetes_executor.py
[2024-04-21T15:34:39.487+0000] {processor.py:830} INFO - Processing file /home/airflow/.local/lib/python3.8/site-packages/airflow/example_dags/example_kubernetes_executor.py for tasks to queue
[2024-04-21T15:34:39.501+0000] {logging_mixin.py:188} INFO - [2024-04-21T15:34:39.499+0000] {dagbag.py:540} INFO - Filling up the DagBag from /home/airflow/.local/lib/python3.8/site-packages/airflow/example_dags/example_kubernetes_executor.py
[2024-04-21T15:34:39.526+0000] {processor.py:840} INFO - DAG(s) 'example_kubernetes_executor' retrieved from /home/airflow/.local/lib/python3.8/site-packages/airflow/example_dags/example_kubernetes_executor.py
[2024-04-21T15:34:39.584+0000] {logging_mixin.py:188} INFO - [2024-04-21T15:34:39.584+0000] {dag.py:3047} INFO - Sync 1 DAGs
[2024-04-21T15:34:39.594+0000] {logging_mixin.py:188} INFO - [2024-04-21T15:34:39.594+0000] {dag.py:3834} INFO - Setting next_dagrun for example_kubernetes_executor to None, run_after=None
[2024-04-21T15:34:39.617+0000] {processor.py:183} INFO - Processing /home/airflow/.local/lib/python3.8/site-packages/airflow/example_dags/example_kubernetes_executor.py took 0.139 seconds
[2024-04-21T15:35:10.659+0000] {processor.py:161} INFO - Started process (PID=966) to work on /home/airflow/.local/lib/python3.8/site-packages/airflow/example_dags/example_kubernetes_executor.py
[2024-04-21T15:35:10.660+0000] {processor.py:830} INFO - Processing file /home/airflow/.local/lib/python3.8/site-packages/airflow/example_dags/example_kubernetes_executor.py for tasks to queue
[2024-04-21T15:35:10.663+0000] {logging_mixin.py:188} INFO - [2024-04-21T15:35:10.662+0000] {dagbag.py:540} INFO - Filling up the DagBag from /home/airflow/.local/lib/python3.8/site-packages/airflow/example_dags/example_kubernetes_executor.py
[2024-04-21T15:35:10.680+0000] {processor.py:840} INFO - DAG(s) 'example_kubernetes_executor' retrieved from /home/airflow/.local/lib/python3.8/site-packages/airflow/example_dags/example_kubernetes_executor.py
[2024-04-21T15:35:10.738+0000] {logging_mixin.py:188} INFO - [2024-04-21T15:35:10.737+0000] {dag.py:3047} INFO - Sync 1 DAGs
[2024-04-21T15:35:10.758+0000] {logging_mixin.py:188} INFO - [2024-04-21T15:35:10.758+0000] {dag.py:3834} INFO - Setting next_dagrun for example_kubernetes_executor to None, run_after=None
[2024-04-21T15:35:10.792+0000] {processor.py:183} INFO - Processing /home/airflow/.local/lib/python3.8/site-packages/airflow/example_dags/example_kubernetes_executor.py took 0.138 seconds
[2024-04-21T15:36:02.292+0000] {processor.py:161} INFO - Started process (PID=1030) to work on /home/airflow/.local/lib/python3.8/site-packages/airflow/example_dags/example_kubernetes_executor.py
[2024-04-21T15:36:02.296+0000] {processor.py:830} INFO - Processing file /home/airflow/.local/lib/python3.8/site-packages/airflow/example_dags/example_kubernetes_executor.py for tasks to queue
[2024-04-21T15:36:02.304+0000] {logging_mixin.py:188} INFO - [2024-04-21T15:36:02.303+0000] {dagbag.py:540} INFO - Filling up the DagBag from /home/airflow/.local/lib/python3.8/site-packages/airflow/example_dags/example_kubernetes_executor.py
[2024-04-21T15:36:02.352+0000] {processor.py:840} INFO - DAG(s) 'example_kubernetes_executor' retrieved from /home/airflow/.local/lib/python3.8/site-packages/airflow/example_dags/example_kubernetes_executor.py
[2024-04-21T15:36:03.094+0000] {logging_mixin.py:188} INFO - [2024-04-21T15:36:03.092+0000] {dag.py:3047} INFO - Sync 1 DAGs
[2024-04-21T15:36:03.396+0000] {logging_mixin.py:188} INFO - [2024-04-21T15:36:03.395+0000] {dag.py:3834} INFO - Setting next_dagrun for example_kubernetes_executor to None, run_after=None
[2024-04-21T15:36:04.117+0000] {processor.py:183} INFO - Processing /home/airflow/.local/lib/python3.8/site-packages/airflow/example_dags/example_kubernetes_executor.py took 1.839 seconds
