[2024-04-21T15:26:52.050+0000] {processor.py:161} INFO - Started process (PID=47) to work on /home/airflow/.local/lib/python3.8/site-packages/airflow/example_dags/example_python_operator.py
[2024-04-21T15:26:52.053+0000] {processor.py:830} INFO - Processing file /home/airflow/.local/lib/python3.8/site-packages/airflow/example_dags/example_python_operator.py for tasks to queue
[2024-04-21T15:26:52.056+0000] {logging_mixin.py:188} INFO - [2024-04-21T15:26:52.056+0000] {dagbag.py:540} INFO - Filling up the DagBag from /home/airflow/.local/lib/python3.8/site-packages/airflow/example_dags/example_python_operator.py
[2024-04-21T15:26:52.078+0000] {processor.py:840} INFO - DAG(s) 'example_python_operator' retrieved from /home/airflow/.local/lib/python3.8/site-packages/airflow/example_dags/example_python_operator.py
[2024-04-21T15:26:52.285+0000] {logging_mixin.py:188} INFO - [2024-04-21T15:26:52.283+0000] {override.py:1769} INFO - Created Permission View: can delete on DAG:example_python_operator
[2024-04-21T15:26:52.306+0000] {logging_mixin.py:188} INFO - [2024-04-21T15:26:52.305+0000] {override.py:1769} INFO - Created Permission View: can read on DAG:example_python_operator
[2024-04-21T15:26:52.321+0000] {logging_mixin.py:188} INFO - [2024-04-21T15:26:52.320+0000] {override.py:1769} INFO - Created Permission View: can edit on DAG:example_python_operator
[2024-04-21T15:26:52.323+0000] {logging_mixin.py:188} INFO - [2024-04-21T15:26:52.322+0000] {dag.py:3047} INFO - Sync 1 DAGs
[2024-04-21T15:26:52.340+0000] {logging_mixin.py:188} INFO - [2024-04-21T15:26:52.340+0000] {dag.py:3069} INFO - Creating ORM DAG for example_python_operator
[2024-04-21T15:26:52.342+0000] {logging_mixin.py:188} INFO - [2024-04-21T15:26:52.342+0000] {dag.py:3834} INFO - Setting next_dagrun for example_python_operator to None, run_after=None
[2024-04-21T15:26:52.374+0000] {processor.py:183} INFO - Processing /home/airflow/.local/lib/python3.8/site-packages/airflow/example_dags/example_python_operator.py took 0.328 seconds
[2024-04-21T15:27:22.575+0000] {processor.py:161} INFO - Started process (PID=102) to work on /home/airflow/.local/lib/python3.8/site-packages/airflow/example_dags/example_python_operator.py
[2024-04-21T15:27:22.576+0000] {processor.py:830} INFO - Processing file /home/airflow/.local/lib/python3.8/site-packages/airflow/example_dags/example_python_operator.py for tasks to queue
[2024-04-21T15:27:22.578+0000] {logging_mixin.py:188} INFO - [2024-04-21T15:27:22.578+0000] {dagbag.py:540} INFO - Filling up the DagBag from /home/airflow/.local/lib/python3.8/site-packages/airflow/example_dags/example_python_operator.py
[2024-04-21T15:27:22.587+0000] {processor.py:840} INFO - DAG(s) 'example_python_operator' retrieved from /home/airflow/.local/lib/python3.8/site-packages/airflow/example_dags/example_python_operator.py
[2024-04-21T15:27:22.606+0000] {logging_mixin.py:188} INFO - [2024-04-21T15:27:22.606+0000] {dag.py:3047} INFO - Sync 1 DAGs
[2024-04-21T15:27:22.619+0000] {logging_mixin.py:188} INFO - [2024-04-21T15:27:22.618+0000] {dag.py:3834} INFO - Setting next_dagrun for example_python_operator to None, run_after=None
[2024-04-21T15:27:22.644+0000] {processor.py:183} INFO - Processing /home/airflow/.local/lib/python3.8/site-packages/airflow/example_dags/example_python_operator.py took 0.071 seconds
[2024-04-21T15:27:53.353+0000] {processor.py:161} INFO - Started process (PID=157) to work on /home/airflow/.local/lib/python3.8/site-packages/airflow/example_dags/example_python_operator.py
[2024-04-21T15:27:53.355+0000] {processor.py:830} INFO - Processing file /home/airflow/.local/lib/python3.8/site-packages/airflow/example_dags/example_python_operator.py for tasks to queue
[2024-04-21T15:27:53.358+0000] {logging_mixin.py:188} INFO - [2024-04-21T15:27:53.358+0000] {dagbag.py:540} INFO - Filling up the DagBag from /home/airflow/.local/lib/python3.8/site-packages/airflow/example_dags/example_python_operator.py
[2024-04-21T15:27:53.377+0000] {processor.py:840} INFO - DAG(s) 'example_python_operator' retrieved from /home/airflow/.local/lib/python3.8/site-packages/airflow/example_dags/example_python_operator.py
[2024-04-21T15:27:53.411+0000] {logging_mixin.py:188} INFO - [2024-04-21T15:27:53.410+0000] {dag.py:3047} INFO - Sync 1 DAGs
[2024-04-21T15:27:53.430+0000] {logging_mixin.py:188} INFO - [2024-04-21T15:27:53.430+0000] {dag.py:3834} INFO - Setting next_dagrun for example_python_operator to None, run_after=None
[2024-04-21T15:27:53.467+0000] {processor.py:183} INFO - Processing /home/airflow/.local/lib/python3.8/site-packages/airflow/example_dags/example_python_operator.py took 0.119 seconds
[2024-04-21T15:28:24.285+0000] {processor.py:161} INFO - Started process (PID=212) to work on /home/airflow/.local/lib/python3.8/site-packages/airflow/example_dags/example_python_operator.py
[2024-04-21T15:28:24.286+0000] {processor.py:830} INFO - Processing file /home/airflow/.local/lib/python3.8/site-packages/airflow/example_dags/example_python_operator.py for tasks to queue
[2024-04-21T15:28:24.288+0000] {logging_mixin.py:188} INFO - [2024-04-21T15:28:24.288+0000] {dagbag.py:540} INFO - Filling up the DagBag from /home/airflow/.local/lib/python3.8/site-packages/airflow/example_dags/example_python_operator.py
[2024-04-21T15:28:24.297+0000] {processor.py:840} INFO - DAG(s) 'example_python_operator' retrieved from /home/airflow/.local/lib/python3.8/site-packages/airflow/example_dags/example_python_operator.py
[2024-04-21T15:28:24.323+0000] {logging_mixin.py:188} INFO - [2024-04-21T15:28:24.323+0000] {dag.py:3047} INFO - Sync 1 DAGs
[2024-04-21T15:28:24.336+0000] {logging_mixin.py:188} INFO - [2024-04-21T15:28:24.336+0000] {dag.py:3834} INFO - Setting next_dagrun for example_python_operator to None, run_after=None
[2024-04-21T15:28:24.360+0000] {processor.py:183} INFO - Processing /home/airflow/.local/lib/python3.8/site-packages/airflow/example_dags/example_python_operator.py took 0.078 seconds
[2024-04-21T15:28:54.645+0000] {processor.py:161} INFO - Started process (PID=267) to work on /home/airflow/.local/lib/python3.8/site-packages/airflow/example_dags/example_python_operator.py
[2024-04-21T15:28:54.646+0000] {processor.py:830} INFO - Processing file /home/airflow/.local/lib/python3.8/site-packages/airflow/example_dags/example_python_operator.py for tasks to queue
[2024-04-21T15:28:54.649+0000] {logging_mixin.py:188} INFO - [2024-04-21T15:28:54.648+0000] {dagbag.py:540} INFO - Filling up the DagBag from /home/airflow/.local/lib/python3.8/site-packages/airflow/example_dags/example_python_operator.py
[2024-04-21T15:28:54.659+0000] {processor.py:840} INFO - DAG(s) 'example_python_operator' retrieved from /home/airflow/.local/lib/python3.8/site-packages/airflow/example_dags/example_python_operator.py
[2024-04-21T15:28:54.682+0000] {logging_mixin.py:188} INFO - [2024-04-21T15:28:54.681+0000] {dag.py:3047} INFO - Sync 1 DAGs
[2024-04-21T15:28:54.693+0000] {logging_mixin.py:188} INFO - [2024-04-21T15:28:54.692+0000] {dag.py:3834} INFO - Setting next_dagrun for example_python_operator to None, run_after=None
[2024-04-21T15:28:54.717+0000] {processor.py:183} INFO - Processing /home/airflow/.local/lib/python3.8/site-packages/airflow/example_dags/example_python_operator.py took 0.076 seconds
[2024-04-21T15:29:25.160+0000] {processor.py:161} INFO - Started process (PID=322) to work on /home/airflow/.local/lib/python3.8/site-packages/airflow/example_dags/example_python_operator.py
[2024-04-21T15:29:25.161+0000] {processor.py:830} INFO - Processing file /home/airflow/.local/lib/python3.8/site-packages/airflow/example_dags/example_python_operator.py for tasks to queue
[2024-04-21T15:29:25.163+0000] {logging_mixin.py:188} INFO - [2024-04-21T15:29:25.162+0000] {dagbag.py:540} INFO - Filling up the DagBag from /home/airflow/.local/lib/python3.8/site-packages/airflow/example_dags/example_python_operator.py
[2024-04-21T15:29:25.170+0000] {processor.py:840} INFO - DAG(s) 'example_python_operator' retrieved from /home/airflow/.local/lib/python3.8/site-packages/airflow/example_dags/example_python_operator.py
[2024-04-21T15:29:25.188+0000] {logging_mixin.py:188} INFO - [2024-04-21T15:29:25.188+0000] {dag.py:3047} INFO - Sync 1 DAGs
[2024-04-21T15:29:25.197+0000] {logging_mixin.py:188} INFO - [2024-04-21T15:29:25.197+0000] {dag.py:3834} INFO - Setting next_dagrun for example_python_operator to None, run_after=None
[2024-04-21T15:29:25.215+0000] {processor.py:183} INFO - Processing /home/airflow/.local/lib/python3.8/site-packages/airflow/example_dags/example_python_operator.py took 0.057 seconds
[2024-04-21T15:29:55.533+0000] {processor.py:161} INFO - Started process (PID=377) to work on /home/airflow/.local/lib/python3.8/site-packages/airflow/example_dags/example_python_operator.py
[2024-04-21T15:29:55.535+0000] {processor.py:830} INFO - Processing file /home/airflow/.local/lib/python3.8/site-packages/airflow/example_dags/example_python_operator.py for tasks to queue
[2024-04-21T15:29:55.537+0000] {logging_mixin.py:188} INFO - [2024-04-21T15:29:55.537+0000] {dagbag.py:540} INFO - Filling up the DagBag from /home/airflow/.local/lib/python3.8/site-packages/airflow/example_dags/example_python_operator.py
[2024-04-21T15:29:55.552+0000] {processor.py:840} INFO - DAG(s) 'example_python_operator' retrieved from /home/airflow/.local/lib/python3.8/site-packages/airflow/example_dags/example_python_operator.py
[2024-04-21T15:29:55.578+0000] {logging_mixin.py:188} INFO - [2024-04-21T15:29:55.578+0000] {dag.py:3047} INFO - Sync 1 DAGs
[2024-04-21T15:29:55.590+0000] {logging_mixin.py:188} INFO - [2024-04-21T15:29:55.590+0000] {dag.py:3834} INFO - Setting next_dagrun for example_python_operator to None, run_after=None
[2024-04-21T15:29:55.611+0000] {processor.py:183} INFO - Processing /home/airflow/.local/lib/python3.8/site-packages/airflow/example_dags/example_python_operator.py took 0.083 seconds
[2024-04-21T15:30:26.171+0000] {processor.py:161} INFO - Started process (PID=432) to work on /home/airflow/.local/lib/python3.8/site-packages/airflow/example_dags/example_python_operator.py
[2024-04-21T15:30:26.173+0000] {processor.py:830} INFO - Processing file /home/airflow/.local/lib/python3.8/site-packages/airflow/example_dags/example_python_operator.py for tasks to queue
[2024-04-21T15:30:26.175+0000] {logging_mixin.py:188} INFO - [2024-04-21T15:30:26.175+0000] {dagbag.py:540} INFO - Filling up the DagBag from /home/airflow/.local/lib/python3.8/site-packages/airflow/example_dags/example_python_operator.py
[2024-04-21T15:30:26.184+0000] {processor.py:840} INFO - DAG(s) 'example_python_operator' retrieved from /home/airflow/.local/lib/python3.8/site-packages/airflow/example_dags/example_python_operator.py
[2024-04-21T15:30:26.204+0000] {logging_mixin.py:188} INFO - [2024-04-21T15:30:26.204+0000] {dag.py:3047} INFO - Sync 1 DAGs
[2024-04-21T15:30:26.215+0000] {logging_mixin.py:188} INFO - [2024-04-21T15:30:26.215+0000] {dag.py:3834} INFO - Setting next_dagrun for example_python_operator to None, run_after=None
[2024-04-21T15:30:26.233+0000] {processor.py:183} INFO - Processing /home/airflow/.local/lib/python3.8/site-packages/airflow/example_dags/example_python_operator.py took 0.065 seconds
[2024-04-21T15:30:56.538+0000] {processor.py:161} INFO - Started process (PID=487) to work on /home/airflow/.local/lib/python3.8/site-packages/airflow/example_dags/example_python_operator.py
[2024-04-21T15:30:56.539+0000] {processor.py:830} INFO - Processing file /home/airflow/.local/lib/python3.8/site-packages/airflow/example_dags/example_python_operator.py for tasks to queue
[2024-04-21T15:30:56.544+0000] {logging_mixin.py:188} INFO - [2024-04-21T15:30:56.544+0000] {dagbag.py:540} INFO - Filling up the DagBag from /home/airflow/.local/lib/python3.8/site-packages/airflow/example_dags/example_python_operator.py
[2024-04-21T15:30:56.558+0000] {processor.py:840} INFO - DAG(s) 'example_python_operator' retrieved from /home/airflow/.local/lib/python3.8/site-packages/airflow/example_dags/example_python_operator.py
[2024-04-21T15:30:56.585+0000] {logging_mixin.py:188} INFO - [2024-04-21T15:30:56.584+0000] {dag.py:3047} INFO - Sync 1 DAGs
[2024-04-21T15:30:56.615+0000] {logging_mixin.py:188} INFO - [2024-04-21T15:30:56.615+0000] {dag.py:3834} INFO - Setting next_dagrun for example_python_operator to None, run_after=None
[2024-04-21T15:30:56.657+0000] {processor.py:183} INFO - Processing /home/airflow/.local/lib/python3.8/site-packages/airflow/example_dags/example_python_operator.py took 0.122 seconds
[2024-04-21T15:31:26.859+0000] {processor.py:161} INFO - Started process (PID=542) to work on /home/airflow/.local/lib/python3.8/site-packages/airflow/example_dags/example_python_operator.py
[2024-04-21T15:31:26.861+0000] {processor.py:830} INFO - Processing file /home/airflow/.local/lib/python3.8/site-packages/airflow/example_dags/example_python_operator.py for tasks to queue
[2024-04-21T15:31:26.863+0000] {logging_mixin.py:188} INFO - [2024-04-21T15:31:26.862+0000] {dagbag.py:540} INFO - Filling up the DagBag from /home/airflow/.local/lib/python3.8/site-packages/airflow/example_dags/example_python_operator.py
[2024-04-21T15:31:26.871+0000] {processor.py:840} INFO - DAG(s) 'example_python_operator' retrieved from /home/airflow/.local/lib/python3.8/site-packages/airflow/example_dags/example_python_operator.py
[2024-04-21T15:31:26.890+0000] {logging_mixin.py:188} INFO - [2024-04-21T15:31:26.889+0000] {dag.py:3047} INFO - Sync 1 DAGs
[2024-04-21T15:31:26.899+0000] {logging_mixin.py:188} INFO - [2024-04-21T15:31:26.898+0000] {dag.py:3834} INFO - Setting next_dagrun for example_python_operator to None, run_after=None
[2024-04-21T15:31:26.917+0000] {processor.py:183} INFO - Processing /home/airflow/.local/lib/python3.8/site-packages/airflow/example_dags/example_python_operator.py took 0.061 seconds
[2024-04-21T15:31:57.365+0000] {processor.py:161} INFO - Started process (PID=597) to work on /home/airflow/.local/lib/python3.8/site-packages/airflow/example_dags/example_python_operator.py
[2024-04-21T15:31:57.366+0000] {processor.py:830} INFO - Processing file /home/airflow/.local/lib/python3.8/site-packages/airflow/example_dags/example_python_operator.py for tasks to queue
[2024-04-21T15:31:57.369+0000] {logging_mixin.py:188} INFO - [2024-04-21T15:31:57.368+0000] {dagbag.py:540} INFO - Filling up the DagBag from /home/airflow/.local/lib/python3.8/site-packages/airflow/example_dags/example_python_operator.py
[2024-04-21T15:31:57.381+0000] {processor.py:840} INFO - DAG(s) 'example_python_operator' retrieved from /home/airflow/.local/lib/python3.8/site-packages/airflow/example_dags/example_python_operator.py
[2024-04-21T15:31:57.401+0000] {logging_mixin.py:188} INFO - [2024-04-21T15:31:57.401+0000] {dag.py:3047} INFO - Sync 1 DAGs
[2024-04-21T15:31:57.411+0000] {logging_mixin.py:188} INFO - [2024-04-21T15:31:57.411+0000] {dag.py:3834} INFO - Setting next_dagrun for example_python_operator to None, run_after=None
[2024-04-21T15:31:57.434+0000] {processor.py:183} INFO - Processing /home/airflow/.local/lib/python3.8/site-packages/airflow/example_dags/example_python_operator.py took 0.072 seconds
[2024-04-21T15:32:27.897+0000] {processor.py:161} INFO - Started process (PID=652) to work on /home/airflow/.local/lib/python3.8/site-packages/airflow/example_dags/example_python_operator.py
[2024-04-21T15:32:27.903+0000] {processor.py:830} INFO - Processing file /home/airflow/.local/lib/python3.8/site-packages/airflow/example_dags/example_python_operator.py for tasks to queue
[2024-04-21T15:32:27.913+0000] {logging_mixin.py:188} INFO - [2024-04-21T15:32:27.910+0000] {dagbag.py:540} INFO - Filling up the DagBag from /home/airflow/.local/lib/python3.8/site-packages/airflow/example_dags/example_python_operator.py
[2024-04-21T15:32:27.934+0000] {processor.py:840} INFO - DAG(s) 'example_python_operator' retrieved from /home/airflow/.local/lib/python3.8/site-packages/airflow/example_dags/example_python_operator.py
[2024-04-21T15:32:27.960+0000] {logging_mixin.py:188} INFO - [2024-04-21T15:32:27.960+0000] {dag.py:3047} INFO - Sync 1 DAGs
[2024-04-21T15:32:27.974+0000] {logging_mixin.py:188} INFO - [2024-04-21T15:32:27.974+0000] {dag.py:3834} INFO - Setting next_dagrun for example_python_operator to None, run_after=None
[2024-04-21T15:32:27.998+0000] {processor.py:183} INFO - Processing /home/airflow/.local/lib/python3.8/site-packages/airflow/example_dags/example_python_operator.py took 0.117 seconds
[2024-04-21T15:32:58.297+0000] {processor.py:161} INFO - Started process (PID=707) to work on /home/airflow/.local/lib/python3.8/site-packages/airflow/example_dags/example_python_operator.py
[2024-04-21T15:32:58.298+0000] {processor.py:830} INFO - Processing file /home/airflow/.local/lib/python3.8/site-packages/airflow/example_dags/example_python_operator.py for tasks to queue
[2024-04-21T15:32:58.299+0000] {logging_mixin.py:188} INFO - [2024-04-21T15:32:58.299+0000] {dagbag.py:540} INFO - Filling up the DagBag from /home/airflow/.local/lib/python3.8/site-packages/airflow/example_dags/example_python_operator.py
[2024-04-21T15:32:58.306+0000] {processor.py:840} INFO - DAG(s) 'example_python_operator' retrieved from /home/airflow/.local/lib/python3.8/site-packages/airflow/example_dags/example_python_operator.py
[2024-04-21T15:32:58.333+0000] {logging_mixin.py:188} INFO - [2024-04-21T15:32:58.332+0000] {dag.py:3047} INFO - Sync 1 DAGs
[2024-04-21T15:32:58.357+0000] {logging_mixin.py:188} INFO - [2024-04-21T15:32:58.357+0000] {dag.py:3834} INFO - Setting next_dagrun for example_python_operator to None, run_after=None
[2024-04-21T15:32:58.411+0000] {processor.py:183} INFO - Processing /home/airflow/.local/lib/python3.8/site-packages/airflow/example_dags/example_python_operator.py took 0.116 seconds
[2024-04-21T15:33:28.512+0000] {processor.py:161} INFO - Started process (PID=762) to work on /home/airflow/.local/lib/python3.8/site-packages/airflow/example_dags/example_python_operator.py
[2024-04-21T15:33:28.513+0000] {processor.py:830} INFO - Processing file /home/airflow/.local/lib/python3.8/site-packages/airflow/example_dags/example_python_operator.py for tasks to queue
[2024-04-21T15:33:28.516+0000] {logging_mixin.py:188} INFO - [2024-04-21T15:33:28.515+0000] {dagbag.py:540} INFO - Filling up the DagBag from /home/airflow/.local/lib/python3.8/site-packages/airflow/example_dags/example_python_operator.py
[2024-04-21T15:33:28.527+0000] {processor.py:840} INFO - DAG(s) 'example_python_operator' retrieved from /home/airflow/.local/lib/python3.8/site-packages/airflow/example_dags/example_python_operator.py
[2024-04-21T15:33:28.549+0000] {logging_mixin.py:188} INFO - [2024-04-21T15:33:28.549+0000] {dag.py:3047} INFO - Sync 1 DAGs
[2024-04-21T15:33:28.562+0000] {logging_mixin.py:188} INFO - [2024-04-21T15:33:28.561+0000] {dag.py:3834} INFO - Setting next_dagrun for example_python_operator to None, run_after=None
[2024-04-21T15:33:28.585+0000] {processor.py:183} INFO - Processing /home/airflow/.local/lib/python3.8/site-packages/airflow/example_dags/example_python_operator.py took 0.075 seconds
[2024-04-21T15:33:59.881+0000] {processor.py:161} INFO - Started process (PID=817) to work on /home/airflow/.local/lib/python3.8/site-packages/airflow/example_dags/example_python_operator.py
[2024-04-21T15:33:59.883+0000] {processor.py:830} INFO - Processing file /home/airflow/.local/lib/python3.8/site-packages/airflow/example_dags/example_python_operator.py for tasks to queue
[2024-04-21T15:33:59.886+0000] {logging_mixin.py:188} INFO - [2024-04-21T15:33:59.886+0000] {dagbag.py:540} INFO - Filling up the DagBag from /home/airflow/.local/lib/python3.8/site-packages/airflow/example_dags/example_python_operator.py
[2024-04-21T15:33:59.902+0000] {processor.py:840} INFO - DAG(s) 'example_python_operator' retrieved from /home/airflow/.local/lib/python3.8/site-packages/airflow/example_dags/example_python_operator.py
[2024-04-21T15:33:59.932+0000] {logging_mixin.py:188} INFO - [2024-04-21T15:33:59.931+0000] {dag.py:3047} INFO - Sync 1 DAGs
[2024-04-21T15:33:59.957+0000] {logging_mixin.py:188} INFO - [2024-04-21T15:33:59.957+0000] {dag.py:3834} INFO - Setting next_dagrun for example_python_operator to None, run_after=None
[2024-04-21T15:33:59.992+0000] {processor.py:183} INFO - Processing /home/airflow/.local/lib/python3.8/site-packages/airflow/example_dags/example_python_operator.py took 0.115 seconds
[2024-04-21T15:34:30.222+0000] {processor.py:161} INFO - Started process (PID=878) to work on /home/airflow/.local/lib/python3.8/site-packages/airflow/example_dags/example_python_operator.py
[2024-04-21T15:34:30.223+0000] {processor.py:830} INFO - Processing file /home/airflow/.local/lib/python3.8/site-packages/airflow/example_dags/example_python_operator.py for tasks to queue
[2024-04-21T15:34:30.225+0000] {logging_mixin.py:188} INFO - [2024-04-21T15:34:30.224+0000] {dagbag.py:540} INFO - Filling up the DagBag from /home/airflow/.local/lib/python3.8/site-packages/airflow/example_dags/example_python_operator.py
[2024-04-21T15:34:30.234+0000] {processor.py:840} INFO - DAG(s) 'example_python_operator' retrieved from /home/airflow/.local/lib/python3.8/site-packages/airflow/example_dags/example_python_operator.py
[2024-04-21T15:34:30.253+0000] {logging_mixin.py:188} INFO - [2024-04-21T15:34:30.253+0000] {dag.py:3047} INFO - Sync 1 DAGs
[2024-04-21T15:34:30.263+0000] {logging_mixin.py:188} INFO - [2024-04-21T15:34:30.263+0000] {dag.py:3834} INFO - Setting next_dagrun for example_python_operator to None, run_after=None
[2024-04-21T15:34:30.283+0000] {processor.py:183} INFO - Processing /home/airflow/.local/lib/python3.8/site-packages/airflow/example_dags/example_python_operator.py took 0.064 seconds
[2024-04-21T15:35:00.950+0000] {processor.py:161} INFO - Started process (PID=933) to work on /home/airflow/.local/lib/python3.8/site-packages/airflow/example_dags/example_python_operator.py
[2024-04-21T15:35:00.951+0000] {processor.py:830} INFO - Processing file /home/airflow/.local/lib/python3.8/site-packages/airflow/example_dags/example_python_operator.py for tasks to queue
[2024-04-21T15:35:00.954+0000] {logging_mixin.py:188} INFO - [2024-04-21T15:35:00.953+0000] {dagbag.py:540} INFO - Filling up the DagBag from /home/airflow/.local/lib/python3.8/site-packages/airflow/example_dags/example_python_operator.py
[2024-04-21T15:35:00.968+0000] {processor.py:840} INFO - DAG(s) 'example_python_operator' retrieved from /home/airflow/.local/lib/python3.8/site-packages/airflow/example_dags/example_python_operator.py
[2024-04-21T15:35:01.091+0000] {logging_mixin.py:188} INFO - [2024-04-21T15:35:01.090+0000] {dag.py:3047} INFO - Sync 1 DAGs
[2024-04-21T15:35:01.119+0000] {logging_mixin.py:188} INFO - [2024-04-21T15:35:01.119+0000] {dag.py:3834} INFO - Setting next_dagrun for example_python_operator to None, run_after=None
[2024-04-21T15:35:01.150+0000] {processor.py:183} INFO - Processing /home/airflow/.local/lib/python3.8/site-packages/airflow/example_dags/example_python_operator.py took 0.203 seconds
[2024-04-21T15:35:31.560+0000] {processor.py:161} INFO - Started process (PID=988) to work on /home/airflow/.local/lib/python3.8/site-packages/airflow/example_dags/example_python_operator.py
[2024-04-21T15:35:31.562+0000] {processor.py:830} INFO - Processing file /home/airflow/.local/lib/python3.8/site-packages/airflow/example_dags/example_python_operator.py for tasks to queue
[2024-04-21T15:35:31.569+0000] {logging_mixin.py:188} INFO - [2024-04-21T15:35:31.568+0000] {dagbag.py:540} INFO - Filling up the DagBag from /home/airflow/.local/lib/python3.8/site-packages/airflow/example_dags/example_python_operator.py
[2024-04-21T15:35:31.594+0000] {processor.py:840} INFO - DAG(s) 'example_python_operator' retrieved from /home/airflow/.local/lib/python3.8/site-packages/airflow/example_dags/example_python_operator.py
[2024-04-21T15:35:31.659+0000] {logging_mixin.py:188} INFO - [2024-04-21T15:35:31.657+0000] {dag.py:3047} INFO - Sync 1 DAGs
[2024-04-21T15:35:31.694+0000] {logging_mixin.py:188} INFO - [2024-04-21T15:35:31.694+0000] {dag.py:3834} INFO - Setting next_dagrun for example_python_operator to None, run_after=None
[2024-04-21T15:35:31.738+0000] {processor.py:183} INFO - Processing /home/airflow/.local/lib/python3.8/site-packages/airflow/example_dags/example_python_operator.py took 0.186 seconds
