[2024-04-21T15:26:54.648+0000] {processor.py:161} INFO - Started process (PID=56) to work on /home/airflow/.local/lib/python3.8/site-packages/airflow/example_dags/example_xcomargs.py
[2024-04-21T15:26:54.650+0000] {processor.py:830} INFO - Processing file /home/airflow/.local/lib/python3.8/site-packages/airflow/example_dags/example_xcomargs.py for tasks to queue
[2024-04-21T15:26:54.653+0000] {logging_mixin.py:188} INFO - [2024-04-21T15:26:54.653+0000] {dagbag.py:540} INFO - Filling up the DagBag from /home/airflow/.local/lib/python3.8/site-packages/airflow/example_dags/example_xcomargs.py
[2024-04-21T15:26:54.666+0000] {processor.py:840} INFO - DAG(s) 'example_xcom_args_with_operators', 'example_xcom_args' retrieved from /home/airflow/.local/lib/python3.8/site-packages/airflow/example_dags/example_xcomargs.py
[2024-04-21T15:26:54.928+0000] {logging_mixin.py:188} INFO - [2024-04-21T15:26:54.927+0000] {override.py:1769} INFO - Created Permission View: can delete on DAG:example_xcom_args_with_operators
[2024-04-21T15:26:54.945+0000] {logging_mixin.py:188} INFO - [2024-04-21T15:26:54.944+0000] {override.py:1769} INFO - Created Permission View: can read on DAG:example_xcom_args_with_operators
[2024-04-21T15:26:54.958+0000] {logging_mixin.py:188} INFO - [2024-04-21T15:26:54.958+0000] {override.py:1769} INFO - Created Permission View: can edit on DAG:example_xcom_args_with_operators
[2024-04-21T15:26:54.983+0000] {logging_mixin.py:188} INFO - [2024-04-21T15:26:54.983+0000] {override.py:1769} INFO - Created Permission View: can delete on DAG:example_xcom_args
[2024-04-21T15:26:54.998+0000] {logging_mixin.py:188} INFO - [2024-04-21T15:26:54.998+0000] {override.py:1769} INFO - Created Permission View: can read on DAG:example_xcom_args
[2024-04-21T15:26:55.010+0000] {logging_mixin.py:188} INFO - [2024-04-21T15:26:55.009+0000] {override.py:1769} INFO - Created Permission View: can edit on DAG:example_xcom_args
[2024-04-21T15:26:55.012+0000] {logging_mixin.py:188} INFO - [2024-04-21T15:26:55.011+0000] {dag.py:3047} INFO - Sync 2 DAGs
[2024-04-21T15:26:55.041+0000] {logging_mixin.py:188} INFO - [2024-04-21T15:26:55.041+0000] {dag.py:3069} INFO - Creating ORM DAG for example_xcom_args_with_operators
[2024-04-21T15:26:55.043+0000] {logging_mixin.py:188} INFO - [2024-04-21T15:26:55.043+0000] {dag.py:3069} INFO - Creating ORM DAG for example_xcom_args
[2024-04-21T15:26:55.044+0000] {logging_mixin.py:188} INFO - [2024-04-21T15:26:55.044+0000] {dag.py:3834} INFO - Setting next_dagrun for example_xcom_args to None, run_after=None
[2024-04-21T15:26:55.046+0000] {logging_mixin.py:188} INFO - [2024-04-21T15:26:55.046+0000] {dag.py:3834} INFO - Setting next_dagrun for example_xcom_args_with_operators to None, run_after=None
[2024-04-21T15:26:55.095+0000] {processor.py:183} INFO - Processing /home/airflow/.local/lib/python3.8/site-packages/airflow/example_dags/example_xcomargs.py took 0.452 seconds
[2024-04-21T15:27:25.398+0000] {processor.py:161} INFO - Started process (PID=111) to work on /home/airflow/.local/lib/python3.8/site-packages/airflow/example_dags/example_xcomargs.py
[2024-04-21T15:27:25.400+0000] {processor.py:830} INFO - Processing file /home/airflow/.local/lib/python3.8/site-packages/airflow/example_dags/example_xcomargs.py for tasks to queue
[2024-04-21T15:27:25.402+0000] {logging_mixin.py:188} INFO - [2024-04-21T15:27:25.402+0000] {dagbag.py:540} INFO - Filling up the DagBag from /home/airflow/.local/lib/python3.8/site-packages/airflow/example_dags/example_xcomargs.py
[2024-04-21T15:27:25.413+0000] {processor.py:840} INFO - DAG(s) 'example_xcom_args', 'example_xcom_args_with_operators' retrieved from /home/airflow/.local/lib/python3.8/site-packages/airflow/example_dags/example_xcomargs.py
[2024-04-21T15:27:25.452+0000] {logging_mixin.py:188} INFO - [2024-04-21T15:27:25.452+0000] {dag.py:3047} INFO - Sync 2 DAGs
[2024-04-21T15:27:25.470+0000] {logging_mixin.py:188} INFO - [2024-04-21T15:27:25.470+0000] {dag.py:3834} INFO - Setting next_dagrun for example_xcom_args to None, run_after=None
[2024-04-21T15:27:25.478+0000] {logging_mixin.py:188} INFO - [2024-04-21T15:27:25.478+0000] {dag.py:3834} INFO - Setting next_dagrun for example_xcom_args_with_operators to None, run_after=None
[2024-04-21T15:27:25.511+0000] {processor.py:183} INFO - Processing /home/airflow/.local/lib/python3.8/site-packages/airflow/example_dags/example_xcomargs.py took 0.115 seconds
[2024-04-21T15:27:55.833+0000] {processor.py:161} INFO - Started process (PID=166) to work on /home/airflow/.local/lib/python3.8/site-packages/airflow/example_dags/example_xcomargs.py
[2024-04-21T15:27:55.835+0000] {processor.py:830} INFO - Processing file /home/airflow/.local/lib/python3.8/site-packages/airflow/example_dags/example_xcomargs.py for tasks to queue
[2024-04-21T15:27:55.837+0000] {logging_mixin.py:188} INFO - [2024-04-21T15:27:55.837+0000] {dagbag.py:540} INFO - Filling up the DagBag from /home/airflow/.local/lib/python3.8/site-packages/airflow/example_dags/example_xcomargs.py
[2024-04-21T15:27:55.848+0000] {processor.py:840} INFO - DAG(s) 'example_xcom_args_with_operators', 'example_xcom_args' retrieved from /home/airflow/.local/lib/python3.8/site-packages/airflow/example_dags/example_xcomargs.py
[2024-04-21T15:27:55.876+0000] {logging_mixin.py:188} INFO - [2024-04-21T15:27:55.875+0000] {dag.py:3047} INFO - Sync 2 DAGs
[2024-04-21T15:27:55.889+0000] {logging_mixin.py:188} INFO - [2024-04-21T15:27:55.889+0000] {dag.py:3834} INFO - Setting next_dagrun for example_xcom_args to None, run_after=None
[2024-04-21T15:27:55.895+0000] {logging_mixin.py:188} INFO - [2024-04-21T15:27:55.894+0000] {dag.py:3834} INFO - Setting next_dagrun for example_xcom_args_with_operators to None, run_after=None
[2024-04-21T15:27:55.919+0000] {processor.py:183} INFO - Processing /home/airflow/.local/lib/python3.8/site-packages/airflow/example_dags/example_xcomargs.py took 0.088 seconds
[2024-04-21T15:28:26.875+0000] {processor.py:161} INFO - Started process (PID=221) to work on /home/airflow/.local/lib/python3.8/site-packages/airflow/example_dags/example_xcomargs.py
[2024-04-21T15:28:26.876+0000] {processor.py:830} INFO - Processing file /home/airflow/.local/lib/python3.8/site-packages/airflow/example_dags/example_xcomargs.py for tasks to queue
[2024-04-21T15:28:26.879+0000] {logging_mixin.py:188} INFO - [2024-04-21T15:28:26.879+0000] {dagbag.py:540} INFO - Filling up the DagBag from /home/airflow/.local/lib/python3.8/site-packages/airflow/example_dags/example_xcomargs.py
[2024-04-21T15:28:26.891+0000] {processor.py:840} INFO - DAG(s) 'example_xcom_args_with_operators', 'example_xcom_args' retrieved from /home/airflow/.local/lib/python3.8/site-packages/airflow/example_dags/example_xcomargs.py
[2024-04-21T15:28:26.916+0000] {logging_mixin.py:188} INFO - [2024-04-21T15:28:26.916+0000] {dag.py:3047} INFO - Sync 2 DAGs
[2024-04-21T15:28:26.929+0000] {logging_mixin.py:188} INFO - [2024-04-21T15:28:26.929+0000] {dag.py:3834} INFO - Setting next_dagrun for example_xcom_args to None, run_after=None
[2024-04-21T15:28:26.934+0000] {logging_mixin.py:188} INFO - [2024-04-21T15:28:26.934+0000] {dag.py:3834} INFO - Setting next_dagrun for example_xcom_args_with_operators to None, run_after=None
[2024-04-21T15:28:26.956+0000] {processor.py:183} INFO - Processing /home/airflow/.local/lib/python3.8/site-packages/airflow/example_dags/example_xcomargs.py took 0.083 seconds
[2024-04-21T15:28:57.386+0000] {processor.py:161} INFO - Started process (PID=276) to work on /home/airflow/.local/lib/python3.8/site-packages/airflow/example_dags/example_xcomargs.py
[2024-04-21T15:28:57.388+0000] {processor.py:830} INFO - Processing file /home/airflow/.local/lib/python3.8/site-packages/airflow/example_dags/example_xcomargs.py for tasks to queue
[2024-04-21T15:28:57.391+0000] {logging_mixin.py:188} INFO - [2024-04-21T15:28:57.391+0000] {dagbag.py:540} INFO - Filling up the DagBag from /home/airflow/.local/lib/python3.8/site-packages/airflow/example_dags/example_xcomargs.py
[2024-04-21T15:28:57.404+0000] {processor.py:840} INFO - DAG(s) 'example_xcom_args', 'example_xcom_args_with_operators' retrieved from /home/airflow/.local/lib/python3.8/site-packages/airflow/example_dags/example_xcomargs.py
[2024-04-21T15:28:57.441+0000] {logging_mixin.py:188} INFO - [2024-04-21T15:28:57.441+0000] {dag.py:3047} INFO - Sync 2 DAGs
[2024-04-21T15:28:57.464+0000] {logging_mixin.py:188} INFO - [2024-04-21T15:28:57.463+0000] {dag.py:3834} INFO - Setting next_dagrun for example_xcom_args to None, run_after=None
[2024-04-21T15:28:57.471+0000] {logging_mixin.py:188} INFO - [2024-04-21T15:28:57.470+0000] {dag.py:3834} INFO - Setting next_dagrun for example_xcom_args_with_operators to None, run_after=None
[2024-04-21T15:28:57.495+0000] {processor.py:183} INFO - Processing /home/airflow/.local/lib/python3.8/site-packages/airflow/example_dags/example_xcomargs.py took 0.114 seconds
[2024-04-21T15:29:28.098+0000] {processor.py:161} INFO - Started process (PID=331) to work on /home/airflow/.local/lib/python3.8/site-packages/airflow/example_dags/example_xcomargs.py
[2024-04-21T15:29:28.103+0000] {processor.py:830} INFO - Processing file /home/airflow/.local/lib/python3.8/site-packages/airflow/example_dags/example_xcomargs.py for tasks to queue
[2024-04-21T15:29:28.110+0000] {logging_mixin.py:188} INFO - [2024-04-21T15:29:28.108+0000] {dagbag.py:540} INFO - Filling up the DagBag from /home/airflow/.local/lib/python3.8/site-packages/airflow/example_dags/example_xcomargs.py
[2024-04-21T15:29:28.146+0000] {processor.py:840} INFO - DAG(s) 'example_xcom_args', 'example_xcom_args_with_operators' retrieved from /home/airflow/.local/lib/python3.8/site-packages/airflow/example_dags/example_xcomargs.py
[2024-04-21T15:29:28.210+0000] {logging_mixin.py:188} INFO - [2024-04-21T15:29:28.210+0000] {dag.py:3047} INFO - Sync 2 DAGs
[2024-04-21T15:29:28.221+0000] {logging_mixin.py:188} INFO - [2024-04-21T15:29:28.220+0000] {dag.py:3834} INFO - Setting next_dagrun for example_xcom_args to None, run_after=None
[2024-04-21T15:29:28.224+0000] {logging_mixin.py:188} INFO - [2024-04-21T15:29:28.223+0000] {dag.py:3834} INFO - Setting next_dagrun for example_xcom_args_with_operators to None, run_after=None
[2024-04-21T15:29:28.240+0000] {processor.py:183} INFO - Processing /home/airflow/.local/lib/python3.8/site-packages/airflow/example_dags/example_xcomargs.py took 0.155 seconds
[2024-04-21T15:29:59.117+0000] {processor.py:161} INFO - Started process (PID=386) to work on /home/airflow/.local/lib/python3.8/site-packages/airflow/example_dags/example_xcomargs.py
[2024-04-21T15:29:59.119+0000] {processor.py:830} INFO - Processing file /home/airflow/.local/lib/python3.8/site-packages/airflow/example_dags/example_xcomargs.py for tasks to queue
[2024-04-21T15:29:59.121+0000] {logging_mixin.py:188} INFO - [2024-04-21T15:29:59.120+0000] {dagbag.py:540} INFO - Filling up the DagBag from /home/airflow/.local/lib/python3.8/site-packages/airflow/example_dags/example_xcomargs.py
[2024-04-21T15:29:59.129+0000] {processor.py:840} INFO - DAG(s) 'example_xcom_args_with_operators', 'example_xcom_args' retrieved from /home/airflow/.local/lib/python3.8/site-packages/airflow/example_dags/example_xcomargs.py
[2024-04-21T15:29:59.152+0000] {logging_mixin.py:188} INFO - [2024-04-21T15:29:59.152+0000] {dag.py:3047} INFO - Sync 2 DAGs
[2024-04-21T15:29:59.163+0000] {logging_mixin.py:188} INFO - [2024-04-21T15:29:59.162+0000] {dag.py:3834} INFO - Setting next_dagrun for example_xcom_args to None, run_after=None
[2024-04-21T15:29:59.167+0000] {logging_mixin.py:188} INFO - [2024-04-21T15:29:59.167+0000] {dag.py:3834} INFO - Setting next_dagrun for example_xcom_args_with_operators to None, run_after=None
[2024-04-21T15:29:59.186+0000] {processor.py:183} INFO - Processing /home/airflow/.local/lib/python3.8/site-packages/airflow/example_dags/example_xcomargs.py took 0.071 seconds
[2024-04-21T15:30:29.641+0000] {processor.py:161} INFO - Started process (PID=447) to work on /home/airflow/.local/lib/python3.8/site-packages/airflow/example_dags/example_xcomargs.py
[2024-04-21T15:30:29.642+0000] {processor.py:830} INFO - Processing file /home/airflow/.local/lib/python3.8/site-packages/airflow/example_dags/example_xcomargs.py for tasks to queue
[2024-04-21T15:30:29.644+0000] {logging_mixin.py:188} INFO - [2024-04-21T15:30:29.644+0000] {dagbag.py:540} INFO - Filling up the DagBag from /home/airflow/.local/lib/python3.8/site-packages/airflow/example_dags/example_xcomargs.py
[2024-04-21T15:30:29.653+0000] {processor.py:840} INFO - DAG(s) 'example_xcom_args_with_operators', 'example_xcom_args' retrieved from /home/airflow/.local/lib/python3.8/site-packages/airflow/example_dags/example_xcomargs.py
[2024-04-21T15:30:29.684+0000] {logging_mixin.py:188} INFO - [2024-04-21T15:30:29.683+0000] {dag.py:3047} INFO - Sync 2 DAGs
[2024-04-21T15:30:29.697+0000] {logging_mixin.py:188} INFO - [2024-04-21T15:30:29.696+0000] {dag.py:3834} INFO - Setting next_dagrun for example_xcom_args to None, run_after=None
[2024-04-21T15:30:29.701+0000] {logging_mixin.py:188} INFO - [2024-04-21T15:30:29.701+0000] {dag.py:3834} INFO - Setting next_dagrun for example_xcom_args_with_operators to None, run_after=None
[2024-04-21T15:30:29.726+0000] {processor.py:183} INFO - Processing /home/airflow/.local/lib/python3.8/site-packages/airflow/example_dags/example_xcomargs.py took 0.087 seconds
[2024-04-21T15:31:00.031+0000] {processor.py:161} INFO - Started process (PID=502) to work on /home/airflow/.local/lib/python3.8/site-packages/airflow/example_dags/example_xcomargs.py
[2024-04-21T15:31:00.046+0000] {processor.py:830} INFO - Processing file /home/airflow/.local/lib/python3.8/site-packages/airflow/example_dags/example_xcomargs.py for tasks to queue
[2024-04-21T15:31:00.071+0000] {logging_mixin.py:188} INFO - [2024-04-21T15:31:00.070+0000] {dagbag.py:540} INFO - Filling up the DagBag from /home/airflow/.local/lib/python3.8/site-packages/airflow/example_dags/example_xcomargs.py
[2024-04-21T15:31:00.094+0000] {processor.py:840} INFO - DAG(s) 'example_xcom_args', 'example_xcom_args_with_operators' retrieved from /home/airflow/.local/lib/python3.8/site-packages/airflow/example_dags/example_xcomargs.py
[2024-04-21T15:31:00.178+0000] {logging_mixin.py:188} INFO - [2024-04-21T15:31:00.177+0000] {dag.py:3047} INFO - Sync 2 DAGs
[2024-04-21T15:31:00.214+0000] {logging_mixin.py:188} INFO - [2024-04-21T15:31:00.213+0000] {dag.py:3834} INFO - Setting next_dagrun for example_xcom_args to None, run_after=None
[2024-04-21T15:31:00.224+0000] {logging_mixin.py:188} INFO - [2024-04-21T15:31:00.223+0000] {dag.py:3834} INFO - Setting next_dagrun for example_xcom_args_with_operators to None, run_after=None
[2024-04-21T15:31:00.266+0000] {processor.py:183} INFO - Processing /home/airflow/.local/lib/python3.8/site-packages/airflow/example_dags/example_xcomargs.py took 0.239 seconds
[2024-04-21T15:31:30.589+0000] {processor.py:161} INFO - Started process (PID=557) to work on /home/airflow/.local/lib/python3.8/site-packages/airflow/example_dags/example_xcomargs.py
[2024-04-21T15:31:30.590+0000] {processor.py:830} INFO - Processing file /home/airflow/.local/lib/python3.8/site-packages/airflow/example_dags/example_xcomargs.py for tasks to queue
[2024-04-21T15:31:30.594+0000] {logging_mixin.py:188} INFO - [2024-04-21T15:31:30.594+0000] {dagbag.py:540} INFO - Filling up the DagBag from /home/airflow/.local/lib/python3.8/site-packages/airflow/example_dags/example_xcomargs.py
[2024-04-21T15:31:30.606+0000] {processor.py:840} INFO - DAG(s) 'example_xcom_args', 'example_xcom_args_with_operators' retrieved from /home/airflow/.local/lib/python3.8/site-packages/airflow/example_dags/example_xcomargs.py
[2024-04-21T15:31:30.632+0000] {logging_mixin.py:188} INFO - [2024-04-21T15:31:30.632+0000] {dag.py:3047} INFO - Sync 2 DAGs
[2024-04-21T15:31:30.645+0000] {logging_mixin.py:188} INFO - [2024-04-21T15:31:30.645+0000] {dag.py:3834} INFO - Setting next_dagrun for example_xcom_args to None, run_after=None
[2024-04-21T15:31:30.648+0000] {logging_mixin.py:188} INFO - [2024-04-21T15:31:30.648+0000] {dag.py:3834} INFO - Setting next_dagrun for example_xcom_args_with_operators to None, run_after=None
[2024-04-21T15:31:30.673+0000] {processor.py:183} INFO - Processing /home/airflow/.local/lib/python3.8/site-packages/airflow/example_dags/example_xcomargs.py took 0.088 seconds
[2024-04-21T15:32:00.987+0000] {processor.py:161} INFO - Started process (PID=612) to work on /home/airflow/.local/lib/python3.8/site-packages/airflow/example_dags/example_xcomargs.py
[2024-04-21T15:32:00.988+0000] {processor.py:830} INFO - Processing file /home/airflow/.local/lib/python3.8/site-packages/airflow/example_dags/example_xcomargs.py for tasks to queue
[2024-04-21T15:32:00.991+0000] {logging_mixin.py:188} INFO - [2024-04-21T15:32:00.990+0000] {dagbag.py:540} INFO - Filling up the DagBag from /home/airflow/.local/lib/python3.8/site-packages/airflow/example_dags/example_xcomargs.py
[2024-04-21T15:32:01.000+0000] {processor.py:840} INFO - DAG(s) 'example_xcom_args', 'example_xcom_args_with_operators' retrieved from /home/airflow/.local/lib/python3.8/site-packages/airflow/example_dags/example_xcomargs.py
[2024-04-21T15:32:01.021+0000] {logging_mixin.py:188} INFO - [2024-04-21T15:32:01.021+0000] {dag.py:3047} INFO - Sync 2 DAGs
[2024-04-21T15:32:01.031+0000] {logging_mixin.py:188} INFO - [2024-04-21T15:32:01.031+0000] {dag.py:3834} INFO - Setting next_dagrun for example_xcom_args to None, run_after=None
[2024-04-21T15:32:01.035+0000] {logging_mixin.py:188} INFO - [2024-04-21T15:32:01.035+0000] {dag.py:3834} INFO - Setting next_dagrun for example_xcom_args_with_operators to None, run_after=None
[2024-04-21T15:32:01.051+0000] {processor.py:183} INFO - Processing /home/airflow/.local/lib/python3.8/site-packages/airflow/example_dags/example_xcomargs.py took 0.069 seconds
[2024-04-21T15:32:31.754+0000] {processor.py:161} INFO - Started process (PID=667) to work on /home/airflow/.local/lib/python3.8/site-packages/airflow/example_dags/example_xcomargs.py
[2024-04-21T15:32:31.756+0000] {processor.py:830} INFO - Processing file /home/airflow/.local/lib/python3.8/site-packages/airflow/example_dags/example_xcomargs.py for tasks to queue
[2024-04-21T15:32:31.761+0000] {logging_mixin.py:188} INFO - [2024-04-21T15:32:31.760+0000] {dagbag.py:540} INFO - Filling up the DagBag from /home/airflow/.local/lib/python3.8/site-packages/airflow/example_dags/example_xcomargs.py
[2024-04-21T15:32:31.774+0000] {processor.py:840} INFO - DAG(s) 'example_xcom_args', 'example_xcom_args_with_operators' retrieved from /home/airflow/.local/lib/python3.8/site-packages/airflow/example_dags/example_xcomargs.py
[2024-04-21T15:32:31.842+0000] {logging_mixin.py:188} INFO - [2024-04-21T15:32:31.842+0000] {dag.py:3047} INFO - Sync 2 DAGs
[2024-04-21T15:32:31.862+0000] {logging_mixin.py:188} INFO - [2024-04-21T15:32:31.862+0000] {dag.py:3834} INFO - Setting next_dagrun for example_xcom_args to None, run_after=None
[2024-04-21T15:32:31.868+0000] {logging_mixin.py:188} INFO - [2024-04-21T15:32:31.868+0000] {dag.py:3834} INFO - Setting next_dagrun for example_xcom_args_with_operators to None, run_after=None
[2024-04-21T15:32:31.902+0000] {processor.py:183} INFO - Processing /home/airflow/.local/lib/python3.8/site-packages/airflow/example_dags/example_xcomargs.py took 0.152 seconds
[2024-04-21T15:33:02.580+0000] {processor.py:161} INFO - Started process (PID=722) to work on /home/airflow/.local/lib/python3.8/site-packages/airflow/example_dags/example_xcomargs.py
[2024-04-21T15:33:02.587+0000] {processor.py:830} INFO - Processing file /home/airflow/.local/lib/python3.8/site-packages/airflow/example_dags/example_xcomargs.py for tasks to queue
[2024-04-21T15:33:02.591+0000] {logging_mixin.py:188} INFO - [2024-04-21T15:33:02.590+0000] {dagbag.py:540} INFO - Filling up the DagBag from /home/airflow/.local/lib/python3.8/site-packages/airflow/example_dags/example_xcomargs.py
[2024-04-21T15:33:02.603+0000] {processor.py:840} INFO - DAG(s) 'example_xcom_args_with_operators', 'example_xcom_args' retrieved from /home/airflow/.local/lib/python3.8/site-packages/airflow/example_dags/example_xcomargs.py
[2024-04-21T15:33:02.629+0000] {logging_mixin.py:188} INFO - [2024-04-21T15:33:02.629+0000] {dag.py:3047} INFO - Sync 2 DAGs
[2024-04-21T15:33:02.641+0000] {logging_mixin.py:188} INFO - [2024-04-21T15:33:02.640+0000] {dag.py:3834} INFO - Setting next_dagrun for example_xcom_args to None, run_after=None
[2024-04-21T15:33:02.644+0000] {logging_mixin.py:188} INFO - [2024-04-21T15:33:02.643+0000] {dag.py:3834} INFO - Setting next_dagrun for example_xcom_args_with_operators to None, run_after=None
[2024-04-21T15:33:02.658+0000] {processor.py:183} INFO - Processing /home/airflow/.local/lib/python3.8/site-packages/airflow/example_dags/example_xcomargs.py took 0.084 seconds
[2024-04-21T15:33:33.054+0000] {processor.py:161} INFO - Started process (PID=777) to work on /home/airflow/.local/lib/python3.8/site-packages/airflow/example_dags/example_xcomargs.py
[2024-04-21T15:33:33.056+0000] {processor.py:830} INFO - Processing file /home/airflow/.local/lib/python3.8/site-packages/airflow/example_dags/example_xcomargs.py for tasks to queue
[2024-04-21T15:33:33.059+0000] {logging_mixin.py:188} INFO - [2024-04-21T15:33:33.058+0000] {dagbag.py:540} INFO - Filling up the DagBag from /home/airflow/.local/lib/python3.8/site-packages/airflow/example_dags/example_xcomargs.py
[2024-04-21T15:33:33.067+0000] {processor.py:840} INFO - DAG(s) 'example_xcom_args_with_operators', 'example_xcom_args' retrieved from /home/airflow/.local/lib/python3.8/site-packages/airflow/example_dags/example_xcomargs.py
[2024-04-21T15:33:33.090+0000] {logging_mixin.py:188} INFO - [2024-04-21T15:33:33.090+0000] {dag.py:3047} INFO - Sync 2 DAGs
[2024-04-21T15:33:33.102+0000] {logging_mixin.py:188} INFO - [2024-04-21T15:33:33.102+0000] {dag.py:3834} INFO - Setting next_dagrun for example_xcom_args to None, run_after=None
[2024-04-21T15:33:33.106+0000] {logging_mixin.py:188} INFO - [2024-04-21T15:33:33.106+0000] {dag.py:3834} INFO - Setting next_dagrun for example_xcom_args_with_operators to None, run_after=None
[2024-04-21T15:33:33.122+0000] {processor.py:183} INFO - Processing /home/airflow/.local/lib/python3.8/site-packages/airflow/example_dags/example_xcomargs.py took 0.070 seconds
[2024-04-21T15:34:03.369+0000] {processor.py:161} INFO - Started process (PID=833) to work on /home/airflow/.local/lib/python3.8/site-packages/airflow/example_dags/example_xcomargs.py
[2024-04-21T15:34:03.371+0000] {processor.py:830} INFO - Processing file /home/airflow/.local/lib/python3.8/site-packages/airflow/example_dags/example_xcomargs.py for tasks to queue
[2024-04-21T15:34:03.373+0000] {logging_mixin.py:188} INFO - [2024-04-21T15:34:03.372+0000] {dagbag.py:540} INFO - Filling up the DagBag from /home/airflow/.local/lib/python3.8/site-packages/airflow/example_dags/example_xcomargs.py
[2024-04-21T15:34:03.383+0000] {processor.py:840} INFO - DAG(s) 'example_xcom_args', 'example_xcom_args_with_operators' retrieved from /home/airflow/.local/lib/python3.8/site-packages/airflow/example_dags/example_xcomargs.py
[2024-04-21T15:34:03.410+0000] {logging_mixin.py:188} INFO - [2024-04-21T15:34:03.409+0000] {dag.py:3047} INFO - Sync 2 DAGs
[2024-04-21T15:34:03.422+0000] {logging_mixin.py:188} INFO - [2024-04-21T15:34:03.422+0000] {dag.py:3834} INFO - Setting next_dagrun for example_xcom_args to None, run_after=None
[2024-04-21T15:34:03.427+0000] {logging_mixin.py:188} INFO - [2024-04-21T15:34:03.426+0000] {dag.py:3834} INFO - Setting next_dagrun for example_xcom_args_with_operators to None, run_after=None
[2024-04-21T15:34:03.446+0000] {processor.py:183} INFO - Processing /home/airflow/.local/lib/python3.8/site-packages/airflow/example_dags/example_xcomargs.py took 0.081 seconds
[2024-04-21T15:34:33.810+0000] {processor.py:161} INFO - Started process (PID=887) to work on /home/airflow/.local/lib/python3.8/site-packages/airflow/example_dags/example_xcomargs.py
[2024-04-21T15:34:33.813+0000] {processor.py:830} INFO - Processing file /home/airflow/.local/lib/python3.8/site-packages/airflow/example_dags/example_xcomargs.py for tasks to queue
[2024-04-21T15:34:33.816+0000] {logging_mixin.py:188} INFO - [2024-04-21T15:34:33.815+0000] {dagbag.py:540} INFO - Filling up the DagBag from /home/airflow/.local/lib/python3.8/site-packages/airflow/example_dags/example_xcomargs.py
[2024-04-21T15:34:33.823+0000] {processor.py:840} INFO - DAG(s) 'example_xcom_args', 'example_xcom_args_with_operators' retrieved from /home/airflow/.local/lib/python3.8/site-packages/airflow/example_dags/example_xcomargs.py
[2024-04-21T15:34:33.847+0000] {logging_mixin.py:188} INFO - [2024-04-21T15:34:33.847+0000] {dag.py:3047} INFO - Sync 2 DAGs
[2024-04-21T15:34:33.859+0000] {logging_mixin.py:188} INFO - [2024-04-21T15:34:33.859+0000] {dag.py:3834} INFO - Setting next_dagrun for example_xcom_args to None, run_after=None
[2024-04-21T15:34:33.864+0000] {logging_mixin.py:188} INFO - [2024-04-21T15:34:33.864+0000] {dag.py:3834} INFO - Setting next_dagrun for example_xcom_args_with_operators to None, run_after=None
[2024-04-21T15:34:33.884+0000] {processor.py:183} INFO - Processing /home/airflow/.local/lib/python3.8/site-packages/airflow/example_dags/example_xcomargs.py took 0.077 seconds
[2024-04-21T15:35:04.683+0000] {processor.py:161} INFO - Started process (PID=942) to work on /home/airflow/.local/lib/python3.8/site-packages/airflow/example_dags/example_xcomargs.py
[2024-04-21T15:35:04.685+0000] {processor.py:830} INFO - Processing file /home/airflow/.local/lib/python3.8/site-packages/airflow/example_dags/example_xcomargs.py for tasks to queue
[2024-04-21T15:35:04.693+0000] {logging_mixin.py:188} INFO - [2024-04-21T15:35:04.692+0000] {dagbag.py:540} INFO - Filling up the DagBag from /home/airflow/.local/lib/python3.8/site-packages/airflow/example_dags/example_xcomargs.py
[2024-04-21T15:35:04.706+0000] {processor.py:840} INFO - DAG(s) 'example_xcom_args', 'example_xcom_args_with_operators' retrieved from /home/airflow/.local/lib/python3.8/site-packages/airflow/example_dags/example_xcomargs.py
[2024-04-21T15:35:04.741+0000] {logging_mixin.py:188} INFO - [2024-04-21T15:35:04.741+0000] {dag.py:3047} INFO - Sync 2 DAGs
[2024-04-21T15:35:04.755+0000] {logging_mixin.py:188} INFO - [2024-04-21T15:35:04.754+0000] {dag.py:3834} INFO - Setting next_dagrun for example_xcom_args to None, run_after=None
[2024-04-21T15:35:04.759+0000] {logging_mixin.py:188} INFO - [2024-04-21T15:35:04.759+0000] {dag.py:3834} INFO - Setting next_dagrun for example_xcom_args_with_operators to None, run_after=None
[2024-04-21T15:35:04.779+0000] {processor.py:183} INFO - Processing /home/airflow/.local/lib/python3.8/site-packages/airflow/example_dags/example_xcomargs.py took 0.100 seconds
[2024-04-21T15:35:37.956+0000] {processor.py:161} INFO - Started process (PID=997) to work on /home/airflow/.local/lib/python3.8/site-packages/airflow/example_dags/example_xcomargs.py
[2024-04-21T15:35:37.970+0000] {processor.py:830} INFO - Processing file /home/airflow/.local/lib/python3.8/site-packages/airflow/example_dags/example_xcomargs.py for tasks to queue
[2024-04-21T15:35:38.005+0000] {logging_mixin.py:188} INFO - [2024-04-21T15:35:38.003+0000] {dagbag.py:540} INFO - Filling up the DagBag from /home/airflow/.local/lib/python3.8/site-packages/airflow/example_dags/example_xcomargs.py
[2024-04-21T15:35:38.152+0000] {processor.py:840} INFO - DAG(s) 'example_xcom_args', 'example_xcom_args_with_operators' retrieved from /home/airflow/.local/lib/python3.8/site-packages/airflow/example_dags/example_xcomargs.py
[2024-04-21T15:35:38.673+0000] {logging_mixin.py:188} INFO - [2024-04-21T15:35:38.671+0000] {dag.py:3047} INFO - Sync 2 DAGs
[2024-04-21T15:35:39.029+0000] {logging_mixin.py:188} INFO - [2024-04-21T15:35:39.028+0000] {dag.py:3834} INFO - Setting next_dagrun for example_xcom_args to None, run_after=None
[2024-04-21T15:35:39.142+0000] {logging_mixin.py:188} INFO - [2024-04-21T15:35:39.141+0000] {dag.py:3834} INFO - Setting next_dagrun for example_xcom_args_with_operators to None, run_after=None
[2024-04-21T15:35:39.479+0000] {processor.py:183} INFO - Processing /home/airflow/.local/lib/python3.8/site-packages/airflow/example_dags/example_xcomargs.py took 1.560 seconds
