[2024-04-21T15:26:57.047+0000] {processor.py:161} INFO - Started process (PID=68) to work on /home/airflow/.local/lib/python3.8/site-packages/airflow/example_dags/example_task_group.py
[2024-04-21T15:26:57.048+0000] {processor.py:830} INFO - Processing file /home/airflow/.local/lib/python3.8/site-packages/airflow/example_dags/example_task_group.py for tasks to queue
[2024-04-21T15:26:57.053+0000] {logging_mixin.py:188} INFO - [2024-04-21T15:26:57.052+0000] {dagbag.py:540} INFO - Filling up the DagBag from /home/airflow/.local/lib/python3.8/site-packages/airflow/example_dags/example_task_group.py
[2024-04-21T15:26:57.065+0000] {processor.py:840} INFO - DAG(s) 'example_task_group' retrieved from /home/airflow/.local/lib/python3.8/site-packages/airflow/example_dags/example_task_group.py
[2024-04-21T15:26:57.225+0000] {logging_mixin.py:188} INFO - [2024-04-21T15:26:57.224+0000] {override.py:1769} INFO - Created Permission View: can delete on DAG:example_task_group
[2024-04-21T15:26:57.243+0000] {logging_mixin.py:188} INFO - [2024-04-21T15:26:57.243+0000] {override.py:1769} INFO - Created Permission View: can read on DAG:example_task_group
[2024-04-21T15:26:57.255+0000] {logging_mixin.py:188} INFO - [2024-04-21T15:26:57.254+0000] {override.py:1769} INFO - Created Permission View: can edit on DAG:example_task_group
[2024-04-21T15:26:57.256+0000] {logging_mixin.py:188} INFO - [2024-04-21T15:26:57.256+0000] {dag.py:3047} INFO - Sync 1 DAGs
[2024-04-21T15:26:57.272+0000] {logging_mixin.py:188} INFO - [2024-04-21T15:26:57.272+0000] {dag.py:3069} INFO - Creating ORM DAG for example_task_group
[2024-04-21T15:26:57.288+0000] {logging_mixin.py:188} INFO - [2024-04-21T15:26:57.288+0000] {dag.py:3834} INFO - Setting next_dagrun for example_task_group to 2024-04-20 00:00:00+00:00, run_after=2024-04-21 00:00:00+00:00
[2024-04-21T15:26:57.312+0000] {processor.py:183} INFO - Processing /home/airflow/.local/lib/python3.8/site-packages/airflow/example_dags/example_task_group.py took 0.269 seconds
[2024-04-21T15:27:28.221+0000] {processor.py:161} INFO - Started process (PID=123) to work on /home/airflow/.local/lib/python3.8/site-packages/airflow/example_dags/example_task_group.py
[2024-04-21T15:27:28.222+0000] {processor.py:830} INFO - Processing file /home/airflow/.local/lib/python3.8/site-packages/airflow/example_dags/example_task_group.py for tasks to queue
[2024-04-21T15:27:28.225+0000] {logging_mixin.py:188} INFO - [2024-04-21T15:27:28.224+0000] {dagbag.py:540} INFO - Filling up the DagBag from /home/airflow/.local/lib/python3.8/site-packages/airflow/example_dags/example_task_group.py
[2024-04-21T15:27:28.233+0000] {processor.py:840} INFO - DAG(s) 'example_task_group' retrieved from /home/airflow/.local/lib/python3.8/site-packages/airflow/example_dags/example_task_group.py
[2024-04-21T15:27:28.251+0000] {logging_mixin.py:188} INFO - [2024-04-21T15:27:28.250+0000] {dag.py:3047} INFO - Sync 1 DAGs
[2024-04-21T15:27:28.267+0000] {logging_mixin.py:188} INFO - [2024-04-21T15:27:28.267+0000] {dag.py:3834} INFO - Setting next_dagrun for example_task_group to 2024-04-20 00:00:00+00:00, run_after=2024-04-21 00:00:00+00:00
[2024-04-21T15:27:28.282+0000] {processor.py:183} INFO - Processing /home/airflow/.local/lib/python3.8/site-packages/airflow/example_dags/example_task_group.py took 0.066 seconds
[2024-04-21T15:27:58.725+0000] {processor.py:161} INFO - Started process (PID=178) to work on /home/airflow/.local/lib/python3.8/site-packages/airflow/example_dags/example_task_group.py
[2024-04-21T15:27:58.727+0000] {processor.py:830} INFO - Processing file /home/airflow/.local/lib/python3.8/site-packages/airflow/example_dags/example_task_group.py for tasks to queue
[2024-04-21T15:27:58.731+0000] {logging_mixin.py:188} INFO - [2024-04-21T15:27:58.730+0000] {dagbag.py:540} INFO - Filling up the DagBag from /home/airflow/.local/lib/python3.8/site-packages/airflow/example_dags/example_task_group.py
[2024-04-21T15:27:58.747+0000] {processor.py:840} INFO - DAG(s) 'example_task_group' retrieved from /home/airflow/.local/lib/python3.8/site-packages/airflow/example_dags/example_task_group.py
[2024-04-21T15:27:58.827+0000] {logging_mixin.py:188} INFO - [2024-04-21T15:27:58.825+0000] {dag.py:3047} INFO - Sync 1 DAGs
[2024-04-21T15:27:58.865+0000] {logging_mixin.py:188} INFO - [2024-04-21T15:27:58.865+0000] {dag.py:3834} INFO - Setting next_dagrun for example_task_group to 2024-04-20 00:00:00+00:00, run_after=2024-04-21 00:00:00+00:00
[2024-04-21T15:27:58.899+0000] {processor.py:183} INFO - Processing /home/airflow/.local/lib/python3.8/site-packages/airflow/example_dags/example_task_group.py took 0.178 seconds
[2024-04-21T15:28:29.855+0000] {processor.py:161} INFO - Started process (PID=239) to work on /home/airflow/.local/lib/python3.8/site-packages/airflow/example_dags/example_task_group.py
[2024-04-21T15:28:29.858+0000] {processor.py:830} INFO - Processing file /home/airflow/.local/lib/python3.8/site-packages/airflow/example_dags/example_task_group.py for tasks to queue
[2024-04-21T15:28:29.862+0000] {logging_mixin.py:188} INFO - [2024-04-21T15:28:29.861+0000] {dagbag.py:540} INFO - Filling up the DagBag from /home/airflow/.local/lib/python3.8/site-packages/airflow/example_dags/example_task_group.py
[2024-04-21T15:28:29.878+0000] {processor.py:840} INFO - DAG(s) 'example_task_group' retrieved from /home/airflow/.local/lib/python3.8/site-packages/airflow/example_dags/example_task_group.py
[2024-04-21T15:28:29.925+0000] {logging_mixin.py:188} INFO - [2024-04-21T15:28:29.925+0000] {dag.py:3047} INFO - Sync 1 DAGs
[2024-04-21T15:28:29.950+0000] {logging_mixin.py:188} INFO - [2024-04-21T15:28:29.950+0000] {dag.py:3834} INFO - Setting next_dagrun for example_task_group to 2024-04-20 00:00:00+00:00, run_after=2024-04-21 00:00:00+00:00
[2024-04-21T15:28:29.983+0000] {processor.py:183} INFO - Processing /home/airflow/.local/lib/python3.8/site-packages/airflow/example_dags/example_task_group.py took 0.133 seconds
[2024-04-21T15:29:00.175+0000] {processor.py:161} INFO - Started process (PID=294) to work on /home/airflow/.local/lib/python3.8/site-packages/airflow/example_dags/example_task_group.py
[2024-04-21T15:29:00.176+0000] {processor.py:830} INFO - Processing file /home/airflow/.local/lib/python3.8/site-packages/airflow/example_dags/example_task_group.py for tasks to queue
[2024-04-21T15:29:00.179+0000] {logging_mixin.py:188} INFO - [2024-04-21T15:29:00.178+0000] {dagbag.py:540} INFO - Filling up the DagBag from /home/airflow/.local/lib/python3.8/site-packages/airflow/example_dags/example_task_group.py
[2024-04-21T15:29:00.191+0000] {processor.py:840} INFO - DAG(s) 'example_task_group' retrieved from /home/airflow/.local/lib/python3.8/site-packages/airflow/example_dags/example_task_group.py
[2024-04-21T15:29:00.220+0000] {logging_mixin.py:188} INFO - [2024-04-21T15:29:00.220+0000] {dag.py:3047} INFO - Sync 1 DAGs
[2024-04-21T15:29:00.250+0000] {logging_mixin.py:188} INFO - [2024-04-21T15:29:00.249+0000] {dag.py:3834} INFO - Setting next_dagrun for example_task_group to 2024-04-20 00:00:00+00:00, run_after=2024-04-21 00:00:00+00:00
[2024-04-21T15:29:00.278+0000] {processor.py:183} INFO - Processing /home/airflow/.local/lib/python3.8/site-packages/airflow/example_dags/example_task_group.py took 0.118 seconds
[2024-04-21T15:29:31.287+0000] {processor.py:161} INFO - Started process (PID=349) to work on /home/airflow/.local/lib/python3.8/site-packages/airflow/example_dags/example_task_group.py
[2024-04-21T15:29:31.291+0000] {processor.py:830} INFO - Processing file /home/airflow/.local/lib/python3.8/site-packages/airflow/example_dags/example_task_group.py for tasks to queue
[2024-04-21T15:29:31.295+0000] {logging_mixin.py:188} INFO - [2024-04-21T15:29:31.295+0000] {dagbag.py:540} INFO - Filling up the DagBag from /home/airflow/.local/lib/python3.8/site-packages/airflow/example_dags/example_task_group.py
[2024-04-21T15:29:31.308+0000] {processor.py:840} INFO - DAG(s) 'example_task_group' retrieved from /home/airflow/.local/lib/python3.8/site-packages/airflow/example_dags/example_task_group.py
[2024-04-21T15:29:31.334+0000] {logging_mixin.py:188} INFO - [2024-04-21T15:29:31.334+0000] {dag.py:3047} INFO - Sync 1 DAGs
[2024-04-21T15:29:31.354+0000] {logging_mixin.py:188} INFO - [2024-04-21T15:29:31.354+0000] {dag.py:3834} INFO - Setting next_dagrun for example_task_group to 2024-04-20 00:00:00+00:00, run_after=2024-04-21 00:00:00+00:00
[2024-04-21T15:29:31.375+0000] {processor.py:183} INFO - Processing /home/airflow/.local/lib/python3.8/site-packages/airflow/example_dags/example_task_group.py took 0.096 seconds
[2024-04-21T15:30:02.097+0000] {processor.py:161} INFO - Started process (PID=404) to work on /home/airflow/.local/lib/python3.8/site-packages/airflow/example_dags/example_task_group.py
[2024-04-21T15:30:02.098+0000] {processor.py:830} INFO - Processing file /home/airflow/.local/lib/python3.8/site-packages/airflow/example_dags/example_task_group.py for tasks to queue
[2024-04-21T15:30:02.100+0000] {logging_mixin.py:188} INFO - [2024-04-21T15:30:02.100+0000] {dagbag.py:540} INFO - Filling up the DagBag from /home/airflow/.local/lib/python3.8/site-packages/airflow/example_dags/example_task_group.py
[2024-04-21T15:30:02.107+0000] {processor.py:840} INFO - DAG(s) 'example_task_group' retrieved from /home/airflow/.local/lib/python3.8/site-packages/airflow/example_dags/example_task_group.py
[2024-04-21T15:30:02.129+0000] {logging_mixin.py:188} INFO - [2024-04-21T15:30:02.129+0000] {dag.py:3047} INFO - Sync 1 DAGs
[2024-04-21T15:30:02.151+0000] {logging_mixin.py:188} INFO - [2024-04-21T15:30:02.151+0000] {dag.py:3834} INFO - Setting next_dagrun for example_task_group to 2024-04-20 00:00:00+00:00, run_after=2024-04-21 00:00:00+00:00
[2024-04-21T15:30:02.173+0000] {processor.py:183} INFO - Processing /home/airflow/.local/lib/python3.8/site-packages/airflow/example_dags/example_task_group.py took 0.079 seconds
[2024-04-21T15:30:32.628+0000] {processor.py:161} INFO - Started process (PID=459) to work on /home/airflow/.local/lib/python3.8/site-packages/airflow/example_dags/example_task_group.py
[2024-04-21T15:30:32.630+0000] {processor.py:830} INFO - Processing file /home/airflow/.local/lib/python3.8/site-packages/airflow/example_dags/example_task_group.py for tasks to queue
[2024-04-21T15:30:32.632+0000] {logging_mixin.py:188} INFO - [2024-04-21T15:30:32.632+0000] {dagbag.py:540} INFO - Filling up the DagBag from /home/airflow/.local/lib/python3.8/site-packages/airflow/example_dags/example_task_group.py
[2024-04-21T15:30:32.642+0000] {processor.py:840} INFO - DAG(s) 'example_task_group' retrieved from /home/airflow/.local/lib/python3.8/site-packages/airflow/example_dags/example_task_group.py
[2024-04-21T15:30:32.663+0000] {logging_mixin.py:188} INFO - [2024-04-21T15:30:32.663+0000] {dag.py:3047} INFO - Sync 1 DAGs
[2024-04-21T15:30:32.683+0000] {logging_mixin.py:188} INFO - [2024-04-21T15:30:32.682+0000] {dag.py:3834} INFO - Setting next_dagrun for example_task_group to 2024-04-20 00:00:00+00:00, run_after=2024-04-21 00:00:00+00:00
[2024-04-21T15:30:32.703+0000] {processor.py:183} INFO - Processing /home/airflow/.local/lib/python3.8/site-packages/airflow/example_dags/example_task_group.py took 0.079 seconds
[2024-04-21T15:31:02.891+0000] {processor.py:161} INFO - Started process (PID=514) to work on /home/airflow/.local/lib/python3.8/site-packages/airflow/example_dags/example_task_group.py
[2024-04-21T15:31:02.892+0000] {processor.py:830} INFO - Processing file /home/airflow/.local/lib/python3.8/site-packages/airflow/example_dags/example_task_group.py for tasks to queue
[2024-04-21T15:31:02.893+0000] {logging_mixin.py:188} INFO - [2024-04-21T15:31:02.893+0000] {dagbag.py:540} INFO - Filling up the DagBag from /home/airflow/.local/lib/python3.8/site-packages/airflow/example_dags/example_task_group.py
[2024-04-21T15:31:02.899+0000] {processor.py:840} INFO - DAG(s) 'example_task_group' retrieved from /home/airflow/.local/lib/python3.8/site-packages/airflow/example_dags/example_task_group.py
[2024-04-21T15:31:02.917+0000] {logging_mixin.py:188} INFO - [2024-04-21T15:31:02.917+0000] {dag.py:3047} INFO - Sync 1 DAGs
[2024-04-21T15:31:02.938+0000] {logging_mixin.py:188} INFO - [2024-04-21T15:31:02.938+0000] {dag.py:3834} INFO - Setting next_dagrun for example_task_group to 2024-04-20 00:00:00+00:00, run_after=2024-04-21 00:00:00+00:00
[2024-04-21T15:31:02.957+0000] {processor.py:183} INFO - Processing /home/airflow/.local/lib/python3.8/site-packages/airflow/example_dags/example_task_group.py took 0.068 seconds
[2024-04-21T15:31:33.424+0000] {processor.py:161} INFO - Started process (PID=569) to work on /home/airflow/.local/lib/python3.8/site-packages/airflow/example_dags/example_task_group.py
[2024-04-21T15:31:33.426+0000] {processor.py:830} INFO - Processing file /home/airflow/.local/lib/python3.8/site-packages/airflow/example_dags/example_task_group.py for tasks to queue
[2024-04-21T15:31:33.428+0000] {logging_mixin.py:188} INFO - [2024-04-21T15:31:33.427+0000] {dagbag.py:540} INFO - Filling up the DagBag from /home/airflow/.local/lib/python3.8/site-packages/airflow/example_dags/example_task_group.py
[2024-04-21T15:31:33.435+0000] {processor.py:840} INFO - DAG(s) 'example_task_group' retrieved from /home/airflow/.local/lib/python3.8/site-packages/airflow/example_dags/example_task_group.py
[2024-04-21T15:31:33.454+0000] {logging_mixin.py:188} INFO - [2024-04-21T15:31:33.454+0000] {dag.py:3047} INFO - Sync 1 DAGs
[2024-04-21T15:31:33.473+0000] {logging_mixin.py:188} INFO - [2024-04-21T15:31:33.473+0000] {dag.py:3834} INFO - Setting next_dagrun for example_task_group to 2024-04-20 00:00:00+00:00, run_after=2024-04-21 00:00:00+00:00
[2024-04-21T15:31:33.491+0000] {processor.py:183} INFO - Processing /home/airflow/.local/lib/python3.8/site-packages/airflow/example_dags/example_task_group.py took 0.070 seconds
[2024-04-21T15:32:03.824+0000] {processor.py:161} INFO - Started process (PID=624) to work on /home/airflow/.local/lib/python3.8/site-packages/airflow/example_dags/example_task_group.py
[2024-04-21T15:32:03.826+0000] {processor.py:830} INFO - Processing file /home/airflow/.local/lib/python3.8/site-packages/airflow/example_dags/example_task_group.py for tasks to queue
[2024-04-21T15:32:03.828+0000] {logging_mixin.py:188} INFO - [2024-04-21T15:32:03.828+0000] {dagbag.py:540} INFO - Filling up the DagBag from /home/airflow/.local/lib/python3.8/site-packages/airflow/example_dags/example_task_group.py
[2024-04-21T15:32:03.836+0000] {processor.py:840} INFO - DAG(s) 'example_task_group' retrieved from /home/airflow/.local/lib/python3.8/site-packages/airflow/example_dags/example_task_group.py
[2024-04-21T15:32:03.858+0000] {logging_mixin.py:188} INFO - [2024-04-21T15:32:03.858+0000] {dag.py:3047} INFO - Sync 1 DAGs
[2024-04-21T15:32:03.876+0000] {logging_mixin.py:188} INFO - [2024-04-21T15:32:03.876+0000] {dag.py:3834} INFO - Setting next_dagrun for example_task_group to 2024-04-20 00:00:00+00:00, run_after=2024-04-21 00:00:00+00:00
[2024-04-21T15:32:03.907+0000] {processor.py:183} INFO - Processing /home/airflow/.local/lib/python3.8/site-packages/airflow/example_dags/example_task_group.py took 0.087 seconds
[2024-04-21T15:32:34.514+0000] {processor.py:161} INFO - Started process (PID=679) to work on /home/airflow/.local/lib/python3.8/site-packages/airflow/example_dags/example_task_group.py
[2024-04-21T15:32:34.515+0000] {processor.py:830} INFO - Processing file /home/airflow/.local/lib/python3.8/site-packages/airflow/example_dags/example_task_group.py for tasks to queue
[2024-04-21T15:32:34.517+0000] {logging_mixin.py:188} INFO - [2024-04-21T15:32:34.517+0000] {dagbag.py:540} INFO - Filling up the DagBag from /home/airflow/.local/lib/python3.8/site-packages/airflow/example_dags/example_task_group.py
[2024-04-21T15:32:34.522+0000] {processor.py:840} INFO - DAG(s) 'example_task_group' retrieved from /home/airflow/.local/lib/python3.8/site-packages/airflow/example_dags/example_task_group.py
[2024-04-21T15:32:34.540+0000] {logging_mixin.py:188} INFO - [2024-04-21T15:32:34.540+0000] {dag.py:3047} INFO - Sync 1 DAGs
[2024-04-21T15:32:34.558+0000] {logging_mixin.py:188} INFO - [2024-04-21T15:32:34.558+0000] {dag.py:3834} INFO - Setting next_dagrun for example_task_group to 2024-04-20 00:00:00+00:00, run_after=2024-04-21 00:00:00+00:00
[2024-04-21T15:32:34.575+0000] {processor.py:183} INFO - Processing /home/airflow/.local/lib/python3.8/site-packages/airflow/example_dags/example_task_group.py took 0.063 seconds
[2024-04-21T15:33:06.470+0000] {processor.py:161} INFO - Started process (PID=734) to work on /home/airflow/.local/lib/python3.8/site-packages/airflow/example_dags/example_task_group.py
[2024-04-21T15:33:06.472+0000] {processor.py:830} INFO - Processing file /home/airflow/.local/lib/python3.8/site-packages/airflow/example_dags/example_task_group.py for tasks to queue
[2024-04-21T15:33:06.473+0000] {logging_mixin.py:188} INFO - [2024-04-21T15:33:06.473+0000] {dagbag.py:540} INFO - Filling up the DagBag from /home/airflow/.local/lib/python3.8/site-packages/airflow/example_dags/example_task_group.py
[2024-04-21T15:33:06.481+0000] {processor.py:840} INFO - DAG(s) 'example_task_group' retrieved from /home/airflow/.local/lib/python3.8/site-packages/airflow/example_dags/example_task_group.py
[2024-04-21T15:33:06.501+0000] {logging_mixin.py:188} INFO - [2024-04-21T15:33:06.501+0000] {dag.py:3047} INFO - Sync 1 DAGs
[2024-04-21T15:33:06.520+0000] {logging_mixin.py:188} INFO - [2024-04-21T15:33:06.520+0000] {dag.py:3834} INFO - Setting next_dagrun for example_task_group to 2024-04-20 00:00:00+00:00, run_after=2024-04-21 00:00:00+00:00
[2024-04-21T15:33:06.541+0000] {processor.py:183} INFO - Processing /home/airflow/.local/lib/python3.8/site-packages/airflow/example_dags/example_task_group.py took 0.072 seconds
[2024-04-21T15:33:36.991+0000] {processor.py:161} INFO - Started process (PID=789) to work on /home/airflow/.local/lib/python3.8/site-packages/airflow/example_dags/example_task_group.py
[2024-04-21T15:33:37.050+0000] {processor.py:830} INFO - Processing file /home/airflow/.local/lib/python3.8/site-packages/airflow/example_dags/example_task_group.py for tasks to queue
[2024-04-21T15:33:37.109+0000] {logging_mixin.py:188} INFO - [2024-04-21T15:33:37.109+0000] {dagbag.py:540} INFO - Filling up the DagBag from /home/airflow/.local/lib/python3.8/site-packages/airflow/example_dags/example_task_group.py
[2024-04-21T15:33:37.132+0000] {processor.py:840} INFO - DAG(s) 'example_task_group' retrieved from /home/airflow/.local/lib/python3.8/site-packages/airflow/example_dags/example_task_group.py
[2024-04-21T15:33:37.157+0000] {logging_mixin.py:188} INFO - [2024-04-21T15:33:37.157+0000] {dag.py:3047} INFO - Sync 1 DAGs
[2024-04-21T15:33:37.177+0000] {logging_mixin.py:188} INFO - [2024-04-21T15:33:37.177+0000] {dag.py:3834} INFO - Setting next_dagrun for example_task_group to 2024-04-20 00:00:00+00:00, run_after=2024-04-21 00:00:00+00:00
[2024-04-21T15:33:37.198+0000] {processor.py:183} INFO - Processing /home/airflow/.local/lib/python3.8/site-packages/airflow/example_dags/example_task_group.py took 0.210 seconds
[2024-04-21T15:34:07.740+0000] {processor.py:161} INFO - Started process (PID=845) to work on /home/airflow/.local/lib/python3.8/site-packages/airflow/example_dags/example_task_group.py
[2024-04-21T15:34:07.741+0000] {processor.py:830} INFO - Processing file /home/airflow/.local/lib/python3.8/site-packages/airflow/example_dags/example_task_group.py for tasks to queue
[2024-04-21T15:34:07.743+0000] {logging_mixin.py:188} INFO - [2024-04-21T15:34:07.742+0000] {dagbag.py:540} INFO - Filling up the DagBag from /home/airflow/.local/lib/python3.8/site-packages/airflow/example_dags/example_task_group.py
[2024-04-21T15:34:07.749+0000] {processor.py:840} INFO - DAG(s) 'example_task_group' retrieved from /home/airflow/.local/lib/python3.8/site-packages/airflow/example_dags/example_task_group.py
[2024-04-21T15:34:07.767+0000] {logging_mixin.py:188} INFO - [2024-04-21T15:34:07.767+0000] {dag.py:3047} INFO - Sync 1 DAGs
[2024-04-21T15:34:07.785+0000] {logging_mixin.py:188} INFO - [2024-04-21T15:34:07.784+0000] {dag.py:3834} INFO - Setting next_dagrun for example_task_group to 2024-04-20 00:00:00+00:00, run_after=2024-04-21 00:00:00+00:00
[2024-04-21T15:34:07.801+0000] {processor.py:183} INFO - Processing /home/airflow/.local/lib/python3.8/site-packages/airflow/example_dags/example_task_group.py took 0.064 seconds
[2024-04-21T15:34:38.054+0000] {processor.py:161} INFO - Started process (PID=899) to work on /home/airflow/.local/lib/python3.8/site-packages/airflow/example_dags/example_task_group.py
[2024-04-21T15:34:38.057+0000] {processor.py:830} INFO - Processing file /home/airflow/.local/lib/python3.8/site-packages/airflow/example_dags/example_task_group.py for tasks to queue
[2024-04-21T15:34:38.061+0000] {logging_mixin.py:188} INFO - [2024-04-21T15:34:38.061+0000] {dagbag.py:540} INFO - Filling up the DagBag from /home/airflow/.local/lib/python3.8/site-packages/airflow/example_dags/example_task_group.py
[2024-04-21T15:34:38.075+0000] {processor.py:840} INFO - DAG(s) 'example_task_group' retrieved from /home/airflow/.local/lib/python3.8/site-packages/airflow/example_dags/example_task_group.py
[2024-04-21T15:34:38.146+0000] {logging_mixin.py:188} INFO - [2024-04-21T15:34:38.146+0000] {dag.py:3047} INFO - Sync 1 DAGs
[2024-04-21T15:34:38.189+0000] {logging_mixin.py:188} INFO - [2024-04-21T15:34:38.188+0000] {dag.py:3834} INFO - Setting next_dagrun for example_task_group to 2024-04-20 00:00:00+00:00, run_after=2024-04-21 00:00:00+00:00
[2024-04-21T15:34:38.226+0000] {processor.py:183} INFO - Processing /home/airflow/.local/lib/python3.8/site-packages/airflow/example_dags/example_task_group.py took 0.178 seconds
[2024-04-21T15:35:08.637+0000] {processor.py:161} INFO - Started process (PID=954) to work on /home/airflow/.local/lib/python3.8/site-packages/airflow/example_dags/example_task_group.py
[2024-04-21T15:35:08.639+0000] {processor.py:830} INFO - Processing file /home/airflow/.local/lib/python3.8/site-packages/airflow/example_dags/example_task_group.py for tasks to queue
[2024-04-21T15:35:08.641+0000] {logging_mixin.py:188} INFO - [2024-04-21T15:35:08.641+0000] {dagbag.py:540} INFO - Filling up the DagBag from /home/airflow/.local/lib/python3.8/site-packages/airflow/example_dags/example_task_group.py
[2024-04-21T15:35:08.649+0000] {processor.py:840} INFO - DAG(s) 'example_task_group' retrieved from /home/airflow/.local/lib/python3.8/site-packages/airflow/example_dags/example_task_group.py
[2024-04-21T15:35:08.674+0000] {logging_mixin.py:188} INFO - [2024-04-21T15:35:08.674+0000] {dag.py:3047} INFO - Sync 1 DAGs
[2024-04-21T15:35:08.692+0000] {logging_mixin.py:188} INFO - [2024-04-21T15:35:08.692+0000] {dag.py:3834} INFO - Setting next_dagrun for example_task_group to 2024-04-20 00:00:00+00:00, run_after=2024-04-21 00:00:00+00:00
[2024-04-21T15:35:08.712+0000] {processor.py:183} INFO - Processing /home/airflow/.local/lib/python3.8/site-packages/airflow/example_dags/example_task_group.py took 0.077 seconds
[2024-04-21T15:35:47.580+0000] {processor.py:161} INFO - Started process (PID=1009) to work on /home/airflow/.local/lib/python3.8/site-packages/airflow/example_dags/example_task_group.py
[2024-04-21T15:35:47.589+0000] {processor.py:830} INFO - Processing file /home/airflow/.local/lib/python3.8/site-packages/airflow/example_dags/example_task_group.py for tasks to queue
[2024-04-21T15:35:47.617+0000] {logging_mixin.py:188} INFO - [2024-04-21T15:35:47.616+0000] {dagbag.py:540} INFO - Filling up the DagBag from /home/airflow/.local/lib/python3.8/site-packages/airflow/example_dags/example_task_group.py
[2024-04-21T15:35:47.694+0000] {processor.py:840} INFO - DAG(s) 'example_task_group' retrieved from /home/airflow/.local/lib/python3.8/site-packages/airflow/example_dags/example_task_group.py
[2024-04-21T15:35:48.041+0000] {logging_mixin.py:188} INFO - [2024-04-21T15:35:48.039+0000] {dag.py:3047} INFO - Sync 1 DAGs
[2024-04-21T15:35:48.574+0000] {logging_mixin.py:188} INFO - [2024-04-21T15:35:48.561+0000] {dag.py:3834} INFO - Setting next_dagrun for example_task_group to 2024-04-20 00:00:00+00:00, run_after=2024-04-21 00:00:00+00:00
[2024-04-21T15:35:48.936+0000] {processor.py:183} INFO - Processing /home/airflow/.local/lib/python3.8/site-packages/airflow/example_dags/example_task_group.py took 1.394 seconds
