[2024-04-21T15:26:59.166+0000] {processor.py:161} INFO - Started process (PID=85) to work on /home/airflow/.local/lib/python3.8/site-packages/airflow/example_dags/example_dag_decorator.py
[2024-04-21T15:26:59.168+0000] {processor.py:830} INFO - Processing file /home/airflow/.local/lib/python3.8/site-packages/airflow/example_dags/example_dag_decorator.py for tasks to queue
[2024-04-21T15:26:59.172+0000] {logging_mixin.py:188} INFO - [2024-04-21T15:26:59.171+0000] {dagbag.py:540} INFO - Filling up the DagBag from /home/airflow/.local/lib/python3.8/site-packages/airflow/example_dags/example_dag_decorator.py
[2024-04-21T15:26:59.684+0000] {processor.py:840} INFO - DAG(s) 'example_dag_decorator' retrieved from /home/airflow/.local/lib/python3.8/site-packages/airflow/example_dags/example_dag_decorator.py
[2024-04-21T15:26:59.914+0000] {logging_mixin.py:188} INFO - [2024-04-21T15:26:59.912+0000] {override.py:1769} INFO - Created Permission View: can delete on DAG:example_dag_decorator
[2024-04-21T15:26:59.937+0000] {logging_mixin.py:188} INFO - [2024-04-21T15:26:59.936+0000] {override.py:1769} INFO - Created Permission View: can read on DAG:example_dag_decorator
[2024-04-21T15:26:59.952+0000] {logging_mixin.py:188} INFO - [2024-04-21T15:26:59.951+0000] {override.py:1769} INFO - Created Permission View: can edit on DAG:example_dag_decorator
[2024-04-21T15:26:59.953+0000] {logging_mixin.py:188} INFO - [2024-04-21T15:26:59.953+0000] {dag.py:3047} INFO - Sync 1 DAGs
[2024-04-21T15:26:59.975+0000] {logging_mixin.py:188} INFO - [2024-04-21T15:26:59.974+0000] {dag.py:3069} INFO - Creating ORM DAG for example_dag_decorator
[2024-04-21T15:26:59.976+0000] {logging_mixin.py:188} INFO - [2024-04-21T15:26:59.976+0000] {dag.py:3834} INFO - Setting next_dagrun for example_dag_decorator to None, run_after=None
[2024-04-21T15:27:00.008+0000] {processor.py:183} INFO - Processing /home/airflow/.local/lib/python3.8/site-packages/airflow/example_dags/example_dag_decorator.py took 0.848 seconds
[2024-04-21T15:27:30.893+0000] {processor.py:161} INFO - Started process (PID=140) to work on /home/airflow/.local/lib/python3.8/site-packages/airflow/example_dags/example_dag_decorator.py
[2024-04-21T15:27:30.895+0000] {processor.py:830} INFO - Processing file /home/airflow/.local/lib/python3.8/site-packages/airflow/example_dags/example_dag_decorator.py for tasks to queue
[2024-04-21T15:27:30.900+0000] {logging_mixin.py:188} INFO - [2024-04-21T15:27:30.900+0000] {dagbag.py:540} INFO - Filling up the DagBag from /home/airflow/.local/lib/python3.8/site-packages/airflow/example_dags/example_dag_decorator.py
[2024-04-21T15:27:30.995+0000] {processor.py:840} INFO - DAG(s) 'example_dag_decorator' retrieved from /home/airflow/.local/lib/python3.8/site-packages/airflow/example_dags/example_dag_decorator.py
[2024-04-21T15:27:31.082+0000] {logging_mixin.py:188} INFO - [2024-04-21T15:27:31.082+0000] {dag.py:3047} INFO - Sync 1 DAGs
[2024-04-21T15:27:31.091+0000] {logging_mixin.py:188} INFO - [2024-04-21T15:27:31.091+0000] {dag.py:3834} INFO - Setting next_dagrun for example_dag_decorator to None, run_after=None
[2024-04-21T15:27:31.116+0000] {processor.py:183} INFO - Processing /home/airflow/.local/lib/python3.8/site-packages/airflow/example_dags/example_dag_decorator.py took 0.228 seconds
[2024-04-21T15:28:01.899+0000] {processor.py:161} INFO - Started process (PID=195) to work on /home/airflow/.local/lib/python3.8/site-packages/airflow/example_dags/example_dag_decorator.py
[2024-04-21T15:28:01.901+0000] {processor.py:830} INFO - Processing file /home/airflow/.local/lib/python3.8/site-packages/airflow/example_dags/example_dag_decorator.py for tasks to queue
[2024-04-21T15:28:01.903+0000] {logging_mixin.py:188} INFO - [2024-04-21T15:28:01.903+0000] {dagbag.py:540} INFO - Filling up the DagBag from /home/airflow/.local/lib/python3.8/site-packages/airflow/example_dags/example_dag_decorator.py
[2024-04-21T15:28:02.054+0000] {processor.py:840} INFO - DAG(s) 'example_dag_decorator' retrieved from /home/airflow/.local/lib/python3.8/site-packages/airflow/example_dags/example_dag_decorator.py
[2024-04-21T15:28:02.176+0000] {logging_mixin.py:188} INFO - [2024-04-21T15:28:02.175+0000] {dag.py:3047} INFO - Sync 1 DAGs
[2024-04-21T15:28:02.186+0000] {logging_mixin.py:188} INFO - [2024-04-21T15:28:02.186+0000] {dag.py:3834} INFO - Setting next_dagrun for example_dag_decorator to None, run_after=None
[2024-04-21T15:28:02.216+0000] {processor.py:183} INFO - Processing /home/airflow/.local/lib/python3.8/site-packages/airflow/example_dags/example_dag_decorator.py took 0.321 seconds
[2024-04-21T15:28:32.940+0000] {processor.py:161} INFO - Started process (PID=250) to work on /home/airflow/.local/lib/python3.8/site-packages/airflow/example_dags/example_dag_decorator.py
[2024-04-21T15:28:32.942+0000] {processor.py:830} INFO - Processing file /home/airflow/.local/lib/python3.8/site-packages/airflow/example_dags/example_dag_decorator.py for tasks to queue
[2024-04-21T15:28:32.944+0000] {logging_mixin.py:188} INFO - [2024-04-21T15:28:32.943+0000] {dagbag.py:540} INFO - Filling up the DagBag from /home/airflow/.local/lib/python3.8/site-packages/airflow/example_dags/example_dag_decorator.py
[2024-04-21T15:28:33.021+0000] {processor.py:840} INFO - DAG(s) 'example_dag_decorator' retrieved from /home/airflow/.local/lib/python3.8/site-packages/airflow/example_dags/example_dag_decorator.py
[2024-04-21T15:28:33.105+0000] {logging_mixin.py:188} INFO - [2024-04-21T15:28:33.104+0000] {dag.py:3047} INFO - Sync 1 DAGs
[2024-04-21T15:28:33.129+0000] {logging_mixin.py:188} INFO - [2024-04-21T15:28:33.129+0000] {dag.py:3834} INFO - Setting next_dagrun for example_dag_decorator to None, run_after=None
[2024-04-21T15:28:33.161+0000] {processor.py:183} INFO - Processing /home/airflow/.local/lib/python3.8/site-packages/airflow/example_dags/example_dag_decorator.py took 0.225 seconds
[2024-04-21T15:29:03.811+0000] {processor.py:161} INFO - Started process (PID=305) to work on /home/airflow/.local/lib/python3.8/site-packages/airflow/example_dags/example_dag_decorator.py
[2024-04-21T15:29:03.813+0000] {processor.py:830} INFO - Processing file /home/airflow/.local/lib/python3.8/site-packages/airflow/example_dags/example_dag_decorator.py for tasks to queue
[2024-04-21T15:29:03.817+0000] {logging_mixin.py:188} INFO - [2024-04-21T15:29:03.816+0000] {dagbag.py:540} INFO - Filling up the DagBag from /home/airflow/.local/lib/python3.8/site-packages/airflow/example_dags/example_dag_decorator.py
[2024-04-21T15:29:03.922+0000] {processor.py:840} INFO - DAG(s) 'example_dag_decorator' retrieved from /home/airflow/.local/lib/python3.8/site-packages/airflow/example_dags/example_dag_decorator.py
[2024-04-21T15:29:04.005+0000] {logging_mixin.py:188} INFO - [2024-04-21T15:29:04.005+0000] {dag.py:3047} INFO - Sync 1 DAGs
[2024-04-21T15:29:04.013+0000] {logging_mixin.py:188} INFO - [2024-04-21T15:29:04.013+0000] {dag.py:3834} INFO - Setting next_dagrun for example_dag_decorator to None, run_after=None
[2024-04-21T15:29:04.036+0000] {processor.py:183} INFO - Processing /home/airflow/.local/lib/python3.8/site-packages/airflow/example_dags/example_dag_decorator.py took 0.230 seconds
[2024-04-21T15:29:34.364+0000] {processor.py:161} INFO - Started process (PID=360) to work on /home/airflow/.local/lib/python3.8/site-packages/airflow/example_dags/example_dag_decorator.py
[2024-04-21T15:29:34.365+0000] {processor.py:830} INFO - Processing file /home/airflow/.local/lib/python3.8/site-packages/airflow/example_dags/example_dag_decorator.py for tasks to queue
[2024-04-21T15:29:34.367+0000] {logging_mixin.py:188} INFO - [2024-04-21T15:29:34.367+0000] {dagbag.py:540} INFO - Filling up the DagBag from /home/airflow/.local/lib/python3.8/site-packages/airflow/example_dags/example_dag_decorator.py
[2024-04-21T15:29:34.439+0000] {processor.py:840} INFO - DAG(s) 'example_dag_decorator' retrieved from /home/airflow/.local/lib/python3.8/site-packages/airflow/example_dags/example_dag_decorator.py
[2024-04-21T15:29:34.580+0000] {logging_mixin.py:188} INFO - [2024-04-21T15:29:34.579+0000] {dag.py:3047} INFO - Sync 1 DAGs
[2024-04-21T15:29:34.587+0000] {logging_mixin.py:188} INFO - [2024-04-21T15:29:34.587+0000] {dag.py:3834} INFO - Setting next_dagrun for example_dag_decorator to None, run_after=None
[2024-04-21T15:29:34.608+0000] {processor.py:183} INFO - Processing /home/airflow/.local/lib/python3.8/site-packages/airflow/example_dags/example_dag_decorator.py took 0.246 seconds
[2024-04-21T15:30:04.989+0000] {processor.py:161} INFO - Started process (PID=415) to work on /home/airflow/.local/lib/python3.8/site-packages/airflow/example_dags/example_dag_decorator.py
[2024-04-21T15:30:04.991+0000] {processor.py:830} INFO - Processing file /home/airflow/.local/lib/python3.8/site-packages/airflow/example_dags/example_dag_decorator.py for tasks to queue
[2024-04-21T15:30:04.997+0000] {logging_mixin.py:188} INFO - [2024-04-21T15:30:04.996+0000] {dagbag.py:540} INFO - Filling up the DagBag from /home/airflow/.local/lib/python3.8/site-packages/airflow/example_dags/example_dag_decorator.py
[2024-04-21T15:30:05.087+0000] {processor.py:840} INFO - DAG(s) 'example_dag_decorator' retrieved from /home/airflow/.local/lib/python3.8/site-packages/airflow/example_dags/example_dag_decorator.py
[2024-04-21T15:30:05.166+0000] {logging_mixin.py:188} INFO - [2024-04-21T15:30:05.166+0000] {dag.py:3047} INFO - Sync 1 DAGs
[2024-04-21T15:30:05.174+0000] {logging_mixin.py:188} INFO - [2024-04-21T15:30:05.174+0000] {dag.py:3834} INFO - Setting next_dagrun for example_dag_decorator to None, run_after=None
[2024-04-21T15:30:05.193+0000] {processor.py:183} INFO - Processing /home/airflow/.local/lib/python3.8/site-packages/airflow/example_dags/example_dag_decorator.py took 0.208 seconds
[2024-04-21T15:30:35.408+0000] {processor.py:161} INFO - Started process (PID=470) to work on /home/airflow/.local/lib/python3.8/site-packages/airflow/example_dags/example_dag_decorator.py
[2024-04-21T15:30:35.409+0000] {processor.py:830} INFO - Processing file /home/airflow/.local/lib/python3.8/site-packages/airflow/example_dags/example_dag_decorator.py for tasks to queue
[2024-04-21T15:30:35.411+0000] {logging_mixin.py:188} INFO - [2024-04-21T15:30:35.411+0000] {dagbag.py:540} INFO - Filling up the DagBag from /home/airflow/.local/lib/python3.8/site-packages/airflow/example_dags/example_dag_decorator.py
[2024-04-21T15:30:35.487+0000] {processor.py:840} INFO - DAG(s) 'example_dag_decorator' retrieved from /home/airflow/.local/lib/python3.8/site-packages/airflow/example_dags/example_dag_decorator.py
[2024-04-21T15:30:35.560+0000] {logging_mixin.py:188} INFO - [2024-04-21T15:30:35.560+0000] {dag.py:3047} INFO - Sync 1 DAGs
[2024-04-21T15:30:35.569+0000] {logging_mixin.py:188} INFO - [2024-04-21T15:30:35.569+0000] {dag.py:3834} INFO - Setting next_dagrun for example_dag_decorator to None, run_after=None
[2024-04-21T15:30:35.588+0000] {processor.py:183} INFO - Processing /home/airflow/.local/lib/python3.8/site-packages/airflow/example_dags/example_dag_decorator.py took 0.182 seconds
[2024-04-21T15:31:05.690+0000] {processor.py:161} INFO - Started process (PID=526) to work on /home/airflow/.local/lib/python3.8/site-packages/airflow/example_dags/example_dag_decorator.py
[2024-04-21T15:31:05.695+0000] {processor.py:830} INFO - Processing file /home/airflow/.local/lib/python3.8/site-packages/airflow/example_dags/example_dag_decorator.py for tasks to queue
[2024-04-21T15:31:05.703+0000] {logging_mixin.py:188} INFO - [2024-04-21T15:31:05.701+0000] {dagbag.py:540} INFO - Filling up the DagBag from /home/airflow/.local/lib/python3.8/site-packages/airflow/example_dags/example_dag_decorator.py
[2024-04-21T15:31:05.822+0000] {processor.py:840} INFO - DAG(s) 'example_dag_decorator' retrieved from /home/airflow/.local/lib/python3.8/site-packages/airflow/example_dags/example_dag_decorator.py
[2024-04-21T15:31:05.939+0000] {logging_mixin.py:188} INFO - [2024-04-21T15:31:05.939+0000] {dag.py:3047} INFO - Sync 1 DAGs
[2024-04-21T15:31:05.959+0000] {logging_mixin.py:188} INFO - [2024-04-21T15:31:05.958+0000] {dag.py:3834} INFO - Setting next_dagrun for example_dag_decorator to None, run_after=None
[2024-04-21T15:31:05.987+0000] {processor.py:183} INFO - Processing /home/airflow/.local/lib/python3.8/site-packages/airflow/example_dags/example_dag_decorator.py took 0.313 seconds
[2024-04-21T15:31:36.552+0000] {processor.py:161} INFO - Started process (PID=580) to work on /home/airflow/.local/lib/python3.8/site-packages/airflow/example_dags/example_dag_decorator.py
[2024-04-21T15:31:36.553+0000] {processor.py:830} INFO - Processing file /home/airflow/.local/lib/python3.8/site-packages/airflow/example_dags/example_dag_decorator.py for tasks to queue
[2024-04-21T15:31:36.556+0000] {logging_mixin.py:188} INFO - [2024-04-21T15:31:36.556+0000] {dagbag.py:540} INFO - Filling up the DagBag from /home/airflow/.local/lib/python3.8/site-packages/airflow/example_dags/example_dag_decorator.py
[2024-04-21T15:31:36.662+0000] {processor.py:840} INFO - DAG(s) 'example_dag_decorator' retrieved from /home/airflow/.local/lib/python3.8/site-packages/airflow/example_dags/example_dag_decorator.py
[2024-04-21T15:31:36.871+0000] {logging_mixin.py:188} INFO - [2024-04-21T15:31:36.871+0000] {dag.py:3047} INFO - Sync 1 DAGs
[2024-04-21T15:31:36.883+0000] {logging_mixin.py:188} INFO - [2024-04-21T15:31:36.883+0000] {dag.py:3834} INFO - Setting next_dagrun for example_dag_decorator to None, run_after=None
[2024-04-21T15:31:36.905+0000] {processor.py:183} INFO - Processing /home/airflow/.local/lib/python3.8/site-packages/airflow/example_dags/example_dag_decorator.py took 0.356 seconds
[2024-04-21T15:32:07.049+0000] {processor.py:161} INFO - Started process (PID=637) to work on /home/airflow/.local/lib/python3.8/site-packages/airflow/example_dags/example_dag_decorator.py
[2024-04-21T15:32:07.050+0000] {processor.py:830} INFO - Processing file /home/airflow/.local/lib/python3.8/site-packages/airflow/example_dags/example_dag_decorator.py for tasks to queue
[2024-04-21T15:32:07.051+0000] {logging_mixin.py:188} INFO - [2024-04-21T15:32:07.051+0000] {dagbag.py:540} INFO - Filling up the DagBag from /home/airflow/.local/lib/python3.8/site-packages/airflow/example_dags/example_dag_decorator.py
[2024-04-21T15:32:07.119+0000] {processor.py:840} INFO - DAG(s) 'example_dag_decorator' retrieved from /home/airflow/.local/lib/python3.8/site-packages/airflow/example_dags/example_dag_decorator.py
[2024-04-21T15:32:07.195+0000] {logging_mixin.py:188} INFO - [2024-04-21T15:32:07.194+0000] {dag.py:3047} INFO - Sync 1 DAGs
[2024-04-21T15:32:07.202+0000] {logging_mixin.py:188} INFO - [2024-04-21T15:32:07.202+0000] {dag.py:3834} INFO - Setting next_dagrun for example_dag_decorator to None, run_after=None
[2024-04-21T15:32:07.225+0000] {processor.py:183} INFO - Processing /home/airflow/.local/lib/python3.8/site-packages/airflow/example_dags/example_dag_decorator.py took 0.179 seconds
[2024-04-21T15:32:37.583+0000] {processor.py:161} INFO - Started process (PID=690) to work on /home/airflow/.local/lib/python3.8/site-packages/airflow/example_dags/example_dag_decorator.py
[2024-04-21T15:32:37.585+0000] {processor.py:830} INFO - Processing file /home/airflow/.local/lib/python3.8/site-packages/airflow/example_dags/example_dag_decorator.py for tasks to queue
[2024-04-21T15:32:37.589+0000] {logging_mixin.py:188} INFO - [2024-04-21T15:32:37.588+0000] {dagbag.py:540} INFO - Filling up the DagBag from /home/airflow/.local/lib/python3.8/site-packages/airflow/example_dags/example_dag_decorator.py
[2024-04-21T15:32:37.675+0000] {processor.py:840} INFO - DAG(s) 'example_dag_decorator' retrieved from /home/airflow/.local/lib/python3.8/site-packages/airflow/example_dags/example_dag_decorator.py
[2024-04-21T15:32:37.751+0000] {logging_mixin.py:188} INFO - [2024-04-21T15:32:37.750+0000] {dag.py:3047} INFO - Sync 1 DAGs
[2024-04-21T15:32:37.758+0000] {logging_mixin.py:188} INFO - [2024-04-21T15:32:37.758+0000] {dag.py:3834} INFO - Setting next_dagrun for example_dag_decorator to None, run_after=None
[2024-04-21T15:32:37.776+0000] {processor.py:183} INFO - Processing /home/airflow/.local/lib/python3.8/site-packages/airflow/example_dags/example_dag_decorator.py took 0.196 seconds
[2024-04-21T15:33:07.963+0000] {processor.py:161} INFO - Started process (PID=745) to work on /home/airflow/.local/lib/python3.8/site-packages/airflow/example_dags/example_dag_decorator.py
[2024-04-21T15:33:07.965+0000] {processor.py:830} INFO - Processing file /home/airflow/.local/lib/python3.8/site-packages/airflow/example_dags/example_dag_decorator.py for tasks to queue
[2024-04-21T15:33:07.968+0000] {logging_mixin.py:188} INFO - [2024-04-21T15:33:07.967+0000] {dagbag.py:540} INFO - Filling up the DagBag from /home/airflow/.local/lib/python3.8/site-packages/airflow/example_dags/example_dag_decorator.py
[2024-04-21T15:33:08.043+0000] {processor.py:840} INFO - DAG(s) 'example_dag_decorator' retrieved from /home/airflow/.local/lib/python3.8/site-packages/airflow/example_dags/example_dag_decorator.py
[2024-04-21T15:33:08.126+0000] {logging_mixin.py:188} INFO - [2024-04-21T15:33:08.126+0000] {dag.py:3047} INFO - Sync 1 DAGs
[2024-04-21T15:33:08.133+0000] {logging_mixin.py:188} INFO - [2024-04-21T15:33:08.133+0000] {dag.py:3834} INFO - Setting next_dagrun for example_dag_decorator to None, run_after=None
[2024-04-21T15:33:08.152+0000] {processor.py:183} INFO - Processing /home/airflow/.local/lib/python3.8/site-packages/airflow/example_dags/example_dag_decorator.py took 0.193 seconds
[2024-04-21T15:33:38.343+0000] {processor.py:161} INFO - Started process (PID=800) to work on /home/airflow/.local/lib/python3.8/site-packages/airflow/example_dags/example_dag_decorator.py
[2024-04-21T15:33:38.345+0000] {processor.py:830} INFO - Processing file /home/airflow/.local/lib/python3.8/site-packages/airflow/example_dags/example_dag_decorator.py for tasks to queue
[2024-04-21T15:33:38.348+0000] {logging_mixin.py:188} INFO - [2024-04-21T15:33:38.347+0000] {dagbag.py:540} INFO - Filling up the DagBag from /home/airflow/.local/lib/python3.8/site-packages/airflow/example_dags/example_dag_decorator.py
[2024-04-21T15:33:38.461+0000] {processor.py:840} INFO - DAG(s) 'example_dag_decorator' retrieved from /home/airflow/.local/lib/python3.8/site-packages/airflow/example_dags/example_dag_decorator.py
[2024-04-21T15:33:38.547+0000] {logging_mixin.py:188} INFO - [2024-04-21T15:33:38.547+0000] {dag.py:3047} INFO - Sync 1 DAGs
[2024-04-21T15:33:38.555+0000] {logging_mixin.py:188} INFO - [2024-04-21T15:33:38.555+0000] {dag.py:3834} INFO - Setting next_dagrun for example_dag_decorator to None, run_after=None
[2024-04-21T15:33:38.574+0000] {processor.py:183} INFO - Processing /home/airflow/.local/lib/python3.8/site-packages/airflow/example_dags/example_dag_decorator.py took 0.236 seconds
[2024-04-21T15:34:08.700+0000] {processor.py:161} INFO - Started process (PID=857) to work on /home/airflow/.local/lib/python3.8/site-packages/airflow/example_dags/example_dag_decorator.py
[2024-04-21T15:34:08.703+0000] {processor.py:830} INFO - Processing file /home/airflow/.local/lib/python3.8/site-packages/airflow/example_dags/example_dag_decorator.py for tasks to queue
[2024-04-21T15:34:08.706+0000] {logging_mixin.py:188} INFO - [2024-04-21T15:34:08.706+0000] {dagbag.py:540} INFO - Filling up the DagBag from /home/airflow/.local/lib/python3.8/site-packages/airflow/example_dags/example_dag_decorator.py
[2024-04-21T15:34:08.777+0000] {processor.py:840} INFO - DAG(s) 'example_dag_decorator' retrieved from /home/airflow/.local/lib/python3.8/site-packages/airflow/example_dags/example_dag_decorator.py
[2024-04-21T15:34:08.868+0000] {logging_mixin.py:188} INFO - [2024-04-21T15:34:08.868+0000] {dag.py:3047} INFO - Sync 1 DAGs
[2024-04-21T15:34:08.881+0000] {logging_mixin.py:188} INFO - [2024-04-21T15:34:08.880+0000] {dag.py:3834} INFO - Setting next_dagrun for example_dag_decorator to None, run_after=None
[2024-04-21T15:34:08.913+0000] {processor.py:183} INFO - Processing /home/airflow/.local/lib/python3.8/site-packages/airflow/example_dags/example_dag_decorator.py took 0.217 seconds
[2024-04-21T15:34:39.321+0000] {processor.py:161} INFO - Started process (PID=910) to work on /home/airflow/.local/lib/python3.8/site-packages/airflow/example_dags/example_dag_decorator.py
[2024-04-21T15:34:39.323+0000] {processor.py:830} INFO - Processing file /home/airflow/.local/lib/python3.8/site-packages/airflow/example_dags/example_dag_decorator.py for tasks to queue
[2024-04-21T15:34:39.328+0000] {logging_mixin.py:188} INFO - [2024-04-21T15:34:39.327+0000] {dagbag.py:540} INFO - Filling up the DagBag from /home/airflow/.local/lib/python3.8/site-packages/airflow/example_dags/example_dag_decorator.py
[2024-04-21T15:34:39.455+0000] {processor.py:840} INFO - DAG(s) 'example_dag_decorator' retrieved from /home/airflow/.local/lib/python3.8/site-packages/airflow/example_dags/example_dag_decorator.py
[2024-04-21T15:34:39.598+0000] {logging_mixin.py:188} INFO - [2024-04-21T15:34:39.597+0000] {dag.py:3047} INFO - Sync 1 DAGs
[2024-04-21T15:34:39.608+0000] {logging_mixin.py:188} INFO - [2024-04-21T15:34:39.608+0000] {dag.py:3834} INFO - Setting next_dagrun for example_dag_decorator to None, run_after=None
[2024-04-21T15:34:39.639+0000] {processor.py:183} INFO - Processing /home/airflow/.local/lib/python3.8/site-packages/airflow/example_dags/example_dag_decorator.py took 0.325 seconds
[2024-04-21T15:35:10.587+0000] {processor.py:161} INFO - Started process (PID=965) to work on /home/airflow/.local/lib/python3.8/site-packages/airflow/example_dags/example_dag_decorator.py
[2024-04-21T15:35:10.589+0000] {processor.py:830} INFO - Processing file /home/airflow/.local/lib/python3.8/site-packages/airflow/example_dags/example_dag_decorator.py for tasks to queue
[2024-04-21T15:35:10.591+0000] {logging_mixin.py:188} INFO - [2024-04-21T15:35:10.591+0000] {dagbag.py:540} INFO - Filling up the DagBag from /home/airflow/.local/lib/python3.8/site-packages/airflow/example_dags/example_dag_decorator.py
[2024-04-21T15:35:10.708+0000] {processor.py:840} INFO - DAG(s) 'example_dag_decorator' retrieved from /home/airflow/.local/lib/python3.8/site-packages/airflow/example_dags/example_dag_decorator.py
[2024-04-21T15:35:10.864+0000] {logging_mixin.py:188} INFO - [2024-04-21T15:35:10.863+0000] {dag.py:3047} INFO - Sync 1 DAGs
[2024-04-21T15:35:10.880+0000] {logging_mixin.py:188} INFO - [2024-04-21T15:35:10.879+0000] {dag.py:3834} INFO - Setting next_dagrun for example_dag_decorator to None, run_after=None
[2024-04-21T15:35:10.916+0000] {processor.py:183} INFO - Processing /home/airflow/.local/lib/python3.8/site-packages/airflow/example_dags/example_dag_decorator.py took 0.333 seconds
[2024-04-21T15:36:01.400+0000] {processor.py:161} INFO - Started process (PID=1029) to work on /home/airflow/.local/lib/python3.8/site-packages/airflow/example_dags/example_dag_decorator.py
[2024-04-21T15:36:01.405+0000] {processor.py:830} INFO - Processing file /home/airflow/.local/lib/python3.8/site-packages/airflow/example_dags/example_dag_decorator.py for tasks to queue
[2024-04-21T15:36:01.419+0000] {logging_mixin.py:188} INFO - [2024-04-21T15:36:01.417+0000] {dagbag.py:540} INFO - Filling up the DagBag from /home/airflow/.local/lib/python3.8/site-packages/airflow/example_dags/example_dag_decorator.py
[2024-04-21T15:36:02.342+0000] {processor.py:840} INFO - DAG(s) 'example_dag_decorator' retrieved from /home/airflow/.local/lib/python3.8/site-packages/airflow/example_dags/example_dag_decorator.py
[2024-04-21T15:36:04.181+0000] {logging_mixin.py:188} INFO - [2024-04-21T15:36:04.178+0000] {dag.py:3047} INFO - Sync 1 DAGs
[2024-04-21T15:36:04.227+0000] {logging_mixin.py:188} INFO - [2024-04-21T15:36:04.226+0000] {dag.py:3834} INFO - Setting next_dagrun for example_dag_decorator to None, run_after=None
[2024-04-21T15:36:04.323+0000] {processor.py:183} INFO - Processing /home/airflow/.local/lib/python3.8/site-packages/airflow/example_dags/example_dag_decorator.py took 2.950 seconds
